[2022-11-21 8:21:23] [INFO] Booting the 'CORS' middleware...
[2022-11-21 8:21:23] [INFO] Booting the 'HTTP' middleware...
[2022-11-21 8:21:23] [INFO] Booting the 'Views' middleware...
[2022-11-21 8:21:23] [INFO] Booting the 'Statics' middleware...
[2022-11-21 8:21:23] [INFO] Booting the 'StatusMonitor' middleware...
[2022-11-21 8:21:25] [INFO] Booting the 'CORS' middleware...
[2022-11-21 8:21:25] [INFO] Booting the 'HTTP' middleware...
[2022-11-21 8:21:25] [INFO] Booting the 'Views' middleware...
[2022-11-21 8:21:25] [INFO] Booting the 'Statics' middleware...
[2022-11-21 8:21:25] [INFO] Booting the 'StatusMonitor' middleware...
[2022-11-21 8:22:2] [ERROR] Path '/api/operations' not found [IP: '::1']!
[2022-11-21 8:22:2] [ERROR] Path '/images/icons/gear.png' not found [IP: '::1']!
[2022-11-21 8:22:26] [INFO] Booting the 'CORS' middleware...
[2022-11-21 8:22:26] [INFO] Booting the 'HTTP' middleware...
[2022-11-21 8:22:26] [INFO] Booting the 'Views' middleware...
[2022-11-21 8:22:26] [INFO] Booting the 'Statics' middleware...
[2022-11-21 8:22:26] [INFO] Booting the 'StatusMonitor' middleware...
[2022-11-21 8:22:42] [INFO] Booting the 'CORS' middleware...
[2022-11-21 8:22:42] [INFO] Booting the 'HTTP' middleware...
[2022-11-21 8:22:42] [INFO] Booting the 'Views' middleware...
[2022-11-21 8:22:42] [INFO] Booting the 'Statics' middleware...
[2022-11-21 8:22:42] [INFO] Booting the 'StatusMonitor' middleware...
[2022-11-21 8:22:47] [ERROR] Path '/api/operations' not found [IP: '::1']!
[2022-11-21 8:22:47] [ERROR] Path '/images/icons/gear.png' not found [IP: '::1']!
[2022-11-21 8:23:18] [ERROR] Path '/api/operations/reservations' not found [IP: '::1']!
[2022-11-21 8:23:18] [ERROR] Path '/images/icons/gear.png' not found [IP: '::1']!
[2022-11-21 8:23:27] [INFO] Booting the 'CORS' middleware...
[2022-11-21 8:23:27] [INFO] Booting the 'HTTP' middleware...
[2022-11-21 8:23:27] [INFO] Booting the 'Views' middleware...
[2022-11-21 8:23:27] [INFO] Booting the 'Statics' middleware...
[2022-11-21 8:23:27] [INFO] Booting the 'StatusMonitor' middleware...
[2022-11-21 8:23:36] [ERROR] Path '/api/operations/reservations' not found [IP: '::1']!
[2022-11-21 8:23:36] [ERROR] Path '/images/icons/gear.png' not found [IP: '::1']!
[2022-11-21 8:25:7] [ERROR] Path '/api/operations/reservations' not found [IP: '::1']!
[2022-11-21 8:25:7] [ERROR] Path '/images/icons/gear.png' not found [IP: '::1']!
[2022-11-21 8:27:41] [ERROR] Path '/api/operations/reservations' not found [IP: '::1']!
[2022-11-21 8:27:42] [ERROR] Path '/images/icons/gear.png' not found [IP: '::1']!
[2022-11-21 8:29:5] [INFO] Booting the 'CORS' middleware...
[2022-11-21 8:29:5] [INFO] Booting the 'HTTP' middleware...
[2022-11-21 8:29:5] [INFO] Booting the 'Views' middleware...
[2022-11-21 8:29:5] [INFO] Booting the 'Statics' middleware...
[2022-11-21 8:29:5] [INFO] Booting the 'StatusMonitor' middleware...
[2022-11-21 8:29:15] [INFO] Booting the 'CORS' middleware...
[2022-11-21 8:29:15] [INFO] Booting the 'HTTP' middleware...
[2022-11-21 8:29:15] [INFO] Booting the 'Views' middleware...
[2022-11-21 8:29:15] [INFO] Booting the 'Statics' middleware...
[2022-11-21 8:29:15] [INFO] Booting the 'StatusMonitor' middleware...
[2022-11-21 8:30:20] [INFO] Booting the 'CORS' middleware...
[2022-11-21 8:30:20] [INFO] Booting the 'HTTP' middleware...
[2022-11-21 8:30:20] [INFO] Booting the 'Views' middleware...
[2022-11-21 8:30:20] [INFO] Booting the 'Statics' middleware...
[2022-11-21 8:30:20] [INFO] Booting the 'StatusMonitor' middleware...
[2022-11-21 8:30:30] [INFO] Booting the 'CORS' middleware...
[2022-11-21 8:30:30] [INFO] Booting the 'HTTP' middleware...
[2022-11-21 8:30:30] [INFO] Booting the 'Views' middleware...
[2022-11-21 8:30:30] [INFO] Booting the 'Statics' middleware...
[2022-11-21 8:30:30] [INFO] Booting the 'StatusMonitor' middleware...
[2022-11-21 8:30:32] [INFO] Booting the 'CORS' middleware...
[2022-11-21 8:30:32] [INFO] Booting the 'HTTP' middleware...
[2022-11-21 8:30:32] [INFO] Booting the 'Views' middleware...
[2022-11-21 8:30:32] [INFO] Booting the 'Statics' middleware...
[2022-11-21 8:30:32] [INFO] Booting the 'StatusMonitor' middleware...
[2022-11-21 8:32:3] [INFO] Booting the 'CORS' middleware...
[2022-11-21 8:32:3] [INFO] Booting the 'HTTP' middleware...
[2022-11-21 8:32:3] [INFO] Booting the 'Views' middleware...
[2022-11-21 8:32:3] [INFO] Booting the 'Statics' middleware...
[2022-11-21 8:32:3] [INFO] Booting the 'StatusMonitor' middleware...
[2022-11-21 8:32:44] [INFO] Booting the 'CORS' middleware...
[2022-11-21 8:32:44] [INFO] Booting the 'HTTP' middleware...
[2022-11-21 8:32:44] [INFO] Booting the 'Views' middleware...
[2022-11-21 8:32:44] [INFO] Booting the 'Statics' middleware...
[2022-11-21 8:32:44] [INFO] Booting the 'StatusMonitor' middleware...
[2022-11-21 8:35:15] [INFO] Booting the 'CORS' middleware...
[2022-11-21 8:35:15] [INFO] Booting the 'HTTP' middleware...
[2022-11-21 8:35:15] [INFO] Booting the 'Views' middleware...
[2022-11-21 8:35:15] [INFO] Booting the 'Statics' middleware...
[2022-11-21 8:35:15] [INFO] Booting the 'StatusMonitor' middleware...
[2022-11-21 8:35:23] [INFO] Booting the 'CORS' middleware...
[2022-11-21 8:35:23] [INFO] Booting the 'HTTP' middleware...
[2022-11-21 8:35:23] [INFO] Booting the 'Views' middleware...
[2022-11-21 8:35:23] [INFO] Booting the 'Statics' middleware...
[2022-11-21 8:35:23] [INFO] Booting the 'StatusMonitor' middleware...
[2022-11-21 8:35:46] [INFO] Booting the 'CORS' middleware...
[2022-11-21 8:35:46] [INFO] Booting the 'HTTP' middleware...
[2022-11-21 8:35:46] [INFO] Booting the 'Views' middleware...
[2022-11-21 8:35:46] [INFO] Booting the 'Statics' middleware...
[2022-11-21 8:35:46] [INFO] Booting the 'StatusMonitor' middleware...
[2022-11-21 8:36:7] [INFO] Booting the 'CORS' middleware...
[2022-11-21 8:36:7] [INFO] Booting the 'HTTP' middleware...
[2022-11-21 8:36:7] [INFO] Booting the 'Views' middleware...
[2022-11-21 8:36:7] [INFO] Booting the 'Statics' middleware...
[2022-11-21 8:36:7] [INFO] Booting the 'StatusMonitor' middleware...
[2022-11-21 8:37:19] [INFO] Booting the 'CORS' middleware...
[2022-11-21 8:37:19] [INFO] Booting the 'HTTP' middleware...
[2022-11-21 8:37:19] [INFO] Booting the 'Views' middleware...
[2022-11-21 8:37:19] [INFO] Booting the 'Statics' middleware...
[2022-11-21 8:37:19] [INFO] Booting the 'StatusMonitor' middleware...
[2022-11-21 8:37:25] [INFO] Booting the 'CORS' middleware...
[2022-11-21 8:37:25] [INFO] Booting the 'HTTP' middleware...
[2022-11-21 8:37:25] [INFO] Booting the 'Views' middleware...
[2022-11-21 8:37:25] [INFO] Booting the 'Statics' middleware...
[2022-11-21 8:37:25] [INFO] Booting the 'StatusMonitor' middleware...
[2022-11-21 8:38:24] [INFO] Booting the 'CORS' middleware...
[2022-11-21 8:38:24] [INFO] Booting the 'HTTP' middleware...
[2022-11-21 8:38:24] [INFO] Booting the 'Views' middleware...
[2022-11-21 8:38:24] [INFO] Booting the 'Statics' middleware...
[2022-11-21 8:38:24] [INFO] Booting the 'StatusMonitor' middleware...
[2022-11-21 8:38:47] [INFO] Booting the 'CORS' middleware...
[2022-11-21 8:38:47] [INFO] Booting the 'HTTP' middleware...
[2022-11-21 8:38:47] [INFO] Booting the 'Views' middleware...
[2022-11-21 8:38:47] [INFO] Booting the 'Statics' middleware...
[2022-11-21 8:38:47] [INFO] Booting the 'StatusMonitor' middleware...
[2022-11-21 8:38:56] [INFO] Booting the 'CORS' middleware...
[2022-11-21 8:38:56] [INFO] Booting the 'HTTP' middleware...
[2022-11-21 8:38:56] [INFO] Booting the 'Views' middleware...
[2022-11-21 8:38:56] [INFO] Booting the 'Statics' middleware...
[2022-11-21 8:38:56] [INFO] Booting the 'StatusMonitor' middleware...
[2022-11-21 8:41:1] [INFO] Booting the 'CORS' middleware...
[2022-11-21 8:41:1] [INFO] Booting the 'HTTP' middleware...
[2022-11-21 8:41:1] [INFO] Booting the 'Views' middleware...
[2022-11-21 8:41:1] [INFO] Booting the 'Statics' middleware...
[2022-11-21 8:41:1] [INFO] Booting the 'StatusMonitor' middleware...
[2022-11-21 8:41:31] [INFO] Booting the 'CORS' middleware...
[2022-11-21 8:41:31] [INFO] Booting the 'HTTP' middleware...
[2022-11-21 8:41:31] [INFO] Booting the 'Views' middleware...
[2022-11-21 8:41:31] [INFO] Booting the 'Statics' middleware...
[2022-11-21 8:41:31] [INFO] Booting the 'StatusMonitor' middleware...
[2022-11-21 8:43:10] [INFO] Booting the 'CORS' middleware...
[2022-11-21 8:43:10] [INFO] Booting the 'HTTP' middleware...
[2022-11-21 8:43:10] [INFO] Booting the 'Views' middleware...
[2022-11-21 8:43:10] [INFO] Booting the 'Statics' middleware...
[2022-11-21 8:43:10] [INFO] Booting the 'StatusMonitor' middleware...
[2022-11-21 8:43:24] [INFO] Booting the 'CORS' middleware...
[2022-11-21 8:43:24] [INFO] Booting the 'HTTP' middleware...
[2022-11-21 8:43:24] [INFO] Booting the 'Views' middleware...
[2022-11-21 8:43:24] [INFO] Booting the 'Statics' middleware...
[2022-11-21 8:43:24] [INFO] Booting the 'StatusMonitor' middleware...
[2022-11-21 8:43:34] [INFO] Booting the 'CORS' middleware...
[2022-11-21 8:43:34] [INFO] Booting the 'HTTP' middleware...
[2022-11-21 8:43:34] [INFO] Booting the 'Views' middleware...
[2022-11-21 8:43:34] [INFO] Booting the 'Statics' middleware...
[2022-11-21 8:43:34] [INFO] Booting the 'StatusMonitor' middleware...
[2022-11-21 8:43:41] [INFO] Booting the 'CORS' middleware...
[2022-11-21 8:43:41] [INFO] Booting the 'HTTP' middleware...
[2022-11-21 8:43:41] [INFO] Booting the 'Views' middleware...
[2022-11-21 8:43:41] [INFO] Booting the 'Statics' middleware...
[2022-11-21 8:43:41] [INFO] Booting the 'StatusMonitor' middleware...
[2022-11-21 8:43:46] [INFO] Booting the 'CORS' middleware...
[2022-11-21 8:43:46] [INFO] Booting the 'HTTP' middleware...
[2022-11-21 8:43:46] [INFO] Booting the 'Views' middleware...
[2022-11-21 8:43:46] [INFO] Booting the 'Statics' middleware...
[2022-11-21 8:43:46] [INFO] Booting the 'StatusMonitor' middleware...
[2022-11-21 8:43:49] [INFO] Booting the 'CORS' middleware...
[2022-11-21 8:43:49] [INFO] Booting the 'HTTP' middleware...
[2022-11-21 8:43:49] [INFO] Booting the 'Views' middleware...
[2022-11-21 8:43:49] [INFO] Booting the 'Statics' middleware...
[2022-11-21 8:43:49] [INFO] Booting the 'StatusMonitor' middleware...
[2022-11-21 8:44:14] [INFO] Booting the 'CORS' middleware...
[2022-11-21 8:44:14] [INFO] Booting the 'HTTP' middleware...
[2022-11-21 8:44:14] [INFO] Booting the 'Views' middleware...
[2022-11-21 8:44:14] [INFO] Booting the 'Statics' middleware...
[2022-11-21 8:44:14] [INFO] Booting the 'StatusMonitor' middleware...
[2022-11-21 8:45:17] [INFO] Booting the 'CORS' middleware...
[2022-11-21 8:45:17] [INFO] Booting the 'HTTP' middleware...
[2022-11-21 8:45:17] [INFO] Booting the 'Views' middleware...
[2022-11-21 8:45:17] [INFO] Booting the 'Statics' middleware...
[2022-11-21 8:45:17] [INFO] Booting the 'StatusMonitor' middleware...
[2022-11-21 8:45:22] [INFO] Booting the 'CORS' middleware...
[2022-11-21 8:45:22] [INFO] Booting the 'HTTP' middleware...
[2022-11-21 8:45:22] [INFO] Booting the 'Views' middleware...
[2022-11-21 8:45:22] [INFO] Booting the 'Statics' middleware...
[2022-11-21 8:45:22] [INFO] Booting the 'StatusMonitor' middleware...
[2022-11-21 8:45:31] [INFO] Booting the 'CORS' middleware...
[2022-11-21 8:45:31] [INFO] Booting the 'HTTP' middleware...
[2022-11-21 8:45:31] [INFO] Booting the 'Views' middleware...
[2022-11-21 8:45:31] [INFO] Booting the 'Statics' middleware...
[2022-11-21 8:45:31] [INFO] Booting the 'StatusMonitor' middleware...
[2022-11-21 8:45:40] [INFO] Booting the 'CORS' middleware...
[2022-11-21 8:45:40] [INFO] Booting the 'HTTP' middleware...
[2022-11-21 8:45:40] [INFO] Booting the 'Views' middleware...
[2022-11-21 8:45:40] [INFO] Booting the 'Statics' middleware...
[2022-11-21 8:45:40] [INFO] Booting the 'StatusMonitor' middleware...
[2022-11-21 8:45:42] [INFO] Booting the 'CORS' middleware...
[2022-11-21 8:45:42] [INFO] Booting the 'HTTP' middleware...
[2022-11-21 8:45:42] [INFO] Booting the 'Views' middleware...
[2022-11-21 8:45:42] [INFO] Booting the 'Statics' middleware...
[2022-11-21 8:45:42] [INFO] Booting the 'StatusMonitor' middleware...
[2022-11-21 8:45:46] [INFO] Booting the 'CORS' middleware...
[2022-11-21 8:45:46] [INFO] Booting the 'HTTP' middleware...
[2022-11-21 8:45:46] [INFO] Booting the 'Views' middleware...
[2022-11-21 8:45:46] [INFO] Booting the 'Statics' middleware...
[2022-11-21 8:45:46] [INFO] Booting the 'StatusMonitor' middleware...
[2022-11-21 8:46:44] [INFO] Booting the 'CORS' middleware...
[2022-11-21 8:46:44] [INFO] Booting the 'HTTP' middleware...
[2022-11-21 8:46:44] [INFO] Booting the 'Views' middleware...
[2022-11-21 8:46:44] [INFO] Booting the 'Statics' middleware...
[2022-11-21 8:46:44] [INFO] Booting the 'StatusMonitor' middleware...
[2022-11-21 8:46:47] [ERROR] Path '/images/icons/gear.png' not found [IP: '::1']!
[2022-11-21 8:46:57] [ERROR] Path '/images/icons/gear.png' not found [IP: '::1']!
[2022-11-21 8:49:13] [INFO] Booting the 'CORS' middleware...
[2022-11-21 8:49:13] [INFO] Booting the 'HTTP' middleware...
[2022-11-21 8:49:13] [INFO] Booting the 'Views' middleware...
[2022-11-21 8:49:13] [INFO] Booting the 'Statics' middleware...
[2022-11-21 8:49:13] [INFO] Booting the 'StatusMonitor' middleware...
[2022-11-21 8:49:20] [INFO] Booting the 'CORS' middleware...
[2022-11-21 8:49:20] [INFO] Booting the 'HTTP' middleware...
[2022-11-21 8:49:20] [INFO] Booting the 'Views' middleware...
[2022-11-21 8:49:20] [INFO] Booting the 'Statics' middleware...
[2022-11-21 8:49:20] [INFO] Booting the 'StatusMonitor' middleware...
[2022-11-21 8:50:5] [INFO] Booting the 'CORS' middleware...
[2022-11-21 8:50:5] [INFO] Booting the 'HTTP' middleware...
[2022-11-21 8:50:5] [INFO] Booting the 'Views' middleware...
[2022-11-21 8:50:5] [INFO] Booting the 'Statics' middleware...
[2022-11-21 8:50:5] [INFO] Booting the 'StatusMonitor' middleware...
[2022-11-21 8:50:24] [INFO] Booting the 'CORS' middleware...
[2022-11-21 8:50:24] [INFO] Booting the 'HTTP' middleware...
[2022-11-21 8:50:24] [INFO] Booting the 'Views' middleware...
[2022-11-21 8:50:24] [INFO] Booting the 'Statics' middleware...
[2022-11-21 8:50:24] [INFO] Booting the 'StatusMonitor' middleware...
[2022-11-21 8:51:41] [INFO] Booting the 'CORS' middleware...
[2022-11-21 8:51:41] [INFO] Booting the 'HTTP' middleware...
[2022-11-21 8:51:41] [INFO] Booting the 'Views' middleware...
[2022-11-21 8:51:41] [INFO] Booting the 'Statics' middleware...
[2022-11-21 8:51:41] [INFO] Booting the 'StatusMonitor' middleware...
[2022-11-21 8:52:18] [INFO] Booting the 'CORS' middleware...
[2022-11-21 8:52:18] [INFO] Booting the 'HTTP' middleware...
[2022-11-21 8:52:18] [INFO] Booting the 'Views' middleware...
[2022-11-21 8:52:18] [INFO] Booting the 'Statics' middleware...
[2022-11-21 8:52:18] [INFO] Booting the 'StatusMonitor' middleware...
[2022-11-21 8:52:40] [INFO] Booting the 'CORS' middleware...
[2022-11-21 8:52:40] [INFO] Booting the 'HTTP' middleware...
[2022-11-21 8:52:40] [INFO] Booting the 'Views' middleware...
[2022-11-21 8:52:40] [INFO] Booting the 'Statics' middleware...
[2022-11-21 8:52:40] [INFO] Booting the 'StatusMonitor' middleware...
[2022-11-21 8:53:1] [INFO] Booting the 'CORS' middleware...
[2022-11-21 8:53:1] [INFO] Booting the 'HTTP' middleware...
[2022-11-21 8:53:1] [INFO] Booting the 'Views' middleware...
[2022-11-21 8:53:1] [INFO] Booting the 'Statics' middleware...
[2022-11-21 8:53:1] [INFO] Booting the 'StatusMonitor' middleware...
[2022-11-21 8:53:16] [ERROR] Path '/images/icons/gear.png' not found [IP: '::1']!
[2022-11-21 8:53:48] [INFO] Booting the 'CORS' middleware...
[2022-11-21 8:53:48] [INFO] Booting the 'HTTP' middleware...
[2022-11-21 8:53:48] [INFO] Booting the 'Views' middleware...
[2022-11-21 8:53:48] [INFO] Booting the 'Statics' middleware...
[2022-11-21 8:53:48] [INFO] Booting the 'StatusMonitor' middleware...
[2022-11-21 8:53:49] [ERROR] Path '/images/icons/gear.png' not found [IP: '::1']!
[2022-11-21 8:54:58] [INFO] Booting the 'CORS' middleware...
[2022-11-21 8:54:58] [INFO] Booting the 'HTTP' middleware...
[2022-11-21 8:54:58] [INFO] Booting the 'Views' middleware...
[2022-11-21 8:54:58] [INFO] Booting the 'Statics' middleware...
[2022-11-21 8:54:58] [INFO] Booting the 'StatusMonitor' middleware...
[2022-11-21 8:55:0] [INFO] Booting the 'CORS' middleware...
[2022-11-21 8:55:0] [INFO] Booting the 'HTTP' middleware...
[2022-11-21 8:55:0] [INFO] Booting the 'Views' middleware...
[2022-11-21 8:55:0] [INFO] Booting the 'Statics' middleware...
[2022-11-21 8:55:0] [INFO] Booting the 'StatusMonitor' middleware...
[2022-11-21 9:13:2] [ERROR] Path '/images/icons/gear.png' not found [IP: '::1']!
[2022-11-21 9:13:24] [INFO] Booting the 'CORS' middleware...
[2022-11-21 9:13:24] [INFO] Booting the 'HTTP' middleware...
[2022-11-21 9:13:24] [INFO] Booting the 'Views' middleware...
[2022-11-21 9:13:24] [INFO] Booting the 'Statics' middleware...
[2022-11-21 9:13:24] [INFO] Booting the 'StatusMonitor' middleware...
[2022-11-21 9:13:27] [INFO] Booting the 'CORS' middleware...
[2022-11-21 9:13:27] [INFO] Booting the 'HTTP' middleware...
[2022-11-21 9:13:27] [INFO] Booting the 'Views' middleware...
[2022-11-21 9:13:27] [INFO] Booting the 'Statics' middleware...
[2022-11-21 9:13:27] [INFO] Booting the 'StatusMonitor' middleware...
[2022-11-21 9:14:15] [ERROR] Path '/images/icons/gear.png' not found [IP: '::1']!
[2022-11-21 9:14:53] [ERROR] Path '/images/icons/gear.png' not found [IP: '::1']!
[2022-11-21 9:17:0] [INFO] Booting the 'CORS' middleware...
[2022-11-21 9:17:0] [INFO] Booting the 'HTTP' middleware...
[2022-11-21 9:17:0] [INFO] Booting the 'Views' middleware...
[2022-11-21 9:17:0] [INFO] Booting the 'Statics' middleware...
[2022-11-21 9:17:0] [INFO] Booting the 'StatusMonitor' middleware...
[2022-11-21 9:17:32] [INFO] Booting the 'CORS' middleware...
[2022-11-21 9:17:32] [INFO] Booting the 'HTTP' middleware...
[2022-11-21 9:17:32] [INFO] Booting the 'Views' middleware...
[2022-11-21 9:17:32] [INFO] Booting the 'Statics' middleware...
[2022-11-21 9:17:32] [INFO] Booting the 'StatusMonitor' middleware...
[2022-11-21 9:19:10] [INFO] Booting the 'CORS' middleware...
[2022-11-21 9:19:10] [INFO] Booting the 'HTTP' middleware...
[2022-11-21 9:19:10] [INFO] Booting the 'Views' middleware...
[2022-11-21 9:19:10] [INFO] Booting the 'Statics' middleware...
[2022-11-21 9:19:10] [INFO] Booting the 'StatusMonitor' middleware...
[2022-11-21 9:19:17] [INFO] Booting the 'CORS' middleware...
[2022-11-21 9:19:17] [INFO] Booting the 'HTTP' middleware...
[2022-11-21 9:19:17] [INFO] Booting the 'Views' middleware...
[2022-11-21 9:19:17] [INFO] Booting the 'Statics' middleware...
[2022-11-21 9:19:17] [INFO] Booting the 'StatusMonitor' middleware...
[2022-11-21 9:19:37] [ERROR] Dont have enough seats
[2022-11-21 9:19:37] [ERROR] Path '/images/icons/gear.png' not found [IP: '::1']!
[2022-11-21 9:19:54] [ERROR] Path '/images/icons/gear.png' not found [IP: '::1']!
[2022-11-21 9:21:21] [INFO] Booting the 'CORS' middleware...
[2022-11-21 9:21:21] [INFO] Booting the 'HTTP' middleware...
[2022-11-21 9:21:21] [INFO] Booting the 'Views' middleware...
[2022-11-21 9:21:21] [INFO] Booting the 'Statics' middleware...
[2022-11-21 9:21:21] [INFO] Booting the 'StatusMonitor' middleware...
[2022-11-21 9:21:59] [INFO] Booting the 'HTTP' middleware...
[2022-11-21 9:21:59] [INFO] Booting the 'CORS' middleware...
[2022-11-21 9:21:59] [INFO] Booting the 'Views' middleware...
[2022-11-21 9:21:59] [INFO] Booting the 'Statics' middleware...
[2022-11-21 9:21:59] [INFO] Booting the 'StatusMonitor' middleware...
[2022-11-21 9:22:1] [INFO] Booting the 'CORS' middleware...
[2022-11-21 9:22:1] [INFO] Booting the 'HTTP' middleware...
[2022-11-21 9:22:1] [INFO] Booting the 'Views' middleware...
[2022-11-21 9:22:1] [INFO] Booting the 'Statics' middleware...
[2022-11-21 9:22:1] [INFO] Booting the 'StatusMonitor' middleware...
[2022-11-21 9:22:10] [INFO] Booting the 'CORS' middleware...
[2022-11-21 9:22:10] [INFO] Booting the 'HTTP' middleware...
[2022-11-21 9:22:10] [INFO] Booting the 'Views' middleware...
[2022-11-21 9:22:10] [INFO] Booting the 'Statics' middleware...
[2022-11-21 9:22:10] [INFO] Booting the 'StatusMonitor' middleware...
[2022-11-21 9:22:11] [INFO] Booting the 'CORS' middleware...
[2022-11-21 9:22:11] [INFO] Booting the 'HTTP' middleware...
[2022-11-21 9:22:11] [INFO] Booting the 'Views' middleware...
[2022-11-21 9:22:11] [INFO] Booting the 'Statics' middleware...
[2022-11-21 9:22:11] [INFO] Booting the 'StatusMonitor' middleware...
[2022-11-21 9:22:19] [INFO] Booting the 'CORS' middleware...
[2022-11-21 9:22:19] [INFO] Booting the 'HTTP' middleware...
[2022-11-21 9:22:19] [INFO] Booting the 'Views' middleware...
[2022-11-21 9:22:19] [INFO] Booting the 'Statics' middleware...
[2022-11-21 9:22:19] [INFO] Booting the 'StatusMonitor' middleware...
[2022-11-21 9:22:27] [INFO] Booting the 'CORS' middleware...
[2022-11-21 9:22:27] [INFO] Booting the 'HTTP' middleware...
[2022-11-21 9:22:27] [INFO] Booting the 'Views' middleware...
[2022-11-21 9:22:27] [INFO] Booting the 'Statics' middleware...
[2022-11-21 9:22:27] [INFO] Booting the 'StatusMonitor' middleware...
[2022-11-21 9:22:30] [INFO] Booting the 'CORS' middleware...
[2022-11-21 9:22:30] [INFO] Booting the 'HTTP' middleware...
[2022-11-21 9:22:30] [INFO] Booting the 'Views' middleware...
[2022-11-21 9:22:30] [INFO] Booting the 'Statics' middleware...
[2022-11-21 9:22:30] [INFO] Booting the 'StatusMonitor' middleware...
[2022-11-21 9:22:38] [INFO] Booting the 'CORS' middleware...
[2022-11-21 9:22:38] [INFO] Booting the 'HTTP' middleware...
[2022-11-21 9:22:38] [INFO] Booting the 'Views' middleware...
[2022-11-21 9:22:38] [INFO] Booting the 'Statics' middleware...
[2022-11-21 9:22:38] [INFO] Booting the 'StatusMonitor' middleware...
[2022-11-21 9:22:52] [INFO] Booting the 'CORS' middleware...
[2022-11-21 9:22:52] [INFO] Booting the 'HTTP' middleware...
[2022-11-21 9:22:52] [INFO] Booting the 'Views' middleware...
[2022-11-21 9:22:52] [INFO] Booting the 'Statics' middleware...
[2022-11-21 9:22:52] [INFO] Booting the 'StatusMonitor' middleware...
[2022-11-21 9:23:13] [INFO] Booting the 'CORS' middleware...
[2022-11-21 9:23:13] [INFO] Booting the 'HTTP' middleware...
[2022-11-21 9:23:13] [INFO] Booting the 'Views' middleware...
[2022-11-21 9:23:13] [INFO] Booting the 'Statics' middleware...
[2022-11-21 9:23:13] [INFO] Booting the 'StatusMonitor' middleware...
[2022-11-21 9:23:35] [INFO] Booting the 'CORS' middleware...
[2022-11-21 9:23:35] [INFO] Booting the 'HTTP' middleware...
[2022-11-21 9:23:35] [INFO] Booting the 'Views' middleware...
[2022-11-21 9:23:35] [INFO] Booting the 'Statics' middleware...
[2022-11-21 9:23:35] [INFO] Booting the 'StatusMonitor' middleware...
[2022-11-21 9:23:41] [INFO] Booting the 'CORS' middleware...
[2022-11-21 9:23:41] [INFO] Booting the 'HTTP' middleware...
[2022-11-21 9:23:41] [INFO] Booting the 'Views' middleware...
[2022-11-21 9:23:41] [INFO] Booting the 'Statics' middleware...
[2022-11-21 9:23:41] [INFO] Booting the 'StatusMonitor' middleware...
[2022-11-21 9:23:43] [INFO] Booting the 'CORS' middleware...
[2022-11-21 9:23:43] [INFO] Booting the 'HTTP' middleware...
[2022-11-21 9:23:43] [INFO] Booting the 'Views' middleware...
[2022-11-21 9:23:43] [INFO] Booting the 'Statics' middleware...
[2022-11-21 9:23:43] [INFO] Booting the 'StatusMonitor' middleware...
[2022-11-21 9:23:59] [INFO] Booting the 'CORS' middleware...
[2022-11-21 9:23:59] [INFO] Booting the 'HTTP' middleware...
[2022-11-21 9:23:59] [INFO] Booting the 'Views' middleware...
[2022-11-21 9:23:59] [INFO] Booting the 'Statics' middleware...
[2022-11-21 9:23:59] [INFO] Booting the 'StatusMonitor' middleware...
[2022-11-21 9:24:4] [INFO] Booting the 'CORS' middleware...
[2022-11-21 9:24:4] [INFO] Booting the 'HTTP' middleware...
[2022-11-21 9:24:4] [INFO] Booting the 'Views' middleware...
[2022-11-21 9:24:4] [INFO] Booting the 'Statics' middleware...
[2022-11-21 9:24:4] [INFO] Booting the 'StatusMonitor' middleware...
[2022-11-21 9:24:10] [INFO] Booting the 'CORS' middleware...
[2022-11-21 9:24:10] [INFO] Booting the 'HTTP' middleware...
[2022-11-21 9:24:10] [INFO] Booting the 'Views' middleware...
[2022-11-21 9:24:10] [INFO] Booting the 'Statics' middleware...
[2022-11-21 9:24:10] [INFO] Booting the 'StatusMonitor' middleware...
[2022-11-21 9:24:25] [INFO] Booting the 'CORS' middleware...
[2022-11-21 9:24:25] [INFO] Booting the 'HTTP' middleware...
[2022-11-21 9:24:25] [INFO] Booting the 'Views' middleware...
[2022-11-21 9:24:25] [INFO] Booting the 'Statics' middleware...
[2022-11-21 9:24:25] [INFO] Booting the 'StatusMonitor' middleware...
[2022-11-21 9:24:28] [INFO] Booting the 'CORS' middleware...
[2022-11-21 9:24:28] [INFO] Booting the 'HTTP' middleware...
[2022-11-21 9:24:28] [INFO] Booting the 'Views' middleware...
[2022-11-21 9:24:28] [INFO] Booting the 'Statics' middleware...
[2022-11-21 9:24:28] [INFO] Booting the 'StatusMonitor' middleware...
[2022-11-21 9:25:57] [INFO] Booting the 'CORS' middleware...
[2022-11-21 9:25:57] [INFO] Booting the 'HTTP' middleware...
[2022-11-21 9:25:57] [INFO] Booting the 'Views' middleware...
[2022-11-21 9:25:57] [INFO] Booting the 'Statics' middleware...
[2022-11-21 9:25:57] [INFO] Booting the 'StatusMonitor' middleware...
[2022-11-21 9:26:11] [INFO] Booting the 'CORS' middleware...
[2022-11-21 9:26:11] [INFO] Booting the 'HTTP' middleware...
[2022-11-21 9:26:11] [INFO] Booting the 'Views' middleware...
[2022-11-21 9:26:11] [INFO] Booting the 'Statics' middleware...
[2022-11-21 9:26:11] [INFO] Booting the 'StatusMonitor' middleware...
[2022-11-21 9:26:28] [INFO] Booting the 'CORS' middleware...
[2022-11-21 9:26:28] [INFO] Booting the 'HTTP' middleware...
[2022-11-21 9:26:28] [INFO] Booting the 'Views' middleware...
[2022-11-21 9:26:28] [INFO] Booting the 'Statics' middleware...
[2022-11-21 9:26:28] [INFO] Booting the 'StatusMonitor' middleware...
[2022-11-21 9:26:30] [INFO] Booting the 'CORS' middleware...
[2022-11-21 9:26:30] [INFO] Booting the 'HTTP' middleware...
[2022-11-21 9:26:30] [INFO] Booting the 'Views' middleware...
[2022-11-21 9:26:30] [INFO] Booting the 'Statics' middleware...
[2022-11-21 9:26:30] [INFO] Booting the 'StatusMonitor' middleware...
[2022-11-21 9:27:11] [INFO] Booting the 'CORS' middleware...
[2022-11-21 9:27:11] [INFO] Booting the 'HTTP' middleware...
[2022-11-21 9:27:11] [INFO] Booting the 'Views' middleware...
[2022-11-21 9:27:11] [INFO] Booting the 'Statics' middleware...
[2022-11-21 9:27:11] [INFO] Booting the 'StatusMonitor' middleware...
[2022-11-21 9:27:21] [INFO] Booting the 'CORS' middleware...
[2022-11-21 9:27:21] [INFO] Booting the 'HTTP' middleware...
[2022-11-21 9:27:21] [INFO] Booting the 'Views' middleware...
[2022-11-21 9:27:21] [INFO] Booting the 'Statics' middleware...
[2022-11-21 9:27:21] [INFO] Booting the 'StatusMonitor' middleware...
[2022-11-21 9:27:31] [INFO] Booting the 'CORS' middleware...
[2022-11-21 9:27:31] [INFO] Booting the 'HTTP' middleware...
[2022-11-21 9:27:31] [INFO] Booting the 'Views' middleware...
[2022-11-21 9:27:31] [INFO] Booting the 'Statics' middleware...
[2022-11-21 9:27:31] [INFO] Booting the 'StatusMonitor' middleware...
[2022-11-21 9:27:59] [INFO] Booting the 'CORS' middleware...
[2022-11-21 9:27:59] [INFO] Booting the 'HTTP' middleware...
[2022-11-21 9:27:59] [INFO] Booting the 'Views' middleware...
[2022-11-21 9:27:59] [INFO] Booting the 'Statics' middleware...
[2022-11-21 9:27:59] [INFO] Booting the 'StatusMonitor' middleware...
[2022-11-21 9:28:14] [INFO] Booting the 'CORS' middleware...
[2022-11-21 9:28:14] [INFO] Booting the 'HTTP' middleware...
[2022-11-21 9:28:14] [INFO] Booting the 'Views' middleware...
[2022-11-21 9:28:14] [INFO] Booting the 'Statics' middleware...
[2022-11-21 9:28:14] [INFO] Booting the 'StatusMonitor' middleware...
[2022-11-21 9:28:29] [INFO] Booting the 'CORS' middleware...
[2022-11-21 9:28:29] [INFO] Booting the 'HTTP' middleware...
[2022-11-21 9:28:29] [INFO] Booting the 'Views' middleware...
[2022-11-21 9:28:29] [INFO] Booting the 'Statics' middleware...
[2022-11-21 9:28:29] [INFO] Booting the 'StatusMonitor' middleware...
[2022-11-21 9:28:40] [INFO] Booting the 'CORS' middleware...
[2022-11-21 9:28:40] [INFO] Booting the 'HTTP' middleware...
[2022-11-21 9:28:40] [INFO] Booting the 'Views' middleware...
[2022-11-21 9:28:40] [INFO] Booting the 'Statics' middleware...
[2022-11-21 9:28:40] [INFO] Booting the 'StatusMonitor' middleware...
[2022-11-21 9:34:28] [INFO] Booting the 'CORS' middleware...
[2022-11-21 9:34:28] [INFO] Booting the 'HTTP' middleware...
[2022-11-21 9:34:28] [INFO] Booting the 'Views' middleware...
[2022-11-21 9:34:28] [INFO] Booting the 'Statics' middleware...
[2022-11-21 9:34:28] [INFO] Booting the 'StatusMonitor' middleware...
[2022-11-21 9:36:11] [INFO] Booting the 'CORS' middleware...
[2022-11-21 9:36:11] [INFO] Booting the 'HTTP' middleware...
[2022-11-21 9:36:11] [INFO] Booting the 'Views' middleware...
[2022-11-21 9:36:11] [INFO] Booting the 'Statics' middleware...
[2022-11-21 9:36:11] [INFO] Booting the 'StatusMonitor' middleware...
[2022-11-21 9:36:26] [INFO] Booting the 'CORS' middleware...
[2022-11-21 9:36:26] [INFO] Booting the 'HTTP' middleware...
[2022-11-21 9:36:26] [INFO] Booting the 'Views' middleware...
[2022-11-21 9:36:26] [INFO] Booting the 'Statics' middleware...
[2022-11-21 9:36:26] [INFO] Booting the 'StatusMonitor' middleware...
[2022-11-21 9:36:32] [INFO] Booting the 'CORS' middleware...
[2022-11-21 9:36:32] [INFO] Booting the 'HTTP' middleware...
[2022-11-21 9:36:32] [INFO] Booting the 'Views' middleware...
[2022-11-21 9:36:32] [INFO] Booting the 'Statics' middleware...
[2022-11-21 9:36:32] [INFO] Booting the 'StatusMonitor' middleware...
[2022-11-21 9:43:20] [INFO] Booting the 'CORS' middleware...
[2022-11-21 9:43:20] [INFO] Booting the 'HTTP' middleware...
[2022-11-21 9:43:20] [INFO] Booting the 'Views' middleware...
[2022-11-21 9:43:20] [INFO] Booting the 'Statics' middleware...
[2022-11-21 9:43:20] [INFO] Booting the 'StatusMonitor' middleware...
[2022-11-21 9:43:32] [INFO] Booting the 'CORS' middleware...
[2022-11-21 9:43:32] [INFO] Booting the 'HTTP' middleware...
[2022-11-21 9:43:32] [INFO] Booting the 'Views' middleware...
[2022-11-21 9:43:32] [INFO] Booting the 'Statics' middleware...
[2022-11-21 9:43:32] [INFO] Booting the 'StatusMonitor' middleware...
[2022-11-21 9:44:6] [INFO] Booting the 'CORS' middleware...
[2022-11-21 9:44:6] [INFO] Booting the 'HTTP' middleware...
[2022-11-21 9:44:6] [INFO] Booting the 'Views' middleware...
[2022-11-21 9:44:6] [INFO] Booting the 'Statics' middleware...
[2022-11-21 9:44:6] [INFO] Booting the 'StatusMonitor' middleware...
[2022-11-21 9:44:40] [INFO] Booting the 'CORS' middleware...
[2022-11-21 9:44:40] [INFO] Booting the 'HTTP' middleware...
[2022-11-21 9:44:40] [INFO] Booting the 'Views' middleware...
[2022-11-21 9:44:40] [INFO] Booting the 'Statics' middleware...
[2022-11-21 9:44:40] [INFO] Booting the 'StatusMonitor' middleware...
[2022-11-21 9:44:51] [INFO] Booting the 'CORS' middleware...
[2022-11-21 9:44:51] [INFO] Booting the 'HTTP' middleware...
[2022-11-21 9:44:51] [INFO] Booting the 'Views' middleware...
[2022-11-21 9:44:51] [INFO] Booting the 'Statics' middleware...
[2022-11-21 9:44:51] [INFO] Booting the 'StatusMonitor' middleware...
[2022-11-21 9:45:48] [INFO] Booting the 'CORS' middleware...
[2022-11-21 9:45:48] [INFO] Booting the 'HTTP' middleware...
[2022-11-21 9:45:48] [INFO] Booting the 'Views' middleware...
[2022-11-21 9:45:48] [INFO] Booting the 'Statics' middleware...
[2022-11-21 9:45:48] [INFO] Booting the 'StatusMonitor' middleware...
[2022-11-21 9:47:44] [INFO] Booting the 'CORS' middleware...
[2022-11-21 9:47:44] [INFO] Booting the 'HTTP' middleware...
[2022-11-21 9:47:44] [INFO] Booting the 'Views' middleware...
[2022-11-21 9:47:44] [INFO] Booting the 'Statics' middleware...
[2022-11-21 9:47:44] [INFO] Booting the 'StatusMonitor' middleware...
[2022-11-21 9:47:48] [INFO] Booting the 'CORS' middleware...
[2022-11-21 9:47:48] [INFO] Booting the 'HTTP' middleware...
[2022-11-21 9:47:48] [INFO] Booting the 'Views' middleware...
[2022-11-21 9:47:48] [INFO] Booting the 'Statics' middleware...
[2022-11-21 9:47:48] [INFO] Booting the 'StatusMonitor' middleware...
[2022-11-21 9:47:52] [INFO] Booting the 'CORS' middleware...
[2022-11-21 9:47:52] [INFO] Booting the 'HTTP' middleware...
[2022-11-21 9:47:52] [INFO] Booting the 'Views' middleware...
[2022-11-21 9:47:52] [INFO] Booting the 'Statics' middleware...
[2022-11-21 9:47:52] [INFO] Booting the 'StatusMonitor' middleware...
[2022-11-21 9:47:56] [INFO] Booting the 'CORS' middleware...
[2022-11-21 9:47:56] [INFO] Booting the 'HTTP' middleware...
[2022-11-21 9:47:56] [INFO] Booting the 'Views' middleware...
[2022-11-21 9:47:56] [INFO] Booting the 'Statics' middleware...
[2022-11-21 9:47:56] [INFO] Booting the 'StatusMonitor' middleware...
[2022-11-21 9:48:1] [INFO] Booting the 'CORS' middleware...
[2022-11-21 9:48:1] [INFO] Booting the 'HTTP' middleware...
[2022-11-21 9:48:1] [INFO] Booting the 'Views' middleware...
[2022-11-21 9:48:1] [INFO] Booting the 'Statics' middleware...
[2022-11-21 9:48:1] [INFO] Booting the 'StatusMonitor' middleware...
[2022-11-21 9:48:8] [INFO] Booting the 'CORS' middleware...
[2022-11-21 9:48:8] [INFO] Booting the 'HTTP' middleware...
[2022-11-21 9:48:8] [INFO] Booting the 'Views' middleware...
[2022-11-21 9:48:8] [INFO] Booting the 'Statics' middleware...
[2022-11-21 9:48:8] [INFO] Booting the 'StatusMonitor' middleware...
[2022-11-21 9:48:16] [INFO] Booting the 'CORS' middleware...
[2022-11-21 9:48:16] [INFO] Booting the 'HTTP' middleware...
[2022-11-21 9:48:16] [INFO] Booting the 'Views' middleware...
[2022-11-21 9:48:16] [INFO] Booting the 'Statics' middleware...
[2022-11-21 9:48:16] [INFO] Booting the 'StatusMonitor' middleware...
[2022-11-21 9:48:27] [INFO] Booting the 'CORS' middleware...
[2022-11-21 9:48:27] [INFO] Booting the 'HTTP' middleware...
[2022-11-21 9:48:27] [INFO] Booting the 'Views' middleware...
[2022-11-21 9:48:27] [INFO] Booting the 'Statics' middleware...
[2022-11-21 9:48:27] [INFO] Booting the 'StatusMonitor' middleware...
[2022-11-21 9:48:41] [INFO] Booting the 'CORS' middleware...
[2022-11-21 9:48:41] [INFO] Booting the 'HTTP' middleware...
[2022-11-21 9:48:41] [INFO] Booting the 'Views' middleware...
[2022-11-21 9:48:41] [INFO] Booting the 'Statics' middleware...
[2022-11-21 9:48:41] [INFO] Booting the 'StatusMonitor' middleware...
[2022-11-21 9:51:52] [INFO] Booting the 'CORS' middleware...
[2022-11-21 9:51:52] [INFO] Booting the 'HTTP' middleware...
[2022-11-21 9:51:52] [INFO] Booting the 'Views' middleware...
[2022-11-21 9:51:52] [INFO] Booting the 'Statics' middleware...
[2022-11-21 9:51:52] [INFO] Booting the 'StatusMonitor' middleware...
[2022-11-21 10:1:16] [INFO] Booting the 'CORS' middleware...
[2022-11-21 10:1:16] [INFO] Booting the 'HTTP' middleware...
[2022-11-21 10:1:16] [INFO] Booting the 'Views' middleware...
[2022-11-21 10:1:16] [INFO] Booting the 'Statics' middleware...
[2022-11-21 10:1:16] [INFO] Booting the 'StatusMonitor' middleware...
[2022-11-21 10:3:5] [INFO] Booting the 'CORS' middleware...
[2022-11-21 10:3:5] [INFO] Booting the 'HTTP' middleware...
[2022-11-21 10:3:5] [INFO] Booting the 'Views' middleware...
[2022-11-21 10:3:5] [INFO] Booting the 'Statics' middleware...
[2022-11-21 10:3:5] [INFO] Booting the 'StatusMonitor' middleware...
[2022-11-21 10:3:26] [INFO] Booting the 'CORS' middleware...
[2022-11-21 10:3:26] [INFO] Booting the 'HTTP' middleware...
[2022-11-21 10:3:26] [INFO] Booting the 'Views' middleware...
[2022-11-21 10:3:26] [INFO] Booting the 'Statics' middleware...
[2022-11-21 10:3:26] [INFO] Booting the 'StatusMonitor' middleware...
[2022-11-21 10:3:28] [INFO] Booting the 'CORS' middleware...
[2022-11-21 10:3:28] [INFO] Booting the 'HTTP' middleware...
[2022-11-21 10:3:28] [INFO] Booting the 'Views' middleware...
[2022-11-21 10:3:28] [INFO] Booting the 'Statics' middleware...
[2022-11-21 10:3:28] [INFO] Booting the 'StatusMonitor' middleware...
[2022-11-21 10:4:23] [INFO] Booting the 'CORS' middleware...
[2022-11-21 10:4:23] [INFO] Booting the 'HTTP' middleware...
[2022-11-21 10:4:23] [INFO] Booting the 'Views' middleware...
[2022-11-21 10:4:23] [INFO] Booting the 'Statics' middleware...
[2022-11-21 10:4:23] [INFO] Booting the 'StatusMonitor' middleware...
[2022-11-21 10:4:27] [INFO] Booting the 'CORS' middleware...
[2022-11-21 10:4:27] [INFO] Booting the 'HTTP' middleware...
[2022-11-21 10:4:27] [INFO] Booting the 'Views' middleware...
[2022-11-21 10:4:27] [INFO] Booting the 'Statics' middleware...
[2022-11-21 10:4:27] [INFO] Booting the 'StatusMonitor' middleware...
[2022-11-21 10:4:30] [INFO] Booting the 'CORS' middleware...
[2022-11-21 10:4:30] [INFO] Booting the 'HTTP' middleware...
[2022-11-21 10:4:30] [INFO] Booting the 'Views' middleware...
[2022-11-21 10:4:30] [INFO] Booting the 'Statics' middleware...
[2022-11-21 10:4:30] [INFO] Booting the 'StatusMonitor' middleware...
[2022-11-21 10:4:35] [INFO] Booting the 'CORS' middleware...
[2022-11-21 10:4:35] [INFO] Booting the 'HTTP' middleware...
[2022-11-21 10:4:35] [INFO] Booting the 'Views' middleware...
[2022-11-21 10:4:35] [INFO] Booting the 'Statics' middleware...
[2022-11-21 10:4:35] [INFO] Booting the 'StatusMonitor' middleware...
[2022-11-21 10:4:58] [INFO] Booting the 'CORS' middleware...
[2022-11-21 10:4:58] [INFO] Booting the 'HTTP' middleware...
[2022-11-21 10:4:58] [INFO] Booting the 'Views' middleware...
[2022-11-21 10:4:58] [INFO] Booting the 'Statics' middleware...
[2022-11-21 10:4:58] [INFO] Booting the 'StatusMonitor' middleware...
[2022-11-21 10:5:5] [INFO] Booting the 'CORS' middleware...
[2022-11-21 10:5:5] [INFO] Booting the 'HTTP' middleware...
[2022-11-21 10:5:5] [INFO] Booting the 'Views' middleware...
[2022-11-21 10:5:5] [INFO] Booting the 'Statics' middleware...
[2022-11-21 10:5:5] [INFO] Booting the 'StatusMonitor' middleware...
[2022-11-21 10:5:14] [INFO] Booting the 'CORS' middleware...
[2022-11-21 10:5:14] [INFO] Booting the 'HTTP' middleware...
[2022-11-21 10:5:14] [INFO] Booting the 'Views' middleware...
[2022-11-21 10:5:14] [INFO] Booting the 'Statics' middleware...
[2022-11-21 10:5:14] [INFO] Booting the 'StatusMonitor' middleware...
[2022-11-21 10:5:19] [INFO] Booting the 'CORS' middleware...
[2022-11-21 10:5:19] [INFO] Booting the 'HTTP' middleware...
[2022-11-21 10:5:19] [INFO] Booting the 'Views' middleware...
[2022-11-21 10:5:19] [INFO] Booting the 'Statics' middleware...
[2022-11-21 10:5:19] [INFO] Booting the 'StatusMonitor' middleware...
[2022-11-21 10:5:21] [INFO] Booting the 'CORS' middleware...
[2022-11-21 10:5:21] [INFO] Booting the 'HTTP' middleware...
[2022-11-21 10:5:21] [INFO] Booting the 'Views' middleware...
[2022-11-21 10:5:21] [INFO] Booting the 'Statics' middleware...
[2022-11-21 10:5:21] [INFO] Booting the 'StatusMonitor' middleware...
[2022-11-21 10:5:26] [INFO] Booting the 'CORS' middleware...
[2022-11-21 10:5:26] [INFO] Booting the 'HTTP' middleware...
[2022-11-21 10:5:26] [INFO] Booting the 'Views' middleware...
[2022-11-21 10:5:26] [INFO] Booting the 'Statics' middleware...
[2022-11-21 10:5:26] [INFO] Booting the 'StatusMonitor' middleware...
[2022-11-21 10:5:31] [INFO] Booting the 'CORS' middleware...
[2022-11-21 10:5:31] [INFO] Booting the 'HTTP' middleware...
[2022-11-21 10:5:31] [INFO] Booting the 'Views' middleware...
[2022-11-21 10:5:31] [INFO] Booting the 'Statics' middleware...
[2022-11-21 10:5:31] [INFO] Booting the 'StatusMonitor' middleware...
[2022-11-21 10:5:48] [INFO] Booting the 'CORS' middleware...
[2022-11-21 10:5:48] [INFO] Booting the 'HTTP' middleware...
[2022-11-21 10:5:48] [INFO] Booting the 'Views' middleware...
[2022-11-21 10:5:48] [INFO] Booting the 'Statics' middleware...
[2022-11-21 10:5:48] [INFO] Booting the 'StatusMonitor' middleware...
[2022-11-21 10:6:21] [INFO] Booting the 'CORS' middleware...
[2022-11-21 10:6:21] [INFO] Booting the 'HTTP' middleware...
[2022-11-21 10:6:21] [INFO] Booting the 'Views' middleware...
[2022-11-21 10:6:21] [INFO] Booting the 'Statics' middleware...
[2022-11-21 10:6:21] [INFO] Booting the 'StatusMonitor' middleware...
[2022-11-21 10:6:27] [INFO] Booting the 'CORS' middleware...
[2022-11-21 10:6:27] [INFO] Booting the 'HTTP' middleware...
[2022-11-21 10:6:27] [INFO] Booting the 'Views' middleware...
[2022-11-21 10:6:27] [INFO] Booting the 'Statics' middleware...
[2022-11-21 10:6:27] [INFO] Booting the 'StatusMonitor' middleware...
[2022-11-21 10:6:32] [INFO] Booting the 'CORS' middleware...
[2022-11-21 10:6:32] [INFO] Booting the 'HTTP' middleware...
[2022-11-21 10:6:32] [INFO] Booting the 'Views' middleware...
[2022-11-21 10:6:32] [INFO] Booting the 'Statics' middleware...
[2022-11-21 10:6:32] [INFO] Booting the 'StatusMonitor' middleware...
[2022-11-21 10:6:59] [INFO] Booting the 'CORS' middleware...
[2022-11-21 10:6:59] [INFO] Booting the 'HTTP' middleware...
[2022-11-21 10:6:59] [INFO] Booting the 'Views' middleware...
[2022-11-21 10:6:59] [INFO] Booting the 'Statics' middleware...
[2022-11-21 10:6:59] [INFO] Booting the 'StatusMonitor' middleware...
[2022-11-21 10:7:0] [INFO] Booting the 'CORS' middleware...
[2022-11-21 10:7:0] [INFO] Booting the 'HTTP' middleware...
[2022-11-21 10:7:0] [INFO] Booting the 'Views' middleware...
[2022-11-21 10:7:0] [INFO] Booting the 'Statics' middleware...
[2022-11-21 10:7:0] [INFO] Booting the 'StatusMonitor' middleware...
[2022-11-21 10:7:3] [INFO] Booting the 'CORS' middleware...
[2022-11-21 10:7:3] [INFO] Booting the 'HTTP' middleware...
[2022-11-21 10:7:3] [INFO] Booting the 'Views' middleware...
[2022-11-21 10:7:3] [INFO] Booting the 'Statics' middleware...
[2022-11-21 10:7:3] [INFO] Booting the 'StatusMonitor' middleware...
[2022-11-21 10:7:25] [INFO] Booting the 'CORS' middleware...
[2022-11-21 10:7:25] [INFO] Booting the 'HTTP' middleware...
[2022-11-21 10:7:25] [INFO] Booting the 'Views' middleware...
[2022-11-21 10:7:25] [INFO] Booting the 'Statics' middleware...
[2022-11-21 10:7:25] [INFO] Booting the 'StatusMonitor' middleware...
[2022-11-21 10:7:31] [INFO] Booting the 'CORS' middleware...
[2022-11-21 10:7:31] [INFO] Booting the 'HTTP' middleware...
[2022-11-21 10:7:31] [INFO] Booting the 'Views' middleware...
[2022-11-21 10:7:31] [INFO] Booting the 'Statics' middleware...
[2022-11-21 10:7:31] [INFO] Booting the 'StatusMonitor' middleware...
[2022-11-21 10:7:57] [INFO] Booting the 'CORS' middleware...
[2022-11-21 10:7:57] [INFO] Booting the 'HTTP' middleware...
[2022-11-21 10:7:57] [INFO] Booting the 'Views' middleware...
[2022-11-21 10:7:57] [INFO] Booting the 'Statics' middleware...
[2022-11-21 10:7:57] [INFO] Booting the 'StatusMonitor' middleware...
[2022-11-21 10:7:58] [INFO] Booting the 'CORS' middleware...
[2022-11-21 10:7:58] [INFO] Booting the 'HTTP' middleware...
[2022-11-21 10:7:58] [INFO] Booting the 'Views' middleware...
[2022-11-21 10:7:58] [INFO] Booting the 'Statics' middleware...
[2022-11-21 10:7:58] [INFO] Booting the 'StatusMonitor' middleware...
[2022-11-21 10:8:19] [INFO] Booting the 'CORS' middleware...
[2022-11-21 10:8:19] [INFO] Booting the 'HTTP' middleware...
[2022-11-21 10:8:19] [INFO] Booting the 'Views' middleware...
[2022-11-21 10:8:19] [INFO] Booting the 'Statics' middleware...
[2022-11-21 10:8:19] [INFO] Booting the 'StatusMonitor' middleware...
[2022-11-21 10:8:21] [INFO] Booting the 'CORS' middleware...
[2022-11-21 10:8:21] [INFO] Booting the 'HTTP' middleware...
[2022-11-21 10:8:21] [INFO] Booting the 'Views' middleware...
[2022-11-21 10:8:21] [INFO] Booting the 'Statics' middleware...
[2022-11-21 10:8:21] [INFO] Booting the 'StatusMonitor' middleware...
[2022-11-21 10:8:23] [INFO] Booting the 'CORS' middleware...
[2022-11-21 10:8:23] [INFO] Booting the 'HTTP' middleware...
[2022-11-21 10:8:23] [INFO] Booting the 'Views' middleware...
[2022-11-21 10:8:23] [INFO] Booting the 'Statics' middleware...
[2022-11-21 10:8:23] [INFO] Booting the 'StatusMonitor' middleware...
[2022-11-21 10:8:43] [INFO] Booting the 'CORS' middleware...
[2022-11-21 10:8:43] [INFO] Booting the 'HTTP' middleware...
[2022-11-21 10:8:43] [INFO] Booting the 'Views' middleware...
[2022-11-21 10:8:43] [INFO] Booting the 'Statics' middleware...
[2022-11-21 10:8:43] [INFO] Booting the 'StatusMonitor' middleware...
[2022-11-21 10:8:48] [INFO] Booting the 'CORS' middleware...
[2022-11-21 10:8:48] [INFO] Booting the 'HTTP' middleware...
[2022-11-21 10:8:48] [INFO] Booting the 'Views' middleware...
[2022-11-21 10:8:48] [INFO] Booting the 'Statics' middleware...
[2022-11-21 10:8:48] [INFO] Booting the 'StatusMonitor' middleware...
[2022-11-21 10:8:57] [INFO] Booting the 'CORS' middleware...
[2022-11-21 10:8:57] [INFO] Booting the 'HTTP' middleware...
[2022-11-21 10:8:57] [INFO] Booting the 'Views' middleware...
[2022-11-21 10:8:57] [INFO] Booting the 'Statics' middleware...
[2022-11-21 10:8:57] [INFO] Booting the 'StatusMonitor' middleware...
[2022-11-21 10:11:3] [INFO] Booting the 'CORS' middleware...
[2022-11-21 10:11:3] [INFO] Booting the 'HTTP' middleware...
[2022-11-21 10:11:3] [INFO] Booting the 'Views' middleware...
[2022-11-21 10:11:3] [INFO] Booting the 'Statics' middleware...
[2022-11-21 10:11:3] [INFO] Booting the 'StatusMonitor' middleware...
[2022-11-21 10:14:13] [INFO] Booting the 'CORS' middleware...
[2022-11-21 10:14:13] [INFO] Booting the 'HTTP' middleware...
[2022-11-21 10:14:13] [INFO] Booting the 'Views' middleware...
[2022-11-21 10:14:13] [INFO] Booting the 'Statics' middleware...
[2022-11-21 10:14:13] [INFO] Booting the 'StatusMonitor' middleware...
[2022-11-21 10:14:55] [INFO] Booting the 'CORS' middleware...
[2022-11-21 10:14:55] [INFO] Booting the 'HTTP' middleware...
[2022-11-21 10:14:55] [INFO] Booting the 'Views' middleware...
[2022-11-21 10:14:55] [INFO] Booting the 'Statics' middleware...
[2022-11-21 10:14:55] [INFO] Booting the 'StatusMonitor' middleware...
[2022-11-21 10:14:56] [INFO] Booting the 'CORS' middleware...
[2022-11-21 10:14:56] [INFO] Booting the 'HTTP' middleware...
[2022-11-21 10:14:56] [INFO] Booting the 'Views' middleware...
[2022-11-21 10:14:56] [INFO] Booting the 'Statics' middleware...
[2022-11-21 10:14:56] [INFO] Booting the 'StatusMonitor' middleware...
[2022-11-21 10:15:59] [INFO] Booting the 'CORS' middleware...
[2022-11-21 10:15:59] [INFO] Booting the 'HTTP' middleware...
[2022-11-21 10:15:59] [INFO] Booting the 'Views' middleware...
[2022-11-21 10:15:59] [INFO] Booting the 'Statics' middleware...
[2022-11-21 10:15:59] [INFO] Booting the 'StatusMonitor' middleware...
[2022-11-21 10:16:7] [INFO] Booting the 'CORS' middleware...
[2022-11-21 10:16:7] [INFO] Booting the 'HTTP' middleware...
[2022-11-21 10:16:7] [INFO] Booting the 'Views' middleware...
[2022-11-21 10:16:7] [INFO] Booting the 'Statics' middleware...
[2022-11-21 10:16:7] [INFO] Booting the 'StatusMonitor' middleware...
[2022-11-21 10:16:18] [ERROR] Path '/api/operations/reservations/541a799c-eb27-44c8-83e5-0c6841d23baf?action=assign&tableid=1d4dfcec-c2a8-40b1-bf47-d422b709c573' not found [IP: '::1']!
[2022-11-21 10:18:32] [INFO] Booting the 'CORS' middleware...
[2022-11-21 10:18:32] [INFO] Booting the 'HTTP' middleware...
[2022-11-21 10:18:32] [INFO] Booting the 'Views' middleware...
[2022-11-21 10:18:32] [INFO] Booting the 'Statics' middleware...
[2022-11-21 10:18:32] [INFO] Booting the 'StatusMonitor' middleware...
[2022-11-21 10:21:19] [INFO] Booting the 'CORS' middleware...
[2022-11-21 10:21:19] [INFO] Booting the 'HTTP' middleware...
[2022-11-21 10:21:19] [INFO] Booting the 'Views' middleware...
[2022-11-21 10:21:19] [INFO] Booting the 'Statics' middleware...
[2022-11-21 10:21:19] [INFO] Booting the 'StatusMonitor' middleware...
[2022-11-21 10:21:21] [INFO] Booting the 'CORS' middleware...
[2022-11-21 10:21:21] [INFO] Booting the 'HTTP' middleware...
[2022-11-21 10:21:21] [INFO] Booting the 'Views' middleware...
[2022-11-21 10:21:21] [INFO] Booting the 'Statics' middleware...
[2022-11-21 10:21:21] [INFO] Booting the 'StatusMonitor' middleware...
[2022-11-21 10:21:25] [INFO] Booting the 'CORS' middleware...
[2022-11-21 10:21:25] [INFO] Booting the 'HTTP' middleware...
[2022-11-21 10:21:25] [INFO] Booting the 'Views' middleware...
[2022-11-21 10:21:25] [INFO] Booting the 'Statics' middleware...
[2022-11-21 10:21:25] [INFO] Booting the 'StatusMonitor' middleware...
[2022-11-21 10:21:32] [INFO] Booting the 'CORS' middleware...
[2022-11-21 10:21:32] [INFO] Booting the 'HTTP' middleware...
[2022-11-21 10:21:32] [INFO] Booting the 'Views' middleware...
[2022-11-21 10:21:32] [INFO] Booting the 'Statics' middleware...
[2022-11-21 10:21:32] [INFO] Booting the 'StatusMonitor' middleware...
[2022-11-21 10:21:37] [INFO] Booting the 'CORS' middleware...
[2022-11-21 10:21:37] [INFO] Booting the 'HTTP' middleware...
[2022-11-21 10:21:37] [INFO] Booting the 'Views' middleware...
[2022-11-21 10:21:37] [INFO] Booting the 'Statics' middleware...
[2022-11-21 10:21:37] [INFO] Booting the 'StatusMonitor' middleware...
[2022-11-21 10:21:47] [INFO] Booting the 'CORS' middleware...
[2022-11-21 10:21:47] [INFO] Booting the 'HTTP' middleware...
[2022-11-21 10:21:47] [INFO] Booting the 'Views' middleware...
[2022-11-21 10:21:47] [INFO] Booting the 'Statics' middleware...
[2022-11-21 10:21:47] [INFO] Booting the 'StatusMonitor' middleware...
[2022-11-21 10:21:50] [INFO] Booting the 'CORS' middleware...
[2022-11-21 10:21:50] [INFO] Booting the 'HTTP' middleware...
[2022-11-21 10:21:50] [INFO] Booting the 'Views' middleware...
[2022-11-21 10:21:50] [INFO] Booting the 'Statics' middleware...
[2022-11-21 10:21:50] [INFO] Booting the 'StatusMonitor' middleware...
[2022-11-21 10:21:56] [INFO] Booting the 'CORS' middleware...
[2022-11-21 10:21:56] [INFO] Booting the 'HTTP' middleware...
[2022-11-21 10:21:56] [INFO] Booting the 'Views' middleware...
[2022-11-21 10:21:56] [INFO] Booting the 'Statics' middleware...
[2022-11-21 10:21:56] [INFO] Booting the 'StatusMonitor' middleware...
[2022-11-21 10:22:14] [INFO] Booting the 'CORS' middleware...
[2022-11-21 10:22:14] [INFO] Booting the 'HTTP' middleware...
[2022-11-21 10:22:14] [INFO] Booting the 'Views' middleware...
[2022-11-21 10:22:14] [INFO] Booting the 'Statics' middleware...
[2022-11-21 10:22:14] [INFO] Booting the 'StatusMonitor' middleware...
[2022-11-21 10:22:31] [INFO] Booting the 'CORS' middleware...
[2022-11-21 10:22:31] [INFO] Booting the 'HTTP' middleware...
[2022-11-21 10:22:31] [INFO] Booting the 'Views' middleware...
[2022-11-21 10:22:31] [INFO] Booting the 'Statics' middleware...
[2022-11-21 10:22:31] [INFO] Booting the 'StatusMonitor' middleware...
[2022-11-21 10:23:11] [INFO] Booting the 'CORS' middleware...
[2022-11-21 10:23:11] [INFO] Booting the 'HTTP' middleware...
[2022-11-21 10:23:11] [INFO] Booting the 'Views' middleware...
[2022-11-21 10:23:11] [INFO] Booting the 'Statics' middleware...
[2022-11-21 10:23:11] [INFO] Booting the 'StatusMonitor' middleware...
[2022-11-21 10:23:22] [INFO] Booting the 'CORS' middleware...
[2022-11-21 10:23:22] [INFO] Booting the 'HTTP' middleware...
[2022-11-21 10:23:22] [INFO] Booting the 'Views' middleware...
[2022-11-21 10:23:22] [INFO] Booting the 'Statics' middleware...
[2022-11-21 10:23:22] [INFO] Booting the 'StatusMonitor' middleware...
[2022-11-21 10:23:29] [INFO] Booting the 'CORS' middleware...
[2022-11-21 10:23:29] [INFO] Booting the 'HTTP' middleware...
[2022-11-21 10:23:29] [INFO] Booting the 'Views' middleware...
[2022-11-21 10:23:29] [INFO] Booting the 'Statics' middleware...
[2022-11-21 10:23:29] [INFO] Booting the 'StatusMonitor' middleware...
[2022-11-21 10:23:32] [INFO] Booting the 'CORS' middleware...
[2022-11-21 10:23:32] [INFO] Booting the 'HTTP' middleware...
[2022-11-21 10:23:32] [INFO] Booting the 'Views' middleware...
[2022-11-21 10:23:32] [INFO] Booting the 'Statics' middleware...
[2022-11-21 10:23:32] [INFO] Booting the 'StatusMonitor' middleware...
[2022-11-21 10:23:38] [INFO] Booting the 'CORS' middleware...
[2022-11-21 10:23:38] [INFO] Booting the 'HTTP' middleware...
[2022-11-21 10:23:38] [INFO] Booting the 'Views' middleware...
[2022-11-21 10:23:38] [INFO] Booting the 'Statics' middleware...
[2022-11-21 10:23:38] [INFO] Booting the 'StatusMonitor' middleware...
[2022-11-21 10:23:44] [ERROR] Path '/api/operations/reservations/541a799c-eb27-44c8-83e5-0c6841d23baf?action=assign&tableid=1d4dfcec-c2a8-40b1-bf47-d422b709c573' not found [IP: '::1']!
[2022-11-21 10:25:26] [ERROR] Path '/api/operations/reservations/541a799c-eb27-44c8-83e5-0c6841d23baf?action=assign&tableid=1d4dfcec-c2a8-40b1-bf47-d422b709c573' not found [IP: '::1']!
[2022-11-21 10:28:16] [INFO] Booting the 'CORS' middleware...
[2022-11-21 10:28:16] [INFO] Booting the 'HTTP' middleware...
[2022-11-21 10:28:16] [INFO] Booting the 'Views' middleware...
[2022-11-21 10:28:16] [INFO] Booting the 'Statics' middleware...
[2022-11-21 10:28:16] [INFO] Booting the 'StatusMonitor' middleware...
[2022-11-21 10:28:29] [INFO] Booting the 'CORS' middleware...
[2022-11-21 10:28:29] [INFO] Booting the 'HTTP' middleware...
[2022-11-21 10:28:29] [INFO] Booting the 'Views' middleware...
[2022-11-21 10:28:29] [INFO] Booting the 'Statics' middleware...
[2022-11-21 10:28:29] [INFO] Booting the 'StatusMonitor' middleware...
[2022-11-21 10:28:30] [INFO] Booting the 'CORS' middleware...
[2022-11-21 10:28:30] [INFO] Booting the 'HTTP' middleware...
[2022-11-21 10:28:30] [INFO] Booting the 'Views' middleware...
[2022-11-21 10:28:30] [INFO] Booting the 'Statics' middleware...
[2022-11-21 10:28:30] [INFO] Booting the 'StatusMonitor' middleware...
[2022-11-21 10:28:49] [ERROR] Path '/api/operations/reservations/541a799c-eb27-44c8-83e5-0c6841d23baf?action=assign&tableid=1d4dfcec-c2a8-40b1-bf47-d422b709c573' not found [IP: '::1']!
[2022-11-21 10:29:34] [INFO] Booting the 'CORS' middleware...
[2022-11-21 10:29:34] [INFO] Booting the 'HTTP' middleware...
[2022-11-21 10:29:34] [INFO] Booting the 'Views' middleware...
[2022-11-21 10:29:34] [INFO] Booting the 'Statics' middleware...
[2022-11-21 10:29:34] [INFO] Booting the 'StatusMonitor' middleware...
[2022-11-21 10:29:56] [INFO] Booting the 'CORS' middleware...
[2022-11-21 10:29:56] [INFO] Booting the 'HTTP' middleware...
[2022-11-21 10:29:56] [INFO] Booting the 'Views' middleware...
[2022-11-21 10:29:56] [INFO] Booting the 'Statics' middleware...
[2022-11-21 10:29:56] [INFO] Booting the 'StatusMonitor' middleware...
[2022-11-21 10:30:20] [INFO] Booting the 'CORS' middleware...
[2022-11-21 10:30:20] [INFO] Booting the 'HTTP' middleware...
[2022-11-21 10:30:20] [INFO] Booting the 'Views' middleware...
[2022-11-21 10:30:20] [INFO] Booting the 'Statics' middleware...
[2022-11-21 10:30:20] [INFO] Booting the 'StatusMonitor' middleware...
[2022-11-21 10:30:21] [INFO] Booting the 'CORS' middleware...
[2022-11-21 10:30:21] [INFO] Booting the 'HTTP' middleware...
[2022-11-21 10:30:21] [INFO] Booting the 'Views' middleware...
[2022-11-21 10:30:21] [INFO] Booting the 'Statics' middleware...
[2022-11-21 10:30:21] [INFO] Booting the 'StatusMonitor' middleware...
[2022-11-21 10:30:22] [INFO] Booting the 'CORS' middleware...
[2022-11-21 10:30:22] [INFO] Booting the 'HTTP' middleware...
[2022-11-21 10:30:22] [INFO] Booting the 'Views' middleware...
[2022-11-21 10:30:22] [INFO] Booting the 'Statics' middleware...
[2022-11-21 10:30:22] [INFO] Booting the 'StatusMonitor' middleware...
[2022-11-21 10:30:27] [INFO] Booting the 'CORS' middleware...
[2022-11-21 10:30:27] [INFO] Booting the 'HTTP' middleware...
[2022-11-21 10:30:27] [INFO] Booting the 'Views' middleware...
[2022-11-21 10:30:27] [INFO] Booting the 'Statics' middleware...
[2022-11-21 10:30:27] [INFO] Booting the 'StatusMonitor' middleware...
[2022-11-21 10:30:36] [ERROR] Path '/api/operations/reservations/541a799c-eb27-44c8-83e5-0c6841d23baf?action=assign&tableid=1d4dfcec-c2a8-40b1-bf47-d422b709c573' not found [IP: '::1']!
[2022-11-21 10:31:57] [ERROR] Path '/api/operations/reservations/541a799c-eb27-44c8-83e5-0c6841d23baf?action=assign&tableid=1d4dfcec-c2a8-40b1-bf47-d422b709c573' not found [IP: '::1']!
[2022-11-21 10:32:21] [INFO] Booting the 'CORS' middleware...
[2022-11-21 10:32:21] [INFO] Booting the 'HTTP' middleware...
[2022-11-21 10:32:21] [INFO] Booting the 'Views' middleware...
[2022-11-21 10:32:21] [INFO] Booting the 'Statics' middleware...
[2022-11-21 10:32:21] [INFO] Booting the 'StatusMonitor' middleware...
[2022-11-21 10:32:25] [INFO] Booting the 'CORS' middleware...
[2022-11-21 10:32:25] [INFO] Booting the 'HTTP' middleware...
[2022-11-21 10:32:25] [INFO] Booting the 'Views' middleware...
[2022-11-21 10:32:25] [INFO] Booting the 'Statics' middleware...
[2022-11-21 10:32:25] [INFO] Booting the 'StatusMonitor' middleware...
[2022-11-21 10:32:30] [INFO] Booting the 'CORS' middleware...
[2022-11-21 10:32:30] [INFO] Booting the 'HTTP' middleware...
[2022-11-21 10:32:30] [INFO] Booting the 'Views' middleware...
[2022-11-21 10:32:30] [INFO] Booting the 'Statics' middleware...
[2022-11-21 10:32:30] [INFO] Booting the 'StatusMonitor' middleware...
[2022-11-21 10:32:40] [ERROR] Path '/api/operations/reservations/541a799c-eb27-44c8-83e5-0c6841d23baf?action=assign&tableid=1d4dfcec-c2a8-40b1-bf47-d422b709c573' not found [IP: '::1']!
[2022-11-21 10:33:43] [INFO] Booting the 'CORS' middleware...
[2022-11-21 10:33:43] [INFO] Booting the 'HTTP' middleware...
[2022-11-21 10:33:43] [INFO] Booting the 'Views' middleware...
[2022-11-21 10:33:43] [INFO] Booting the 'Statics' middleware...
[2022-11-21 10:33:43] [INFO] Booting the 'StatusMonitor' middleware...
[2022-11-21 10:34:16] [INFO] Booting the 'CORS' middleware...
[2022-11-21 10:34:16] [INFO] Booting the 'HTTP' middleware...
[2022-11-21 10:34:16] [INFO] Booting the 'Views' middleware...
[2022-11-21 10:34:16] [INFO] Booting the 'Statics' middleware...
[2022-11-21 10:34:16] [INFO] Booting the 'StatusMonitor' middleware...
[2022-11-21 10:34:28] [INFO] Booting the 'CORS' middleware...
[2022-11-21 10:34:28] [INFO] Booting the 'HTTP' middleware...
[2022-11-21 10:34:28] [INFO] Booting the 'Views' middleware...
[2022-11-21 10:34:28] [INFO] Booting the 'Statics' middleware...
[2022-11-21 10:34:28] [INFO] Booting the 'StatusMonitor' middleware...
[2022-11-21 10:34:42] [INFO] Booting the 'CORS' middleware...
[2022-11-21 10:34:42] [INFO] Booting the 'HTTP' middleware...
[2022-11-21 10:34:42] [INFO] Booting the 'Views' middleware...
[2022-11-21 10:34:42] [INFO] Booting the 'Statics' middleware...
[2022-11-21 10:34:42] [INFO] Booting the 'StatusMonitor' middleware...
[2022-11-21 10:34:48] [INFO] Booting the 'CORS' middleware...
[2022-11-21 10:34:48] [INFO] Booting the 'HTTP' middleware...
[2022-11-21 10:34:48] [INFO] Booting the 'Views' middleware...
[2022-11-21 10:34:48] [INFO] Booting the 'Statics' middleware...
[2022-11-21 10:34:48] [INFO] Booting the 'StatusMonitor' middleware...
[2022-11-21 10:35:13] [INFO] Booting the 'CORS' middleware...
[2022-11-21 10:35:13] [INFO] Booting the 'HTTP' middleware...
[2022-11-21 10:35:13] [INFO] Booting the 'Views' middleware...
[2022-11-21 10:35:13] [INFO] Booting the 'Statics' middleware...
[2022-11-21 10:35:13] [INFO] Booting the 'StatusMonitor' middleware...
[2022-11-21 10:35:27] [INFO] Booting the 'CORS' middleware...
[2022-11-21 10:35:27] [INFO] Booting the 'HTTP' middleware...
[2022-11-21 10:35:27] [INFO] Booting the 'Views' middleware...
[2022-11-21 10:35:27] [INFO] Booting the 'Statics' middleware...
[2022-11-21 10:35:27] [INFO] Booting the 'StatusMonitor' middleware...
[2022-11-21 10:35:45] [ERROR] Path '/api/operations/reservations/541a799c-eb27-44c8-83e5-0c6841d23baf?action=assign&tableid=1d4dfcec-c2a8-40b1-bf47-d422b709c573' not found [IP: '::1']!
[2022-11-21 10:49:18] [ERROR] This reservation has been assigned
[2022-11-21 10:49:19] [ERROR] Path '/images/icons/gear.png' not found [IP: '::1']!
[2022-11-21 10:52:53] [INFO] Booting the 'CORS' middleware...
[2022-11-21 10:52:53] [INFO] Booting the 'HTTP' middleware...
[2022-11-21 10:52:53] [INFO] Booting the 'Views' middleware...
[2022-11-21 10:52:53] [INFO] Booting the 'Statics' middleware...
[2022-11-21 10:52:53] [INFO] Booting the 'StatusMonitor' middleware...
[2022-11-21 10:52:56] [INFO] Booting the 'CORS' middleware...
[2022-11-21 10:52:56] [INFO] Booting the 'HTTP' middleware...
[2022-11-21 10:52:56] [INFO] Booting the 'Views' middleware...
[2022-11-21 10:52:56] [INFO] Booting the 'Statics' middleware...
[2022-11-21 10:52:56] [INFO] Booting the 'StatusMonitor' middleware...
[2022-11-21 10:53:3] [ERROR] This reservation has been assigned
[2022-11-21 10:53:26] [ERROR] This reservation has been assigned
[2022-11-21 10:55:2] [INFO] Booting the 'CORS' middleware...
[2022-11-21 10:55:2] [INFO] Booting the 'HTTP' middleware...
[2022-11-21 10:55:2] [INFO] Booting the 'Views' middleware...
[2022-11-21 10:55:2] [INFO] Booting the 'Statics' middleware...
[2022-11-21 10:55:2] [INFO] Booting the 'StatusMonitor' middleware...
[2022-11-21 10:55:7] [INFO] Booting the 'CORS' middleware...
[2022-11-21 10:55:7] [INFO] Booting the 'HTTP' middleware...
[2022-11-21 10:55:7] [INFO] Booting the 'Views' middleware...
[2022-11-21 10:55:7] [INFO] Booting the 'Statics' middleware...
[2022-11-21 10:55:7] [INFO] Booting the 'StatusMonitor' middleware...
[2022-11-21 10:55:9] [INFO] Booting the 'CORS' middleware...
[2022-11-21 10:55:9] [INFO] Booting the 'HTTP' middleware...
[2022-11-21 10:55:9] [INFO] Booting the 'Views' middleware...
[2022-11-21 10:55:9] [INFO] Booting the 'Statics' middleware...
[2022-11-21 10:55:9] [INFO] Booting the 'StatusMonitor' middleware...
[2022-11-21 10:55:23] [INFO] Booting the 'CORS' middleware...
[2022-11-21 10:55:23] [INFO] Booting the 'HTTP' middleware...
[2022-11-21 10:55:23] [INFO] Booting the 'Views' middleware...
[2022-11-21 10:55:23] [INFO] Booting the 'Statics' middleware...
[2022-11-21 10:55:23] [INFO] Booting the 'StatusMonitor' middleware...
[2022-11-21 10:55:26] [INFO] Booting the 'CORS' middleware...
[2022-11-21 10:55:26] [INFO] Booting the 'HTTP' middleware...
[2022-11-21 10:55:26] [INFO] Booting the 'Views' middleware...
[2022-11-21 10:55:26] [INFO] Booting the 'Statics' middleware...
[2022-11-21 10:55:26] [INFO] Booting the 'StatusMonitor' middleware...
[2022-11-21 10:55:30] [INFO] Booting the 'CORS' middleware...
[2022-11-21 10:55:30] [INFO] Booting the 'HTTP' middleware...
[2022-11-21 10:55:30] [INFO] Booting the 'Views' middleware...
[2022-11-21 10:55:30] [INFO] Booting the 'Statics' middleware...
[2022-11-21 10:55:30] [INFO] Booting the 'StatusMonitor' middleware...
[2022-11-21 10:55:40] [INFO] Booting the 'CORS' middleware...
[2022-11-21 10:55:40] [INFO] Booting the 'HTTP' middleware...
[2022-11-21 10:55:40] [INFO] Booting the 'Views' middleware...
[2022-11-21 10:55:40] [INFO] Booting the 'Statics' middleware...
[2022-11-21 10:55:40] [INFO] Booting the 'StatusMonitor' middleware...
[2022-11-21 10:55:58] [INFO] Booting the 'CORS' middleware...
[2022-11-21 10:55:58] [INFO] Booting the 'HTTP' middleware...
[2022-11-21 10:55:58] [INFO] Booting the 'Views' middleware...
[2022-11-21 10:55:58] [INFO] Booting the 'Statics' middleware...
[2022-11-21 10:55:58] [INFO] Booting the 'StatusMonitor' middleware...
[2022-11-21 10:56:7] [INFO] Booting the 'CORS' middleware...
[2022-11-21 10:56:7] [INFO] Booting the 'HTTP' middleware...
[2022-11-21 10:56:7] [INFO] Booting the 'Views' middleware...
[2022-11-21 10:56:7] [INFO] Booting the 'Statics' middleware...
[2022-11-21 10:56:7] [INFO] Booting the 'StatusMonitor' middleware...
[2022-11-21 10:56:13] [INFO] Booting the 'CORS' middleware...
[2022-11-21 10:56:13] [INFO] Booting the 'HTTP' middleware...
[2022-11-21 10:56:13] [INFO] Booting the 'Views' middleware...
[2022-11-21 10:56:13] [INFO] Booting the 'Statics' middleware...
[2022-11-21 10:56:13] [INFO] Booting the 'StatusMonitor' middleware...
[2022-11-21 10:57:34] [INFO] Booting the 'CORS' middleware...
[2022-11-21 10:57:34] [INFO] Booting the 'HTTP' middleware...
[2022-11-21 10:57:34] [INFO] Booting the 'Views' middleware...
[2022-11-21 10:57:34] [INFO] Booting the 'Statics' middleware...
[2022-11-21 10:57:34] [INFO] Booting the 'StatusMonitor' middleware...
[2022-11-21 11:0:36] [INFO] Booting the 'CORS' middleware...
[2022-11-21 11:0:36] [INFO] Booting the 'HTTP' middleware...
[2022-11-21 11:0:36] [INFO] Booting the 'Views' middleware...
[2022-11-21 11:0:36] [INFO] Booting the 'Statics' middleware...
[2022-11-21 11:0:36] [INFO] Booting the 'StatusMonitor' middleware...
[2022-11-21 11:1:24] [INFO] Booting the 'CORS' middleware...
[2022-11-21 11:1:24] [INFO] Booting the 'HTTP' middleware...
[2022-11-21 11:1:24] [INFO] Booting the 'Views' middleware...
[2022-11-21 11:1:24] [INFO] Booting the 'Statics' middleware...
[2022-11-21 11:1:24] [INFO] Booting the 'StatusMonitor' middleware...
[2022-11-21 11:1:49] [INFO] Booting the 'CORS' middleware...
[2022-11-21 11:1:49] [INFO] Booting the 'HTTP' middleware...
[2022-11-21 11:1:49] [INFO] Booting the 'Views' middleware...
[2022-11-21 11:1:49] [INFO] Booting the 'Statics' middleware...
[2022-11-21 11:1:49] [INFO] Booting the 'StatusMonitor' middleware...
[2022-11-21 11:2:24] [INFO] Booting the 'CORS' middleware...
[2022-11-21 11:2:24] [INFO] Booting the 'HTTP' middleware...
[2022-11-21 11:2:24] [INFO] Booting the 'Views' middleware...
[2022-11-21 11:2:24] [INFO] Booting the 'Statics' middleware...
[2022-11-21 11:2:24] [INFO] Booting the 'StatusMonitor' middleware...
[2022-11-21 11:3:11] [INFO] Booting the 'CORS' middleware...
[2022-11-21 11:3:11] [INFO] Booting the 'HTTP' middleware...
[2022-11-21 11:3:11] [INFO] Booting the 'Views' middleware...
[2022-11-21 11:3:11] [INFO] Booting the 'Statics' middleware...
[2022-11-21 11:3:11] [INFO] Booting the 'StatusMonitor' middleware...
[2022-11-21 11:3:21] [INFO] Booting the 'CORS' middleware...
[2022-11-21 11:3:21] [INFO] Booting the 'HTTP' middleware...
[2022-11-21 11:3:21] [INFO] Booting the 'Views' middleware...
[2022-11-21 11:3:21] [INFO] Booting the 'Statics' middleware...
[2022-11-21 11:3:21] [INFO] Booting the 'StatusMonitor' middleware...
[2022-11-21 11:6:1] [INFO] Booting the 'CORS' middleware...
[2022-11-21 11:6:1] [INFO] Booting the 'HTTP' middleware...
[2022-11-21 11:6:1] [INFO] Booting the 'Views' middleware...
[2022-11-21 11:6:1] [INFO] Booting the 'Statics' middleware...
[2022-11-21 11:6:1] [INFO] Booting the 'StatusMonitor' middleware...
[2022-11-21 11:6:55] [INFO] Booting the 'CORS' middleware...
[2022-11-21 11:6:55] [INFO] Booting the 'HTTP' middleware...
[2022-11-21 11:6:55] [INFO] Booting the 'Views' middleware...
[2022-11-21 11:6:55] [INFO] Booting the 'Statics' middleware...
[2022-11-21 11:6:55] [INFO] Booting the 'StatusMonitor' middleware...
[2022-11-21 11:7:19] [INFO] Booting the 'CORS' middleware...
[2022-11-21 11:7:19] [INFO] Booting the 'HTTP' middleware...
[2022-11-21 11:7:19] [INFO] Booting the 'Views' middleware...
[2022-11-21 11:7:19] [INFO] Booting the 'Statics' middleware...
[2022-11-21 11:7:19] [INFO] Booting the 'StatusMonitor' middleware...
[2022-11-21 11:7:20] [INFO] Booting the 'CORS' middleware...
[2022-11-21 11:7:20] [INFO] Booting the 'HTTP' middleware...
[2022-11-21 11:7:20] [INFO] Booting the 'Views' middleware...
[2022-11-21 11:7:20] [INFO] Booting the 'Statics' middleware...
[2022-11-21 11:7:20] [INFO] Booting the 'StatusMonitor' middleware...
[2022-11-21 11:7:44] [INFO] Booting the 'CORS' middleware...
[2022-11-21 11:7:44] [INFO] Booting the 'HTTP' middleware...
[2022-11-21 11:7:44] [INFO] Booting the 'Views' middleware...
[2022-11-21 11:7:44] [INFO] Booting the 'Statics' middleware...
[2022-11-21 11:7:44] [INFO] Booting the 'StatusMonitor' middleware...
[2022-11-21 11:10:45] [INFO] Booting the 'CORS' middleware...
[2022-11-21 11:10:45] [INFO] Booting the 'HTTP' middleware...
[2022-11-21 11:10:45] [INFO] Booting the 'Views' middleware...
[2022-11-21 11:10:45] [INFO] Booting the 'Statics' middleware...
[2022-11-21 11:10:45] [INFO] Booting the 'StatusMonitor' middleware...
[2022-11-21 11:10:55] [INFO] Booting the 'CORS' middleware...
[2022-11-21 11:10:55] [INFO] Booting the 'HTTP' middleware...
[2022-11-21 11:10:55] [INFO] Booting the 'Views' middleware...
[2022-11-21 11:10:55] [INFO] Booting the 'Statics' middleware...
[2022-11-21 11:10:55] [INFO] Booting the 'StatusMonitor' middleware...
[2022-11-21 11:10:58] [INFO] Booting the 'CORS' middleware...
[2022-11-21 11:10:58] [INFO] Booting the 'HTTP' middleware...
[2022-11-21 11:10:58] [INFO] Booting the 'Views' middleware...
[2022-11-21 11:10:58] [INFO] Booting the 'Statics' middleware...
[2022-11-21 11:10:58] [INFO] Booting the 'StatusMonitor' middleware...
[2022-11-21 11:30:11] [INFO] Booting the 'CORS' middleware...
[2022-11-21 11:30:11] [INFO] Booting the 'HTTP' middleware...
[2022-11-21 11:30:11] [INFO] Booting the 'Views' middleware...
[2022-11-21 11:30:11] [INFO] Booting the 'Statics' middleware...
[2022-11-21 11:30:11] [INFO] Booting the 'StatusMonitor' middleware...
[2022-11-21 12:25:59] [INFO] Booting the 'CORS' middleware...
[2022-11-21 12:25:59] [INFO] Booting the 'HTTP' middleware...
[2022-11-21 12:25:59] [INFO] Booting the 'Views' middleware...
[2022-11-21 12:25:59] [INFO] Booting the 'Statics' middleware...
[2022-11-21 12:25:59] [INFO] Booting the 'StatusMonitor' middleware...
[2022-11-21 12:26:11] [INFO] Booting the 'CORS' middleware...
[2022-11-21 12:26:11] [INFO] Booting the 'HTTP' middleware...
[2022-11-21 12:26:11] [INFO] Booting the 'Views' middleware...
[2022-11-21 12:26:11] [INFO] Booting the 'Statics' middleware...
[2022-11-21 12:26:11] [INFO] Booting the 'StatusMonitor' middleware...
