[2022-11-20 14:21:0] [INFO] Booting the 'CORS' middleware...
[2022-11-20 14:21:0] [INFO] Booting the 'HTTP' middleware...
[2022-11-20 14:21:0] [INFO] Booting the 'Views' middleware...
[2022-11-20 14:21:0] [INFO] Booting the 'Statics' middleware...
[2022-11-20 14:21:0] [INFO] Booting the 'StatusMonitor' middleware...
[2022-11-20 14:21:2] [INFO] Booting the 'CORS' middleware...
[2022-11-20 14:21:2] [INFO] Booting the 'HTTP' middleware...
[2022-11-20 14:21:2] [INFO] Booting the 'Views' middleware...
[2022-11-20 14:21:2] [INFO] Booting the 'Statics' middleware...
[2022-11-20 14:21:2] [INFO] Booting the 'StatusMonitor' middleware...
[2022-11-20 14:21:19] [ERROR] Path '/' not found [IP: '::1']!
[2022-11-20 14:21:20] [ERROR] Path '/favicon.ico' not found [IP: '::1']!
[2022-11-20 21:34:55] [INFO] Booting the 'CORS' middleware...
[2022-11-20 21:34:55] [INFO] Booting the 'HTTP' middleware...
[2022-11-20 21:34:55] [INFO] Booting the 'Views' middleware...
[2022-11-20 21:34:55] [INFO] Booting the 'Statics' middleware...
[2022-11-20 21:34:55] [INFO] Booting the 'StatusMonitor' middleware...
[2022-11-20 21:34:58] [INFO] Booting the 'CORS' middleware...
[2022-11-20 21:34:58] [INFO] Booting the 'HTTP' middleware...
[2022-11-20 21:34:58] [INFO] Booting the 'Views' middleware...
[2022-11-20 21:34:58] [INFO] Booting the 'Statics' middleware...
[2022-11-20 21:34:58] [INFO] Booting the 'StatusMonitor' middleware...
[2022-11-20 21:35:12] [ERROR] Path '/' not found [IP: '::1']!
[2022-11-20 21:35:13] [ERROR] Path '/favicon.ico' not found [IP: '::1']!
[2022-11-20 22:5:58] [INFO] Booting the 'CORS' middleware...
[2022-11-20 22:5:58] [INFO] Booting the 'HTTP' middleware...
[2022-11-20 22:5:58] [INFO] Booting the 'Views' middleware...
[2022-11-20 22:5:58] [INFO] Booting the 'Statics' middleware...
[2022-11-20 22:5:58] [INFO] Booting the 'StatusMonitor' middleware...
[2022-11-20 22:6:8] [INFO] Booting the 'CORS' middleware...
[2022-11-20 22:6:8] [INFO] Booting the 'HTTP' middleware...
[2022-11-20 22:6:8] [INFO] Booting the 'Views' middleware...
[2022-11-20 22:6:8] [INFO] Booting the 'Statics' middleware...
[2022-11-20 22:6:8] [INFO] Booting the 'StatusMonitor' middleware...
[2022-11-20 22:6:11] [INFO] Booting the 'CORS' middleware...
[2022-11-20 22:6:11] [INFO] Booting the 'HTTP' middleware...
[2022-11-20 22:6:11] [INFO] Booting the 'Views' middleware...
[2022-11-20 22:6:11] [INFO] Booting the 'Statics' middleware...
[2022-11-20 22:6:11] [INFO] Booting the 'StatusMonitor' middleware...
[2022-11-20 22:6:26] [INFO] Booting the 'CORS' middleware...
[2022-11-20 22:6:26] [INFO] Booting the 'HTTP' middleware...
[2022-11-20 22:6:26] [INFO] Booting the 'Views' middleware...
[2022-11-20 22:6:26] [INFO] Booting the 'Statics' middleware...
[2022-11-20 22:6:26] [INFO] Booting the 'StatusMonitor' middleware...
[2022-11-20 22:7:10] [INFO] Booting the 'CORS' middleware...
[2022-11-20 22:7:10] [INFO] Booting the 'HTTP' middleware...
[2022-11-20 22:7:10] [INFO] Booting the 'Views' middleware...
[2022-11-20 22:7:10] [INFO] Booting the 'Statics' middleware...
[2022-11-20 22:7:10] [INFO] Booting the 'StatusMonitor' middleware...
[2022-11-20 22:7:23] [INFO] Booting the 'CORS' middleware...
[2022-11-20 22:7:23] [INFO] Booting the 'HTTP' middleware...
[2022-11-20 22:7:23] [INFO] Booting the 'Views' middleware...
[2022-11-20 22:7:23] [INFO] Booting the 'Statics' middleware...
[2022-11-20 22:7:23] [INFO] Booting the 'StatusMonitor' middleware...
[2022-11-20 22:7:26] [INFO] Booting the 'CORS' middleware...
[2022-11-20 22:7:26] [INFO] Booting the 'HTTP' middleware...
[2022-11-20 22:7:26] [INFO] Booting the 'Views' middleware...
[2022-11-20 22:7:26] [INFO] Booting the 'Statics' middleware...
[2022-11-20 22:7:26] [INFO] Booting the 'StatusMonitor' middleware...
[2022-11-20 22:7:36] [INFO] Booting the 'CORS' middleware...
[2022-11-20 22:7:36] [INFO] Booting the 'HTTP' middleware...
[2022-11-20 22:7:36] [INFO] Booting the 'Views' middleware...
[2022-11-20 22:7:36] [INFO] Booting the 'Statics' middleware...
[2022-11-20 22:7:36] [INFO] Booting the 'StatusMonitor' middleware...
[2022-11-20 22:7:58] [INFO] Booting the 'CORS' middleware...
[2022-11-20 22:7:58] [INFO] Booting the 'HTTP' middleware...
[2022-11-20 22:7:58] [INFO] Booting the 'Views' middleware...
[2022-11-20 22:7:58] [INFO] Booting the 'Statics' middleware...
[2022-11-20 22:7:58] [INFO] Booting the 'StatusMonitor' middleware...
[2022-11-20 22:8:10] [INFO] Booting the 'CORS' middleware...
[2022-11-20 22:8:10] [INFO] Booting the 'HTTP' middleware...
[2022-11-20 22:8:10] [INFO] Booting the 'Views' middleware...
[2022-11-20 22:8:10] [INFO] Booting the 'Statics' middleware...
[2022-11-20 22:8:10] [INFO] Booting the 'StatusMonitor' middleware...
[2022-11-20 22:8:24] [INFO] Booting the 'CORS' middleware...
[2022-11-20 22:8:24] [INFO] Booting the 'HTTP' middleware...
[2022-11-20 22:8:24] [INFO] Booting the 'Views' middleware...
[2022-11-20 22:8:24] [INFO] Booting the 'Statics' middleware...
[2022-11-20 22:8:24] [INFO] Booting the 'StatusMonitor' middleware...
[2022-11-20 22:8:30] [INFO] Booting the 'CORS' middleware...
[2022-11-20 22:8:30] [INFO] Booting the 'HTTP' middleware...
[2022-11-20 22:8:30] [INFO] Booting the 'Views' middleware...
[2022-11-20 22:8:30] [INFO] Booting the 'Statics' middleware...
[2022-11-20 22:8:30] [INFO] Booting the 'StatusMonitor' middleware...
[2022-11-20 22:8:35] [INFO] Booting the 'CORS' middleware...
[2022-11-20 22:8:35] [INFO] Booting the 'HTTP' middleware...
[2022-11-20 22:8:35] [INFO] Booting the 'Views' middleware...
[2022-11-20 22:8:35] [INFO] Booting the 'Statics' middleware...
[2022-11-20 22:8:35] [INFO] Booting the 'StatusMonitor' middleware...
[2022-11-20 22:8:41] [INFO] Booting the 'CORS' middleware...
[2022-11-20 22:8:41] [INFO] Booting the 'HTTP' middleware...
[2022-11-20 22:8:41] [INFO] Booting the 'Views' middleware...
[2022-11-20 22:8:41] [INFO] Booting the 'Statics' middleware...
[2022-11-20 22:8:41] [INFO] Booting the 'StatusMonitor' middleware...
[2022-11-20 22:11:41] [INFO] Booting the 'CORS' middleware...
[2022-11-20 22:11:41] [INFO] Booting the 'HTTP' middleware...
[2022-11-20 22:11:41] [INFO] Booting the 'Views' middleware...
[2022-11-20 22:11:41] [INFO] Booting the 'Statics' middleware...
[2022-11-20 22:11:41] [INFO] Booting the 'StatusMonitor' middleware...
[2022-11-20 22:11:46] [INFO] Booting the 'CORS' middleware...
[2022-11-20 22:11:46] [INFO] Booting the 'HTTP' middleware...
[2022-11-20 22:11:46] [INFO] Booting the 'Views' middleware...
[2022-11-20 22:11:46] [INFO] Booting the 'Statics' middleware...
[2022-11-20 22:11:46] [INFO] Booting the 'StatusMonitor' middleware...
[2022-11-20 22:12:1] [INFO] Booting the 'CORS' middleware...
[2022-11-20 22:12:1] [INFO] Booting the 'HTTP' middleware...
[2022-11-20 22:12:1] [INFO] Booting the 'Views' middleware...
[2022-11-20 22:12:1] [INFO] Booting the 'Statics' middleware...
[2022-11-20 22:12:1] [INFO] Booting the 'StatusMonitor' middleware...
[2022-11-20 22:12:21] [INFO] Booting the 'CORS' middleware...
[2022-11-20 22:12:21] [INFO] Booting the 'HTTP' middleware...
[2022-11-20 22:12:21] [INFO] Booting the 'Views' middleware...
[2022-11-20 22:12:21] [INFO] Booting the 'Statics' middleware...
[2022-11-20 22:12:21] [INFO] Booting the 'StatusMonitor' middleware...
[2022-11-20 22:14:10] [INFO] Booting the 'CORS' middleware...
[2022-11-20 22:14:10] [INFO] Booting the 'HTTP' middleware...
[2022-11-20 22:14:10] [INFO] Booting the 'Views' middleware...
[2022-11-20 22:14:10] [INFO] Booting the 'Statics' middleware...
[2022-11-20 22:14:10] [INFO] Booting the 'StatusMonitor' middleware...
[2022-11-20 22:19:1] [INFO] Booting the 'CORS' middleware...
[2022-11-20 22:19:1] [INFO] Booting the 'HTTP' middleware...
[2022-11-20 22:19:1] [INFO] Booting the 'Views' middleware...
[2022-11-20 22:19:1] [INFO] Booting the 'Statics' middleware...
[2022-11-20 22:19:1] [INFO] Booting the 'StatusMonitor' middleware...
[2022-11-20 22:19:36] [INFO] Booting the 'CORS' middleware...
[2022-11-20 22:19:36] [INFO] Booting the 'HTTP' middleware...
[2022-11-20 22:19:36] [INFO] Booting the 'Views' middleware...
[2022-11-20 22:19:36] [INFO] Booting the 'Statics' middleware...
[2022-11-20 22:19:36] [INFO] Booting the 'StatusMonitor' middleware...
[2022-11-20 22:20:16] [INFO] Booting the 'CORS' middleware...
[2022-11-20 22:20:16] [INFO] Booting the 'HTTP' middleware...
[2022-11-20 22:20:16] [INFO] Booting the 'Views' middleware...
[2022-11-20 22:20:16] [INFO] Booting the 'Statics' middleware...
[2022-11-20 22:20:16] [INFO] Booting the 'StatusMonitor' middleware...
[2022-11-20 22:20:44] [INFO] Booting the 'CORS' middleware...
[2022-11-20 22:20:44] [INFO] Booting the 'HTTP' middleware...
[2022-11-20 22:20:44] [INFO] Booting the 'Views' middleware...
[2022-11-20 22:20:44] [INFO] Booting the 'Statics' middleware...
[2022-11-20 22:20:44] [INFO] Booting the 'StatusMonitor' middleware...
[2022-11-20 22:25:28] [INFO] Booting the 'CORS' middleware...
[2022-11-20 22:25:28] [INFO] Booting the 'HTTP' middleware...
[2022-11-20 22:25:28] [INFO] Booting the 'Views' middleware...
[2022-11-20 22:25:28] [INFO] Booting the 'Statics' middleware...
[2022-11-20 22:25:28] [INFO] Booting the 'StatusMonitor' middleware...
[2022-11-20 22:26:19] [INFO] Booting the 'CORS' middleware...
[2022-11-20 22:26:19] [INFO] Booting the 'HTTP' middleware...
[2022-11-20 22:26:19] [INFO] Booting the 'Views' middleware...
[2022-11-20 22:26:19] [INFO] Booting the 'Statics' middleware...
[2022-11-20 22:26:19] [INFO] Booting the 'StatusMonitor' middleware...
[2022-11-20 22:26:47] [INFO] Booting the 'CORS' middleware...
[2022-11-20 22:26:47] [INFO] Booting the 'HTTP' middleware...
[2022-11-20 22:26:47] [INFO] Booting the 'Views' middleware...
[2022-11-20 22:26:47] [INFO] Booting the 'Statics' middleware...
[2022-11-20 22:26:47] [INFO] Booting the 'StatusMonitor' middleware...
[2022-11-20 22:27:1] [INFO] Booting the 'CORS' middleware...
[2022-11-20 22:27:1] [INFO] Booting the 'HTTP' middleware...
[2022-11-20 22:27:1] [INFO] Booting the 'Views' middleware...
[2022-11-20 22:27:1] [INFO] Booting the 'Statics' middleware...
[2022-11-20 22:27:1] [INFO] Booting the 'StatusMonitor' middleware...
[2022-11-20 22:27:53] [INFO] Booting the 'CORS' middleware...
[2022-11-20 22:27:53] [INFO] Booting the 'HTTP' middleware...
[2022-11-20 22:27:53] [INFO] Booting the 'Views' middleware...
[2022-11-20 22:27:53] [INFO] Booting the 'Statics' middleware...
[2022-11-20 22:27:53] [INFO] Booting the 'StatusMonitor' middleware...
[2022-11-20 22:28:2] [INFO] Booting the 'CORS' middleware...
[2022-11-20 22:28:2] [INFO] Booting the 'HTTP' middleware...
[2022-11-20 22:28:2] [INFO] Booting the 'Views' middleware...
[2022-11-20 22:28:2] [INFO] Booting the 'Statics' middleware...
[2022-11-20 22:28:2] [INFO] Booting the 'StatusMonitor' middleware...
[2022-11-20 22:28:10] [INFO] Booting the 'CORS' middleware...
[2022-11-20 22:28:10] [INFO] Booting the 'HTTP' middleware...
[2022-11-20 22:28:10] [INFO] Booting the 'Views' middleware...
[2022-11-20 22:28:10] [INFO] Booting the 'Statics' middleware...
[2022-11-20 22:28:10] [INFO] Booting the 'StatusMonitor' middleware...
[2022-11-20 22:28:29] [INFO] Booting the 'CORS' middleware...
[2022-11-20 22:28:29] [INFO] Booting the 'HTTP' middleware...
[2022-11-20 22:28:29] [INFO] Booting the 'Views' middleware...
[2022-11-20 22:28:29] [INFO] Booting the 'Statics' middleware...
[2022-11-20 22:28:29] [INFO] Booting the 'StatusMonitor' middleware...
[2022-11-20 22:28:30] [INFO] Booting the 'CORS' middleware...
[2022-11-20 22:28:30] [INFO] Booting the 'HTTP' middleware...
[2022-11-20 22:28:30] [INFO] Booting the 'Views' middleware...
[2022-11-20 22:28:30] [INFO] Booting the 'Statics' middleware...
[2022-11-20 22:28:30] [INFO] Booting the 'StatusMonitor' middleware...
[2022-11-20 22:28:56] [INFO] Booting the 'CORS' middleware...
[2022-11-20 22:28:56] [INFO] Booting the 'HTTP' middleware...
[2022-11-20 22:28:56] [INFO] Booting the 'Views' middleware...
[2022-11-20 22:28:56] [INFO] Booting the 'Statics' middleware...
[2022-11-20 22:28:56] [INFO] Booting the 'StatusMonitor' middleware...
[2022-11-20 22:28:59] [INFO] Booting the 'CORS' middleware...
[2022-11-20 22:28:59] [INFO] Booting the 'HTTP' middleware...
[2022-11-20 22:28:59] [INFO] Booting the 'Views' middleware...
[2022-11-20 22:28:59] [INFO] Booting the 'Statics' middleware...
[2022-11-20 22:28:59] [INFO] Booting the 'StatusMonitor' middleware...
[2022-11-20 22:29:3] [INFO] Booting the 'CORS' middleware...
[2022-11-20 22:29:3] [INFO] Booting the 'HTTP' middleware...
[2022-11-20 22:29:3] [INFO] Booting the 'Views' middleware...
[2022-11-20 22:29:3] [INFO] Booting the 'Statics' middleware...
[2022-11-20 22:29:3] [INFO] Booting the 'StatusMonitor' middleware...
[2022-11-20 22:29:8] [INFO] Booting the 'CORS' middleware...
[2022-11-20 22:29:8] [INFO] Booting the 'HTTP' middleware...
[2022-11-20 22:29:8] [INFO] Booting the 'Views' middleware...
[2022-11-20 22:29:8] [INFO] Booting the 'Statics' middleware...
[2022-11-20 22:29:8] [INFO] Booting the 'StatusMonitor' middleware...
[2022-11-20 22:29:12] [INFO] Booting the 'CORS' middleware...
[2022-11-20 22:29:12] [INFO] Booting the 'HTTP' middleware...
[2022-11-20 22:29:12] [INFO] Booting the 'Views' middleware...
[2022-11-20 22:29:12] [INFO] Booting the 'Statics' middleware...
[2022-11-20 22:29:12] [INFO] Booting the 'StatusMonitor' middleware...
[2022-11-20 22:30:20] [INFO] Booting the 'CORS' middleware...
[2022-11-20 22:30:20] [INFO] Booting the 'HTTP' middleware...
[2022-11-20 22:30:20] [INFO] Booting the 'Views' middleware...
[2022-11-20 22:30:20] [INFO] Booting the 'Statics' middleware...
[2022-11-20 22:30:20] [INFO] Booting the 'StatusMonitor' middleware...
[2022-11-20 22:30:23] [INFO] Booting the 'CORS' middleware...
[2022-11-20 22:30:23] [INFO] Booting the 'HTTP' middleware...
[2022-11-20 22:30:23] [INFO] Booting the 'Views' middleware...
[2022-11-20 22:30:23] [INFO] Booting the 'Statics' middleware...
[2022-11-20 22:30:23] [INFO] Booting the 'StatusMonitor' middleware...
[2022-11-20 22:31:12] [INFO] Booting the 'CORS' middleware...
[2022-11-20 22:31:12] [INFO] Booting the 'HTTP' middleware...
[2022-11-20 22:31:12] [INFO] Booting the 'Views' middleware...
[2022-11-20 22:31:12] [INFO] Booting the 'Statics' middleware...
[2022-11-20 22:31:12] [INFO] Booting the 'StatusMonitor' middleware...
[2022-11-20 22:31:27] [INFO] Booting the 'CORS' middleware...
[2022-11-20 22:31:27] [INFO] Booting the 'HTTP' middleware...
[2022-11-20 22:31:27] [INFO] Booting the 'Views' middleware...
[2022-11-20 22:31:27] [INFO] Booting the 'Statics' middleware...
[2022-11-20 22:31:27] [INFO] Booting the 'StatusMonitor' middleware...
[2022-11-20 22:31:30] [INFO] Booting the 'CORS' middleware...
[2022-11-20 22:31:30] [INFO] Booting the 'HTTP' middleware...
[2022-11-20 22:31:30] [INFO] Booting the 'Views' middleware...
[2022-11-20 22:31:30] [INFO] Booting the 'Statics' middleware...
[2022-11-20 22:31:30] [INFO] Booting the 'StatusMonitor' middleware...
[2022-11-20 22:31:57] [INFO] Booting the 'CORS' middleware...
[2022-11-20 22:31:57] [INFO] Booting the 'HTTP' middleware...
[2022-11-20 22:31:57] [INFO] Booting the 'Views' middleware...
[2022-11-20 22:31:57] [INFO] Booting the 'Statics' middleware...
[2022-11-20 22:31:57] [INFO] Booting the 'StatusMonitor' middleware...
[2022-11-20 22:32:3] [INFO] Booting the 'CORS' middleware...
[2022-11-20 22:32:3] [INFO] Booting the 'HTTP' middleware...
[2022-11-20 22:32:3] [INFO] Booting the 'Views' middleware...
[2022-11-20 22:32:3] [INFO] Booting the 'Statics' middleware...
[2022-11-20 22:32:3] [INFO] Booting the 'StatusMonitor' middleware...
[2022-11-20 22:32:4] [INFO] Booting the 'CORS' middleware...
[2022-11-20 22:32:4] [INFO] Booting the 'HTTP' middleware...
[2022-11-20 22:32:4] [INFO] Booting the 'Views' middleware...
[2022-11-20 22:32:4] [INFO] Booting the 'Statics' middleware...
[2022-11-20 22:32:4] [INFO] Booting the 'StatusMonitor' middleware...
[2022-11-20 22:32:33] [INFO] Booting the 'CORS' middleware...
[2022-11-20 22:32:33] [INFO] Booting the 'HTTP' middleware...
[2022-11-20 22:32:33] [INFO] Booting the 'Views' middleware...
[2022-11-20 22:32:33] [INFO] Booting the 'Statics' middleware...
[2022-11-20 22:32:33] [INFO] Booting the 'StatusMonitor' middleware...
[2022-11-20 22:32:43] [INFO] Booting the 'CORS' middleware...
[2022-11-20 22:32:43] [INFO] Booting the 'HTTP' middleware...
[2022-11-20 22:32:43] [INFO] Booting the 'Views' middleware...
[2022-11-20 22:32:43] [INFO] Booting the 'Statics' middleware...
[2022-11-20 22:32:43] [INFO] Booting the 'StatusMonitor' middleware...
[2022-11-20 22:33:25] [INFO] Booting the 'CORS' middleware...
[2022-11-20 22:33:25] [INFO] Booting the 'HTTP' middleware...
[2022-11-20 22:33:25] [INFO] Booting the 'Views' middleware...
[2022-11-20 22:33:25] [INFO] Booting the 'Statics' middleware...
[2022-11-20 22:33:25] [INFO] Booting the 'StatusMonitor' middleware...
[2022-11-20 22:34:11] [INFO] Booting the 'CORS' middleware...
[2022-11-20 22:34:11] [INFO] Booting the 'HTTP' middleware...
[2022-11-20 22:34:11] [INFO] Booting the 'Views' middleware...
[2022-11-20 22:34:11] [INFO] Booting the 'Statics' middleware...
[2022-11-20 22:34:11] [INFO] Booting the 'StatusMonitor' middleware...
[2022-11-20 22:36:19] [INFO] Booting the 'CORS' middleware...
[2022-11-20 22:36:19] [INFO] Booting the 'HTTP' middleware...
[2022-11-20 22:36:19] [INFO] Booting the 'Views' middleware...
[2022-11-20 22:36:19] [INFO] Booting the 'Statics' middleware...
[2022-11-20 22:36:19] [INFO] Booting the 'StatusMonitor' middleware...
[2022-11-20 22:38:49] [INFO] Booting the 'CORS' middleware...
[2022-11-20 22:38:49] [INFO] Booting the 'HTTP' middleware...
[2022-11-20 22:38:49] [INFO] Booting the 'Views' middleware...
[2022-11-20 22:38:49] [INFO] Booting the 'Statics' middleware...
[2022-11-20 22:38:49] [INFO] Booting the 'StatusMonitor' middleware...
[2022-11-20 22:38:52] [INFO] Booting the 'CORS' middleware...
[2022-11-20 22:38:52] [INFO] Booting the 'HTTP' middleware...
[2022-11-20 22:38:52] [INFO] Booting the 'Views' middleware...
[2022-11-20 22:38:52] [INFO] Booting the 'Statics' middleware...
[2022-11-20 22:38:52] [INFO] Booting the 'StatusMonitor' middleware...
[2022-11-20 22:39:8] [INFO] Booting the 'CORS' middleware...
[2022-11-20 22:39:8] [INFO] Booting the 'HTTP' middleware...
[2022-11-20 22:39:8] [INFO] Booting the 'Views' middleware...
[2022-11-20 22:39:8] [INFO] Booting the 'Statics' middleware...
[2022-11-20 22:39:8] [INFO] Booting the 'StatusMonitor' middleware...
[2022-11-20 22:39:50] [INFO] Booting the 'CORS' middleware...
[2022-11-20 22:39:50] [INFO] Booting the 'HTTP' middleware...
[2022-11-20 22:39:50] [INFO] Booting the 'Views' middleware...
[2022-11-20 22:39:50] [INFO] Booting the 'Statics' middleware...
[2022-11-20 22:39:50] [INFO] Booting the 'StatusMonitor' middleware...
[2022-11-20 22:39:54] [INFO] Booting the 'CORS' middleware...
[2022-11-20 22:39:54] [INFO] Booting the 'HTTP' middleware...
[2022-11-20 22:39:54] [INFO] Booting the 'Views' middleware...
[2022-11-20 22:39:54] [INFO] Booting the 'Statics' middleware...
[2022-11-20 22:39:54] [INFO] Booting the 'StatusMonitor' middleware...
[2022-11-20 22:41:32] [INFO] Booting the 'CORS' middleware...
[2022-11-20 22:41:32] [INFO] Booting the 'HTTP' middleware...
[2022-11-20 22:41:32] [INFO] Booting the 'Views' middleware...
[2022-11-20 22:41:32] [INFO] Booting the 'Statics' middleware...
[2022-11-20 22:41:32] [INFO] Booting the 'StatusMonitor' middleware...
[2022-11-20 22:41:48] [INFO] Booting the 'CORS' middleware...
[2022-11-20 22:41:48] [INFO] Booting the 'HTTP' middleware...
[2022-11-20 22:41:48] [INFO] Booting the 'Views' middleware...
[2022-11-20 22:41:48] [INFO] Booting the 'Statics' middleware...
[2022-11-20 22:41:48] [INFO] Booting the 'StatusMonitor' middleware...
[2022-11-20 22:41:49] [INFO] Booting the 'CORS' middleware...
[2022-11-20 22:41:49] [INFO] Booting the 'HTTP' middleware...
[2022-11-20 22:41:49] [INFO] Booting the 'Views' middleware...
[2022-11-20 22:41:49] [INFO] Booting the 'Statics' middleware...
[2022-11-20 22:41:49] [INFO] Booting the 'StatusMonitor' middleware...
[2022-11-20 22:42:6] [INFO] Booting the 'CORS' middleware...
[2022-11-20 22:42:6] [INFO] Booting the 'HTTP' middleware...
[2022-11-20 22:42:6] [INFO] Booting the 'Views' middleware...
[2022-11-20 22:42:6] [INFO] Booting the 'Statics' middleware...
[2022-11-20 22:42:6] [INFO] Booting the 'StatusMonitor' middleware...
[2022-11-20 22:43:24] [INFO] Booting the 'CORS' middleware...
[2022-11-20 22:43:24] [INFO] Booting the 'HTTP' middleware...
[2022-11-20 22:43:24] [INFO] Booting the 'Views' middleware...
[2022-11-20 22:43:24] [INFO] Booting the 'Statics' middleware...
[2022-11-20 22:43:24] [INFO] Booting the 'StatusMonitor' middleware...
[2022-11-20 22:43:31] [INFO] Booting the 'CORS' middleware...
[2022-11-20 22:43:31] [INFO] Booting the 'HTTP' middleware...
[2022-11-20 22:43:31] [INFO] Booting the 'Views' middleware...
[2022-11-20 22:43:31] [INFO] Booting the 'Statics' middleware...
[2022-11-20 22:43:31] [INFO] Booting the 'StatusMonitor' middleware...
[2022-11-20 22:44:35] [INFO] Booting the 'CORS' middleware...
[2022-11-20 22:44:35] [INFO] Booting the 'HTTP' middleware...
[2022-11-20 22:44:35] [INFO] Booting the 'Views' middleware...
[2022-11-20 22:44:35] [INFO] Booting the 'Statics' middleware...
[2022-11-20 22:44:35] [INFO] Booting the 'StatusMonitor' middleware...
[2022-11-20 22:44:44] [INFO] Booting the 'CORS' middleware...
[2022-11-20 22:44:44] [INFO] Booting the 'Views' middleware...
[2022-11-20 22:44:44] [INFO] Booting the 'HTTP' middleware...
[2022-11-20 22:44:44] [INFO] Booting the 'Statics' middleware...
[2022-11-20 22:44:44] [INFO] Booting the 'StatusMonitor' middleware...
[2022-11-20 22:44:49] [INFO] Booting the 'CORS' middleware...
[2022-11-20 22:44:49] [INFO] Booting the 'HTTP' middleware...
[2022-11-20 22:44:49] [INFO] Booting the 'Views' middleware...
[2022-11-20 22:44:49] [INFO] Booting the 'Statics' middleware...
[2022-11-20 22:44:49] [INFO] Booting the 'StatusMonitor' middleware...
[2022-11-20 22:44:53] [INFO] Booting the 'CORS' middleware...
[2022-11-20 22:44:53] [INFO] Booting the 'HTTP' middleware...
[2022-11-20 22:44:53] [INFO] Booting the 'Views' middleware...
[2022-11-20 22:44:53] [INFO] Booting the 'Statics' middleware...
[2022-11-20 22:44:53] [INFO] Booting the 'StatusMonitor' middleware...
[2022-11-20 22:45:0] [INFO] Booting the 'CORS' middleware...
[2022-11-20 22:45:0] [INFO] Booting the 'HTTP' middleware...
[2022-11-20 22:45:0] [INFO] Booting the 'Views' middleware...
[2022-11-20 22:45:0] [INFO] Booting the 'Statics' middleware...
[2022-11-20 22:45:0] [INFO] Booting the 'StatusMonitor' middleware...
[2022-11-20 22:45:11] [INFO] Booting the 'CORS' middleware...
[2022-11-20 22:45:11] [INFO] Booting the 'HTTP' middleware...
[2022-11-20 22:45:11] [INFO] Booting the 'Views' middleware...
[2022-11-20 22:45:11] [INFO] Booting the 'Statics' middleware...
[2022-11-20 22:45:11] [INFO] Booting the 'StatusMonitor' middleware...
[2022-11-20 22:45:43] [INFO] Booting the 'CORS' middleware...
[2022-11-20 22:45:43] [INFO] Booting the 'HTTP' middleware...
[2022-11-20 22:45:43] [INFO] Booting the 'Views' middleware...
[2022-11-20 22:45:43] [INFO] Booting the 'StatusMonitor' middleware...
[2022-11-20 22:45:43] [INFO] Booting the 'Statics' middleware...
[2022-11-20 22:51:27] [INFO] Booting the 'CORS' middleware...
[2022-11-20 22:51:27] [INFO] Booting the 'HTTP' middleware...
[2022-11-20 22:51:27] [INFO] Booting the 'Views' middleware...
[2022-11-20 22:51:27] [INFO] Booting the 'Statics' middleware...
[2022-11-20 22:51:27] [INFO] Booting the 'StatusMonitor' middleware...
[2022-11-20 22:51:50] [INFO] Booting the 'CORS' middleware...
[2022-11-20 22:51:50] [INFO] Booting the 'HTTP' middleware...
[2022-11-20 22:51:50] [INFO] Booting the 'Views' middleware...
[2022-11-20 22:51:50] [INFO] Booting the 'Statics' middleware...
[2022-11-20 22:51:50] [INFO] Booting the 'StatusMonitor' middleware...
[2022-11-20 22:51:52] [INFO] Booting the 'CORS' middleware...
[2022-11-20 22:51:52] [INFO] Booting the 'HTTP' middleware...
[2022-11-20 22:51:52] [INFO] Booting the 'Views' middleware...
[2022-11-20 22:51:52] [INFO] Booting the 'Statics' middleware...
[2022-11-20 22:51:52] [INFO] Booting the 'StatusMonitor' middleware...
[2022-11-20 23:19:1] [INFO] Booting the 'CORS' middleware...
[2022-11-20 23:19:1] [INFO] Booting the 'HTTP' middleware...
[2022-11-20 23:19:1] [INFO] Booting the 'Views' middleware...
[2022-11-20 23:19:1] [INFO] Booting the 'Statics' middleware...
[2022-11-20 23:19:1] [INFO] Booting the 'StatusMonitor' middleware...
[2022-11-20 23:20:4] [INFO] Booting the 'CORS' middleware...
[2022-11-20 23:20:4] [INFO] Booting the 'HTTP' middleware...
[2022-11-20 23:20:4] [INFO] Booting the 'Views' middleware...
[2022-11-20 23:20:4] [INFO] Booting the 'Statics' middleware...
[2022-11-20 23:20:4] [INFO] Booting the 'StatusMonitor' middleware...
[2022-11-20 23:20:9] [INFO] Booting the 'CORS' middleware...
[2022-11-20 23:20:9] [INFO] Booting the 'HTTP' middleware...
[2022-11-20 23:20:9] [INFO] Booting the 'Views' middleware...
[2022-11-20 23:20:9] [INFO] Booting the 'Statics' middleware...
[2022-11-20 23:20:9] [INFO] Booting the 'StatusMonitor' middleware...
[2022-11-20 23:21:13] [INFO] Booting the 'CORS' middleware...
[2022-11-20 23:21:13] [INFO] Booting the 'HTTP' middleware...
[2022-11-20 23:21:13] [INFO] Booting the 'Views' middleware...
[2022-11-20 23:21:13] [INFO] Booting the 'Statics' middleware...
[2022-11-20 23:21:13] [INFO] Booting the 'StatusMonitor' middleware...
[2022-11-20 23:21:36] [INFO] Booting the 'CORS' middleware...
[2022-11-20 23:21:36] [INFO] Booting the 'HTTP' middleware...
[2022-11-20 23:21:36] [INFO] Booting the 'Views' middleware...
[2022-11-20 23:21:36] [INFO] Booting the 'Statics' middleware...
[2022-11-20 23:21:36] [INFO] Booting the 'StatusMonitor' middleware...
[2022-11-20 23:21:42] [INFO] Booting the 'CORS' middleware...
[2022-11-20 23:21:42] [INFO] Booting the 'HTTP' middleware...
[2022-11-20 23:21:42] [INFO] Booting the 'Views' middleware...
[2022-11-20 23:21:42] [INFO] Booting the 'Statics' middleware...
[2022-11-20 23:21:42] [INFO] Booting the 'StatusMonitor' middleware...
[2022-11-20 23:21:45] [INFO] Booting the 'CORS' middleware...
[2022-11-20 23:21:45] [INFO] Booting the 'HTTP' middleware...
[2022-11-20 23:21:45] [INFO] Booting the 'Views' middleware...
[2022-11-20 23:21:45] [INFO] Booting the 'Statics' middleware...
[2022-11-20 23:21:45] [INFO] Booting the 'StatusMonitor' middleware...
[2022-11-20 23:22:6] [INFO] Booting the 'CORS' middleware...
[2022-11-20 23:22:6] [INFO] Booting the 'HTTP' middleware...
[2022-11-20 23:22:6] [INFO] Booting the 'Views' middleware...
[2022-11-20 23:22:6] [INFO] Booting the 'Statics' middleware...
[2022-11-20 23:22:6] [INFO] Booting the 'StatusMonitor' middleware...
[2022-11-20 23:22:51] [INFO] Booting the 'CORS' middleware...
[2022-11-20 23:22:51] [INFO] Booting the 'HTTP' middleware...
[2022-11-20 23:22:51] [INFO] Booting the 'Views' middleware...
[2022-11-20 23:22:51] [INFO] Booting the 'Statics' middleware...
[2022-11-20 23:22:51] [INFO] Booting the 'StatusMonitor' middleware...
[2022-11-20 23:23:3] [INFO] Booting the 'CORS' middleware...
[2022-11-20 23:23:3] [INFO] Booting the 'HTTP' middleware...
[2022-11-20 23:23:3] [INFO] Booting the 'Views' middleware...
[2022-11-20 23:23:3] [INFO] Booting the 'Statics' middleware...
[2022-11-20 23:23:3] [INFO] Booting the 'StatusMonitor' middleware...
[2022-11-20 23:24:18] [INFO] Booting the 'CORS' middleware...
[2022-11-20 23:24:18] [INFO] Booting the 'HTTP' middleware...
[2022-11-20 23:24:18] [INFO] Booting the 'Views' middleware...
[2022-11-20 23:24:18] [INFO] Booting the 'Statics' middleware...
[2022-11-20 23:24:18] [INFO] Booting the 'StatusMonitor' middleware...
[2022-11-20 23:24:42] [INFO] Booting the 'CORS' middleware...
[2022-11-20 23:24:42] [INFO] Booting the 'HTTP' middleware...
[2022-11-20 23:24:42] [INFO] Booting the 'Views' middleware...
[2022-11-20 23:24:42] [INFO] Booting the 'Statics' middleware...
[2022-11-20 23:24:42] [INFO] Booting the 'StatusMonitor' middleware...
[2022-11-20 23:24:57] [INFO] Booting the 'CORS' middleware...
[2022-11-20 23:24:57] [INFO] Booting the 'HTTP' middleware...
[2022-11-20 23:24:57] [INFO] Booting the 'Views' middleware...
[2022-11-20 23:24:57] [INFO] Booting the 'Statics' middleware...
[2022-11-20 23:24:57] [INFO] Booting the 'StatusMonitor' middleware...
[2022-11-20 23:25:55] [INFO] Booting the 'CORS' middleware...
[2022-11-20 23:25:55] [INFO] Booting the 'HTTP' middleware...
[2022-11-20 23:25:55] [INFO] Booting the 'Views' middleware...
[2022-11-20 23:25:55] [INFO] Booting the 'Statics' middleware...
[2022-11-20 23:25:55] [INFO] Booting the 'StatusMonitor' middleware...
[2022-11-20 23:25:56] [INFO] Booting the 'CORS' middleware...
[2022-11-20 23:25:56] [INFO] Booting the 'HTTP' middleware...
[2022-11-20 23:25:56] [INFO] Booting the 'Views' middleware...
[2022-11-20 23:25:56] [INFO] Booting the 'Statics' middleware...
[2022-11-20 23:25:56] [INFO] Booting the 'StatusMonitor' middleware...
[2022-11-20 23:25:58] [INFO] Booting the 'CORS' middleware...
[2022-11-20 23:25:58] [INFO] Booting the 'HTTP' middleware...
[2022-11-20 23:25:58] [INFO] Booting the 'Views' middleware...
[2022-11-20 23:25:58] [INFO] Booting the 'Statics' middleware...
[2022-11-20 23:25:58] [INFO] Booting the 'StatusMonitor' middleware...
[2022-11-20 23:26:5] [INFO] Booting the 'CORS' middleware...
[2022-11-20 23:26:5] [INFO] Booting the 'HTTP' middleware...
[2022-11-20 23:26:5] [INFO] Booting the 'Views' middleware...
[2022-11-20 23:26:5] [INFO] Booting the 'Statics' middleware...
[2022-11-20 23:26:5] [INFO] Booting the 'StatusMonitor' middleware...
[2022-11-20 23:26:6] [INFO] Booting the 'CORS' middleware...
[2022-11-20 23:26:6] [INFO] Booting the 'HTTP' middleware...
[2022-11-20 23:26:6] [INFO] Booting the 'Views' middleware...
[2022-11-20 23:26:6] [INFO] Booting the 'Statics' middleware...
[2022-11-20 23:26:6] [INFO] Booting the 'StatusMonitor' middleware...
[2022-11-20 23:26:17] [INFO] Booting the 'CORS' middleware...
[2022-11-20 23:26:17] [INFO] Booting the 'HTTP' middleware...
[2022-11-20 23:26:17] [INFO] Booting the 'Views' middleware...
[2022-11-20 23:26:17] [INFO] Booting the 'Statics' middleware...
[2022-11-20 23:26:17] [INFO] Booting the 'StatusMonitor' middleware...
[2022-11-20 23:26:36] [INFO] Booting the 'CORS' middleware...
[2022-11-20 23:26:36] [INFO] Booting the 'HTTP' middleware...
[2022-11-20 23:26:36] [INFO] Booting the 'Views' middleware...
[2022-11-20 23:26:36] [INFO] Booting the 'Statics' middleware...
[2022-11-20 23:26:36] [INFO] Booting the 'StatusMonitor' middleware...
[2022-11-20 23:27:10] [INFO] Booting the 'CORS' middleware...
[2022-11-20 23:27:10] [INFO] Booting the 'HTTP' middleware...
[2022-11-20 23:27:10] [INFO] Booting the 'Views' middleware...
[2022-11-20 23:27:10] [INFO] Booting the 'Statics' middleware...
[2022-11-20 23:27:10] [INFO] Booting the 'StatusMonitor' middleware...
[2022-11-20 23:28:2] [INFO] Booting the 'CORS' middleware...
[2022-11-20 23:28:2] [INFO] Booting the 'HTTP' middleware...
[2022-11-20 23:28:2] [INFO] Booting the 'Views' middleware...
[2022-11-20 23:28:2] [INFO] Booting the 'Statics' middleware...
[2022-11-20 23:28:2] [INFO] Booting the 'StatusMonitor' middleware...
[2022-11-20 23:31:35] [INFO] Booting the 'CORS' middleware...
[2022-11-20 23:31:35] [INFO] Booting the 'HTTP' middleware...
[2022-11-20 23:31:35] [INFO] Booting the 'Views' middleware...
[2022-11-20 23:31:35] [INFO] Booting the 'Statics' middleware...
[2022-11-20 23:31:35] [INFO] Booting the 'StatusMonitor' middleware...
[2022-11-20 23:33:55] [INFO] Booting the 'CORS' middleware...
[2022-11-20 23:33:55] [INFO] Booting the 'HTTP' middleware...
[2022-11-20 23:33:55] [INFO] Booting the 'Views' middleware...
[2022-11-20 23:33:55] [INFO] Booting the 'Statics' middleware...
[2022-11-20 23:33:55] [INFO] Booting the 'StatusMonitor' middleware...
[2022-11-20 23:34:4] [INFO] Booting the 'CORS' middleware...
[2022-11-20 23:34:4] [INFO] Booting the 'HTTP' middleware...
[2022-11-20 23:34:4] [INFO] Booting the 'Views' middleware...
[2022-11-20 23:34:4] [INFO] Booting the 'Statics' middleware...
[2022-11-20 23:34:4] [INFO] Booting the 'StatusMonitor' middleware...
[2022-11-20 23:34:13] [INFO] Booting the 'CORS' middleware...
[2022-11-20 23:34:13] [INFO] Booting the 'HTTP' middleware...
[2022-11-20 23:34:13] [INFO] Booting the 'Views' middleware...
[2022-11-20 23:34:13] [INFO] Booting the 'Statics' middleware...
[2022-11-20 23:34:13] [INFO] Booting the 'StatusMonitor' middleware...
[2022-11-20 23:35:8] [INFO] Booting the 'CORS' middleware...
[2022-11-20 23:35:8] [INFO] Booting the 'HTTP' middleware...
[2022-11-20 23:35:8] [INFO] Booting the 'Views' middleware...
[2022-11-20 23:35:8] [INFO] Booting the 'Statics' middleware...
[2022-11-20 23:35:8] [INFO] Booting the 'StatusMonitor' middleware...
[2022-11-20 23:35:38] [INFO] Booting the 'CORS' middleware...
[2022-11-20 23:35:38] [INFO] Booting the 'HTTP' middleware...
[2022-11-20 23:35:38] [INFO] Booting the 'Views' middleware...
[2022-11-20 23:35:38] [INFO] Booting the 'Statics' middleware...
[2022-11-20 23:35:38] [INFO] Booting the 'StatusMonitor' middleware...
