[2022-11-14 9:20:16] [INFO] Booting the 'CORS' middleware...
[2022-11-14 9:20:16] [INFO] Booting the 'HTTP' middleware...
[2022-11-14 9:20:16] [INFO] Booting the 'Views' middleware...
[2022-11-14 9:20:16] [INFO] Booting the 'Statics' middleware...
[2022-11-14 9:20:16] [INFO] Booting the 'StatusMonitor' middleware...
[2022-11-14 9:20:26] [INFO] Booting the 'CORS' middleware...
[2022-11-14 9:20:26] [INFO] Booting the 'HTTP' middleware...
[2022-11-14 9:20:26] [INFO] Booting the 'Views' middleware...
[2022-11-14 9:20:26] [INFO] Booting the 'Statics' middleware...
[2022-11-14 9:20:26] [INFO] Booting the 'StatusMonitor' middleware...
[2022-11-14 9:24:11] [INFO] Booting the 'CORS' middleware...
[2022-11-14 9:24:11] [INFO] Booting the 'HTTP' middleware...
[2022-11-14 9:24:11] [INFO] Booting the 'Statics' middleware...
[2022-11-14 9:24:11] [INFO] Booting the 'Views' middleware...
[2022-11-14 9:24:11] [INFO] Booting the 'StatusMonitor' middleware...
[2022-11-14 9:24:13] [INFO] Booting the 'CORS' middleware...
[2022-11-14 9:24:13] [INFO] Booting the 'HTTP' middleware...
[2022-11-14 9:24:13] [INFO] Booting the 'Views' middleware...
[2022-11-14 9:24:13] [INFO] Booting the 'Statics' middleware...
[2022-11-14 9:24:13] [INFO] Booting the 'StatusMonitor' middleware...
[2022-11-14 9:25:31] [INFO] Booting the 'CORS' middleware...
[2022-11-14 9:25:31] [INFO] Booting the 'HTTP' middleware...
[2022-11-14 9:25:31] [INFO] Booting the 'Views' middleware...
[2022-11-14 9:25:31] [INFO] Booting the 'Statics' middleware...
[2022-11-14 9:25:31] [INFO] Booting the 'StatusMonitor' middleware...
[2022-11-14 9:26:30] [ERROR] Path '/' not found [IP: '::1']!
[2022-11-14 9:26:30] [ERROR] Path '/favicon.ico' not found [IP: '::1']!
[2022-11-14 9:26:34] [ERROR] Path '/api' not found [IP: '::ffff:127.0.0.1']!
[2022-11-14 9:26:34] [ERROR] Path '/' not found [IP: '::ffff:127.0.0.1']!
[2022-11-14 9:31:39] [INFO] Booting the 'CORS' middleware...
[2022-11-14 9:31:39] [INFO] Booting the 'HTTP' middleware...
[2022-11-14 9:31:39] [INFO] Booting the 'Views' middleware...
[2022-11-14 9:31:39] [INFO] Booting the 'Statics' middleware...
[2022-11-14 9:31:39] [INFO] Booting the 'StatusMonitor' middleware...
[2022-11-14 9:31:40] [ERROR] Path '/socket.io/?EIO=3&transport=polling&t=OHp-cJU' not found [IP: '::1']!
[2022-11-14 9:31:47] [INFO] Booting the 'CORS' middleware...
[2022-11-14 9:31:47] [INFO] Booting the 'HTTP' middleware...
[2022-11-14 9:31:47] [INFO] Booting the 'Views' middleware...
[2022-11-14 9:31:47] [INFO] Booting the 'Statics' middleware...
[2022-11-14 9:31:47] [INFO] Booting the 'StatusMonitor' middleware...
[2022-11-14 9:31:48] [ERROR] Path '/socket.io/?EIO=3&transport=polling&t=OHp-eGW' not found [IP: '::1']!
