[2022-12-16 15:46:9] [INFO] Booting the 'CORS' middleware...
[2022-12-16 15:46:9] [INFO] Booting the 'HTTP' middleware...
[2022-12-16 15:46:9] [INFO] Booting the 'Views' middleware...
[2022-12-16 15:46:9] [INFO] Booting the 'Statics' middleware...
[2022-12-16 15:46:14] [INFO] Booting the 'CORS' middleware...
[2022-12-16 15:46:14] [INFO] Booting the 'HTTP' middleware...
[2022-12-16 15:46:14] [INFO] Booting the 'Views' middleware...
[2022-12-16 15:46:14] [INFO] Booting the 'Statics' middleware...
[2022-12-16 15:46:17] [ERROR] Path '/favicon.ico' not found [IP: '::1']!
[2022-12-16 15:46:42] [ERROR] Path '/api/operations/customers/newCustomers' not found [IP: '::1']!
[2022-12-16 15:46:42] [ERROR] Path '/images/icons/gear.png' not found [IP: '::1']!
[2022-12-16 15:47:17] [ERROR] Path '/api/operations/customers/newCustomers' not found [IP: '::1']!
[2022-12-16 15:47:17] [ERROR] Path '/images/icons/gear.png' not found [IP: '::1']!
[2022-12-16 15:48:20] [ERROR] Path '/api/operations/customers/newCustomers' not found [IP: '::1']!
[2022-12-16 15:48:20] [ERROR] Path '/images/icons/gear.png' not found [IP: '::1']!
[2022-12-16 15:50:28] [INFO] Booting the 'CORS' middleware...
[2022-12-16 15:50:28] [INFO] Booting the 'HTTP' middleware...
[2022-12-16 15:50:28] [INFO] Booting the 'Views' middleware...
[2022-12-16 15:50:28] [INFO] Booting the 'Statics' middleware...
[2022-12-16 15:50:38] [INFO] Booting the 'CORS' middleware...
[2022-12-16 15:50:38] [INFO] Booting the 'HTTP' middleware...
[2022-12-16 15:50:38] [INFO] Booting the 'Views' middleware...
[2022-12-16 15:50:38] [INFO] Booting the 'Statics' middleware...
[2022-12-16 15:51:52] [INFO] Booting the 'CORS' middleware...
[2022-12-16 15:51:52] [INFO] Booting the 'HTTP' middleware...
[2022-12-16 15:51:52] [INFO] Booting the 'Views' middleware...
[2022-12-16 15:51:52] [INFO] Booting the 'Statics' middleware...
[2022-12-16 15:52:0] [INFO] Booting the 'CORS' middleware...
[2022-12-16 15:52:0] [INFO] Booting the 'HTTP' middleware...
[2022-12-16 15:52:0] [INFO] Booting the 'Views' middleware...
[2022-12-16 15:52:0] [INFO] Booting the 'Statics' middleware...
[2022-12-16 15:52:3] [INFO] Booting the 'CORS' middleware...
[2022-12-16 15:52:3] [INFO] Booting the 'HTTP' middleware...
[2022-12-16 15:52:3] [INFO] Booting the 'Views' middleware...
[2022-12-16 15:52:3] [INFO] Booting the 'Statics' middleware...
[2022-12-16 15:55:20] [INFO] Booting the 'CORS' middleware...
[2022-12-16 15:55:20] [INFO] Booting the 'HTTP' middleware...
[2022-12-16 15:55:20] [INFO] Booting the 'Views' middleware...
[2022-12-16 15:55:20] [INFO] Booting the 'Statics' middleware...
[2022-12-16 15:55:35] [INFO] Booting the 'CORS' middleware...
[2022-12-16 15:55:35] [INFO] Booting the 'HTTP' middleware...
[2022-12-16 15:55:35] [INFO] Booting the 'Views' middleware...
[2022-12-16 15:55:35] [INFO] Booting the 'Statics' middleware...
[2022-12-16 16:0:43] [INFO] Booting the 'CORS' middleware...
[2022-12-16 16:0:43] [INFO] Booting the 'HTTP' middleware...
[2022-12-16 16:0:43] [INFO] Booting the 'Views' middleware...
[2022-12-16 16:0:43] [INFO] Booting the 'Statics' middleware...
[2022-12-16 16:1:7] [INFO] Booting the 'CORS' middleware...
[2022-12-16 16:1:7] [INFO] Booting the 'HTTP' middleware...
[2022-12-16 16:1:7] [INFO] Booting the 'Views' middleware...
[2022-12-16 16:1:7] [INFO] Booting the 'Statics' middleware...
[2022-12-16 16:1:8] [INFO] Booting the 'CORS' middleware...
[2022-12-16 16:1:8] [INFO] Booting the 'HTTP' middleware...
[2022-12-16 16:1:8] [INFO] Booting the 'Views' middleware...
[2022-12-16 16:1:8] [INFO] Booting the 'Statics' middleware...
[2022-12-16 16:44:30] [INFO] Booting the 'CORS' middleware...
[2022-12-16 16:44:30] [INFO] Booting the 'HTTP' middleware...
[2022-12-16 16:44:30] [INFO] Booting the 'Views' middleware...
[2022-12-16 16:44:30] [INFO] Booting the 'Statics' middleware...
[2022-12-16 16:55:45] [INFO] Booting the 'CORS' middleware...
[2022-12-16 16:55:45] [INFO] Booting the 'HTTP' middleware...
[2022-12-16 16:55:45] [INFO] Booting the 'Views' middleware...
[2022-12-16 16:55:45] [INFO] Booting the 'Statics' middleware...
[2022-12-16 16:55:51] [INFO] Booting the 'CORS' middleware...
[2022-12-16 16:55:51] [INFO] Booting the 'HTTP' middleware...
[2022-12-16 16:55:51] [INFO] Booting the 'Views' middleware...
[2022-12-16 16:55:51] [INFO] Booting the 'Statics' middleware...
[2022-12-16 16:56:3] [ERROR] Path '/favicon.ico' not found [IP: '::1']!
[2022-12-16 17:19:46] [INFO] Booting the 'CORS' middleware...
[2022-12-16 17:19:46] [INFO] Booting the 'HTTP' middleware...
[2022-12-16 17:19:46] [INFO] Booting the 'Views' middleware...
[2022-12-16 17:19:46] [INFO] Booting the 'Statics' middleware...
[2022-12-16 17:20:6] [INFO] Booting the 'CORS' middleware...
[2022-12-16 17:20:6] [INFO] Booting the 'HTTP' middleware...
[2022-12-16 17:20:6] [INFO] Booting the 'Views' middleware...
[2022-12-16 17:20:6] [INFO] Booting the 'Statics' middleware...
[2022-12-16 17:20:20] [INFO] Booting the 'CORS' middleware...
[2022-12-16 17:20:20] [INFO] Booting the 'HTTP' middleware...
[2022-12-16 17:20:20] [INFO] Booting the 'Views' middleware...
[2022-12-16 17:20:20] [INFO] Booting the 'Statics' middleware...
[2022-12-16 17:21:53] [INFO] Booting the 'CORS' middleware...
[2022-12-16 17:21:53] [INFO] Booting the 'HTTP' middleware...
[2022-12-16 17:21:53] [INFO] Booting the 'Views' middleware...
[2022-12-16 17:21:53] [INFO] Booting the 'Statics' middleware...
[2022-12-16 17:22:13] [INFO] Booting the 'CORS' middleware...
[2022-12-16 17:22:13] [INFO] Booting the 'HTTP' middleware...
[2022-12-16 17:22:13] [INFO] Booting the 'Views' middleware...
[2022-12-16 17:22:13] [INFO] Booting the 'Statics' middleware...
[2022-12-16 17:25:20] [INFO] Booting the 'CORS' middleware...
[2022-12-16 17:25:20] [INFO] Booting the 'HTTP' middleware...
[2022-12-16 17:25:20] [INFO] Booting the 'Views' middleware...
[2022-12-16 17:25:20] [INFO] Booting the 'Statics' middleware...
[2022-12-16 17:25:32] [INFO] Booting the 'CORS' middleware...
[2022-12-16 17:25:32] [INFO] Booting the 'HTTP' middleware...
[2022-12-16 17:25:32] [INFO] Booting the 'Views' middleware...
[2022-12-16 17:25:32] [INFO] Booting the 'Statics' middleware...
[2022-12-16 17:25:37] [INFO] Booting the 'CORS' middleware...
[2022-12-16 17:25:37] [INFO] Booting the 'HTTP' middleware...
[2022-12-16 17:25:37] [INFO] Booting the 'Views' middleware...
[2022-12-16 17:25:37] [INFO] Booting the 'Statics' middleware...
[2022-12-16 17:31:33] [INFO] Booting the 'CORS' middleware...
[2022-12-16 17:31:33] [INFO] Booting the 'HTTP' middleware...
[2022-12-16 17:31:33] [INFO] Booting the 'Views' middleware...
[2022-12-16 17:31:33] [INFO] Booting the 'Statics' middleware...
[2022-12-16 17:32:2] [INFO] Booting the 'CORS' middleware...
[2022-12-16 17:32:2] [INFO] Booting the 'HTTP' middleware...
[2022-12-16 17:32:2] [INFO] Booting the 'Views' middleware...
[2022-12-16 17:32:2] [INFO] Booting the 'Statics' middleware...
[2022-12-16 17:32:7] [INFO] Booting the 'CORS' middleware...
[2022-12-16 17:32:7] [INFO] Booting the 'HTTP' middleware...
[2022-12-16 17:32:7] [INFO] Booting the 'Views' middleware...
[2022-12-16 17:32:7] [INFO] Booting the 'Statics' middleware...
[2022-12-16 17:32:12] [ERROR] Path '/templates/vendor/css/core.css' not found [IP: '::1']!
[2022-12-16 17:32:12] [ERROR] Path '/templates/js/config.js' not found [IP: '::1']!
[2022-12-16 17:32:12] [ERROR] Path '/templates/vendor/libs/apex-charts/apexcharts.js' not found [IP: '::1']!
[2022-12-16 17:32:12] [ERROR] Path '/templates/js/dashboards-analytics.js' not found [IP: '::1']!
[2022-12-16 17:41:42] [INFO] Booting the 'CORS' middleware...
[2022-12-16 17:41:42] [INFO] Booting the 'HTTP' middleware...
[2022-12-16 17:41:42] [INFO] Booting the 'Views' middleware...
[2022-12-16 17:41:42] [INFO] Booting the 'Statics' middleware...
[2022-12-16 17:41:44] [INFO] Booting the 'CORS' middleware...
[2022-12-16 17:41:44] [INFO] Booting the 'HTTP' middleware...
[2022-12-16 17:41:44] [INFO] Booting the 'Views' middleware...
[2022-12-16 17:41:44] [INFO] Booting the 'Statics' middleware...
[2022-12-16 17:43:3] [INFO] Booting the 'CORS' middleware...
[2022-12-16 17:43:3] [INFO] Booting the 'HTTP' middleware...
[2022-12-16 17:43:3] [INFO] Booting the 'Views' middleware...
[2022-12-16 17:43:3] [INFO] Booting the 'Statics' middleware...
[2022-12-16 17:43:7] [INFO] Booting the 'CORS' middleware...
[2022-12-16 17:43:7] [INFO] Booting the 'HTTP' middleware...
[2022-12-16 17:43:7] [INFO] Booting the 'Views' middleware...
[2022-12-16 17:43:7] [INFO] Booting the 'Statics' middleware...
[2022-12-16 17:43:21] [INFO] Booting the 'CORS' middleware...
[2022-12-16 17:43:21] [INFO] Booting the 'HTTP' middleware...
[2022-12-16 17:43:21] [INFO] Booting the 'Views' middleware...
[2022-12-16 17:43:21] [INFO] Booting the 'Statics' middleware...
[2022-12-16 17:43:27] [INFO] Booting the 'CORS' middleware...
[2022-12-16 17:43:27] [INFO] Booting the 'HTTP' middleware...
[2022-12-16 17:43:27] [INFO] Booting the 'Views' middleware...
[2022-12-16 17:43:27] [INFO] Booting the 'Statics' middleware...
[2022-12-16 17:43:40] [INFO] Booting the 'CORS' middleware...
[2022-12-16 17:43:40] [INFO] Booting the 'HTTP' middleware...
[2022-12-16 17:43:40] [INFO] Booting the 'Views' middleware...
[2022-12-16 17:43:40] [INFO] Booting the 'Statics' middleware...
[2022-12-16 17:43:45] [INFO] Booting the 'CORS' middleware...
[2022-12-16 17:43:45] [INFO] Booting the 'HTTP' middleware...
[2022-12-16 17:43:45] [INFO] Booting the 'Views' middleware...
[2022-12-16 17:43:45] [INFO] Booting the 'Statics' middleware...
[2022-12-16 17:44:24] [INFO] Booting the 'CORS' middleware...
[2022-12-16 17:44:24] [INFO] Booting the 'HTTP' middleware...
[2022-12-16 17:44:24] [INFO] Booting the 'Views' middleware...
[2022-12-16 17:44:24] [INFO] Booting the 'Statics' middleware...
[2022-12-16 17:44:30] [INFO] Booting the 'CORS' middleware...
[2022-12-16 17:44:30] [INFO] Booting the 'HTTP' middleware...
[2022-12-16 17:44:30] [INFO] Booting the 'Views' middleware...
[2022-12-16 17:44:30] [INFO] Booting the 'Statics' middleware...
[2022-12-16 17:44:46] [INFO] Booting the 'CORS' middleware...
[2022-12-16 17:44:46] [INFO] Booting the 'HTTP' middleware...
[2022-12-16 17:44:46] [INFO] Booting the 'Views' middleware...
[2022-12-16 17:44:46] [INFO] Booting the 'Statics' middleware...
[2022-12-16 17:45:27] [INFO] Booting the 'CORS' middleware...
[2022-12-16 17:45:27] [INFO] Booting the 'HTTP' middleware...
[2022-12-16 17:45:27] [INFO] Booting the 'Views' middleware...
[2022-12-16 17:45:27] [INFO] Booting the 'Statics' middleware...
[2022-12-16 17:45:51] [INFO] Booting the 'CORS' middleware...
[2022-12-16 17:45:51] [INFO] Booting the 'HTTP' middleware...
[2022-12-16 17:45:51] [INFO] Booting the 'Views' middleware...
[2022-12-16 17:45:51] [INFO] Booting the 'Statics' middleware...
[2022-12-16 17:45:54] [INFO] Booting the 'CORS' middleware...
[2022-12-16 17:45:54] [INFO] Booting the 'HTTP' middleware...
[2022-12-16 17:45:54] [INFO] Booting the 'Views' middleware...
[2022-12-16 17:45:54] [INFO] Booting the 'Statics' middleware...
[2022-12-16 17:46:0] [INFO] Booting the 'CORS' middleware...
[2022-12-16 17:46:0] [INFO] Booting the 'HTTP' middleware...
[2022-12-16 17:46:0] [INFO] Booting the 'Views' middleware...
[2022-12-16 17:46:0] [INFO] Booting the 'Statics' middleware...
[2022-12-16 17:48:25] [INFO] Booting the 'CORS' middleware...
[2022-12-16 17:48:25] [INFO] Booting the 'HTTP' middleware...
[2022-12-16 17:48:25] [INFO] Booting the 'Views' middleware...
[2022-12-16 17:48:25] [INFO] Booting the 'Statics' middleware...
[2022-12-16 17:48:33] [INFO] Booting the 'CORS' middleware...
[2022-12-16 17:48:33] [INFO] Booting the 'HTTP' middleware...
[2022-12-16 17:48:33] [INFO] Booting the 'Views' middleware...
[2022-12-16 17:48:33] [INFO] Booting the 'Statics' middleware...
[2022-12-16 17:51:27] [INFO] Booting the 'CORS' middleware...
[2022-12-16 17:51:27] [INFO] Booting the 'HTTP' middleware...
[2022-12-16 17:51:27] [INFO] Booting the 'Views' middleware...
[2022-12-16 17:51:27] [INFO] Booting the 'Statics' middleware...
[2022-12-16 17:51:32] [INFO] Booting the 'CORS' middleware...
[2022-12-16 17:51:32] [INFO] Booting the 'HTTP' middleware...
[2022-12-16 17:51:32] [INFO] Booting the 'Views' middleware...
[2022-12-16 17:51:32] [INFO] Booting the 'Statics' middleware...
[2022-12-16 17:53:9] [INFO] Booting the 'CORS' middleware...
[2022-12-16 17:53:9] [INFO] Booting the 'HTTP' middleware...
[2022-12-16 17:53:9] [INFO] Booting the 'Views' middleware...
[2022-12-16 17:53:9] [INFO] Booting the 'Statics' middleware...
[2022-12-16 17:53:12] [INFO] Booting the 'CORS' middleware...
[2022-12-16 17:53:12] [INFO] Booting the 'HTTP' middleware...
[2022-12-16 17:53:12] [INFO] Booting the 'Views' middleware...
[2022-12-16 17:53:12] [INFO] Booting the 'Statics' middleware...
[2022-12-16 17:54:21] [INFO] Booting the 'CORS' middleware...
[2022-12-16 17:54:21] [INFO] Booting the 'HTTP' middleware...
[2022-12-16 17:54:21] [INFO] Booting the 'Views' middleware...
[2022-12-16 17:54:21] [INFO] Booting the 'Statics' middleware...
[2022-12-16 17:55:56] [INFO] Booting the 'CORS' middleware...
[2022-12-16 17:55:56] [INFO] Booting the 'HTTP' middleware...
[2022-12-16 17:55:56] [INFO] Booting the 'Views' middleware...
[2022-12-16 17:55:56] [INFO] Booting the 'Statics' middleware...
[2022-12-16 17:56:32] [INFO] Booting the 'CORS' middleware...
[2022-12-16 17:56:32] [INFO] Booting the 'HTTP' middleware...
[2022-12-16 17:56:32] [INFO] Booting the 'Views' middleware...
[2022-12-16 17:56:32] [INFO] Booting the 'Statics' middleware...
[2022-12-16 17:56:36] [INFO] Booting the 'CORS' middleware...
[2022-12-16 17:56:36] [INFO] Booting the 'HTTP' middleware...
[2022-12-16 17:56:36] [INFO] Booting the 'Views' middleware...
[2022-12-16 17:56:36] [INFO] Booting the 'Statics' middleware...
[2022-12-16 17:56:40] [INFO] Booting the 'CORS' middleware...
[2022-12-16 17:56:40] [INFO] Booting the 'HTTP' middleware...
[2022-12-16 17:56:40] [INFO] Booting the 'Views' middleware...
[2022-12-16 17:56:40] [INFO] Booting the 'Statics' middleware...
[2022-12-16 17:56:47] [INFO] Booting the 'CORS' middleware...
[2022-12-16 17:56:47] [INFO] Booting the 'HTTP' middleware...
[2022-12-16 17:56:47] [INFO] Booting the 'Views' middleware...
[2022-12-16 17:56:47] [INFO] Booting the 'Statics' middleware...
[2022-12-16 17:57:32] [INFO] Booting the 'CORS' middleware...
[2022-12-16 17:57:32] [INFO] Booting the 'HTTP' middleware...
[2022-12-16 17:57:32] [INFO] Booting the 'Views' middleware...
[2022-12-16 17:57:32] [INFO] Booting the 'Statics' middleware...
[2022-12-16 17:58:51] [INFO] Booting the 'CORS' middleware...
[2022-12-16 17:58:51] [INFO] Booting the 'HTTP' middleware...
[2022-12-16 17:58:51] [INFO] Booting the 'Views' middleware...
[2022-12-16 17:58:51] [INFO] Booting the 'Statics' middleware...
[2022-12-16 17:58:58] [INFO] Booting the 'CORS' middleware...
[2022-12-16 17:58:58] [INFO] Booting the 'HTTP' middleware...
[2022-12-16 17:58:58] [INFO] Booting the 'Views' middleware...
[2022-12-16 17:58:58] [INFO] Booting the 'Statics' middleware...
[2022-12-16 17:59:39] [INFO] Booting the 'CORS' middleware...
[2022-12-16 17:59:39] [INFO] Booting the 'HTTP' middleware...
[2022-12-16 17:59:39] [INFO] Booting the 'Views' middleware...
[2022-12-16 17:59:39] [INFO] Booting the 'Statics' middleware...
[2022-12-16 17:59:47] [INFO] Booting the 'CORS' middleware...
[2022-12-16 17:59:47] [INFO] Booting the 'HTTP' middleware...
[2022-12-16 17:59:47] [INFO] Booting the 'Views' middleware...
[2022-12-16 17:59:47] [INFO] Booting the 'Statics' middleware...
[2022-12-16 17:59:57] [INFO] Booting the 'CORS' middleware...
[2022-12-16 17:59:57] [INFO] Booting the 'HTTP' middleware...
[2022-12-16 17:59:57] [INFO] Booting the 'Views' middleware...
[2022-12-16 17:59:57] [INFO] Booting the 'Statics' middleware...
[2022-12-16 18:4:30] [INFO] Booting the 'CORS' middleware...
[2022-12-16 18:4:30] [INFO] Booting the 'HTTP' middleware...
[2022-12-16 18:4:30] [INFO] Booting the 'Views' middleware...
[2022-12-16 18:4:30] [INFO] Booting the 'Statics' middleware...
[2022-12-16 18:4:32] [INFO] Booting the 'CORS' middleware...
[2022-12-16 18:4:32] [INFO] Booting the 'HTTP' middleware...
[2022-12-16 18:4:32] [INFO] Booting the 'Views' middleware...
[2022-12-16 18:4:32] [INFO] Booting the 'Statics' middleware...
[2022-12-16 18:7:23] [INFO] Booting the 'CORS' middleware...
[2022-12-16 18:7:23] [INFO] Booting the 'Views' middleware...
[2022-12-16 18:7:23] [INFO] Booting the 'Statics' middleware...
[2022-12-16 18:7:23] [INFO] Booting the 'HTTP' middleware...
[2022-12-16 18:7:27] [INFO] Booting the 'CORS' middleware...
[2022-12-16 18:7:27] [INFO] Booting the 'HTTP' middleware...
[2022-12-16 18:7:27] [INFO] Booting the 'Views' middleware...
[2022-12-16 18:7:27] [INFO] Booting the 'Statics' middleware...
[2022-12-16 18:9:48] [INFO] Booting the 'CORS' middleware...
[2022-12-16 18:9:48] [INFO] Booting the 'HTTP' middleware...
[2022-12-16 18:9:48] [INFO] Booting the 'Views' middleware...
[2022-12-16 18:9:48] [INFO] Booting the 'Statics' middleware...
[2022-12-16 20:57:47] [ERROR] Path '/templates/vendor/css/core.css' not found [IP: '::1']!
[2022-12-16 20:57:47] [ERROR] Path '/templates/js/config.js' not found [IP: '::1']!
[2022-12-16 20:57:47] [ERROR] Path '/templates/vendor/libs/apex-charts/apexcharts.js' not found [IP: '::1']!
[2022-12-16 20:57:47] [ERROR] Path '/templates/js/dashboards-analytics.js' not found [IP: '::1']!
[2022-12-16 23:19:12] [INFO] Booting the 'CORS' middleware...
[2022-12-16 23:19:12] [INFO] Booting the 'Views' middleware...
[2022-12-16 23:19:12] [INFO] Booting the 'Statics' middleware...
[2022-12-16 23:19:12] [INFO] Booting the 'HTTP' middleware...
[2022-12-16 23:19:49] [INFO] Booting the 'CORS' middleware...
[2022-12-16 23:19:49] [INFO] Booting the 'HTTP' middleware...
[2022-12-16 23:19:49] [INFO] Booting the 'Views' middleware...
[2022-12-16 23:19:49] [INFO] Booting the 'Statics' middleware...
[2022-12-16 23:22:18] [INFO] Booting the 'CORS' middleware...
[2022-12-16 23:22:18] [INFO] Booting the 'HTTP' middleware...
[2022-12-16 23:22:18] [INFO] Booting the 'Views' middleware...
[2022-12-16 23:22:18] [INFO] Booting the 'Statics' middleware...
[2022-12-16 23:22:21] [INFO] Booting the 'CORS' middleware...
[2022-12-16 23:22:21] [INFO] Booting the 'HTTP' middleware...
[2022-12-16 23:22:21] [INFO] Booting the 'Views' middleware...
[2022-12-16 23:22:21] [INFO] Booting the 'Statics' middleware...
[2022-12-16 23:22:35] [INFO] Booting the 'CORS' middleware...
[2022-12-16 23:22:35] [INFO] Booting the 'HTTP' middleware...
[2022-12-16 23:22:35] [INFO] Booting the 'Views' middleware...
[2022-12-16 23:22:35] [INFO] Booting the 'Statics' middleware...
[2022-12-16 23:22:37] [INFO] Booting the 'CORS' middleware...
[2022-12-16 23:22:37] [INFO] Booting the 'HTTP' middleware...
[2022-12-16 23:22:37] [INFO] Booting the 'Views' middleware...
[2022-12-16 23:22:37] [INFO] Booting the 'Statics' middleware...
[2022-12-16 23:22:48] [INFO] Booting the 'CORS' middleware...
[2022-12-16 23:22:48] [INFO] Booting the 'HTTP' middleware...
[2022-12-16 23:22:48] [INFO] Booting the 'Views' middleware...
[2022-12-16 23:22:48] [INFO] Booting the 'Statics' middleware...
[2022-12-16 23:25:1] [INFO] Booting the 'CORS' middleware...
[2022-12-16 23:25:1] [INFO] Booting the 'HTTP' middleware...
[2022-12-16 23:25:1] [INFO] Booting the 'Views' middleware...
[2022-12-16 23:25:1] [INFO] Booting the 'Statics' middleware...
[2022-12-16 23:25:9] [INFO] Booting the 'CORS' middleware...
[2022-12-16 23:25:9] [INFO] Booting the 'HTTP' middleware...
[2022-12-16 23:25:9] [INFO] Booting the 'Views' middleware...
[2022-12-16 23:25:9] [INFO] Booting the 'Statics' middleware...
[2022-12-16 23:25:18] [INFO] Booting the 'CORS' middleware...
[2022-12-16 23:25:18] [INFO] Booting the 'HTTP' middleware...
[2022-12-16 23:25:18] [INFO] Booting the 'Views' middleware...
[2022-12-16 23:25:18] [INFO] Booting the 'Statics' middleware...
[2022-12-16 23:26:32] [INFO] Booting the 'CORS' middleware...
[2022-12-16 23:26:32] [INFO] Booting the 'HTTP' middleware...
[2022-12-16 23:26:32] [INFO] Booting the 'Views' middleware...
[2022-12-16 23:26:32] [INFO] Booting the 'Statics' middleware...
[2022-12-16 23:26:37] [INFO] Booting the 'CORS' middleware...
[2022-12-16 23:26:37] [INFO] Booting the 'HTTP' middleware...
[2022-12-16 23:26:37] [INFO] Booting the 'Views' middleware...
[2022-12-16 23:26:37] [INFO] Booting the 'Statics' middleware...
[2022-12-16 23:26:55] [INFO] Booting the 'CORS' middleware...
[2022-12-16 23:26:55] [INFO] Booting the 'HTTP' middleware...
[2022-12-16 23:26:55] [INFO] Booting the 'Views' middleware...
[2022-12-16 23:26:55] [INFO] Booting the 'Statics' middleware...
[2022-12-16 23:28:42] [INFO] Booting the 'CORS' middleware...
[2022-12-16 23:28:42] [INFO] Booting the 'HTTP' middleware...
[2022-12-16 23:28:42] [INFO] Booting the 'Views' middleware...
[2022-12-16 23:28:42] [INFO] Booting the 'Statics' middleware...
[2022-12-16 23:31:8] [INFO] Booting the 'CORS' middleware...
[2022-12-16 23:31:8] [INFO] Booting the 'HTTP' middleware...
[2022-12-16 23:31:8] [INFO] Booting the 'Views' middleware...
[2022-12-16 23:31:8] [INFO] Booting the 'Statics' middleware...
[2022-12-16 23:31:11] [INFO] Booting the 'CORS' middleware...
[2022-12-16 23:31:11] [INFO] Booting the 'HTTP' middleware...
[2022-12-16 23:31:11] [INFO] Booting the 'Views' middleware...
[2022-12-16 23:31:11] [INFO] Booting the 'Statics' middleware...
[2022-12-16 23:31:13] [INFO] Booting the 'CORS' middleware...
[2022-12-16 23:31:13] [INFO] Booting the 'HTTP' middleware...
[2022-12-16 23:31:13] [INFO] Booting the 'Views' middleware...
[2022-12-16 23:31:13] [INFO] Booting the 'Statics' middleware...
[2022-12-16 23:31:16] [INFO] Booting the 'CORS' middleware...
[2022-12-16 23:31:16] [INFO] Booting the 'HTTP' middleware...
[2022-12-16 23:31:16] [INFO] Booting the 'Views' middleware...
[2022-12-16 23:31:16] [INFO] Booting the 'Statics' middleware...
[2022-12-16 23:31:28] [INFO] Booting the 'CORS' middleware...
[2022-12-16 23:31:28] [INFO] Booting the 'HTTP' middleware...
[2022-12-16 23:31:28] [INFO] Booting the 'Views' middleware...
[2022-12-16 23:31:28] [INFO] Booting the 'Statics' middleware...
[2022-12-16 23:31:46] [INFO] Booting the 'CORS' middleware...
[2022-12-16 23:31:46] [INFO] Booting the 'HTTP' middleware...
[2022-12-16 23:31:46] [INFO] Booting the 'Views' middleware...
[2022-12-16 23:31:46] [INFO] Booting the 'Statics' middleware...
[2022-12-16 23:31:47] [INFO] Booting the 'CORS' middleware...
[2022-12-16 23:31:47] [INFO] Booting the 'HTTP' middleware...
[2022-12-16 23:31:47] [INFO] Booting the 'Views' middleware...
[2022-12-16 23:31:47] [INFO] Booting the 'Statics' middleware...
[2022-12-16 23:31:53] [INFO] Booting the 'CORS' middleware...
[2022-12-16 23:31:53] [INFO] Booting the 'HTTP' middleware...
[2022-12-16 23:31:53] [INFO] Booting the 'Views' middleware...
[2022-12-16 23:31:53] [INFO] Booting the 'Statics' middleware...
[2022-12-16 23:32:4] [INFO] Booting the 'CORS' middleware...
[2022-12-16 23:32:4] [INFO] Booting the 'HTTP' middleware...
[2022-12-16 23:32:4] [INFO] Booting the 'Views' middleware...
[2022-12-16 23:32:4] [INFO] Booting the 'Statics' middleware...
[2022-12-16 23:32:36] [INFO] Booting the 'CORS' middleware...
[2022-12-16 23:32:36] [INFO] Booting the 'HTTP' middleware...
[2022-12-16 23:32:36] [INFO] Booting the 'Views' middleware...
[2022-12-16 23:32:36] [INFO] Booting the 'Statics' middleware...
[2022-12-16 23:33:8] [INFO] Booting the 'CORS' middleware...
[2022-12-16 23:33:8] [INFO] Booting the 'HTTP' middleware...
[2022-12-16 23:33:8] [INFO] Booting the 'Views' middleware...
[2022-12-16 23:33:8] [INFO] Booting the 'Statics' middleware...
[2022-12-16 23:33:58] [INFO] Booting the 'CORS' middleware...
[2022-12-16 23:33:58] [INFO] Booting the 'HTTP' middleware...
[2022-12-16 23:33:58] [INFO] Booting the 'Views' middleware...
[2022-12-16 23:33:58] [INFO] Booting the 'Statics' middleware...
[2022-12-16 23:34:1] [INFO] Booting the 'CORS' middleware...
[2022-12-16 23:34:1] [INFO] Booting the 'HTTP' middleware...
[2022-12-16 23:34:1] [INFO] Booting the 'Views' middleware...
[2022-12-16 23:34:1] [INFO] Booting the 'Statics' middleware...
[2022-12-16 23:35:33] [INFO] Booting the 'CORS' middleware...
[2022-12-16 23:35:33] [INFO] Booting the 'HTTP' middleware...
[2022-12-16 23:35:33] [INFO] Booting the 'Views' middleware...
[2022-12-16 23:35:33] [INFO] Booting the 'Statics' middleware...
[2022-12-16 23:35:36] [INFO] Booting the 'CORS' middleware...
[2022-12-16 23:35:36] [INFO] Booting the 'HTTP' middleware...
[2022-12-16 23:35:36] [INFO] Booting the 'Views' middleware...
[2022-12-16 23:35:36] [INFO] Booting the 'Statics' middleware...
[2022-12-16 23:35:41] [INFO] Booting the 'CORS' middleware...
[2022-12-16 23:35:41] [INFO] Booting the 'HTTP' middleware...
[2022-12-16 23:35:41] [INFO] Booting the 'Views' middleware...
[2022-12-16 23:35:41] [INFO] Booting the 'Statics' middleware...
[2022-12-16 23:35:47] [INFO] Booting the 'CORS' middleware...
[2022-12-16 23:35:47] [INFO] Booting the 'HTTP' middleware...
[2022-12-16 23:35:47] [INFO] Booting the 'Views' middleware...
[2022-12-16 23:35:47] [INFO] Booting the 'Statics' middleware...
[2022-12-16 23:35:51] [INFO] Booting the 'CORS' middleware...
[2022-12-16 23:35:51] [INFO] Booting the 'HTTP' middleware...
[2022-12-16 23:35:51] [INFO] Booting the 'Views' middleware...
[2022-12-16 23:35:51] [INFO] Booting the 'Statics' middleware...
[2022-12-16 23:35:59] [INFO] Booting the 'CORS' middleware...
[2022-12-16 23:35:59] [INFO] Booting the 'HTTP' middleware...
[2022-12-16 23:35:59] [INFO] Booting the 'Views' middleware...
[2022-12-16 23:35:59] [INFO] Booting the 'Statics' middleware...
[2022-12-16 23:36:12] [INFO] Booting the 'CORS' middleware...
[2022-12-16 23:36:12] [INFO] Booting the 'HTTP' middleware...
[2022-12-16 23:36:12] [INFO] Booting the 'Views' middleware...
[2022-12-16 23:36:12] [INFO] Booting the 'Statics' middleware...
[2022-12-16 23:36:21] [INFO] Booting the 'CORS' middleware...
[2022-12-16 23:36:21] [INFO] Booting the 'HTTP' middleware...
[2022-12-16 23:36:21] [INFO] Booting the 'Views' middleware...
[2022-12-16 23:36:21] [INFO] Booting the 'Statics' middleware...
[2022-12-16 23:36:29] [INFO] Booting the 'CORS' middleware...
[2022-12-16 23:36:29] [INFO] Booting the 'HTTP' middleware...
[2022-12-16 23:36:29] [INFO] Booting the 'Views' middleware...
[2022-12-16 23:36:29] [INFO] Booting the 'Statics' middleware...
[2022-12-16 23:36:37] [INFO] Booting the 'CORS' middleware...
[2022-12-16 23:36:37] [INFO] Booting the 'HTTP' middleware...
[2022-12-16 23:36:37] [INFO] Booting the 'Views' middleware...
[2022-12-16 23:36:37] [INFO] Booting the 'Statics' middleware...
[2022-12-16 23:36:39] [INFO] Booting the 'CORS' middleware...
[2022-12-16 23:36:39] [INFO] Booting the 'HTTP' middleware...
[2022-12-16 23:36:39] [INFO] Booting the 'Views' middleware...
[2022-12-16 23:36:39] [INFO] Booting the 'Statics' middleware...
[2022-12-16 23:36:50] [INFO] Booting the 'CORS' middleware...
[2022-12-16 23:36:50] [INFO] Booting the 'HTTP' middleware...
[2022-12-16 23:36:50] [INFO] Booting the 'Views' middleware...
[2022-12-16 23:36:50] [INFO] Booting the 'Statics' middleware...
[2022-12-16 23:36:54] [INFO] Booting the 'CORS' middleware...
[2022-12-16 23:36:54] [INFO] Booting the 'HTTP' middleware...
[2022-12-16 23:36:54] [INFO] Booting the 'Views' middleware...
[2022-12-16 23:36:54] [INFO] Booting the 'Statics' middleware...
[2022-12-16 23:37:13] [INFO] Booting the 'CORS' middleware...
[2022-12-16 23:37:13] [INFO] Booting the 'HTTP' middleware...
[2022-12-16 23:37:13] [INFO] Booting the 'Views' middleware...
[2022-12-16 23:37:13] [INFO] Booting the 'Statics' middleware...
[2022-12-16 23:37:15] [INFO] Booting the 'CORS' middleware...
[2022-12-16 23:37:15] [INFO] Booting the 'HTTP' middleware...
[2022-12-16 23:37:15] [INFO] Booting the 'Views' middleware...
[2022-12-16 23:37:15] [INFO] Booting the 'Statics' middleware...
[2022-12-16 23:37:19] [INFO] Booting the 'CORS' middleware...
[2022-12-16 23:37:19] [INFO] Booting the 'HTTP' middleware...
[2022-12-16 23:37:19] [INFO] Booting the 'Views' middleware...
[2022-12-16 23:37:19] [INFO] Booting the 'Statics' middleware...
[2022-12-16 23:37:21] [INFO] Booting the 'CORS' middleware...
[2022-12-16 23:37:21] [INFO] Booting the 'HTTP' middleware...
[2022-12-16 23:37:21] [INFO] Booting the 'Views' middleware...
[2022-12-16 23:37:21] [INFO] Booting the 'Statics' middleware...
[2022-12-16 23:37:23] [INFO] Booting the 'CORS' middleware...
[2022-12-16 23:37:23] [INFO] Booting the 'HTTP' middleware...
[2022-12-16 23:37:23] [INFO] Booting the 'Views' middleware...
[2022-12-16 23:37:23] [INFO] Booting the 'Statics' middleware...
[2022-12-16 23:37:23] [INFO] Booting the 'CORS' middleware...
[2022-12-16 23:37:23] [INFO] Booting the 'HTTP' middleware...
[2022-12-16 23:37:23] [INFO] Booting the 'Views' middleware...
[2022-12-16 23:37:23] [INFO] Booting the 'Statics' middleware...
[2022-12-16 23:37:34] [INFO] Booting the 'CORS' middleware...
[2022-12-16 23:37:34] [INFO] Booting the 'HTTP' middleware...
[2022-12-16 23:37:34] [INFO] Booting the 'Views' middleware...
[2022-12-16 23:37:34] [INFO] Booting the 'Statics' middleware...
[2022-12-16 23:37:36] [INFO] Booting the 'CORS' middleware...
[2022-12-16 23:37:36] [INFO] Booting the 'HTTP' middleware...
[2022-12-16 23:37:36] [INFO] Booting the 'Views' middleware...
[2022-12-16 23:37:36] [INFO] Booting the 'Statics' middleware...
[2022-12-16 23:37:37] [INFO] Booting the 'CORS' middleware...
[2022-12-16 23:37:37] [INFO] Booting the 'HTTP' middleware...
[2022-12-16 23:37:37] [INFO] Booting the 'Views' middleware...
[2022-12-16 23:37:37] [INFO] Booting the 'Statics' middleware...
[2022-12-16 23:37:41] [INFO] Booting the 'CORS' middleware...
[2022-12-16 23:37:41] [INFO] Booting the 'HTTP' middleware...
[2022-12-16 23:37:41] [INFO] Booting the 'Views' middleware...
[2022-12-16 23:37:41] [INFO] Booting the 'Statics' middleware...
[2022-12-16 23:37:42] [INFO] Booting the 'CORS' middleware...
[2022-12-16 23:37:42] [INFO] Booting the 'HTTP' middleware...
[2022-12-16 23:37:42] [INFO] Booting the 'Views' middleware...
[2022-12-16 23:37:42] [INFO] Booting the 'Statics' middleware...
[2022-12-16 23:37:44] [INFO] Booting the 'CORS' middleware...
[2022-12-16 23:37:44] [INFO] Booting the 'HTTP' middleware...
[2022-12-16 23:37:44] [INFO] Booting the 'Views' middleware...
[2022-12-16 23:37:44] [INFO] Booting the 'Statics' middleware...
[2022-12-16 23:38:17] [INFO] Booting the 'CORS' middleware...
[2022-12-16 23:38:17] [INFO] Booting the 'HTTP' middleware...
[2022-12-16 23:38:17] [INFO] Booting the 'Views' middleware...
[2022-12-16 23:38:17] [INFO] Booting the 'Statics' middleware...
[2022-12-16 23:38:20] [INFO] Booting the 'CORS' middleware...
[2022-12-16 23:38:20] [INFO] Booting the 'HTTP' middleware...
[2022-12-16 23:38:20] [INFO] Booting the 'Views' middleware...
[2022-12-16 23:38:20] [INFO] Booting the 'Statics' middleware...
[2022-12-16 23:38:34] [INFO] Booting the 'CORS' middleware...
[2022-12-16 23:38:34] [INFO] Booting the 'HTTP' middleware...
[2022-12-16 23:38:34] [INFO] Booting the 'Views' middleware...
[2022-12-16 23:38:34] [INFO] Booting the 'Statics' middleware...
[2022-12-16 23:38:37] [INFO] Booting the 'CORS' middleware...
[2022-12-16 23:38:37] [INFO] Booting the 'HTTP' middleware...
[2022-12-16 23:38:37] [INFO] Booting the 'Views' middleware...
[2022-12-16 23:38:37] [INFO] Booting the 'Statics' middleware...
[2022-12-16 23:38:39] [INFO] Booting the 'CORS' middleware...
[2022-12-16 23:38:39] [INFO] Booting the 'HTTP' middleware...
[2022-12-16 23:38:39] [INFO] Booting the 'Views' middleware...
[2022-12-16 23:38:39] [INFO] Booting the 'Statics' middleware...
[2022-12-16 23:39:9] [INFO] Booting the 'CORS' middleware...
[2022-12-16 23:39:9] [INFO] Booting the 'HTTP' middleware...
[2022-12-16 23:39:9] [INFO] Booting the 'Views' middleware...
[2022-12-16 23:39:9] [INFO] Booting the 'Statics' middleware...
[2022-12-16 23:39:12] [INFO] Booting the 'CORS' middleware...
[2022-12-16 23:39:12] [INFO] Booting the 'HTTP' middleware...
[2022-12-16 23:39:12] [INFO] Booting the 'Views' middleware...
[2022-12-16 23:39:12] [INFO] Booting the 'Statics' middleware...
[2022-12-16 23:39:14] [INFO] Booting the 'CORS' middleware...
[2022-12-16 23:39:14] [INFO] Booting the 'HTTP' middleware...
[2022-12-16 23:39:14] [INFO] Booting the 'Views' middleware...
[2022-12-16 23:39:14] [INFO] Booting the 'Statics' middleware...
[2022-12-16 23:39:21] [INFO] Booting the 'CORS' middleware...
[2022-12-16 23:39:21] [INFO] Booting the 'HTTP' middleware...
[2022-12-16 23:39:21] [INFO] Booting the 'Views' middleware...
[2022-12-16 23:39:21] [INFO] Booting the 'Statics' middleware...
[2022-12-16 23:39:23] [INFO] Booting the 'CORS' middleware...
[2022-12-16 23:39:23] [INFO] Booting the 'HTTP' middleware...
[2022-12-16 23:39:23] [INFO] Booting the 'Views' middleware...
[2022-12-16 23:39:23] [INFO] Booting the 'Statics' middleware...
[2022-12-16 23:39:42] [INFO] Booting the 'CORS' middleware...
[2022-12-16 23:39:42] [INFO] Booting the 'HTTP' middleware...
[2022-12-16 23:39:42] [INFO] Booting the 'Views' middleware...
[2022-12-16 23:39:42] [INFO] Booting the 'Statics' middleware...
[2022-12-16 23:39:59] [INFO] Booting the 'CORS' middleware...
[2022-12-16 23:39:59] [INFO] Booting the 'HTTP' middleware...
[2022-12-16 23:39:59] [INFO] Booting the 'Views' middleware...
[2022-12-16 23:39:59] [INFO] Booting the 'Statics' middleware...
[2022-12-16 23:39:59] [INFO] Booting the 'CORS' middleware...
[2022-12-16 23:39:59] [INFO] Booting the 'HTTP' middleware...
[2022-12-16 23:39:59] [INFO] Booting the 'Views' middleware...
[2022-12-16 23:39:59] [INFO] Booting the 'Statics' middleware...
[2022-12-16 23:40:0] [ERROR] Path '/favicon.ico' not found [IP: '::ffff:127.0.0.1']!
[2022-12-16 23:43:25] [INFO] Booting the 'CORS' middleware...
[2022-12-16 23:43:25] [INFO] Booting the 'HTTP' middleware...
[2022-12-16 23:43:25] [INFO] Booting the 'Views' middleware...
[2022-12-16 23:43:25] [INFO] Booting the 'Statics' middleware...
[2022-12-16 23:43:25] [INFO] Booting the 'CORS' middleware...
[2022-12-16 23:43:25] [INFO] Booting the 'HTTP' middleware...
[2022-12-16 23:43:25] [INFO] Booting the 'Views' middleware...
[2022-12-16 23:43:25] [INFO] Booting the 'Statics' middleware...
[2022-12-16 23:43:28] [INFO] Booting the 'CORS' middleware...
[2022-12-16 23:43:28] [INFO] Booting the 'HTTP' middleware...
[2022-12-16 23:43:28] [INFO] Booting the 'Views' middleware...
[2022-12-16 23:43:28] [INFO] Booting the 'Statics' middleware...
[2022-12-16 23:43:28] [INFO] Booting the 'CORS' middleware...
[2022-12-16 23:43:28] [INFO] Booting the 'HTTP' middleware...
[2022-12-16 23:43:28] [INFO] Booting the 'Views' middleware...
[2022-12-16 23:43:28] [INFO] Booting the 'Statics' middleware...
[2022-12-16 23:43:40] [INFO] Booting the 'CORS' middleware...
[2022-12-16 23:43:40] [INFO] Booting the 'HTTP' middleware...
[2022-12-16 23:43:40] [INFO] Booting the 'Views' middleware...
[2022-12-16 23:43:40] [INFO] Booting the 'Statics' middleware...
[2022-12-16 23:43:40] [INFO] Booting the 'CORS' middleware...
[2022-12-16 23:43:40] [INFO] Booting the 'HTTP' middleware...
[2022-12-16 23:43:40] [INFO] Booting the 'Views' middleware...
[2022-12-16 23:43:40] [INFO] Booting the 'Statics' middleware...
[2022-12-16 23:43:42] [INFO] Booting the 'CORS' middleware...
[2022-12-16 23:43:42] [INFO] Booting the 'HTTP' middleware...
[2022-12-16 23:43:42] [INFO] Booting the 'Views' middleware...
[2022-12-16 23:43:42] [INFO] Booting the 'Statics' middleware...
[2022-12-16 23:43:42] [INFO] Booting the 'CORS' middleware...
[2022-12-16 23:43:42] [INFO] Booting the 'HTTP' middleware...
[2022-12-16 23:43:42] [INFO] Booting the 'Views' middleware...
[2022-12-16 23:43:42] [INFO] Booting the 'Statics' middleware...
[2022-12-16 23:43:45] [INFO] Booting the 'CORS' middleware...
[2022-12-16 23:43:45] [INFO] Booting the 'HTTP' middleware...
[2022-12-16 23:43:45] [INFO] Booting the 'Views' middleware...
[2022-12-16 23:43:45] [INFO] Booting the 'Statics' middleware...
[2022-12-16 23:43:45] [INFO] Booting the 'CORS' middleware...
[2022-12-16 23:43:45] [INFO] Booting the 'HTTP' middleware...
[2022-12-16 23:43:45] [INFO] Booting the 'Views' middleware...
[2022-12-16 23:43:45] [INFO] Booting the 'Statics' middleware...
[2022-12-16 23:44:0] [INFO] Booting the 'CORS' middleware...
[2022-12-16 23:44:0] [INFO] Booting the 'HTTP' middleware...
[2022-12-16 23:44:0] [INFO] Booting the 'Views' middleware...
[2022-12-16 23:44:0] [INFO] Booting the 'Statics' middleware...
[2022-12-16 23:44:0] [INFO] Booting the 'CORS' middleware...
[2022-12-16 23:44:0] [INFO] Booting the 'HTTP' middleware...
[2022-12-16 23:44:0] [INFO] Booting the 'Views' middleware...
[2022-12-16 23:44:0] [INFO] Booting the 'Statics' middleware...
[2022-12-16 23:44:8] [INFO] Booting the 'CORS' middleware...
[2022-12-16 23:44:8] [INFO] Booting the 'HTTP' middleware...
[2022-12-16 23:44:8] [INFO] Booting the 'Views' middleware...
[2022-12-16 23:44:8] [INFO] Booting the 'Statics' middleware...
[2022-12-16 23:44:8] [INFO] Booting the 'CORS' middleware...
[2022-12-16 23:44:8] [INFO] Booting the 'HTTP' middleware...
[2022-12-16 23:44:8] [INFO] Booting the 'Views' middleware...
[2022-12-16 23:44:8] [INFO] Booting the 'Statics' middleware...
[2022-12-16 23:45:49] [ERROR] D:\5th Semester\Programming Intergrating Project - SE\restaurant-project\views\pages\clerk\menu\menu-page.ejs:20
    18| <body>
    19|    <div class="top-header">
 >> 20|       <%- include('./partials/table-header', {order: order}) %>
    21|          <button class="btnhidden" id="done"><i class="fa-solid fa-arrow-left fa-lg"></i></button>
    22|    </div>
    23|    <div id="modaldiv">

D:\5th Semester\Programming Intergrating Project - SE\restaurant-project\views\pages\clerk\menu\partials\table-header.ejs:7
    5|          <div class="flex-justify">
    6|             <span id="tableName">
 >> 7|                Bàn <%= order.table.tableNumber %>
    8|             </span>
    9|             <div id="group" class="type">
    10|                <i class="fa-solid fa-user-group"></i>

Cannot read properties of null (reading 'table')
[2022-12-16 23:45:49] [ERROR] Server error - D:\5th Semester\Programming Intergrating Project - SE\restaurant-project\views\pages\clerk\menu\menu-page.ejs:20
    18| <body>
    19|    <div class="top-header">
 >> 20|       <%- include('./partials/table-header', {order: order}) %>
    21|          <button class="btnhidden" id="done"><i class="fa-solid fa-arrow-left fa-lg"></i></button>
    22|    </div>
    23|    <div id="modaldiv">

D:\5th Semester\Programming Intergrating Project - SE\restaurant-project\views\pages\clerk\menu\partials\table-header.ejs:7
    5|          <div class="flex-justify">
    6|             <span id="tableName">
 >> 7|                Bàn <%= order.table.tableNumber %>
    8|             </span>
    9|             <div id="group" class="type">
    10|                <i class="fa-solid fa-user-group"></i>

Cannot read properties of null (reading 'table')
[2022-12-16 23:48:6] [INFO] Booting the 'CORS' middleware...
[2022-12-16 23:48:6] [INFO] Booting the 'HTTP' middleware...
[2022-12-16 23:48:6] [INFO] Booting the 'Views' middleware...
[2022-12-16 23:48:6] [INFO] Booting the 'Statics' middleware...
[2022-12-16 23:48:6] [INFO] Booting the 'CORS' middleware...
[2022-12-16 23:48:6] [INFO] Booting the 'HTTP' middleware...
[2022-12-16 23:48:6] [INFO] Booting the 'Views' middleware...
[2022-12-16 23:48:6] [INFO] Booting the 'Statics' middleware...
[2022-12-16 23:52:32] [INFO] Booting the 'CORS' middleware...
[2022-12-16 23:52:32] [INFO] Booting the 'HTTP' middleware...
[2022-12-16 23:52:32] [INFO] Booting the 'Views' middleware...
[2022-12-16 23:52:32] [INFO] Booting the 'Statics' middleware...
[2022-12-16 23:52:32] [INFO] Booting the 'CORS' middleware...
[2022-12-16 23:52:32] [INFO] Booting the 'HTTP' middleware...
[2022-12-16 23:52:32] [INFO] Booting the 'Views' middleware...
[2022-12-16 23:52:32] [INFO] Booting the 'Statics' middleware...
[2022-12-16 23:52:44] [INFO] Booting the 'CORS' middleware...
[2022-12-16 23:52:44] [INFO] Booting the 'HTTP' middleware...
[2022-12-16 23:52:44] [INFO] Booting the 'Views' middleware...
[2022-12-16 23:52:44] [INFO] Booting the 'Statics' middleware...
[2022-12-16 23:52:44] [INFO] Booting the 'CORS' middleware...
[2022-12-16 23:52:44] [INFO] Booting the 'HTTP' middleware...
[2022-12-16 23:52:44] [INFO] Booting the 'Views' middleware...
[2022-12-16 23:52:44] [INFO] Booting the 'Statics' middleware...
[2022-12-16 23:52:50] [INFO] Booting the 'CORS' middleware...
[2022-12-16 23:52:50] [INFO] Booting the 'HTTP' middleware...
[2022-12-16 23:52:50] [INFO] Booting the 'Views' middleware...
[2022-12-16 23:52:50] [INFO] Booting the 'Statics' middleware...
[2022-12-16 23:52:50] [INFO] Booting the 'CORS' middleware...
[2022-12-16 23:52:50] [INFO] Booting the 'HTTP' middleware...
[2022-12-16 23:52:50] [INFO] Booting the 'Views' middleware...
[2022-12-16 23:52:50] [INFO] Booting the 'Statics' middleware...
[2022-12-16 23:53:22] [INFO] Booting the 'CORS' middleware...
[2022-12-16 23:53:22] [INFO] Booting the 'HTTP' middleware...
[2022-12-16 23:53:22] [INFO] Booting the 'Views' middleware...
[2022-12-16 23:53:22] [INFO] Booting the 'Statics' middleware...
[2022-12-16 23:53:22] [INFO] Booting the 'CORS' middleware...
[2022-12-16 23:53:22] [INFO] Booting the 'HTTP' middleware...
[2022-12-16 23:53:22] [INFO] Booting the 'Views' middleware...
[2022-12-16 23:53:22] [INFO] Booting the 'Statics' middleware...
[2022-12-16 23:54:5] [INFO] Booting the 'CORS' middleware...
[2022-12-16 23:54:5] [INFO] Booting the 'HTTP' middleware...
[2022-12-16 23:54:5] [INFO] Booting the 'Views' middleware...
[2022-12-16 23:54:5] [INFO] Booting the 'Statics' middleware...
[2022-12-16 23:54:5] [INFO] Booting the 'CORS' middleware...
[2022-12-16 23:54:5] [INFO] Booting the 'HTTP' middleware...
[2022-12-16 23:54:5] [INFO] Booting the 'Views' middleware...
[2022-12-16 23:54:5] [INFO] Booting the 'Statics' middleware...
