[2022-11-11 21:55:28] [INFO] Booting the 'CORS' middleware...
[2022-11-11 21:55:28] [INFO] Booting the 'HTTP' middleware...
[2022-11-11 21:55:28] [INFO] Booting the 'Views' middleware...
[2022-11-11 21:55:28] [INFO] Booting the 'Statics' middleware...
[2022-11-11 21:55:28] [INFO] Booting the 'StatusMonitor' middleware...
[2022-11-11 21:55:32] [ERROR] Path '/socket.io/?EIO=3&transport=polling&t=OHdC5St' not found [IP: '::1']!
[2022-11-11 21:56:57] [INFO] Booting the 'CORS' middleware...
[2022-11-11 21:56:57] [INFO] Booting the 'HTTP' middleware...
[2022-11-11 21:56:57] [INFO] Booting the 'Views' middleware...
[2022-11-11 21:56:57] [INFO] Booting the 'Statics' middleware...
[2022-11-11 21:56:57] [INFO] Booting the 'StatusMonitor' middleware...
[2022-11-11 21:57:1] [INFO] Booting the 'CORS' middleware...
[2022-11-11 21:57:1] [INFO] Booting the 'HTTP' middleware...
[2022-11-11 21:57:1] [INFO] Booting the 'Views' middleware...
[2022-11-11 21:57:1] [INFO] Booting the 'Statics' middleware...
[2022-11-11 21:57:1] [INFO] Booting the 'StatusMonitor' middleware...
[2022-11-11 21:57:26] [ERROR] Path '/api' not found [IP: '::ffff:127.0.0.1']!
[2022-11-11 21:57:26] [ERROR] Path '/' not found [IP: '::ffff:127.0.0.1']!
[2022-11-11 22:1:34] [INFO] Booting the 'CORS' middleware...
[2022-11-11 22:1:34] [INFO] Booting the 'HTTP' middleware...
[2022-11-11 22:1:34] [INFO] Booting the 'Statics' middleware...
[2022-11-11 22:1:34] [INFO] Booting the 'Views' middleware...
[2022-11-11 22:1:34] [INFO] Booting the 'StatusMonitor' middleware...
[2022-11-11 22:1:35] [ERROR] Path '/socket.io/?EIO=3&transport=polling&t=OHdDU4X' not found [IP: '::1']!
