[2022-11-18 20:55:43] [INFO] Booting the 'CORS' middleware...
[2022-11-18 20:55:43] [INFO] Booting the 'HTTP' middleware...
[2022-11-18 20:55:43] [INFO] Booting the 'Views' middleware...
[2022-11-18 20:55:43] [INFO] Booting the 'Statics' middleware...
[2022-11-18 20:55:43] [INFO] Booting the 'StatusMonitor' middleware...
[2022-11-18 20:55:48] [INFO] Booting the 'CORS' middleware...
[2022-11-18 20:55:48] [INFO] Booting the 'HTTP' middleware...
[2022-11-18 20:55:48] [INFO] Booting the 'Views' middleware...
[2022-11-18 20:55:48] [INFO] Booting the 'Statics' middleware...
[2022-11-18 20:55:48] [INFO] Booting the 'StatusMonitor' middleware...
[2022-11-18 21:23:5] [INFO] Booting the 'CORS' middleware...
[2022-11-18 21:23:5] [INFO] Booting the 'HTTP' middleware...
[2022-11-18 21:23:5] [INFO] Booting the 'Statics' middleware...
[2022-11-18 21:23:5] [INFO] Booting the 'Views' middleware...
[2022-11-18 21:23:5] [INFO] Booting the 'StatusMonitor' middleware...
[2022-11-18 21:23:12] [INFO] Booting the 'CORS' middleware...
[2022-11-18 21:23:12] [INFO] Booting the 'HTTP' middleware...
[2022-11-18 21:23:12] [INFO] Booting the 'Views' middleware...
[2022-11-18 21:23:12] [INFO] Booting the 'Statics' middleware...
[2022-11-18 21:23:12] [INFO] Booting the 'StatusMonitor' middleware...
