[2022-11-15 11:42:16] [INFO] Booting the 'CORS' middleware...
[2022-11-15 11:42:16] [INFO] Booting the 'HTTP' middleware...
[2022-11-15 11:42:16] [INFO] Booting the 'Views' middleware...
[2022-11-15 11:42:16] [INFO] Booting the 'Statics' middleware...
[2022-11-15 11:42:16] [INFO] Booting the 'StatusMonitor' middleware...
[2022-11-15 11:42:21] [INFO] Booting the 'CORS' middleware...
[2022-11-15 11:42:21] [INFO] Booting the 'HTTP' middleware...
[2022-11-15 11:42:21] [INFO] Booting the 'Views' middleware...
[2022-11-15 11:42:21] [INFO] Booting the 'Statics' middleware...
[2022-11-15 11:42:21] [INFO] Booting the 'StatusMonitor' middleware...
[2022-11-15 11:42:40] [ERROR] Path '/' not found [IP: '::ffff:127.0.0.1']!
[2022-11-15 11:42:40] [ERROR] Path '/api' not found [IP: '::ffff:127.0.0.1']!
[2022-11-15 11:42:41] [ERROR] Path '/favicon.ico' not found [IP: '::1']!
[2022-11-15 11:42:45] [ERROR] Path '/' not found [IP: '::1']!
[2022-11-15 11:42:52] [ERROR] Failed to lookup view "dashboard/operation-page" in views directory "D:\5th Semester\Programming Intergrating Project - SE\restaurant-project\views"
[2022-11-15 11:42:52] [ERROR] Server error - Failed to lookup view "dashboard/operation-page" in views directory "D:\5th Semester\Programming Intergrating Project - SE\restaurant-project\views"
[2022-11-15 11:42:56] [ERROR] Failed to lookup view "dashboard/operation-page" in views directory "D:\5th Semester\Programming Intergrating Project - SE\restaurant-project\views"
[2022-11-15 11:42:56] [ERROR] Server error - Failed to lookup view "dashboard/operation-page" in views directory "D:\5th Semester\Programming Intergrating Project - SE\restaurant-project\views"
[2022-11-15 11:45:26] [INFO] Booting the 'CORS' middleware...
[2022-11-15 11:45:26] [INFO] Booting the 'HTTP' middleware...
[2022-11-15 11:45:26] [INFO] Booting the 'Views' middleware...
[2022-11-15 11:45:26] [INFO] Booting the 'Statics' middleware...
[2022-11-15 11:45:26] [INFO] Booting the 'StatusMonitor' middleware...
[2022-11-15 11:45:33] [INFO] Booting the 'CORS' middleware...
[2022-11-15 11:45:33] [INFO] Booting the 'HTTP' middleware...
[2022-11-15 11:45:33] [INFO] Booting the 'Views' middleware...
[2022-11-15 11:45:33] [INFO] Booting the 'Statics' middleware...
[2022-11-15 11:45:33] [INFO] Booting the 'StatusMonitor' middleware...
[2022-11-15 11:45:38] [ERROR] D:\5th Semester\Programming Intergrating Project - SE\restaurant-project\views\pages\dashboard\operation-page.ejs:10
    8| <body>
    9|     <!-- header -->
 >> 10|     <%- include('./partials/navigation') %> 
    11| 
    12|     <div id="new-customers">
    13|         <h2>Khách mới</h2>

Could not find the include file "./partials/navigation"
[2022-11-15 11:45:38] [ERROR] Server error - D:\5th Semester\Programming Intergrating Project - SE\restaurant-project\views\pages\dashboard\operation-page.ejs:10
    8| <body>
    9|     <!-- header -->
 >> 10|     <%- include('./partials/navigation') %> 
    11| 
    12|     <div id="new-customers">
    13|         <h2>Khách mới</h2>

Could not find the include file "./partials/navigation"
[2022-11-15 11:45:40] [ERROR] D:\5th Semester\Programming Intergrating Project - SE\restaurant-project\views\pages\dashboard\operation-page.ejs:10
    8| <body>
    9|     <!-- header -->
 >> 10|     <%- include('./partials/navigation') %> 
    11| 
    12|     <div id="new-customers">
    13|         <h2>Khách mới</h2>

Could not find the include file "./partials/navigation"
[2022-11-15 11:45:40] [ERROR] Server error - D:\5th Semester\Programming Intergrating Project - SE\restaurant-project\views\pages\dashboard\operation-page.ejs:10
    8| <body>
    9|     <!-- header -->
 >> 10|     <%- include('./partials/navigation') %> 
    11| 
    12|     <div id="new-customers">
    13|         <h2>Khách mới</h2>

Could not find the include file "./partials/navigation"
[2022-11-15 11:46:51] [ERROR] D:\5th Semester\Programming Intergrating Project - SE\restaurant-project\views\pages\dashboard\operation-page.ejs:10
    8| <body>
    9|     <!-- header -->
 >> 10|     <%- include('./partials/navigation') %> 
    11| 
    12|     <div id="new-customers">
    13|         <h2>Khách mới</h2>

Could not find the include file "./partials/navigation"
[2022-11-15 11:46:51] [ERROR] Server error - D:\5th Semester\Programming Intergrating Project - SE\restaurant-project\views\pages\dashboard\operation-page.ejs:10
    8| <body>
    9|     <!-- header -->
 >> 10|     <%- include('./partials/navigation') %> 
    11| 
    12|     <div id="new-customers">
    13|         <h2>Khách mới</h2>

Could not find the include file "./partials/navigation"
[2022-11-15 11:46:53] [ERROR] D:\5th Semester\Programming Intergrating Project - SE\restaurant-project\views\pages\dashboard\operation-page.ejs:10
    8| <body>
    9|     <!-- header -->
 >> 10|     <%- include('./partials/navigation') %> 
    11| 
    12|     <div id="new-customers">
    13|         <h2>Khách mới</h2>

Could not find the include file "./partials/navigation"
[2022-11-15 11:46:53] [ERROR] Server error - D:\5th Semester\Programming Intergrating Project - SE\restaurant-project\views\pages\dashboard\operation-page.ejs:10
    8| <body>
    9|     <!-- header -->
 >> 10|     <%- include('./partials/navigation') %> 
    11| 
    12|     <div id="new-customers">
    13|         <h2>Khách mới</h2>

Could not find the include file "./partials/navigation"
[2022-11-15 11:47:23] [INFO] Booting the 'CORS' middleware...
[2022-11-15 11:47:23] [INFO] Booting the 'HTTP' middleware...
[2022-11-15 11:47:23] [INFO] Booting the 'Views' middleware...
[2022-11-15 11:47:23] [INFO] Booting the 'Statics' middleware...
[2022-11-15 11:47:23] [INFO] Booting the 'StatusMonitor' middleware...
[2022-11-15 11:47:28] [INFO] Booting the 'CORS' middleware...
[2022-11-15 11:47:28] [INFO] Booting the 'HTTP' middleware...
[2022-11-15 11:47:28] [INFO] Booting the 'Views' middleware...
[2022-11-15 11:47:28] [INFO] Booting the 'Statics' middleware...
[2022-11-15 11:47:28] [INFO] Booting the 'StatusMonitor' middleware...
[2022-11-15 11:47:49] [ERROR] D:\5th Semester\Programming Intergrating Project - SE\restaurant-project\views\pages\dashboard\operation-page.ejs:10
    8| <body>
    9|     <!-- header -->
 >> 10|     <%- include('./partials/navigation') %> 
    11| 
    12|     <div id="new-customers">
    13|         <h2>Khách mới</h2>

Could not find the include file "./partials/navigation"
[2022-11-15 11:47:49] [ERROR] Server error - D:\5th Semester\Programming Intergrating Project - SE\restaurant-project\views\pages\dashboard\operation-page.ejs:10
    8| <body>
    9|     <!-- header -->
 >> 10|     <%- include('./partials/navigation') %> 
    11| 
    12|     <div id="new-customers">
    13|         <h2>Khách mới</h2>

Could not find the include file "./partials/navigation"
[2022-11-15 11:47:59] [ERROR] D:\5th Semester\Programming Intergrating Project - SE\restaurant-project\views\pages\dashboard\operation-page.ejs:10
    8| <body>
    9|     <!-- header -->
 >> 10|     <%- include('./partials/navigation') %> 
    11| 
    12|     <div id="new-customers">
    13|         <h2>Khách mới</h2>

Could not find the include file "./partials/navigation"
[2022-11-15 11:47:59] [ERROR] Server error - D:\5th Semester\Programming Intergrating Project - SE\restaurant-project\views\pages\dashboard\operation-page.ejs:10
    8| <body>
    9|     <!-- header -->
 >> 10|     <%- include('./partials/navigation') %> 
    11| 
    12|     <div id="new-customers">
    13|         <h2>Khách mới</h2>

Could not find the include file "./partials/navigation"
[2022-11-15 11:48:47] [ERROR] Path '/css/dashboard-mutual.css' not found [IP: '::1']!
[2022-11-15 11:48:47] [ERROR] Path '/css/dashboard-main.css' not found [IP: '::1']!
[2022-11-15 11:48:47] [ERROR] Path '/js/dashboard-main.js' not found [IP: '::1']!
[2022-11-15 11:48:47] [ERROR] Path '/assets/images/2-seats-table.svg' not found [IP: '::1']!
[2022-11-15 11:48:47] [ERROR] Path '/assets/images/8-seats-table-green.svg' not found [IP: '::1']!
[2022-11-15 11:48:47] [ERROR] Path '/assets/images/2-seats-table-green.svg' not found [IP: '::1']!
[2022-11-15 11:48:47] [ERROR] Path '/assets/images/2-seats-table-orange.svg' not found [IP: '::1']!
[2022-11-15 11:53:21] [INFO] Booting the 'CORS' middleware...
[2022-11-15 11:53:21] [INFO] Booting the 'Views' middleware...
[2022-11-15 11:53:21] [INFO] Booting the 'Statics' middleware...
[2022-11-15 11:53:21] [INFO] Booting the 'StatusMonitor' middleware...
[2022-11-15 11:53:21] [INFO] Booting the 'HTTP' middleware...
[2022-11-15 11:53:31] [INFO] Booting the 'CORS' middleware...
[2022-11-15 11:53:31] [INFO] Booting the 'HTTP' middleware...
[2022-11-15 11:53:31] [INFO] Booting the 'Statics' middleware...
[2022-11-15 11:53:31] [INFO] Booting the 'Views' middleware...
[2022-11-15 11:53:31] [INFO] Booting the 'StatusMonitor' middleware...
[2022-11-15 11:53:48] [INFO] Booting the 'HTTP' middleware...
[2022-11-15 11:53:48] [INFO] Booting the 'CORS' middleware...
[2022-11-15 11:53:48] [INFO] Booting the 'StatusMonitor' middleware...
[2022-11-15 11:53:48] [INFO] Booting the 'Statics' middleware...
[2022-11-15 11:53:48] [INFO] Booting the 'Views' middleware...
[2022-11-15 11:54:23] [ERROR] Path '/css/dashboard-mutual.css' not found [IP: '::1']!
[2022-11-15 11:54:23] [ERROR] Path '/css/dashboard-main.css' not found [IP: '::1']!
[2022-11-15 11:54:23] [ERROR] Path '/js/dashboard-main.js' not found [IP: '::1']!
[2022-11-15 11:54:23] [ERROR] Path '/assets/images/2-seats-table.svg' not found [IP: '::1']!
[2022-11-15 11:54:23] [ERROR] Path '/assets/images/2-seats-table-green.svg' not found [IP: '::1']!
[2022-11-15 11:54:23] [ERROR] Path '/assets/images/2-seats-table-orange.svg' not found [IP: '::1']!
[2022-11-15 11:54:23] [ERROR] Path '/assets/images/8-seats-table-green.svg' not found [IP: '::1']!
[2022-11-15 11:54:30] [INFO] Booting the 'CORS' middleware...
[2022-11-15 11:54:30] [INFO] Booting the 'HTTP' middleware...
[2022-11-15 11:54:30] [INFO] Booting the 'Views' middleware...
[2022-11-15 11:54:30] [INFO] Booting the 'Statics' middleware...
[2022-11-15 11:54:30] [INFO] Booting the 'StatusMonitor' middleware...
[2022-11-15 11:54:36] [INFO] Booting the 'CORS' middleware...
[2022-11-15 11:54:36] [INFO] Booting the 'HTTP' middleware...
[2022-11-15 11:54:36] [INFO] Booting the 'Views' middleware...
[2022-11-15 11:54:36] [INFO] Booting the 'Statics' middleware...
[2022-11-15 11:54:36] [INFO] Booting the 'StatusMonitor' middleware...
[2022-11-15 11:54:37] [ERROR] Path '/css/dashboard-mutual.css' not found [IP: '::1']!
[2022-11-15 11:54:37] [ERROR] Path '/css/dashboard-main.css' not found [IP: '::ffff:127.0.0.1']!
[2022-11-15 11:54:37] [ERROR] Path '/assets/images/2-seats-table.svg' not found [IP: '::1']!
[2022-11-15 11:54:37] [ERROR] Path '/assets/images/8-seats-table-green.svg' not found [IP: '::1']!
[2022-11-15 11:54:37] [ERROR] Path '/js/dashboard-main.js' not found [IP: '::1']!
[2022-11-15 11:54:37] [ERROR] Path '/assets/images/2-seats-table-orange.svg' not found [IP: '::1']!
[2022-11-15 11:54:37] [ERROR] Path '/assets/images/2-seats-table-green.svg' not found [IP: '::1']!
[2022-11-15 11:55:42] [INFO] Booting the 'CORS' middleware...
[2022-11-15 11:55:42] [INFO] Booting the 'HTTP' middleware...
[2022-11-15 11:55:42] [INFO] Booting the 'Statics' middleware...
[2022-11-15 11:55:42] [INFO] Booting the 'Views' middleware...
[2022-11-15 11:55:42] [INFO] Booting the 'StatusMonitor' middleware...
[2022-11-15 11:56:0] [ERROR] Path '/assets/images/2-seats-table-green.svg' not found [IP: '::1']!
[2022-11-15 11:56:0] [ERROR] Path '/js/dashboard-main.js' not found [IP: '::1']!
[2022-11-15 11:56:0] [ERROR] Path '/assets/images/2-seats-table.svg' not found [IP: '::1']!
[2022-11-15 11:56:0] [ERROR] Path '/assets/images/8-seats-table-green.svg' not found [IP: '::1']!
[2022-11-15 11:56:0] [ERROR] Path '/assets/images/2-seats-table-orange.svg' not found [IP: '::1']!
[2022-11-15 11:57:6] [ERROR] Path '/js/dashboard-main.js' not found [IP: '::1']!
[2022-11-15 11:57:6] [ERROR] Path '/assets/images/2-seats-table.svg' not found [IP: '::1']!
[2022-11-15 11:57:6] [ERROR] Path '/assets/images/8-seats-table-green.svg' not found [IP: '::1']!
[2022-11-15 11:57:6] [ERROR] Path '/assets/images/2-seats-table-orange.svg' not found [IP: '::1']!
[2022-11-15 11:57:6] [ERROR] Path '/assets/images/2-seats-table-green.svg' not found [IP: '::1']!
[2022-11-15 12:12:15] [INFO] Booting the 'CORS' middleware...
[2022-11-15 12:12:15] [INFO] Booting the 'HTTP' middleware...
[2022-11-15 12:12:15] [INFO] Booting the 'Views' middleware...
[2022-11-15 12:12:15] [INFO] Booting the 'Statics' middleware...
[2022-11-15 12:12:15] [INFO] Booting the 'StatusMonitor' middleware...
[2022-11-15 12:15:45] [INFO] Booting the 'CORS' middleware...
[2022-11-15 12:15:45] [INFO] Booting the 'HTTP' middleware...
[2022-11-15 12:15:45] [INFO] Booting the 'Views' middleware...
[2022-11-15 12:15:45] [INFO] Booting the 'Statics' middleware...
[2022-11-15 12:15:45] [INFO] Booting the 'StatusMonitor' middleware...
[2022-11-15 12:20:51] [ERROR] Path '/js/dashboard-main.js' not found [IP: '::1']!
[2022-11-15 12:20:51] [ERROR] Path '/assets/images/2-seats-table.svg' not found [IP: '::1']!
[2022-11-15 12:20:51] [ERROR] Path '/assets/images/8-seats-table-green.svg' not found [IP: '::1']!
[2022-11-15 12:20:51] [ERROR] Path '/assets/images/2-seats-table-green.svg' not found [IP: '::1']!
[2022-11-15 12:20:51] [ERROR] Path '/assets/images/2-seats-table-orange.svg' not found [IP: '::1']!
[2022-11-15 12:20:54] [ERROR] Path '/js/dashboard-main.js' not found [IP: '::1']!
[2022-11-15 12:20:54] [ERROR] Path '/assets/images/2-seats-table.svg' not found [IP: '::1']!
[2022-11-15 12:20:54] [ERROR] Path '/assets/images/8-seats-table-green.svg' not found [IP: '::1']!
[2022-11-15 12:20:54] [ERROR] Path '/assets/images/2-seats-table-green.svg' not found [IP: '::1']!
[2022-11-15 12:20:54] [ERROR] Path '/assets/images/2-seats-table-orange.svg' not found [IP: '::1']!
[2022-11-15 12:58:48] [INFO] Booting the 'CORS' middleware...
[2022-11-15 12:58:48] [INFO] Booting the 'HTTP' middleware...
[2022-11-15 12:58:48] [INFO] Booting the 'Views' middleware...
[2022-11-15 12:58:48] [INFO] Booting the 'Statics' middleware...
[2022-11-15 12:58:48] [INFO] Booting the 'StatusMonitor' middleware...
[2022-11-15 12:59:31] [INFO] Booting the 'CORS' middleware...
[2022-11-15 12:59:31] [INFO] Booting the 'HTTP' middleware...
[2022-11-15 12:59:31] [INFO] Booting the 'Views' middleware...
[2022-11-15 12:59:31] [INFO] Booting the 'Statics' middleware...
[2022-11-15 12:59:31] [INFO] Booting the 'StatusMonitor' middleware...
[2022-11-15 12:59:55] [INFO] Booting the 'CORS' middleware...
[2022-11-15 12:59:55] [INFO] Booting the 'HTTP' middleware...
[2022-11-15 12:59:55] [INFO] Booting the 'Views' middleware...
[2022-11-15 12:59:55] [INFO] Booting the 'Statics' middleware...
[2022-11-15 12:59:55] [INFO] Booting the 'StatusMonitor' middleware...
[2022-11-15 13:0:7] [INFO] Booting the 'CORS' middleware...
[2022-11-15 13:0:7] [INFO] Booting the 'HTTP' middleware...
[2022-11-15 13:0:7] [INFO] Booting the 'Views' middleware...
[2022-11-15 13:0:7] [INFO] Booting the 'Statics' middleware...
[2022-11-15 13:0:7] [INFO] Booting the 'StatusMonitor' middleware...
[2022-11-15 13:0:20] [INFO] Booting the 'CORS' middleware...
[2022-11-15 13:0:20] [INFO] Booting the 'HTTP' middleware...
[2022-11-15 13:0:20] [INFO] Booting the 'Views' middleware...
[2022-11-15 13:0:20] [INFO] Booting the 'Statics' middleware...
[2022-11-15 13:0:20] [INFO] Booting the 'StatusMonitor' middleware...
[2022-11-15 13:0:50] [INFO] Booting the 'CORS' middleware...
[2022-11-15 13:0:50] [INFO] Booting the 'HTTP' middleware...
[2022-11-15 13:0:50] [INFO] Booting the 'Views' middleware...
[2022-11-15 13:0:50] [INFO] Booting the 'Statics' middleware...
[2022-11-15 13:0:50] [INFO] Booting the 'StatusMonitor' middleware...
[2022-11-15 13:1:8] [INFO] Booting the 'CORS' middleware...
[2022-11-15 13:1:8] [INFO] Booting the 'HTTP' middleware...
[2022-11-15 13:1:8] [INFO] Booting the 'Views' middleware...
[2022-11-15 13:1:8] [INFO] Booting the 'Statics' middleware...
[2022-11-15 13:1:8] [INFO] Booting the 'StatusMonitor' middleware...
[2022-11-15 13:1:26] [INFO] Booting the 'CORS' middleware...
[2022-11-15 13:1:26] [INFO] Booting the 'HTTP' middleware...
[2022-11-15 13:1:26] [INFO] Booting the 'Views' middleware...
[2022-11-15 13:1:26] [INFO] Booting the 'Statics' middleware...
[2022-11-15 13:1:26] [INFO] Booting the 'StatusMonitor' middleware...
[2022-11-15 13:3:5] [INFO] Booting the 'CORS' middleware...
[2022-11-15 13:3:5] [INFO] Booting the 'HTTP' middleware...
[2022-11-15 13:3:5] [INFO] Booting the 'Views' middleware...
[2022-11-15 13:3:5] [INFO] Booting the 'Statics' middleware...
[2022-11-15 13:3:5] [INFO] Booting the 'StatusMonitor' middleware...
[2022-11-15 13:3:40] [INFO] Booting the 'CORS' middleware...
[2022-11-15 13:3:40] [INFO] Booting the 'HTTP' middleware...
[2022-11-15 13:3:40] [INFO] Booting the 'Views' middleware...
[2022-11-15 13:3:40] [INFO] Booting the 'Statics' middleware...
[2022-11-15 13:3:40] [INFO] Booting the 'StatusMonitor' middleware...
[2022-11-15 13:4:36] [INFO] Booting the 'CORS' middleware...
[2022-11-15 13:4:36] [INFO] Booting the 'HTTP' middleware...
[2022-11-15 13:4:36] [INFO] Booting the 'Views' middleware...
[2022-11-15 13:4:36] [INFO] Booting the 'StatusMonitor' middleware...
[2022-11-15 13:4:36] [INFO] Booting the 'Statics' middleware...
[2022-11-15 13:4:38] [INFO] Booting the 'CORS' middleware...
[2022-11-15 13:4:38] [INFO] Booting the 'HTTP' middleware...
[2022-11-15 13:4:38] [INFO] Booting the 'Views' middleware...
[2022-11-15 13:4:38] [INFO] Booting the 'Statics' middleware...
[2022-11-15 13:4:38] [INFO] Booting the 'StatusMonitor' middleware...
[2022-11-15 13:4:52] [INFO] Booting the 'CORS' middleware...
[2022-11-15 13:4:52] [INFO] Booting the 'HTTP' middleware...
[2022-11-15 13:4:52] [INFO] Booting the 'Views' middleware...
[2022-11-15 13:4:52] [INFO] Booting the 'Statics' middleware...
[2022-11-15 13:4:52] [INFO] Booting the 'StatusMonitor' middleware...
[2022-11-15 13:10:47] [INFO] Booting the 'CORS' middleware...
[2022-11-15 13:10:47] [INFO] Booting the 'HTTP' middleware...
[2022-11-15 13:10:47] [INFO] Booting the 'Views' middleware...
[2022-11-15 13:10:47] [INFO] Booting the 'Statics' middleware...
[2022-11-15 13:10:47] [INFO] Booting the 'StatusMonitor' middleware...
[2022-11-15 13:10:50] [INFO] Booting the 'CORS' middleware...
[2022-11-15 13:10:50] [INFO] Booting the 'HTTP' middleware...
[2022-11-15 13:10:50] [INFO] Booting the 'Views' middleware...
[2022-11-15 13:10:50] [INFO] Booting the 'Statics' middleware...
[2022-11-15 13:10:50] [INFO] Booting the 'StatusMonitor' middleware...
[2022-11-15 13:11:16] [INFO] Booting the 'CORS' middleware...
[2022-11-15 13:11:16] [INFO] Booting the 'HTTP' middleware...
[2022-11-15 13:11:16] [INFO] Booting the 'Views' middleware...
[2022-11-15 13:11:16] [INFO] Booting the 'Statics' middleware...
[2022-11-15 13:11:16] [INFO] Booting the 'StatusMonitor' middleware...
[2022-11-15 13:11:22] [INFO] Booting the 'CORS' middleware...
[2022-11-15 13:11:22] [INFO] Booting the 'HTTP' middleware...
[2022-11-15 13:11:22] [INFO] Booting the 'Views' middleware...
[2022-11-15 13:11:22] [INFO] Booting the 'Statics' middleware...
[2022-11-15 13:11:22] [INFO] Booting the 'StatusMonitor' middleware...
[2022-11-15 13:11:47] [INFO] Booting the 'CORS' middleware...
[2022-11-15 13:11:47] [INFO] Booting the 'HTTP' middleware...
[2022-11-15 13:11:47] [INFO] Booting the 'Views' middleware...
[2022-11-15 13:11:47] [INFO] Booting the 'Statics' middleware...
[2022-11-15 13:11:47] [INFO] Booting the 'StatusMonitor' middleware...
[2022-11-15 13:11:54] [INFO] Booting the 'CORS' middleware...
[2022-11-15 13:11:54] [INFO] Booting the 'HTTP' middleware...
[2022-11-15 13:11:54] [INFO] Booting the 'Views' middleware...
[2022-11-15 13:11:54] [INFO] Booting the 'Statics' middleware...
[2022-11-15 13:11:54] [INFO] Booting the 'StatusMonitor' middleware...
[2022-11-15 13:12:0] [INFO] Booting the 'CORS' middleware...
[2022-11-15 13:12:0] [INFO] Booting the 'HTTP' middleware...
[2022-11-15 13:12:0] [INFO] Booting the 'Views' middleware...
[2022-11-15 13:12:0] [INFO] Booting the 'Statics' middleware...
[2022-11-15 13:12:0] [INFO] Booting the 'StatusMonitor' middleware...
[2022-11-15 13:12:10] [INFO] Booting the 'CORS' middleware...
[2022-11-15 13:12:10] [INFO] Booting the 'HTTP' middleware...
[2022-11-15 13:12:10] [INFO] Booting the 'Views' middleware...
[2022-11-15 13:12:10] [INFO] Booting the 'Statics' middleware...
[2022-11-15 13:12:10] [INFO] Booting the 'StatusMonitor' middleware...
[2022-11-15 13:12:13] [INFO] Booting the 'CORS' middleware...
[2022-11-15 13:12:13] [INFO] Booting the 'HTTP' middleware...
[2022-11-15 13:12:13] [INFO] Booting the 'Views' middleware...
[2022-11-15 13:12:13] [INFO] Booting the 'Statics' middleware...
[2022-11-15 13:12:13] [INFO] Booting the 'StatusMonitor' middleware...
[2022-11-15 13:12:35] [INFO] Booting the 'CORS' middleware...
[2022-11-15 13:12:35] [INFO] Booting the 'HTTP' middleware...
[2022-11-15 13:12:35] [INFO] Booting the 'Views' middleware...
[2022-11-15 13:12:35] [INFO] Booting the 'Statics' middleware...
[2022-11-15 13:12:35] [INFO] Booting the 'StatusMonitor' middleware...
[2022-11-15 13:12:39] [INFO] Booting the 'CORS' middleware...
[2022-11-15 13:12:39] [INFO] Booting the 'HTTP' middleware...
[2022-11-15 13:12:39] [INFO] Booting the 'Views' middleware...
[2022-11-15 13:12:39] [INFO] Booting the 'Statics' middleware...
[2022-11-15 13:12:39] [INFO] Booting the 'StatusMonitor' middleware...
[2022-11-15 13:12:46] [INFO] Booting the 'CORS' middleware...
[2022-11-15 13:12:46] [INFO] Booting the 'HTTP' middleware...
[2022-11-15 13:12:46] [INFO] Booting the 'Views' middleware...
[2022-11-15 13:12:46] [INFO] Booting the 'Statics' middleware...
[2022-11-15 13:12:46] [INFO] Booting the 'StatusMonitor' middleware...
[2022-11-15 13:12:52] [INFO] Booting the 'CORS' middleware...
[2022-11-15 13:12:52] [INFO] Booting the 'HTTP' middleware...
[2022-11-15 13:12:52] [INFO] Booting the 'Views' middleware...
[2022-11-15 13:12:52] [INFO] Booting the 'Statics' middleware...
[2022-11-15 13:12:52] [INFO] Booting the 'StatusMonitor' middleware...
[2022-11-15 13:13:48] [INFO] Booting the 'CORS' middleware...
[2022-11-15 13:13:48] [INFO] Booting the 'HTTP' middleware...
[2022-11-15 13:13:48] [INFO] Booting the 'Views' middleware...
[2022-11-15 13:13:48] [INFO] Booting the 'Statics' middleware...
[2022-11-15 13:13:48] [INFO] Booting the 'StatusMonitor' middleware...
[2022-11-15 13:14:44] [INFO] Booting the 'CORS' middleware...
[2022-11-15 13:14:44] [INFO] Booting the 'HTTP' middleware...
[2022-11-15 13:14:44] [INFO] Booting the 'Views' middleware...
[2022-11-15 13:14:44] [INFO] Booting the 'Statics' middleware...
[2022-11-15 13:14:44] [INFO] Booting the 'StatusMonitor' middleware...
[2022-11-15 13:14:48] [INFO] Booting the 'CORS' middleware...
[2022-11-15 13:14:48] [INFO] Booting the 'HTTP' middleware...
[2022-11-15 13:14:48] [INFO] Booting the 'Views' middleware...
[2022-11-15 13:14:48] [INFO] Booting the 'Statics' middleware...
[2022-11-15 13:14:48] [INFO] Booting the 'StatusMonitor' middleware...
[2022-11-15 13:15:25] [INFO] Booting the 'CORS' middleware...
[2022-11-15 13:15:25] [INFO] Booting the 'HTTP' middleware...
[2022-11-15 13:15:25] [INFO] Booting the 'Views' middleware...
[2022-11-15 13:15:25] [INFO] Booting the 'Statics' middleware...
[2022-11-15 13:15:25] [INFO] Booting the 'StatusMonitor' middleware...
[2022-11-15 13:15:27] [INFO] Booting the 'CORS' middleware...
[2022-11-15 13:15:27] [INFO] Booting the 'HTTP' middleware...
[2022-11-15 13:15:27] [INFO] Booting the 'Views' middleware...
[2022-11-15 13:15:27] [INFO] Booting the 'Statics' middleware...
[2022-11-15 13:15:27] [INFO] Booting the 'StatusMonitor' middleware...
[2022-11-15 13:15:29] [INFO] Booting the 'CORS' middleware...
[2022-11-15 13:15:29] [INFO] Booting the 'HTTP' middleware...
[2022-11-15 13:15:29] [INFO] Booting the 'Views' middleware...
[2022-11-15 13:15:29] [INFO] Booting the 'Statics' middleware...
[2022-11-15 13:15:29] [INFO] Booting the 'StatusMonitor' middleware...
[2022-11-15 13:15:46] [INFO] Booting the 'CORS' middleware...
[2022-11-15 13:15:46] [INFO] Booting the 'HTTP' middleware...
[2022-11-15 13:15:46] [INFO] Booting the 'Views' middleware...
[2022-11-15 13:15:46] [INFO] Booting the 'Statics' middleware...
[2022-11-15 13:15:46] [INFO] Booting the 'StatusMonitor' middleware...
[2022-11-15 13:16:3] [INFO] Booting the 'CORS' middleware...
[2022-11-15 13:16:3] [INFO] Booting the 'HTTP' middleware...
[2022-11-15 13:16:3] [INFO] Booting the 'Views' middleware...
[2022-11-15 13:16:3] [INFO] Booting the 'Statics' middleware...
[2022-11-15 13:16:3] [INFO] Booting the 'StatusMonitor' middleware...
[2022-11-15 13:17:0] [INFO] Booting the 'CORS' middleware...
[2022-11-15 13:17:0] [INFO] Booting the 'HTTP' middleware...
[2022-11-15 13:17:0] [INFO] Booting the 'Views' middleware...
[2022-11-15 13:17:0] [INFO] Booting the 'Statics' middleware...
[2022-11-15 13:17:0] [INFO] Booting the 'StatusMonitor' middleware...
[2022-11-15 13:17:23] [INFO] Booting the 'CORS' middleware...
[2022-11-15 13:17:23] [INFO] Booting the 'HTTP' middleware...
[2022-11-15 13:17:23] [INFO] Booting the 'Views' middleware...
[2022-11-15 13:17:23] [INFO] Booting the 'Statics' middleware...
[2022-11-15 13:17:23] [INFO] Booting the 'StatusMonitor' middleware...
[2022-11-15 13:17:31] [INFO] Booting the 'CORS' middleware...
[2022-11-15 13:17:31] [INFO] Booting the 'HTTP' middleware...
[2022-11-15 13:17:31] [INFO] Booting the 'Views' middleware...
[2022-11-15 13:17:31] [INFO] Booting the 'Statics' middleware...
[2022-11-15 13:17:31] [INFO] Booting the 'StatusMonitor' middleware...
[2022-11-15 13:17:59] [INFO] Booting the 'CORS' middleware...
[2022-11-15 13:17:59] [INFO] Booting the 'HTTP' middleware...
[2022-11-15 13:17:59] [INFO] Booting the 'Views' middleware...
[2022-11-15 13:17:59] [INFO] Booting the 'Statics' middleware...
[2022-11-15 13:17:59] [INFO] Booting the 'StatusMonitor' middleware...
[2022-11-15 13:18:3] [INFO] Booting the 'CORS' middleware...
[2022-11-15 13:18:3] [INFO] Booting the 'HTTP' middleware...
[2022-11-15 13:18:3] [INFO] Booting the 'Views' middleware...
[2022-11-15 13:18:3] [INFO] Booting the 'StatusMonitor' middleware...
[2022-11-15 13:18:3] [INFO] Booting the 'Statics' middleware...
[2022-11-15 13:19:18] [INFO] Booting the 'CORS' middleware...
[2022-11-15 13:19:18] [INFO] Booting the 'HTTP' middleware...
[2022-11-15 13:19:18] [INFO] Booting the 'Views' middleware...
[2022-11-15 13:19:18] [INFO] Booting the 'Statics' middleware...
[2022-11-15 13:19:18] [INFO] Booting the 'StatusMonitor' middleware...
[2022-11-15 13:19:26] [INFO] Booting the 'CORS' middleware...
[2022-11-15 13:19:26] [INFO] Booting the 'HTTP' middleware...
[2022-11-15 13:19:26] [INFO] Booting the 'Views' middleware...
[2022-11-15 13:19:26] [INFO] Booting the 'Statics' middleware...
[2022-11-15 13:19:26] [INFO] Booting the 'StatusMonitor' middleware...
[2022-11-15 13:19:45] [INFO] Booting the 'CORS' middleware...
[2022-11-15 13:19:45] [INFO] Booting the 'HTTP' middleware...
[2022-11-15 13:19:45] [INFO] Booting the 'Views' middleware...
[2022-11-15 13:19:45] [INFO] Booting the 'Statics' middleware...
[2022-11-15 13:19:45] [INFO] Booting the 'StatusMonitor' middleware...
[2022-11-15 13:20:25] [INFO] Booting the 'CORS' middleware...
[2022-11-15 13:20:25] [INFO] Booting the 'HTTP' middleware...
[2022-11-15 13:20:25] [INFO] Booting the 'Views' middleware...
[2022-11-15 13:20:25] [INFO] Booting the 'Statics' middleware...
[2022-11-15 13:20:25] [INFO] Booting the 'StatusMonitor' middleware...
[2022-11-15 13:20:28] [INFO] Booting the 'CORS' middleware...
[2022-11-15 13:20:28] [INFO] Booting the 'HTTP' middleware...
[2022-11-15 13:20:28] [INFO] Booting the 'Views' middleware...
[2022-11-15 13:20:28] [INFO] Booting the 'Statics' middleware...
[2022-11-15 13:20:28] [INFO] Booting the 'StatusMonitor' middleware...
[2022-11-15 13:20:44] [INFO] Booting the 'CORS' middleware...
[2022-11-15 13:20:44] [INFO] Booting the 'HTTP' middleware...
[2022-11-15 13:20:44] [INFO] Booting the 'Views' middleware...
[2022-11-15 13:20:44] [INFO] Booting the 'Statics' middleware...
[2022-11-15 13:20:44] [INFO] Booting the 'StatusMonitor' middleware...
[2022-11-15 13:20:50] [INFO] Booting the 'CORS' middleware...
[2022-11-15 13:20:50] [INFO] Booting the 'HTTP' middleware...
[2022-11-15 13:20:50] [INFO] Booting the 'Views' middleware...
[2022-11-15 13:20:50] [INFO] Booting the 'Statics' middleware...
[2022-11-15 13:20:50] [INFO] Booting the 'StatusMonitor' middleware...
[2022-11-15 13:21:1] [INFO] Booting the 'CORS' middleware...
[2022-11-15 13:21:1] [INFO] Booting the 'HTTP' middleware...
[2022-11-15 13:21:1] [INFO] Booting the 'Views' middleware...
[2022-11-15 13:21:1] [INFO] Booting the 'Statics' middleware...
[2022-11-15 13:21:1] [INFO] Booting the 'StatusMonitor' middleware...
[2022-11-15 13:21:3] [INFO] Booting the 'CORS' middleware...
[2022-11-15 13:21:3] [INFO] Booting the 'HTTP' middleware...
[2022-11-15 13:21:3] [INFO] Booting the 'Views' middleware...
[2022-11-15 13:21:3] [INFO] Booting the 'Statics' middleware...
[2022-11-15 13:21:3] [INFO] Booting the 'StatusMonitor' middleware...
[2022-11-15 13:22:15] [INFO] Booting the 'CORS' middleware...
[2022-11-15 13:22:15] [INFO] Booting the 'HTTP' middleware...
[2022-11-15 13:22:15] [INFO] Booting the 'Views' middleware...
[2022-11-15 13:22:15] [INFO] Booting the 'Statics' middleware...
[2022-11-15 13:22:15] [INFO] Booting the 'StatusMonitor' middleware...
[2022-11-15 13:22:52] [INFO] Booting the 'CORS' middleware...
[2022-11-15 13:22:52] [INFO] Booting the 'HTTP' middleware...
[2022-11-15 13:22:52] [INFO] Booting the 'Views' middleware...
[2022-11-15 13:22:52] [INFO] Booting the 'Statics' middleware...
[2022-11-15 13:22:52] [INFO] Booting the 'StatusMonitor' middleware...
[2022-11-15 13:23:0] [INFO] Booting the 'CORS' middleware...
[2022-11-15 13:23:0] [INFO] Booting the 'HTTP' middleware...
[2022-11-15 13:23:0] [INFO] Booting the 'Views' middleware...
[2022-11-15 13:23:0] [INFO] Booting the 'Statics' middleware...
[2022-11-15 13:23:0] [INFO] Booting the 'StatusMonitor' middleware...
[2022-11-15 13:23:11] [INFO] Booting the 'CORS' middleware...
[2022-11-15 13:23:11] [INFO] Booting the 'HTTP' middleware...
[2022-11-15 13:23:11] [INFO] Booting the 'Views' middleware...
[2022-11-15 13:23:11] [INFO] Booting the 'Statics' middleware...
[2022-11-15 13:23:11] [INFO] Booting the 'StatusMonitor' middleware...
[2022-11-15 13:23:18] [INFO] Booting the 'CORS' middleware...
[2022-11-15 13:23:18] [INFO] Booting the 'HTTP' middleware...
[2022-11-15 13:23:18] [INFO] Booting the 'Views' middleware...
[2022-11-15 13:23:18] [INFO] Booting the 'Statics' middleware...
[2022-11-15 13:23:18] [INFO] Booting the 'StatusMonitor' middleware...
[2022-11-15 13:23:23] [INFO] Booting the 'CORS' middleware...
[2022-11-15 13:23:23] [INFO] Booting the 'HTTP' middleware...
[2022-11-15 13:23:23] [INFO] Booting the 'Views' middleware...
[2022-11-15 13:23:23] [INFO] Booting the 'Statics' middleware...
[2022-11-15 13:23:23] [INFO] Booting the 'StatusMonitor' middleware...
[2022-11-15 13:26:51] [INFO] Booting the 'CORS' middleware...
[2022-11-15 13:26:51] [INFO] Booting the 'HTTP' middleware...
[2022-11-15 13:26:51] [INFO] Booting the 'Views' middleware...
[2022-11-15 13:26:51] [INFO] Booting the 'Statics' middleware...
[2022-11-15 13:26:51] [INFO] Booting the 'StatusMonitor' middleware...
[2022-11-15 13:26:56] [INFO] Booting the 'CORS' middleware...
[2022-11-15 13:26:56] [INFO] Booting the 'HTTP' middleware...
[2022-11-15 13:26:56] [INFO] Booting the 'Views' middleware...
[2022-11-15 13:26:56] [INFO] Booting the 'Statics' middleware...
[2022-11-15 13:26:56] [INFO] Booting the 'StatusMonitor' middleware...
[2022-11-15 13:27:0] [INFO] Booting the 'CORS' middleware...
[2022-11-15 13:27:0] [INFO] Booting the 'HTTP' middleware...
[2022-11-15 13:27:0] [INFO] Booting the 'Views' middleware...
[2022-11-15 13:27:0] [INFO] Booting the 'Statics' middleware...
[2022-11-15 13:27:0] [INFO] Booting the 'StatusMonitor' middleware...
[2022-11-15 13:27:16] [INFO] Booting the 'CORS' middleware...
[2022-11-15 13:27:16] [INFO] Booting the 'HTTP' middleware...
[2022-11-15 13:27:16] [INFO] Booting the 'Views' middleware...
[2022-11-15 13:27:16] [INFO] Booting the 'Statics' middleware...
[2022-11-15 13:27:16] [INFO] Booting the 'StatusMonitor' middleware...
[2022-11-15 13:27:56] [INFO] Booting the 'CORS' middleware...
[2022-11-15 13:27:56] [INFO] Booting the 'HTTP' middleware...
[2022-11-15 13:27:56] [INFO] Booting the 'Views' middleware...
[2022-11-15 13:27:56] [INFO] Booting the 'Statics' middleware...
[2022-11-15 13:27:56] [INFO] Booting the 'StatusMonitor' middleware...
[2022-11-15 13:28:5] [INFO] Booting the 'CORS' middleware...
[2022-11-15 13:28:5] [INFO] Booting the 'HTTP' middleware...
[2022-11-15 13:28:5] [INFO] Booting the 'Views' middleware...
[2022-11-15 13:28:5] [INFO] Booting the 'Statics' middleware...
[2022-11-15 13:28:5] [INFO] Booting the 'StatusMonitor' middleware...
[2022-11-15 13:28:16] [INFO] Booting the 'CORS' middleware...
[2022-11-15 13:28:16] [INFO] Booting the 'HTTP' middleware...
[2022-11-15 13:28:16] [INFO] Booting the 'Views' middleware...
[2022-11-15 13:28:16] [INFO] Booting the 'Statics' middleware...
[2022-11-15 13:28:16] [INFO] Booting the 'StatusMonitor' middleware...
[2022-11-15 13:28:29] [INFO] Booting the 'CORS' middleware...
[2022-11-15 13:28:29] [INFO] Booting the 'HTTP' middleware...
[2022-11-15 13:28:29] [INFO] Booting the 'Views' middleware...
[2022-11-15 13:28:29] [INFO] Booting the 'Statics' middleware...
[2022-11-15 13:28:29] [INFO] Booting the 'StatusMonitor' middleware...
[2022-11-15 13:39:2] [INFO] Booting the 'CORS' middleware...
[2022-11-15 13:39:2] [INFO] Booting the 'HTTP' middleware...
[2022-11-15 13:39:2] [INFO] Booting the 'Views' middleware...
[2022-11-15 13:39:2] [INFO] Booting the 'Statics' middleware...
[2022-11-15 13:39:2] [INFO] Booting the 'StatusMonitor' middleware...
[2022-11-15 13:39:19] [INFO] Booting the 'CORS' middleware...
[2022-11-15 13:39:19] [INFO] Booting the 'HTTP' middleware...
[2022-11-15 13:39:19] [INFO] Booting the 'Views' middleware...
[2022-11-15 13:39:19] [INFO] Booting the 'Statics' middleware...
[2022-11-15 13:39:19] [INFO] Booting the 'StatusMonitor' middleware...
[2022-11-15 13:39:25] [INFO] Booting the 'CORS' middleware...
[2022-11-15 13:39:25] [INFO] Booting the 'HTTP' middleware...
[2022-11-15 13:39:25] [INFO] Booting the 'Views' middleware...
[2022-11-15 13:39:25] [INFO] Booting the 'Statics' middleware...
[2022-11-15 13:39:25] [INFO] Booting the 'StatusMonitor' middleware...
[2022-11-15 13:39:29] [INFO] Booting the 'CORS' middleware...
[2022-11-15 13:39:29] [INFO] Booting the 'HTTP' middleware...
[2022-11-15 13:39:29] [INFO] Booting the 'Views' middleware...
[2022-11-15 13:39:29] [INFO] Booting the 'Statics' middleware...
[2022-11-15 13:39:29] [INFO] Booting the 'StatusMonitor' middleware...
[2022-11-15 13:39:38] [INFO] Booting the 'CORS' middleware...
[2022-11-15 13:39:38] [INFO] Booting the 'HTTP' middleware...
[2022-11-15 13:39:38] [INFO] Booting the 'Views' middleware...
[2022-11-15 13:39:38] [INFO] Booting the 'Statics' middleware...
[2022-11-15 13:39:38] [INFO] Booting the 'StatusMonitor' middleware...
[2022-11-15 13:39:57] [INFO] Booting the 'CORS' middleware...
[2022-11-15 13:39:57] [INFO] Booting the 'HTTP' middleware...
[2022-11-15 13:39:57] [INFO] Booting the 'Views' middleware...
[2022-11-15 13:39:57] [INFO] Booting the 'Statics' middleware...
[2022-11-15 13:39:57] [INFO] Booting the 'StatusMonitor' middleware...
[2022-11-15 13:40:7] [INFO] Booting the 'CORS' middleware...
[2022-11-15 13:40:7] [INFO] Booting the 'HTTP' middleware...
[2022-11-15 13:40:7] [INFO] Booting the 'Views' middleware...
[2022-11-15 13:40:7] [INFO] Booting the 'Statics' middleware...
[2022-11-15 13:40:7] [INFO] Booting the 'StatusMonitor' middleware...
[2022-11-15 13:40:16] [INFO] Booting the 'CORS' middleware...
[2022-11-15 13:40:16] [INFO] Booting the 'HTTP' middleware...
[2022-11-15 13:40:16] [INFO] Booting the 'Views' middleware...
[2022-11-15 13:40:16] [INFO] Booting the 'Statics' middleware...
[2022-11-15 13:40:16] [INFO] Booting the 'StatusMonitor' middleware...
[2022-11-15 13:40:22] [INFO] Booting the 'CORS' middleware...
[2022-11-15 13:40:22] [INFO] Booting the 'HTTP' middleware...
[2022-11-15 13:40:22] [INFO] Booting the 'Views' middleware...
[2022-11-15 13:40:22] [INFO] Booting the 'Statics' middleware...
[2022-11-15 13:40:22] [INFO] Booting the 'StatusMonitor' middleware...
[2022-11-15 13:50:15] [INFO] Booting the 'CORS' middleware...
[2022-11-15 13:50:15] [INFO] Booting the 'HTTP' middleware...
[2022-11-15 13:50:15] [INFO] Booting the 'Views' middleware...
[2022-11-15 13:50:15] [INFO] Booting the 'Statics' middleware...
[2022-11-15 13:50:15] [INFO] Booting the 'StatusMonitor' middleware...
[2022-11-15 13:50:54] [INFO] Booting the 'CORS' middleware...
[2022-11-15 13:50:54] [INFO] Booting the 'HTTP' middleware...
[2022-11-15 13:50:54] [INFO] Booting the 'Views' middleware...
[2022-11-15 13:50:54] [INFO] Booting the 'Statics' middleware...
[2022-11-15 13:50:54] [INFO] Booting the 'StatusMonitor' middleware...
[2022-11-15 13:52:46] [INFO] Booting the 'CORS' middleware...
[2022-11-15 13:52:46] [INFO] Booting the 'HTTP' middleware...
[2022-11-15 13:52:46] [INFO] Booting the 'Views' middleware...
[2022-11-15 13:52:46] [INFO] Booting the 'Statics' middleware...
[2022-11-15 13:52:46] [INFO] Booting the 'StatusMonitor' middleware...
[2022-11-15 13:52:57] [INFO] Booting the 'CORS' middleware...
[2022-11-15 13:52:57] [INFO] Booting the 'HTTP' middleware...
[2022-11-15 13:52:57] [INFO] Booting the 'Views' middleware...
[2022-11-15 13:52:57] [INFO] Booting the 'Statics' middleware...
[2022-11-15 13:52:57] [INFO] Booting the 'StatusMonitor' middleware...
[2022-11-15 13:53:18] [INFO] Booting the 'CORS' middleware...
[2022-11-15 13:53:18] [INFO] Booting the 'HTTP' middleware...
[2022-11-15 13:53:18] [INFO] Booting the 'Views' middleware...
[2022-11-15 13:53:18] [INFO] Booting the 'Statics' middleware...
[2022-11-15 13:53:18] [INFO] Booting the 'StatusMonitor' middleware...
[2022-11-15 13:53:25] [INFO] Booting the 'CORS' middleware...
[2022-11-15 13:53:25] [INFO] Booting the 'HTTP' middleware...
[2022-11-15 13:53:25] [INFO] Booting the 'Views' middleware...
[2022-11-15 13:53:25] [INFO] Booting the 'Statics' middleware...
[2022-11-15 13:53:25] [INFO] Booting the 'StatusMonitor' middleware...
[2022-11-15 13:54:21] [INFO] Booting the 'CORS' middleware...
[2022-11-15 13:54:21] [INFO] Booting the 'HTTP' middleware...
[2022-11-15 13:54:21] [INFO] Booting the 'Views' middleware...
[2022-11-15 13:54:21] [INFO] Booting the 'Statics' middleware...
[2022-11-15 13:54:21] [INFO] Booting the 'StatusMonitor' middleware...
[2022-11-15 13:54:34] [INFO] Booting the 'CORS' middleware...
[2022-11-15 13:54:34] [INFO] Booting the 'HTTP' middleware...
[2022-11-15 13:54:34] [INFO] Booting the 'Views' middleware...
[2022-11-15 13:54:34] [INFO] Booting the 'Statics' middleware...
[2022-11-15 13:54:34] [INFO] Booting the 'StatusMonitor' middleware...
[2022-11-15 13:55:15] [INFO] Booting the 'CORS' middleware...
[2022-11-15 13:55:15] [INFO] Booting the 'HTTP' middleware...
[2022-11-15 13:55:15] [INFO] Booting the 'Views' middleware...
[2022-11-15 13:55:15] [INFO] Booting the 'Statics' middleware...
[2022-11-15 13:55:15] [INFO] Booting the 'StatusMonitor' middleware...
[2022-11-15 13:56:43] [INFO] Booting the 'CORS' middleware...
[2022-11-15 13:56:43] [INFO] Booting the 'HTTP' middleware...
[2022-11-15 13:56:43] [INFO] Booting the 'Views' middleware...
[2022-11-15 13:56:43] [INFO] Booting the 'Statics' middleware...
[2022-11-15 13:56:43] [INFO] Booting the 'StatusMonitor' middleware...
[2022-11-15 14:33:49] [ERROR] D:\5th Semester\Programming Intergrating Project - SE\restaurant-project\views\pages\dashboard\operation-page.ejs:36
    34|         <% for( let index = 0; index < tables.length; index++ ) { %>
    35|             <% if (tables[index].state == "FREE") { %>
 >> 36|                 <%- iinclude('./partials/free-table', {table: tables[index]}) %> 
    37|             <% } %>
    38|         <% } %>
    39|     </div>

iinclude is not defined
[2022-11-15 14:33:49] [ERROR] Server error - D:\5th Semester\Programming Intergrating Project - SE\restaurant-project\views\pages\dashboard\operation-page.ejs:36
    34|         <% for( let index = 0; index < tables.length; index++ ) { %>
    35|             <% if (tables[index].state == "FREE") { %>
 >> 36|                 <%- iinclude('./partials/free-table', {table: tables[index]}) %> 
    37|             <% } %>
    38|         <% } %>
    39|     </div>

iinclude is not defined
[2022-11-15 14:33:52] [ERROR] D:\5th Semester\Programming Intergrating Project - SE\restaurant-project\views\pages\dashboard\operation-page.ejs:36
    34|         <% for( let index = 0; index < tables.length; index++ ) { %>
    35|             <% if (tables[index].state == "FREE") { %>
 >> 36|                 <%- iinclude('./partials/free-table', {table: tables[index]}) %> 
    37|             <% } %>
    38|         <% } %>
    39|     </div>

iinclude is not defined
[2022-11-15 14:33:52] [ERROR] Server error - D:\5th Semester\Programming Intergrating Project - SE\restaurant-project\views\pages\dashboard\operation-page.ejs:36
    34|         <% for( let index = 0; index < tables.length; index++ ) { %>
    35|             <% if (tables[index].state == "FREE") { %>
 >> 36|                 <%- iinclude('./partials/free-table', {table: tables[index]}) %> 
    37|             <% } %>
    38|         <% } %>
    39|     </div>

iinclude is not defined
[2022-11-15 14:34:30] [ERROR] Path '/js/dashboard-main.js' not found [IP: '::1']!
[2022-11-15 14:34:30] [ERROR] Path '/assets/images/4-seats-table-green.svg' not found [IP: '::1']!
[2022-11-15 14:34:30] [ERROR] Path '/assets/images/2-seats-table-green.svg' not found [IP: '::1']!
[2022-11-15 14:34:30] [ERROR] Path '/assets/images/8-seats-table-green.svg' not found [IP: '::1']!
[2022-11-15 14:35:42] [INFO] Booting the 'CORS' middleware...
[2022-11-15 14:35:42] [INFO] Booting the 'HTTP' middleware...
[2022-11-15 14:35:42] [INFO] Booting the 'Views' middleware...
[2022-11-15 14:35:42] [INFO] Booting the 'Statics' middleware...
[2022-11-15 14:35:42] [INFO] Booting the 'StatusMonitor' middleware...
[2022-11-15 14:35:45] [ERROR] Path '/js/dashboard-main.js' not found [IP: '::1']!
[2022-11-15 14:35:45] [ERROR] Path '/assets/images/4-seats-table-green.svg' not found [IP: '::1']!
[2022-11-15 14:35:45] [ERROR] Path '/assets/images/2-seats-table-green.svg' not found [IP: '::1']!
[2022-11-15 14:35:45] [ERROR] Path '/assets/images/8-seats-table-green.svg' not found [IP: '::1']!
[2022-11-15 14:35:48] [ERROR] Path '/js/dashboard-main.js' not found [IP: '::1']!
[2022-11-15 14:35:48] [ERROR] Path '/assets/images/4-seats-table-green.svg' not found [IP: '::1']!
[2022-11-15 14:35:48] [ERROR] Path '/assets/images/2-seats-table-green.svg' not found [IP: '::1']!
[2022-11-15 14:35:48] [ERROR] Path '/assets/images/8-seats-table-green.svg' not found [IP: '::1']!
[2022-11-15 14:35:50] [ERROR] Path '/js/dashboard-main.js' not found [IP: '::1']!
[2022-11-15 14:35:50] [ERROR] Path '/assets/images/4-seats-table-green.svg' not found [IP: '::1']!
[2022-11-15 14:35:50] [ERROR] Path '/assets/images/2-seats-table-green.svg' not found [IP: '::1']!
[2022-11-15 14:35:50] [ERROR] Path '/assets/images/8-seats-table-green.svg' not found [IP: '::1']!
[2022-11-15 14:36:21] [INFO] Booting the 'CORS' middleware...
[2022-11-15 14:36:21] [INFO] Booting the 'HTTP' middleware...
[2022-11-15 14:36:21] [INFO] Booting the 'Views' middleware...
[2022-11-15 14:36:21] [INFO] Booting the 'Statics' middleware...
[2022-11-15 14:36:21] [INFO] Booting the 'StatusMonitor' middleware...
[2022-11-15 14:36:36] [INFO] Booting the 'CORS' middleware...
[2022-11-15 14:36:36] [INFO] Booting the 'HTTP' middleware...
[2022-11-15 14:36:36] [INFO] Booting the 'Views' middleware...
[2022-11-15 14:36:36] [INFO] Booting the 'Statics' middleware...
[2022-11-15 14:36:36] [INFO] Booting the 'StatusMonitor' middleware...
[2022-11-15 14:36:47] [ERROR] Path '/js/dashboard-main.js' not found [IP: '::1']!
[2022-11-15 14:36:47] [ERROR] Path '/assets/images/2-seats-table-green.svg' not found [IP: '::1']!
[2022-11-15 14:36:47] [ERROR] Path '/assets/images/4-seats-table-green.svg' not found [IP: '::1']!
[2022-11-15 14:36:47] [ERROR] Path '/assets/images/8-seats-table-green.svg' not found [IP: '::1']!
[2022-11-15 14:37:11] [INFO] Booting the 'CORS' middleware...
[2022-11-15 14:37:11] [INFO] Booting the 'HTTP' middleware...
[2022-11-15 14:37:11] [INFO] Booting the 'Views' middleware...
[2022-11-15 14:37:11] [INFO] Booting the 'Statics' middleware...
[2022-11-15 14:37:11] [INFO] Booting the 'StatusMonitor' middleware...
[2022-11-15 14:37:24] [ERROR] Path '/js/dashboard-main.js' not found [IP: '::1']!
[2022-11-15 14:37:24] [ERROR] Path '/assets/images/8-seats-table-green.svg' not found [IP: '::1']!
[2022-11-15 14:37:24] [ERROR] Path '/assets/images/4-seats-table-green.svg' not found [IP: '::1']!
[2022-11-15 14:37:24] [ERROR] Path '/assets/images/2-seats-table-green.svg' not found [IP: '::1']!
[2022-11-15 14:39:13] [ERROR] Path '/js/dashboard-main.js' not found [IP: '::1']!
[2022-11-15 14:39:13] [ERROR] Path '/assets/images/8-seats-table-green.svg' not found [IP: '::1']!
[2022-11-15 14:39:13] [ERROR] Path '/assets/images/2-seats-table-green.svg' not found [IP: '::1']!
[2022-11-15 14:39:13] [ERROR] Path '/assets/images/4-seats-table-green.svg' not found [IP: '::1']!
[2022-11-15 14:39:52] [ERROR] Path '/js/dashboard-main.js' not found [IP: '::1']!
[2022-11-15 14:39:52] [ERROR] Path '/assets/images/8-seats-table-green.svg' not found [IP: '::1']!
[2022-11-15 14:39:52] [ERROR] Path '/assets/images/4-seats-table-green.svg' not found [IP: '::1']!
[2022-11-15 14:39:52] [ERROR] Path '/assets/images/2-seats-table-green.svg' not found [IP: '::1']!
[2022-11-15 14:43:32] [INFO] Booting the 'CORS' middleware...
[2022-11-15 14:43:32] [INFO] Booting the 'HTTP' middleware...
[2022-11-15 14:43:32] [INFO] Booting the 'Views' middleware...
[2022-11-15 14:43:32] [INFO] Booting the 'Statics' middleware...
[2022-11-15 14:43:32] [INFO] Booting the 'StatusMonitor' middleware...
[2022-11-15 14:43:34] [INFO] Booting the 'CORS' middleware...
[2022-11-15 14:43:34] [INFO] Booting the 'HTTP' middleware...
[2022-11-15 14:43:34] [INFO] Booting the 'Views' middleware...
[2022-11-15 14:43:34] [INFO] Booting the 'Statics' middleware...
[2022-11-15 14:43:34] [INFO] Booting the 'StatusMonitor' middleware...
[2022-11-15 14:43:43] [INFO] Booting the 'CORS' middleware...
[2022-11-15 14:43:43] [INFO] Booting the 'HTTP' middleware...
[2022-11-15 14:43:43] [INFO] Booting the 'Views' middleware...
[2022-11-15 14:43:43] [INFO] Booting the 'Statics' middleware...
[2022-11-15 14:43:43] [INFO] Booting the 'StatusMonitor' middleware...
[2022-11-15 14:44:1] [INFO] Booting the 'CORS' middleware...
[2022-11-15 14:44:1] [INFO] Booting the 'HTTP' middleware...
[2022-11-15 14:44:1] [INFO] Booting the 'Views' middleware...
[2022-11-15 14:44:1] [INFO] Booting the 'Statics' middleware...
[2022-11-15 14:44:1] [INFO] Booting the 'StatusMonitor' middleware...
[2022-11-15 14:44:20] [INFO] Booting the 'CORS' middleware...
[2022-11-15 14:44:20] [INFO] Booting the 'HTTP' middleware...
[2022-11-15 14:44:20] [INFO] Booting the 'Views' middleware...
[2022-11-15 14:44:20] [INFO] Booting the 'Statics' middleware...
[2022-11-15 14:44:20] [INFO] Booting the 'StatusMonitor' middleware...
[2022-11-15 14:44:32] [INFO] Booting the 'CORS' middleware...
[2022-11-15 14:44:32] [INFO] Booting the 'HTTP' middleware...
[2022-11-15 14:44:32] [INFO] Booting the 'Views' middleware...
[2022-11-15 14:44:32] [INFO] Booting the 'Statics' middleware...
[2022-11-15 14:44:32] [INFO] Booting the 'StatusMonitor' middleware...
[2022-11-15 14:44:32] [INFO] Booting the 'CORS' middleware...
[2022-11-15 14:44:32] [INFO] Booting the 'HTTP' middleware...
[2022-11-15 14:44:32] [INFO] Booting the 'Views' middleware...
[2022-11-15 14:44:32] [INFO] Booting the 'Statics' middleware...
[2022-11-15 14:44:32] [INFO] Booting the 'StatusMonitor' middleware...
[2022-11-15 14:45:47] [INFO] Booting the 'CORS' middleware...
[2022-11-15 14:45:47] [INFO] Booting the 'HTTP' middleware...
[2022-11-15 14:45:47] [INFO] Booting the 'Views' middleware...
[2022-11-15 14:45:47] [INFO] Booting the 'Statics' middleware...
[2022-11-15 14:45:47] [INFO] Booting the 'StatusMonitor' middleware...
[2022-11-15 14:45:48] [INFO] Booting the 'CORS' middleware...
[2022-11-15 14:45:48] [INFO] Booting the 'HTTP' middleware...
[2022-11-15 14:45:48] [INFO] Booting the 'Statics' middleware...
[2022-11-15 14:45:48] [INFO] Booting the 'Views' middleware...
[2022-11-15 14:45:48] [INFO] Booting the 'StatusMonitor' middleware...
[2022-11-15 14:46:8] [INFO] Booting the 'CORS' middleware...
[2022-11-15 14:46:8] [INFO] Booting the 'HTTP' middleware...
[2022-11-15 14:46:8] [INFO] Booting the 'Views' middleware...
[2022-11-15 14:46:8] [INFO] Booting the 'Statics' middleware...
[2022-11-15 14:46:8] [INFO] Booting the 'StatusMonitor' middleware...
[2022-11-15 14:46:16] [INFO] Booting the 'CORS' middleware...
[2022-11-15 14:46:16] [INFO] Booting the 'HTTP' middleware...
[2022-11-15 14:46:16] [INFO] Booting the 'Views' middleware...
[2022-11-15 14:46:16] [INFO] Booting the 'Statics' middleware...
[2022-11-15 14:46:16] [INFO] Booting the 'StatusMonitor' middleware...
[2022-11-15 14:47:46] [INFO] Booting the 'CORS' middleware...
[2022-11-15 14:47:46] [INFO] Booting the 'Views' middleware...
[2022-11-15 14:47:46] [INFO] Booting the 'HTTP' middleware...
[2022-11-15 14:47:46] [INFO] Booting the 'Statics' middleware...
[2022-11-15 14:47:46] [INFO] Booting the 'StatusMonitor' middleware...
[2022-11-15 14:49:11] [INFO] Booting the 'CORS' middleware...
[2022-11-15 14:49:11] [INFO] Booting the 'HTTP' middleware...
[2022-11-15 14:49:11] [INFO] Booting the 'Views' middleware...
[2022-11-15 14:49:11] [INFO] Booting the 'Statics' middleware...
[2022-11-15 14:49:11] [INFO] Booting the 'StatusMonitor' middleware...
[2022-11-15 14:49:27] [INFO] Booting the 'CORS' middleware...
[2022-11-15 14:49:27] [INFO] Booting the 'HTTP' middleware...
[2022-11-15 14:49:27] [INFO] Booting the 'Views' middleware...
[2022-11-15 14:49:27] [INFO] Booting the 'Statics' middleware...
[2022-11-15 14:49:27] [INFO] Booting the 'StatusMonitor' middleware...
[2022-11-15 14:49:37] [INFO] Booting the 'CORS' middleware...
[2022-11-15 14:49:37] [INFO] Booting the 'HTTP' middleware...
[2022-11-15 14:49:37] [INFO] Booting the 'Views' middleware...
[2022-11-15 14:49:37] [INFO] Booting the 'Statics' middleware...
[2022-11-15 14:49:37] [INFO] Booting the 'StatusMonitor' middleware...
[2022-11-15 14:49:38] [INFO] Booting the 'CORS' middleware...
[2022-11-15 14:49:38] [INFO] Booting the 'HTTP' middleware...
[2022-11-15 14:49:38] [INFO] Booting the 'Views' middleware...
[2022-11-15 14:49:38] [INFO] Booting the 'Statics' middleware...
[2022-11-15 14:49:38] [INFO] Booting the 'StatusMonitor' middleware...
[2022-11-15 14:49:44] [INFO] Booting the 'CORS' middleware...
[2022-11-15 14:49:44] [INFO] Booting the 'HTTP' middleware...
[2022-11-15 14:49:44] [INFO] Booting the 'Views' middleware...
[2022-11-15 14:49:44] [INFO] Booting the 'Statics' middleware...
[2022-11-15 14:49:44] [INFO] Booting the 'StatusMonitor' middleware...
[2022-11-15 14:49:53] [INFO] Booting the 'CORS' middleware...
[2022-11-15 14:49:53] [INFO] Booting the 'HTTP' middleware...
[2022-11-15 14:49:53] [INFO] Booting the 'Statics' middleware...
[2022-11-15 14:49:53] [INFO] Booting the 'Views' middleware...
[2022-11-15 14:49:53] [INFO] Booting the 'StatusMonitor' middleware...
[2022-11-15 14:50:0] [INFO] Booting the 'CORS' middleware...
[2022-11-15 14:50:0] [INFO] Booting the 'HTTP' middleware...
[2022-11-15 14:50:0] [INFO] Booting the 'Views' middleware...
[2022-11-15 14:50:0] [INFO] Booting the 'Statics' middleware...
[2022-11-15 14:50:0] [INFO] Booting the 'StatusMonitor' middleware...
[2022-11-15 14:50:4] [INFO] Booting the 'CORS' middleware...
[2022-11-15 14:50:4] [INFO] Booting the 'HTTP' middleware...
[2022-11-15 14:50:4] [INFO] Booting the 'Views' middleware...
[2022-11-15 14:50:4] [INFO] Booting the 'Statics' middleware...
[2022-11-15 14:50:4] [INFO] Booting the 'StatusMonitor' middleware...
[2022-11-15 14:51:3] [INFO] Booting the 'CORS' middleware...
[2022-11-15 14:51:3] [INFO] Booting the 'HTTP' middleware...
[2022-11-15 14:51:3] [INFO] Booting the 'Views' middleware...
[2022-11-15 14:51:3] [INFO] Booting the 'Statics' middleware...
[2022-11-15 14:51:3] [INFO] Booting the 'StatusMonitor' middleware...
[2022-11-15 14:51:25] [INFO] Booting the 'CORS' middleware...
[2022-11-15 14:51:25] [INFO] Booting the 'HTTP' middleware...
[2022-11-15 14:51:25] [INFO] Booting the 'Views' middleware...
[2022-11-15 14:51:25] [INFO] Booting the 'Statics' middleware...
[2022-11-15 14:51:25] [INFO] Booting the 'StatusMonitor' middleware...
[2022-11-15 14:51:34] [INFO] Booting the 'CORS' middleware...
[2022-11-15 14:51:34] [INFO] Booting the 'HTTP' middleware...
[2022-11-15 14:51:34] [INFO] Booting the 'Views' middleware...
[2022-11-15 14:51:34] [INFO] Booting the 'Statics' middleware...
[2022-11-15 14:51:34] [INFO] Booting the 'StatusMonitor' middleware...
[2022-11-15 14:51:53] [INFO] Booting the 'CORS' middleware...
[2022-11-15 14:51:53] [INFO] Booting the 'HTTP' middleware...
[2022-11-15 14:51:53] [INFO] Booting the 'Views' middleware...
[2022-11-15 14:51:53] [INFO] Booting the 'Statics' middleware...
[2022-11-15 14:51:53] [INFO] Booting the 'StatusMonitor' middleware...
[2022-11-15 14:52:12] [INFO] Booting the 'CORS' middleware...
[2022-11-15 14:52:12] [INFO] Booting the 'HTTP' middleware...
[2022-11-15 14:52:12] [INFO] Booting the 'Views' middleware...
[2022-11-15 14:52:12] [INFO] Booting the 'Statics' middleware...
[2022-11-15 14:52:12] [INFO] Booting the 'StatusMonitor' middleware...
[2022-11-15 14:52:37] [INFO] Booting the 'CORS' middleware...
[2022-11-15 14:52:37] [INFO] Booting the 'HTTP' middleware...
[2022-11-15 14:52:37] [INFO] Booting the 'Views' middleware...
[2022-11-15 14:52:37] [INFO] Booting the 'Statics' middleware...
[2022-11-15 14:52:37] [INFO] Booting the 'StatusMonitor' middleware...
[2022-11-15 14:53:4] [INFO] Booting the 'CORS' middleware...
[2022-11-15 14:53:4] [INFO] Booting the 'HTTP' middleware...
[2022-11-15 14:53:4] [INFO] Booting the 'Views' middleware...
[2022-11-15 14:53:4] [INFO] Booting the 'Statics' middleware...
[2022-11-15 14:53:4] [INFO] Booting the 'StatusMonitor' middleware...
[2022-11-15 14:53:14] [INFO] Booting the 'CORS' middleware...
[2022-11-15 14:53:14] [INFO] Booting the 'HTTP' middleware...
[2022-11-15 14:53:14] [INFO] Booting the 'Views' middleware...
[2022-11-15 14:53:14] [INFO] Booting the 'Statics' middleware...
[2022-11-15 14:53:14] [INFO] Booting the 'StatusMonitor' middleware...
[2022-11-15 14:53:42] [INFO] Booting the 'CORS' middleware...
[2022-11-15 14:53:42] [INFO] Booting the 'HTTP' middleware...
[2022-11-15 14:53:42] [INFO] Booting the 'Views' middleware...
[2022-11-15 14:53:42] [INFO] Booting the 'Statics' middleware...
[2022-11-15 14:53:42] [INFO] Booting the 'StatusMonitor' middleware...
[2022-11-15 14:54:3] [INFO] Booting the 'CORS' middleware...
[2022-11-15 14:54:3] [INFO] Booting the 'HTTP' middleware...
[2022-11-15 14:54:3] [INFO] Booting the 'Views' middleware...
[2022-11-15 14:54:3] [INFO] Booting the 'Statics' middleware...
[2022-11-15 14:54:3] [INFO] Booting the 'StatusMonitor' middleware...
[2022-11-15 14:54:9] [INFO] Booting the 'CORS' middleware...
[2022-11-15 14:54:9] [INFO] Booting the 'HTTP' middleware...
[2022-11-15 14:54:9] [INFO] Booting the 'Views' middleware...
[2022-11-15 14:54:9] [INFO] Booting the 'Statics' middleware...
[2022-11-15 14:54:9] [INFO] Booting the 'StatusMonitor' middleware...
[2022-11-15 14:54:21] [INFO] Booting the 'CORS' middleware...
[2022-11-15 14:54:21] [INFO] Booting the 'HTTP' middleware...
[2022-11-15 14:54:21] [INFO] Booting the 'Views' middleware...
[2022-11-15 14:54:21] [INFO] Booting the 'Statics' middleware...
[2022-11-15 14:54:21] [INFO] Booting the 'StatusMonitor' middleware...
[2022-11-15 14:58:0] [INFO] Booting the 'CORS' middleware...
[2022-11-15 14:58:0] [INFO] Booting the 'HTTP' middleware...
[2022-11-15 14:58:0] [INFO] Booting the 'Views' middleware...
[2022-11-15 14:58:0] [INFO] Booting the 'Statics' middleware...
[2022-11-15 14:58:0] [INFO] Booting the 'StatusMonitor' middleware...
[2022-11-15 14:58:19] [INFO] Booting the 'CORS' middleware...
[2022-11-15 14:58:19] [INFO] Booting the 'HTTP' middleware...
[2022-11-15 14:58:19] [INFO] Booting the 'Views' middleware...
[2022-11-15 14:58:19] [INFO] Booting the 'Statics' middleware...
[2022-11-15 14:58:19] [INFO] Booting the 'StatusMonitor' middleware...
[2022-11-15 14:58:37] [INFO] Booting the 'CORS' middleware...
[2022-11-15 14:58:37] [INFO] Booting the 'HTTP' middleware...
[2022-11-15 14:58:37] [INFO] Booting the 'Views' middleware...
[2022-11-15 14:58:37] [INFO] Booting the 'Statics' middleware...
[2022-11-15 14:58:37] [INFO] Booting the 'StatusMonitor' middleware...
[2022-11-15 14:58:48] [INFO] Booting the 'CORS' middleware...
[2022-11-15 14:58:48] [INFO] Booting the 'HTTP' middleware...
[2022-11-15 14:58:48] [INFO] Booting the 'Views' middleware...
[2022-11-15 14:58:48] [INFO] Booting the 'Statics' middleware...
[2022-11-15 14:58:48] [INFO] Booting the 'StatusMonitor' middleware...
[2022-11-15 14:59:2] [INFO] Booting the 'CORS' middleware...
[2022-11-15 14:59:2] [INFO] Booting the 'HTTP' middleware...
[2022-11-15 14:59:2] [INFO] Booting the 'Views' middleware...
[2022-11-15 14:59:2] [INFO] Booting the 'Statics' middleware...
[2022-11-15 14:59:2] [INFO] Booting the 'StatusMonitor' middleware...
[2022-11-15 14:59:7] [INFO] Booting the 'CORS' middleware...
[2022-11-15 14:59:7] [INFO] Booting the 'HTTP' middleware...
[2022-11-15 14:59:7] [INFO] Booting the 'Statics' middleware...
[2022-11-15 14:59:7] [INFO] Booting the 'Views' middleware...
[2022-11-15 14:59:7] [INFO] Booting the 'StatusMonitor' middleware...
[2022-11-15 14:59:27] [INFO] Booting the 'CORS' middleware...
[2022-11-15 14:59:27] [INFO] Booting the 'HTTP' middleware...
[2022-11-15 14:59:27] [INFO] Booting the 'Views' middleware...
[2022-11-15 14:59:27] [INFO] Booting the 'Statics' middleware...
[2022-11-15 14:59:27] [INFO] Booting the 'StatusMonitor' middleware...
[2022-11-15 14:59:29] [INFO] Booting the 'CORS' middleware...
[2022-11-15 14:59:29] [INFO] Booting the 'HTTP' middleware...
[2022-11-15 14:59:29] [INFO] Booting the 'Views' middleware...
[2022-11-15 14:59:29] [INFO] Booting the 'Statics' middleware...
[2022-11-15 14:59:29] [INFO] Booting the 'StatusMonitor' middleware...
[2022-11-15 15:0:32] [INFO] Booting the 'CORS' middleware...
[2022-11-15 15:0:32] [INFO] Booting the 'HTTP' middleware...
[2022-11-15 15:0:32] [INFO] Booting the 'Views' middleware...
[2022-11-15 15:0:32] [INFO] Booting the 'Statics' middleware...
[2022-11-15 15:0:32] [INFO] Booting the 'StatusMonitor' middleware...
[2022-11-15 15:0:55] [INFO] Booting the 'CORS' middleware...
[2022-11-15 15:0:55] [INFO] Booting the 'Views' middleware...
[2022-11-15 15:0:55] [INFO] Booting the 'Statics' middleware...
[2022-11-15 15:0:55] [INFO] Booting the 'HTTP' middleware...
[2022-11-15 15:0:55] [INFO] Booting the 'StatusMonitor' middleware...
[2022-11-15 15:1:19] [INFO] Booting the 'CORS' middleware...
[2022-11-15 15:1:19] [INFO] Booting the 'HTTP' middleware...
[2022-11-15 15:1:19] [INFO] Booting the 'Views' middleware...
[2022-11-15 15:1:19] [INFO] Booting the 'Statics' middleware...
[2022-11-15 15:1:19] [INFO] Booting the 'StatusMonitor' middleware...
[2022-11-15 15:2:20] [INFO] Booting the 'CORS' middleware...
[2022-11-15 15:2:20] [INFO] Booting the 'HTTP' middleware...
[2022-11-15 15:2:20] [INFO] Booting the 'Views' middleware...
[2022-11-15 15:2:20] [INFO] Booting the 'Statics' middleware...
[2022-11-15 15:2:20] [INFO] Booting the 'StatusMonitor' middleware...
[2022-11-15 15:3:13] [INFO] Booting the 'CORS' middleware...
[2022-11-15 15:3:13] [INFO] Booting the 'HTTP' middleware...
[2022-11-15 15:3:13] [INFO] Booting the 'Views' middleware...
[2022-11-15 15:3:13] [INFO] Booting the 'Statics' middleware...
[2022-11-15 15:3:13] [INFO] Booting the 'StatusMonitor' middleware...
[2022-11-15 15:3:27] [INFO] Booting the 'CORS' middleware...
[2022-11-15 15:3:27] [INFO] Booting the 'HTTP' middleware...
[2022-11-15 15:3:27] [INFO] Booting the 'Views' middleware...
[2022-11-15 15:3:27] [INFO] Booting the 'Statics' middleware...
[2022-11-15 15:3:27] [INFO] Booting the 'StatusMonitor' middleware...
[2022-11-15 15:4:44] [INFO] Booting the 'CORS' middleware...
[2022-11-15 15:4:44] [INFO] Booting the 'HTTP' middleware...
[2022-11-15 15:4:44] [INFO] Booting the 'Views' middleware...
[2022-11-15 15:4:44] [INFO] Booting the 'Statics' middleware...
[2022-11-15 15:4:44] [INFO] Booting the 'StatusMonitor' middleware...
[2022-11-15 15:5:2] [INFO] Booting the 'CORS' middleware...
[2022-11-15 15:5:2] [INFO] Booting the 'HTTP' middleware...
[2022-11-15 15:5:2] [INFO] Booting the 'Views' middleware...
[2022-11-15 15:5:2] [INFO] Booting the 'Statics' middleware...
[2022-11-15 15:5:2] [INFO] Booting the 'StatusMonitor' middleware...
[2022-11-15 15:5:39] [INFO] Booting the 'CORS' middleware...
[2022-11-15 15:5:39] [INFO] Booting the 'HTTP' middleware...
[2022-11-15 15:5:39] [INFO] Booting the 'Views' middleware...
[2022-11-15 15:5:39] [INFO] Booting the 'Statics' middleware...
[2022-11-15 15:5:39] [INFO] Booting the 'StatusMonitor' middleware...
[2022-11-15 15:5:45] [INFO] Booting the 'CORS' middleware...
[2022-11-15 15:5:45] [INFO] Booting the 'HTTP' middleware...
[2022-11-15 15:5:45] [INFO] Booting the 'Views' middleware...
[2022-11-15 15:5:45] [INFO] Booting the 'Statics' middleware...
[2022-11-15 15:5:45] [INFO] Booting the 'StatusMonitor' middleware...
[2022-11-15 15:6:45] [INFO] Booting the 'CORS' middleware...
[2022-11-15 15:6:45] [INFO] Booting the 'HTTP' middleware...
[2022-11-15 15:6:45] [INFO] Booting the 'Views' middleware...
[2022-11-15 15:6:45] [INFO] Booting the 'Statics' middleware...
[2022-11-15 15:6:45] [INFO] Booting the 'StatusMonitor' middleware...
[2022-11-15 15:6:55] [INFO] Booting the 'CORS' middleware...
[2022-11-15 15:6:55] [INFO] Booting the 'HTTP' middleware...
[2022-11-15 15:6:55] [INFO] Booting the 'Views' middleware...
[2022-11-15 15:6:55] [INFO] Booting the 'Statics' middleware...
[2022-11-15 15:6:55] [INFO] Booting the 'StatusMonitor' middleware...
[2022-11-15 15:6:58] [INFO] Booting the 'CORS' middleware...
[2022-11-15 15:6:58] [INFO] Booting the 'HTTP' middleware...
[2022-11-15 15:6:58] [INFO] Booting the 'Views' middleware...
[2022-11-15 15:6:58] [INFO] Booting the 'Statics' middleware...
[2022-11-15 15:6:58] [INFO] Booting the 'StatusMonitor' middleware...
[2022-11-15 15:7:2] [INFO] Booting the 'CORS' middleware...
[2022-11-15 15:7:2] [INFO] Booting the 'HTTP' middleware...
[2022-11-15 15:7:2] [INFO] Booting the 'Views' middleware...
[2022-11-15 15:7:2] [INFO] Booting the 'Statics' middleware...
[2022-11-15 15:7:2] [INFO] Booting the 'StatusMonitor' middleware...
[2022-11-15 15:7:4] [INFO] Booting the 'CORS' middleware...
[2022-11-15 15:7:4] [INFO] Booting the 'HTTP' middleware...
[2022-11-15 15:7:4] [INFO] Booting the 'Views' middleware...
[2022-11-15 15:7:4] [INFO] Booting the 'Statics' middleware...
[2022-11-15 15:7:4] [INFO] Booting the 'StatusMonitor' middleware...
[2022-11-15 15:7:56] [INFO] Booting the 'CORS' middleware...
[2022-11-15 15:7:56] [INFO] Booting the 'HTTP' middleware...
[2022-11-15 15:7:56] [INFO] Booting the 'Views' middleware...
[2022-11-15 15:7:56] [INFO] Booting the 'Statics' middleware...
[2022-11-15 15:7:56] [INFO] Booting the 'StatusMonitor' middleware...
[2022-11-15 15:8:3] [INFO] Booting the 'CORS' middleware...
[2022-11-15 15:8:3] [INFO] Booting the 'HTTP' middleware...
[2022-11-15 15:8:3] [INFO] Booting the 'Views' middleware...
[2022-11-15 15:8:3] [INFO] Booting the 'Statics' middleware...
[2022-11-15 15:8:3] [INFO] Booting the 'StatusMonitor' middleware...
[2022-11-15 15:8:45] [INFO] Booting the 'CORS' middleware...
[2022-11-15 15:8:45] [INFO] Booting the 'HTTP' middleware...
[2022-11-15 15:8:45] [INFO] Booting the 'Views' middleware...
[2022-11-15 15:8:45] [INFO] Booting the 'Statics' middleware...
[2022-11-15 15:8:45] [INFO] Booting the 'StatusMonitor' middleware...
[2022-11-15 15:8:53] [INFO] Booting the 'CORS' middleware...
[2022-11-15 15:8:53] [INFO] Booting the 'HTTP' middleware...
[2022-11-15 15:8:53] [INFO] Booting the 'Views' middleware...
[2022-11-15 15:8:53] [INFO] Booting the 'Statics' middleware...
[2022-11-15 15:8:53] [INFO] Booting the 'StatusMonitor' middleware...
[2022-11-15 15:9:15] [INFO] Booting the 'CORS' middleware...
[2022-11-15 15:9:15] [INFO] Booting the 'HTTP' middleware...
[2022-11-15 15:9:15] [INFO] Booting the 'Views' middleware...
[2022-11-15 15:9:15] [INFO] Booting the 'Statics' middleware...
[2022-11-15 15:9:15] [INFO] Booting the 'StatusMonitor' middleware...
[2022-11-15 15:9:44] [INFO] Booting the 'CORS' middleware...
[2022-11-15 15:9:44] [INFO] Booting the 'HTTP' middleware...
[2022-11-15 15:9:44] [INFO] Booting the 'Views' middleware...
[2022-11-15 15:9:44] [INFO] Booting the 'Statics' middleware...
[2022-11-15 15:9:44] [INFO] Booting the 'StatusMonitor' middleware...
[2022-11-15 15:10:42] [INFO] Booting the 'CORS' middleware...
[2022-11-15 15:10:42] [INFO] Booting the 'HTTP' middleware...
[2022-11-15 15:10:42] [INFO] Booting the 'Views' middleware...
[2022-11-15 15:10:42] [INFO] Booting the 'Statics' middleware...
[2022-11-15 15:10:42] [INFO] Booting the 'StatusMonitor' middleware...
[2022-11-15 15:10:56] [INFO] Booting the 'CORS' middleware...
[2022-11-15 15:10:56] [INFO] Booting the 'HTTP' middleware...
[2022-11-15 15:10:56] [INFO] Booting the 'Views' middleware...
[2022-11-15 15:10:56] [INFO] Booting the 'Statics' middleware...
[2022-11-15 15:10:56] [INFO] Booting the 'StatusMonitor' middleware...
[2022-11-15 15:11:11] [INFO] Booting the 'CORS' middleware...
[2022-11-15 15:11:11] [INFO] Booting the 'HTTP' middleware...
[2022-11-15 15:11:11] [INFO] Booting the 'Views' middleware...
[2022-11-15 15:11:11] [INFO] Booting the 'Statics' middleware...
[2022-11-15 15:11:11] [INFO] Booting the 'StatusMonitor' middleware...
[2022-11-15 15:11:29] [INFO] Booting the 'CORS' middleware...
[2022-11-15 15:11:29] [INFO] Booting the 'HTTP' middleware...
[2022-11-15 15:11:29] [INFO] Booting the 'Views' middleware...
[2022-11-15 15:11:29] [INFO] Booting the 'Statics' middleware...
[2022-11-15 15:11:29] [INFO] Booting the 'StatusMonitor' middleware...
[2022-11-15 15:11:32] [INFO] Booting the 'CORS' middleware...
[2022-11-15 15:11:32] [INFO] Booting the 'HTTP' middleware...
[2022-11-15 15:11:32] [INFO] Booting the 'Views' middleware...
[2022-11-15 15:11:32] [INFO] Booting the 'Statics' middleware...
[2022-11-15 15:11:32] [INFO] Booting the 'StatusMonitor' middleware...
[2022-11-15 15:11:59] [INFO] Booting the 'CORS' middleware...
[2022-11-15 15:11:59] [INFO] Booting the 'HTTP' middleware...
[2022-11-15 15:11:59] [INFO] Booting the 'Views' middleware...
[2022-11-15 15:11:59] [INFO] Booting the 'Statics' middleware...
[2022-11-15 15:11:59] [INFO] Booting the 'StatusMonitor' middleware...
[2022-11-15 15:12:18] [INFO] Booting the 'CORS' middleware...
[2022-11-15 15:12:18] [INFO] Booting the 'HTTP' middleware...
[2022-11-15 15:12:18] [INFO] Booting the 'Views' middleware...
[2022-11-15 15:12:18] [INFO] Booting the 'Statics' middleware...
[2022-11-15 15:12:18] [INFO] Booting the 'StatusMonitor' middleware...
[2022-11-15 15:12:40] [INFO] Booting the 'CORS' middleware...
[2022-11-15 15:12:40] [INFO] Booting the 'HTTP' middleware...
[2022-11-15 15:12:40] [INFO] Booting the 'Views' middleware...
[2022-11-15 15:12:40] [INFO] Booting the 'Statics' middleware...
[2022-11-15 15:12:40] [INFO] Booting the 'StatusMonitor' middleware...
[2022-11-15 15:12:50] [INFO] Booting the 'CORS' middleware...
[2022-11-15 15:12:50] [INFO] Booting the 'HTTP' middleware...
[2022-11-15 15:12:50] [INFO] Booting the 'Views' middleware...
[2022-11-15 15:12:50] [INFO] Booting the 'Statics' middleware...
[2022-11-15 15:12:50] [INFO] Booting the 'StatusMonitor' middleware...
[2022-11-15 15:13:2] [INFO] Booting the 'CORS' middleware...
[2022-11-15 15:13:2] [INFO] Booting the 'HTTP' middleware...
[2022-11-15 15:13:2] [INFO] Booting the 'Views' middleware...
[2022-11-15 15:13:2] [INFO] Booting the 'Statics' middleware...
[2022-11-15 15:13:2] [INFO] Booting the 'StatusMonitor' middleware...
[2022-11-15 15:13:13] [INFO] Booting the 'CORS' middleware...
[2022-11-15 15:13:13] [INFO] Booting the 'HTTP' middleware...
[2022-11-15 15:13:13] [INFO] Booting the 'Views' middleware...
[2022-11-15 15:13:13] [INFO] Booting the 'Statics' middleware...
[2022-11-15 15:13:13] [INFO] Booting the 'StatusMonitor' middleware...
[2022-11-15 15:13:27] [INFO] Booting the 'CORS' middleware...
[2022-11-15 15:13:27] [INFO] Booting the 'HTTP' middleware...
[2022-11-15 15:13:27] [INFO] Booting the 'Views' middleware...
[2022-11-15 15:13:27] [INFO] Booting the 'Statics' middleware...
[2022-11-15 15:13:27] [INFO] Booting the 'StatusMonitor' middleware...
[2022-11-15 15:13:35] [INFO] Booting the 'CORS' middleware...
[2022-11-15 15:13:35] [INFO] Booting the 'HTTP' middleware...
[2022-11-15 15:13:35] [INFO] Booting the 'Views' middleware...
[2022-11-15 15:13:35] [INFO] Booting the 'Statics' middleware...
[2022-11-15 15:13:35] [INFO] Booting the 'StatusMonitor' middleware...
[2022-11-15 15:13:45] [INFO] Booting the 'CORS' middleware...
[2022-11-15 15:13:45] [INFO] Booting the 'HTTP' middleware...
[2022-11-15 15:13:45] [INFO] Booting the 'Views' middleware...
[2022-11-15 15:13:45] [INFO] Booting the 'Statics' middleware...
[2022-11-15 15:13:45] [INFO] Booting the 'StatusMonitor' middleware...
[2022-11-15 15:13:52] [INFO] Booting the 'CORS' middleware...
[2022-11-15 15:13:52] [INFO] Booting the 'HTTP' middleware...
[2022-11-15 15:13:52] [INFO] Booting the 'Views' middleware...
[2022-11-15 15:13:52] [INFO] Booting the 'Statics' middleware...
[2022-11-15 15:13:52] [INFO] Booting the 'StatusMonitor' middleware...
[2022-11-15 15:14:18] [INFO] Booting the 'CORS' middleware...
[2022-11-15 15:14:18] [INFO] Booting the 'Views' middleware...
[2022-11-15 15:14:18] [INFO] Booting the 'HTTP' middleware...
[2022-11-15 15:14:18] [INFO] Booting the 'Statics' middleware...
[2022-11-15 15:14:18] [INFO] Booting the 'StatusMonitor' middleware...
[2022-11-15 15:27:54] [INFO] Booting the 'CORS' middleware...
[2022-11-15 15:27:54] [INFO] Booting the 'HTTP' middleware...
[2022-11-15 15:27:54] [INFO] Booting the 'Views' middleware...
[2022-11-15 15:27:54] [INFO] Booting the 'Statics' middleware...
[2022-11-15 15:27:54] [INFO] Booting the 'StatusMonitor' middleware...
[2022-11-15 15:28:12] [INFO] Booting the 'CORS' middleware...
[2022-11-15 15:28:12] [INFO] Booting the 'HTTP' middleware...
[2022-11-15 15:28:12] [INFO] Booting the 'Statics' middleware...
[2022-11-15 15:28:12] [INFO] Booting the 'Views' middleware...
[2022-11-15 15:28:12] [INFO] Booting the 'StatusMonitor' middleware...
[2022-11-15 15:28:32] [INFO] Booting the 'CORS' middleware...
[2022-11-15 15:28:32] [INFO] Booting the 'HTTP' middleware...
[2022-11-15 15:28:32] [INFO] Booting the 'Views' middleware...
[2022-11-15 15:28:32] [INFO] Booting the 'Statics' middleware...
[2022-11-15 15:28:32] [INFO] Booting the 'StatusMonitor' middleware...
[2022-11-15 15:28:34] [INFO] Booting the 'CORS' middleware...
[2022-11-15 15:28:34] [INFO] Booting the 'HTTP' middleware...
[2022-11-15 15:28:34] [INFO] Booting the 'Views' middleware...
[2022-11-15 15:28:34] [INFO] Booting the 'Statics' middleware...
[2022-11-15 15:28:34] [INFO] Booting the 'StatusMonitor' middleware...
[2022-11-15 15:28:51] [INFO] Booting the 'CORS' middleware...
[2022-11-15 15:28:51] [INFO] Booting the 'Views' middleware...
[2022-11-15 15:28:51] [INFO] Booting the 'HTTP' middleware...
[2022-11-15 15:28:51] [INFO] Booting the 'Statics' middleware...
[2022-11-15 15:28:51] [INFO] Booting the 'StatusMonitor' middleware...
[2022-11-15 15:29:1] [INFO] Booting the 'CORS' middleware...
[2022-11-15 15:29:1] [INFO] Booting the 'HTTP' middleware...
[2022-11-15 15:29:1] [INFO] Booting the 'StatusMonitor' middleware...
[2022-11-15 15:29:1] [INFO] Booting the 'Views' middleware...
[2022-11-15 15:29:1] [INFO] Booting the 'Statics' middleware...
[2022-11-15 15:29:8] [INFO] Booting the 'CORS' middleware...
[2022-11-15 15:29:8] [INFO] Booting the 'HTTP' middleware...
[2022-11-15 15:29:8] [INFO] Booting the 'Statics' middleware...
[2022-11-15 15:29:8] [INFO] Booting the 'Views' middleware...
[2022-11-15 15:29:8] [INFO] Booting the 'StatusMonitor' middleware...
[2022-11-15 15:29:57] [INFO] Booting the 'CORS' middleware...
[2022-11-15 15:29:57] [INFO] Booting the 'HTTP' middleware...
[2022-11-15 15:29:57] [INFO] Booting the 'Views' middleware...
[2022-11-15 15:29:57] [INFO] Booting the 'Statics' middleware...
[2022-11-15 15:29:57] [INFO] Booting the 'StatusMonitor' middleware...
[2022-11-15 15:30:4] [INFO] Booting the 'CORS' middleware...
[2022-11-15 15:30:4] [INFO] Booting the 'HTTP' middleware...
[2022-11-15 15:30:4] [INFO] Booting the 'Views' middleware...
[2022-11-15 15:30:4] [INFO] Booting the 'Statics' middleware...
[2022-11-15 15:30:4] [INFO] Booting the 'StatusMonitor' middleware...
[2022-11-15 15:30:31] [INFO] Booting the 'CORS' middleware...
[2022-11-15 15:30:31] [INFO] Booting the 'HTTP' middleware...
[2022-11-15 15:30:31] [INFO] Booting the 'Views' middleware...
[2022-11-15 15:30:31] [INFO] Booting the 'Statics' middleware...
[2022-11-15 15:30:31] [INFO] Booting the 'StatusMonitor' middleware...
[2022-11-15 15:30:47] [INFO] Booting the 'CORS' middleware...
[2022-11-15 15:30:47] [INFO] Booting the 'HTTP' middleware...
[2022-11-15 15:30:47] [INFO] Booting the 'Views' middleware...
[2022-11-15 15:30:47] [INFO] Booting the 'Statics' middleware...
[2022-11-15 15:30:47] [INFO] Booting the 'StatusMonitor' middleware...
[2022-11-15 15:31:6] [INFO] Booting the 'CORS' middleware...
[2022-11-15 15:31:6] [INFO] Booting the 'HTTP' middleware...
[2022-11-15 15:31:6] [INFO] Booting the 'Views' middleware...
[2022-11-15 15:31:6] [INFO] Booting the 'Statics' middleware...
[2022-11-15 15:31:6] [INFO] Booting the 'StatusMonitor' middleware...
[2022-11-15 15:31:39] [INFO] Booting the 'CORS' middleware...
[2022-11-15 15:31:39] [INFO] Booting the 'HTTP' middleware...
[2022-11-15 15:31:39] [INFO] Booting the 'Views' middleware...
[2022-11-15 15:31:39] [INFO] Booting the 'Statics' middleware...
[2022-11-15 15:31:39] [INFO] Booting the 'StatusMonitor' middleware...
[2022-11-15 15:32:9] [INFO] Booting the 'CORS' middleware...
[2022-11-15 15:32:9] [INFO] Booting the 'HTTP' middleware...
[2022-11-15 15:32:9] [INFO] Booting the 'Views' middleware...
[2022-11-15 15:32:9] [INFO] Booting the 'Statics' middleware...
[2022-11-15 15:32:9] [INFO] Booting the 'StatusMonitor' middleware...
[2022-11-15 15:32:15] [INFO] Booting the 'CORS' middleware...
[2022-11-15 15:32:15] [INFO] Booting the 'HTTP' middleware...
[2022-11-15 15:32:15] [INFO] Booting the 'Views' middleware...
[2022-11-15 15:32:15] [INFO] Booting the 'Statics' middleware...
[2022-11-15 15:32:15] [INFO] Booting the 'StatusMonitor' middleware...
[2022-11-15 15:32:19] [INFO] Booting the 'CORS' middleware...
[2022-11-15 15:32:19] [INFO] Booting the 'HTTP' middleware...
[2022-11-15 15:32:19] [INFO] Booting the 'Views' middleware...
[2022-11-15 15:32:19] [INFO] Booting the 'Statics' middleware...
[2022-11-15 15:32:19] [INFO] Booting the 'StatusMonitor' middleware...
[2022-11-15 15:32:21] [INFO] Booting the 'CORS' middleware...
[2022-11-15 15:32:21] [INFO] Booting the 'HTTP' middleware...
[2022-11-15 15:32:21] [INFO] Booting the 'Views' middleware...
[2022-11-15 15:32:21] [INFO] Booting the 'Statics' middleware...
[2022-11-15 15:32:21] [INFO] Booting the 'StatusMonitor' middleware...
[2022-11-15 15:33:38] [INFO] Booting the 'CORS' middleware...
[2022-11-15 15:33:38] [INFO] Booting the 'HTTP' middleware...
[2022-11-15 15:33:38] [INFO] Booting the 'Views' middleware...
[2022-11-15 15:33:38] [INFO] Booting the 'Statics' middleware...
[2022-11-15 15:33:38] [INFO] Booting the 'StatusMonitor' middleware...
[2022-11-15 15:33:48] [INFO] Booting the 'CORS' middleware...
[2022-11-15 15:33:48] [INFO] Booting the 'HTTP' middleware...
[2022-11-15 15:33:48] [INFO] Booting the 'Views' middleware...
[2022-11-15 15:33:48] [INFO] Booting the 'Statics' middleware...
[2022-11-15 15:33:48] [INFO] Booting the 'StatusMonitor' middleware...
[2022-11-15 15:39:2] [INFO] Booting the 'CORS' middleware...
[2022-11-15 15:39:2] [INFO] Booting the 'HTTP' middleware...
[2022-11-15 15:39:2] [INFO] Booting the 'Views' middleware...
[2022-11-15 15:39:2] [INFO] Booting the 'Statics' middleware...
[2022-11-15 15:39:2] [INFO] Booting the 'StatusMonitor' middleware...
[2022-11-15 15:39:16] [INFO] Booting the 'CORS' middleware...
[2022-11-15 15:39:16] [INFO] Booting the 'HTTP' middleware...
[2022-11-15 15:39:16] [INFO] Booting the 'Views' middleware...
[2022-11-15 15:39:16] [INFO] Booting the 'Statics' middleware...
[2022-11-15 15:39:16] [INFO] Booting the 'StatusMonitor' middleware...
[2022-11-15 15:39:25] [INFO] Booting the 'CORS' middleware...
[2022-11-15 15:39:25] [INFO] Booting the 'HTTP' middleware...
[2022-11-15 15:39:25] [INFO] Booting the 'Views' middleware...
[2022-11-15 15:39:25] [INFO] Booting the 'Statics' middleware...
[2022-11-15 15:39:25] [INFO] Booting the 'StatusMonitor' middleware...
[2022-11-15 15:39:29] [INFO] Booting the 'CORS' middleware...
[2022-11-15 15:39:29] [INFO] Booting the 'HTTP' middleware...
[2022-11-15 15:39:29] [INFO] Booting the 'Views' middleware...
[2022-11-15 15:39:29] [INFO] Booting the 'Statics' middleware...
[2022-11-15 15:39:29] [INFO] Booting the 'StatusMonitor' middleware...
[2022-11-15 15:39:41] [INFO] Booting the 'CORS' middleware...
[2022-11-15 15:39:41] [INFO] Booting the 'HTTP' middleware...
[2022-11-15 15:39:41] [INFO] Booting the 'Views' middleware...
[2022-11-15 15:39:41] [INFO] Booting the 'Statics' middleware...
[2022-11-15 15:39:41] [INFO] Booting the 'StatusMonitor' middleware...
[2022-11-15 15:39:51] [INFO] Booting the 'CORS' middleware...
[2022-11-15 15:39:51] [INFO] Booting the 'HTTP' middleware...
[2022-11-15 15:39:51] [INFO] Booting the 'Views' middleware...
[2022-11-15 15:39:51] [INFO] Booting the 'Statics' middleware...
[2022-11-15 15:39:51] [INFO] Booting the 'StatusMonitor' middleware...
[2022-11-15 15:39:59] [INFO] Booting the 'CORS' middleware...
[2022-11-15 15:39:59] [INFO] Booting the 'HTTP' middleware...
[2022-11-15 15:39:59] [INFO] Booting the 'Views' middleware...
[2022-11-15 15:39:59] [INFO] Booting the 'Statics' middleware...
[2022-11-15 15:39:59] [INFO] Booting the 'StatusMonitor' middleware...
[2022-11-15 15:40:3] [INFO] Booting the 'CORS' middleware...
[2022-11-15 15:40:3] [INFO] Booting the 'HTTP' middleware...
[2022-11-15 15:40:3] [INFO] Booting the 'Views' middleware...
[2022-11-15 15:40:3] [INFO] Booting the 'Statics' middleware...
[2022-11-15 15:40:3] [INFO] Booting the 'StatusMonitor' middleware...
[2022-11-15 15:41:58] [INFO] Booting the 'CORS' middleware...
[2022-11-15 15:41:58] [INFO] Booting the 'HTTP' middleware...
[2022-11-15 15:41:58] [INFO] Booting the 'Views' middleware...
[2022-11-15 15:41:58] [INFO] Booting the 'Statics' middleware...
[2022-11-15 15:41:58] [INFO] Booting the 'StatusMonitor' middleware...
[2022-11-15 15:42:27] [INFO] Booting the 'CORS' middleware...
[2022-11-15 15:42:27] [INFO] Booting the 'HTTP' middleware...
[2022-11-15 15:42:27] [INFO] Booting the 'Views' middleware...
[2022-11-15 15:42:27] [INFO] Booting the 'Statics' middleware...
[2022-11-15 15:42:27] [INFO] Booting the 'StatusMonitor' middleware...
[2022-11-15 15:43:12] [INFO] Booting the 'CORS' middleware...
[2022-11-15 15:43:12] [INFO] Booting the 'HTTP' middleware...
[2022-11-15 15:43:12] [INFO] Booting the 'Views' middleware...
[2022-11-15 15:43:12] [INFO] Booting the 'Statics' middleware...
[2022-11-15 15:43:12] [INFO] Booting the 'StatusMonitor' middleware...
[2022-11-15 15:43:20] [INFO] Booting the 'CORS' middleware...
[2022-11-15 15:43:20] [INFO] Booting the 'HTTP' middleware...
[2022-11-15 15:43:20] [INFO] Booting the 'Views' middleware...
[2022-11-15 15:43:20] [INFO] Booting the 'Statics' middleware...
[2022-11-15 15:43:20] [INFO] Booting the 'StatusMonitor' middleware...
[2022-11-15 15:43:28] [INFO] Booting the 'CORS' middleware...
[2022-11-15 15:43:28] [INFO] Booting the 'HTTP' middleware...
[2022-11-15 15:43:28] [INFO] Booting the 'Views' middleware...
[2022-11-15 15:43:28] [INFO] Booting the 'Statics' middleware...
[2022-11-15 15:43:28] [INFO] Booting the 'StatusMonitor' middleware...
[2022-11-15 15:43:42] [INFO] Booting the 'CORS' middleware...
[2022-11-15 15:43:42] [INFO] Booting the 'HTTP' middleware...
[2022-11-15 15:43:42] [INFO] Booting the 'Views' middleware...
[2022-11-15 15:43:42] [INFO] Booting the 'Statics' middleware...
[2022-11-15 15:43:42] [INFO] Booting the 'StatusMonitor' middleware...
[2022-11-15 15:45:9] [INFO] Booting the 'CORS' middleware...
[2022-11-15 15:45:9] [INFO] Booting the 'HTTP' middleware...
[2022-11-15 15:45:9] [INFO] Booting the 'Views' middleware...
[2022-11-15 15:45:9] [INFO] Booting the 'Statics' middleware...
[2022-11-15 15:45:9] [INFO] Booting the 'StatusMonitor' middleware...
[2022-11-15 15:45:10] [INFO] Booting the 'CORS' middleware...
[2022-11-15 15:45:10] [INFO] Booting the 'HTTP' middleware...
[2022-11-15 15:45:10] [INFO] Booting the 'Views' middleware...
[2022-11-15 15:45:10] [INFO] Booting the 'Statics' middleware...
[2022-11-15 15:45:10] [INFO] Booting the 'StatusMonitor' middleware...
[2022-11-15 15:45:34] [INFO] Booting the 'CORS' middleware...
[2022-11-15 15:45:34] [INFO] Booting the 'HTTP' middleware...
[2022-11-15 15:45:34] [INFO] Booting the 'Views' middleware...
[2022-11-15 15:45:34] [INFO] Booting the 'Statics' middleware...
[2022-11-15 15:45:34] [INFO] Booting the 'StatusMonitor' middleware...
[2022-11-15 15:48:0] [INFO] Booting the 'CORS' middleware...
[2022-11-15 15:48:0] [INFO] Booting the 'HTTP' middleware...
[2022-11-15 15:48:0] [INFO] Booting the 'Views' middleware...
[2022-11-15 15:48:0] [INFO] Booting the 'Statics' middleware...
[2022-11-15 15:48:0] [INFO] Booting the 'StatusMonitor' middleware...
[2022-11-15 15:49:18] [INFO] Booting the 'CORS' middleware...
[2022-11-15 15:49:18] [INFO] Booting the 'HTTP' middleware...
[2022-11-15 15:49:18] [INFO] Booting the 'Views' middleware...
[2022-11-15 15:49:18] [INFO] Booting the 'Statics' middleware...
[2022-11-15 15:49:18] [INFO] Booting the 'StatusMonitor' middleware...
[2022-11-15 15:57:50] [INFO] Booting the 'CORS' middleware...
[2022-11-15 15:57:50] [INFO] Booting the 'HTTP' middleware...
[2022-11-15 15:57:50] [INFO] Booting the 'Views' middleware...
[2022-11-15 15:57:50] [INFO] Booting the 'Statics' middleware...
[2022-11-15 15:57:50] [INFO] Booting the 'StatusMonitor' middleware...
[2022-11-15 15:57:56] [INFO] Booting the 'CORS' middleware...
[2022-11-15 15:57:56] [INFO] Booting the 'HTTP' middleware...
[2022-11-15 15:57:56] [INFO] Booting the 'Views' middleware...
[2022-11-15 15:57:56] [INFO] Booting the 'Statics' middleware...
[2022-11-15 15:57:56] [INFO] Booting the 'StatusMonitor' middleware...
[2022-11-15 16:0:9] [INFO] Booting the 'CORS' middleware...
[2022-11-15 16:0:9] [INFO] Booting the 'HTTP' middleware...
[2022-11-15 16:0:9] [INFO] Booting the 'Views' middleware...
[2022-11-15 16:0:9] [INFO] Booting the 'Statics' middleware...
[2022-11-15 16:0:9] [INFO] Booting the 'StatusMonitor' middleware...
[2022-11-15 16:0:19] [INFO] Booting the 'CORS' middleware...
[2022-11-15 16:0:19] [INFO] Booting the 'HTTP' middleware...
[2022-11-15 16:0:19] [INFO] Booting the 'Views' middleware...
[2022-11-15 16:0:19] [INFO] Booting the 'Statics' middleware...
[2022-11-15 16:0:19] [INFO] Booting the 'StatusMonitor' middleware...
[2022-11-15 16:3:15] [INFO] Booting the 'CORS' middleware...
[2022-11-15 16:3:15] [INFO] Booting the 'HTTP' middleware...
[2022-11-15 16:3:15] [INFO] Booting the 'Views' middleware...
[2022-11-15 16:3:15] [INFO] Booting the 'Statics' middleware...
[2022-11-15 16:3:15] [INFO] Booting the 'StatusMonitor' middleware...
[2022-11-15 16:4:16] [INFO] Booting the 'CORS' middleware...
[2022-11-15 16:4:16] [INFO] Booting the 'HTTP' middleware...
[2022-11-15 16:4:16] [INFO] Booting the 'Views' middleware...
[2022-11-15 16:4:16] [INFO] Booting the 'Statics' middleware...
[2022-11-15 16:4:16] [INFO] Booting the 'StatusMonitor' middleware...
[2022-11-15 16:4:27] [INFO] Booting the 'CORS' middleware...
[2022-11-15 16:4:27] [INFO] Booting the 'HTTP' middleware...
[2022-11-15 16:4:27] [INFO] Booting the 'Views' middleware...
[2022-11-15 16:4:27] [INFO] Booting the 'Statics' middleware...
[2022-11-15 16:4:27] [INFO] Booting the 'StatusMonitor' middleware...
[2022-11-15 16:4:29] [INFO] Booting the 'CORS' middleware...
[2022-11-15 16:4:29] [INFO] Booting the 'HTTP' middleware...
[2022-11-15 16:4:29] [INFO] Booting the 'Views' middleware...
[2022-11-15 16:4:29] [INFO] Booting the 'Statics' middleware...
[2022-11-15 16:4:29] [INFO] Booting the 'StatusMonitor' middleware...
[2022-11-15 16:5:23] [INFO] Booting the 'CORS' middleware...
[2022-11-15 16:5:23] [INFO] Booting the 'HTTP' middleware...
[2022-11-15 16:5:23] [INFO] Booting the 'Views' middleware...
[2022-11-15 16:5:23] [INFO] Booting the 'Statics' middleware...
[2022-11-15 16:5:23] [INFO] Booting the 'StatusMonitor' middleware...
[2022-11-15 16:10:16] [INFO] Booting the 'CORS' middleware...
[2022-11-15 16:10:16] [INFO] Booting the 'HTTP' middleware...
[2022-11-15 16:10:16] [INFO] Booting the 'Views' middleware...
[2022-11-15 16:10:16] [INFO] Booting the 'Statics' middleware...
[2022-11-15 16:10:16] [INFO] Booting the 'StatusMonitor' middleware...
[2022-11-15 16:10:39] [INFO] Booting the 'CORS' middleware...
[2022-11-15 16:10:39] [INFO] Booting the 'HTTP' middleware...
[2022-11-15 16:10:39] [INFO] Booting the 'Views' middleware...
[2022-11-15 16:10:39] [INFO] Booting the 'Statics' middleware...
[2022-11-15 16:10:39] [INFO] Booting the 'StatusMonitor' middleware...
[2022-11-15 16:10:41] [INFO] Booting the 'CORS' middleware...
[2022-11-15 16:10:41] [INFO] Booting the 'HTTP' middleware...
[2022-11-15 16:10:41] [INFO] Booting the 'Views' middleware...
[2022-11-15 16:10:41] [INFO] Booting the 'Statics' middleware...
[2022-11-15 16:10:41] [INFO] Booting the 'StatusMonitor' middleware...
[2022-11-15 16:10:42] [INFO] Booting the 'CORS' middleware...
[2022-11-15 16:10:42] [INFO] Booting the 'HTTP' middleware...
[2022-11-15 16:10:42] [INFO] Booting the 'Views' middleware...
[2022-11-15 16:10:42] [INFO] Booting the 'Statics' middleware...
[2022-11-15 16:10:42] [INFO] Booting the 'StatusMonitor' middleware...
[2022-11-15 16:10:45] [INFO] Booting the 'CORS' middleware...
[2022-11-15 16:10:45] [INFO] Booting the 'HTTP' middleware...
[2022-11-15 16:10:45] [INFO] Booting the 'Views' middleware...
[2022-11-15 16:10:45] [INFO] Booting the 'Statics' middleware...
[2022-11-15 16:10:45] [INFO] Booting the 'StatusMonitor' middleware...
[2022-11-15 16:10:49] [INFO] Booting the 'CORS' middleware...
[2022-11-15 16:10:49] [INFO] Booting the 'HTTP' middleware...
[2022-11-15 16:10:49] [INFO] Booting the 'Views' middleware...
[2022-11-15 16:10:49] [INFO] Booting the 'Statics' middleware...
[2022-11-15 16:10:49] [INFO] Booting the 'StatusMonitor' middleware...
[2022-11-15 16:16:32] [INFO] Booting the 'CORS' middleware...
[2022-11-15 16:16:32] [INFO] Booting the 'HTTP' middleware...
[2022-11-15 16:16:32] [INFO] Booting the 'Views' middleware...
[2022-11-15 16:16:32] [INFO] Booting the 'Statics' middleware...
[2022-11-15 16:16:32] [INFO] Booting the 'StatusMonitor' middleware...
[2022-11-15 16:17:12] [INFO] Booting the 'CORS' middleware...
[2022-11-15 16:17:12] [INFO] Booting the 'HTTP' middleware...
[2022-11-15 16:17:12] [INFO] Booting the 'Views' middleware...
[2022-11-15 16:17:12] [INFO] Booting the 'Statics' middleware...
[2022-11-15 16:17:12] [INFO] Booting the 'StatusMonitor' middleware...
[2022-11-15 16:17:14] [INFO] Booting the 'CORS' middleware...
[2022-11-15 16:17:14] [INFO] Booting the 'HTTP' middleware...
[2022-11-15 16:17:14] [INFO] Booting the 'Views' middleware...
[2022-11-15 16:17:14] [INFO] Booting the 'Statics' middleware...
[2022-11-15 16:17:14] [INFO] Booting the 'StatusMonitor' middleware...
[2022-11-15 16:17:32] [INFO] Booting the 'CORS' middleware...
[2022-11-15 16:17:32] [INFO] Booting the 'HTTP' middleware...
[2022-11-15 16:17:32] [INFO] Booting the 'Views' middleware...
[2022-11-15 16:17:32] [INFO] Booting the 'Statics' middleware...
[2022-11-15 16:17:32] [INFO] Booting the 'StatusMonitor' middleware...
[2022-11-15 16:20:9] [INFO] Booting the 'CORS' middleware...
[2022-11-15 16:20:9] [INFO] Booting the 'HTTP' middleware...
[2022-11-15 16:20:9] [INFO] Booting the 'Views' middleware...
[2022-11-15 16:20:9] [INFO] Booting the 'Statics' middleware...
[2022-11-15 16:20:9] [INFO] Booting the 'StatusMonitor' middleware...
[2022-11-15 16:23:43] [INFO] Booting the 'CORS' middleware...
[2022-11-15 16:23:43] [INFO] Booting the 'HTTP' middleware...
[2022-11-15 16:23:43] [INFO] Booting the 'Views' middleware...
[2022-11-15 16:23:43] [INFO] Booting the 'Statics' middleware...
[2022-11-15 16:23:43] [INFO] Booting the 'StatusMonitor' middleware...
[2022-11-15 16:24:53] [INFO] Booting the 'CORS' middleware...
[2022-11-15 16:24:53] [INFO] Booting the 'HTTP' middleware...
[2022-11-15 16:24:53] [INFO] Booting the 'Views' middleware...
[2022-11-15 16:24:53] [INFO] Booting the 'Statics' middleware...
[2022-11-15 16:24:53] [INFO] Booting the 'StatusMonitor' middleware...
[2022-11-15 16:26:1] [INFO] Booting the 'CORS' middleware...
[2022-11-15 16:26:1] [INFO] Booting the 'HTTP' middleware...
[2022-11-15 16:26:1] [INFO] Booting the 'Views' middleware...
[2022-11-15 16:26:1] [INFO] Booting the 'Statics' middleware...
[2022-11-15 16:26:1] [INFO] Booting the 'StatusMonitor' middleware...
[2022-11-15 16:26:46] [INFO] Booting the 'CORS' middleware...
[2022-11-15 16:26:46] [INFO] Booting the 'HTTP' middleware...
[2022-11-15 16:26:46] [INFO] Booting the 'Views' middleware...
[2022-11-15 16:26:46] [INFO] Booting the 'Statics' middleware...
[2022-11-15 16:26:46] [INFO] Booting the 'StatusMonitor' middleware...
[2022-11-15 16:30:28] [INFO] Booting the 'CORS' middleware...
[2022-11-15 16:30:28] [INFO] Booting the 'HTTP' middleware...
[2022-11-15 16:30:28] [INFO] Booting the 'Views' middleware...
[2022-11-15 16:30:28] [INFO] Booting the 'Statics' middleware...
[2022-11-15 16:30:28] [INFO] Booting the 'StatusMonitor' middleware...
[2022-11-15 16:31:54] [INFO] Booting the 'CORS' middleware...
[2022-11-15 16:31:54] [INFO] Booting the 'HTTP' middleware...
[2022-11-15 16:31:54] [INFO] Booting the 'Views' middleware...
[2022-11-15 16:31:54] [INFO] Booting the 'Statics' middleware...
[2022-11-15 16:31:54] [INFO] Booting the 'StatusMonitor' middleware...
