[2022-12-17 0:6:55] [INFO] Booting the 'CORS' middleware...
[2022-12-17 0:6:55] [INFO] Booting the 'HTTP' middleware...
[2022-12-17 0:6:55] [INFO] Booting the 'Views' middleware...
[2022-12-17 0:6:55] [INFO] Booting the 'Statics' middleware...
[2022-12-17 0:6:55] [INFO] Booting the 'CORS' middleware...
[2022-12-17 0:6:55] [INFO] Booting the 'HTTP' middleware...
[2022-12-17 0:6:55] [INFO] Booting the 'Views' middleware...
[2022-12-17 0:6:55] [INFO] Booting the 'Statics' middleware...
[2022-12-17 0:7:3] [INFO] Booting the 'CORS' middleware...
[2022-12-17 0:7:3] [INFO] Booting the 'HTTP' middleware...
[2022-12-17 0:7:3] [INFO] Booting the 'Views' middleware...
[2022-12-17 0:7:3] [INFO] Booting the 'Statics' middleware...
[2022-12-17 0:7:3] [INFO] Booting the 'CORS' middleware...
[2022-12-17 0:7:3] [INFO] Booting the 'HTTP' middleware...
[2022-12-17 0:7:3] [INFO] Booting the 'Views' middleware...
[2022-12-17 0:7:3] [INFO] Booting the 'Statics' middleware...
[2022-12-17 0:7:34] [INFO] Booting the 'CORS' middleware...
[2022-12-17 0:7:34] [INFO] Booting the 'HTTP' middleware...
[2022-12-17 0:7:34] [INFO] Booting the 'Views' middleware...
[2022-12-17 0:7:34] [INFO] Booting the 'Statics' middleware...
[2022-12-17 0:7:34] [INFO] Booting the 'CORS' middleware...
[2022-12-17 0:7:34] [INFO] Booting the 'HTTP' middleware...
[2022-12-17 0:7:34] [INFO] Booting the 'Views' middleware...
[2022-12-17 0:7:34] [INFO] Booting the 'Statics' middleware...
[2022-12-17 0:8:0] [INFO] Booting the 'CORS' middleware...
[2022-12-17 0:8:0] [INFO] Booting the 'HTTP' middleware...
[2022-12-17 0:8:0] [INFO] Booting the 'Views' middleware...
[2022-12-17 0:8:0] [INFO] Booting the 'Statics' middleware...
[2022-12-17 0:8:0] [INFO] Booting the 'CORS' middleware...
[2022-12-17 0:8:0] [INFO] Booting the 'HTTP' middleware...
[2022-12-17 0:8:0] [INFO] Booting the 'Views' middleware...
[2022-12-17 0:8:0] [INFO] Booting the 'Statics' middleware...
[2022-12-17 0:8:33] [INFO] Booting the 'CORS' middleware...
[2022-12-17 0:8:33] [INFO] Booting the 'HTTP' middleware...
[2022-12-17 0:8:33] [INFO] Booting the 'Views' middleware...
[2022-12-17 0:8:33] [INFO] Booting the 'Statics' middleware...
[2022-12-17 0:8:33] [INFO] Booting the 'CORS' middleware...
[2022-12-17 0:8:33] [INFO] Booting the 'HTTP' middleware...
[2022-12-17 0:8:33] [INFO] Booting the 'Views' middleware...
[2022-12-17 0:8:33] [INFO] Booting the 'Statics' middleware...
[2022-12-17 0:9:7] [INFO] Booting the 'CORS' middleware...
[2022-12-17 0:9:7] [INFO] Booting the 'HTTP' middleware...
[2022-12-17 0:9:7] [INFO] Booting the 'Views' middleware...
[2022-12-17 0:9:7] [INFO] Booting the 'Statics' middleware...
[2022-12-17 0:9:7] [INFO] Booting the 'CORS' middleware...
[2022-12-17 0:9:7] [INFO] Booting the 'HTTP' middleware...
[2022-12-17 0:9:7] [INFO] Booting the 'Views' middleware...
[2022-12-17 0:9:7] [INFO] Booting the 'Statics' middleware...
[2022-12-17 0:11:37] [INFO] Booting the 'CORS' middleware...
[2022-12-17 0:11:37] [INFO] Booting the 'HTTP' middleware...
[2022-12-17 0:11:37] [INFO] Booting the 'Views' middleware...
[2022-12-17 0:11:37] [INFO] Booting the 'Statics' middleware...
[2022-12-17 0:11:46] [INFO] Booting the 'CORS' middleware...
[2022-12-17 0:11:46] [INFO] Booting the 'HTTP' middleware...
[2022-12-17 0:11:46] [INFO] Booting the 'Views' middleware...
[2022-12-17 0:11:46] [INFO] Booting the 'Statics' middleware...
[2022-12-17 0:11:48] [INFO] Booting the 'CORS' middleware...
[2022-12-17 0:11:48] [INFO] Booting the 'HTTP' middleware...
[2022-12-17 0:11:48] [INFO] Booting the 'Views' middleware...
[2022-12-17 0:11:48] [INFO] Booting the 'Statics' middleware...
[2022-12-17 0:11:48] [INFO] Booting the 'CORS' middleware...
[2022-12-17 0:11:48] [INFO] Booting the 'HTTP' middleware...
[2022-12-17 0:11:48] [INFO] Booting the 'Views' middleware...
[2022-12-17 0:11:48] [INFO] Booting the 'Statics' middleware...
[2022-12-17 0:11:50] [INFO] Booting the 'CORS' middleware...
[2022-12-17 0:11:50] [INFO] Booting the 'HTTP' middleware...
[2022-12-17 0:11:50] [INFO] Booting the 'Views' middleware...
[2022-12-17 0:11:50] [INFO] Booting the 'Statics' middleware...
[2022-12-17 0:13:46] [INFO] Booting the 'CORS' middleware...
[2022-12-17 0:13:46] [INFO] Booting the 'CORS' middleware...
[2022-12-17 0:13:46] [INFO] Booting the 'HTTP' middleware...
[2022-12-17 0:13:46] [INFO] Booting the 'HTTP' middleware...
[2022-12-17 0:13:46] [INFO] Booting the 'Views' middleware...
[2022-12-17 0:13:46] [INFO] Booting the 'Views' middleware...
[2022-12-17 0:13:46] [INFO] Booting the 'Statics' middleware...
[2022-12-17 0:13:46] [INFO] Booting the 'Statics' middleware...
[2022-12-17 0:13:46] [INFO] Booting the 'CORS' middleware...
[2022-12-17 0:13:46] [INFO] Booting the 'HTTP' middleware...
[2022-12-17 0:13:46] [INFO] Booting the 'Views' middleware...
[2022-12-17 0:13:46] [INFO] Booting the 'Statics' middleware...
[2022-12-17 0:13:51] [INFO] Booting the 'CORS' middleware...
[2022-12-17 0:13:51] [INFO] Booting the 'HTTP' middleware...
[2022-12-17 0:13:51] [INFO] Booting the 'Views' middleware...
[2022-12-17 0:13:51] [INFO] Booting the 'Statics' middleware...
[2022-12-17 0:13:51] [INFO] Booting the 'CORS' middleware...
[2022-12-17 0:13:51] [INFO] Booting the 'HTTP' middleware...
[2022-12-17 0:13:51] [INFO] Booting the 'Views' middleware...
[2022-12-17 0:13:51] [INFO] Booting the 'Statics' middleware...
[2022-12-17 0:13:51] [INFO] Booting the 'CORS' middleware...
[2022-12-17 0:13:51] [INFO] Booting the 'HTTP' middleware...
[2022-12-17 0:13:51] [INFO] Booting the 'Views' middleware...
[2022-12-17 0:13:51] [INFO] Booting the 'Statics' middleware...
[2022-12-17 0:13:53] [INFO] Booting the 'HTTP' middleware...
[2022-12-17 0:13:53] [INFO] Booting the 'Views' middleware...
[2022-12-17 0:13:53] [INFO] Booting the 'Statics' middleware...
[2022-12-17 0:13:53] [INFO] Booting the 'CORS' middleware...
[2022-12-17 0:13:53] [INFO] Booting the 'CORS' middleware...
[2022-12-17 0:13:53] [INFO] Booting the 'HTTP' middleware...
[2022-12-17 0:13:53] [INFO] Booting the 'Views' middleware...
[2022-12-17 0:13:53] [INFO] Booting the 'Statics' middleware...
[2022-12-17 0:13:53] [INFO] Booting the 'CORS' middleware...
[2022-12-17 0:13:53] [INFO] Booting the 'HTTP' middleware...
[2022-12-17 0:13:53] [INFO] Booting the 'Views' middleware...
[2022-12-17 0:13:53] [INFO] Booting the 'Statics' middleware...
[2022-12-17 0:13:54] [INFO] Booting the 'CORS' middleware...
[2022-12-17 0:13:54] [INFO] Booting the 'HTTP' middleware...
[2022-12-17 0:13:54] [INFO] Booting the 'Views' middleware...
[2022-12-17 0:13:54] [INFO] Booting the 'Statics' middleware...
[2022-12-17 0:13:54] [INFO] Booting the 'CORS' middleware...
[2022-12-17 0:13:54] [INFO] Booting the 'HTTP' middleware...
[2022-12-17 0:13:54] [INFO] Booting the 'Views' middleware...
[2022-12-17 0:13:54] [INFO] Booting the 'Statics' middleware...
[2022-12-17 0:13:54] [INFO] Booting the 'CORS' middleware...
[2022-12-17 0:13:54] [INFO] Booting the 'HTTP' middleware...
[2022-12-17 0:13:54] [INFO] Booting the 'Views' middleware...
[2022-12-17 0:13:54] [INFO] Booting the 'Statics' middleware...
[2022-12-17 0:17:2] [INFO] Booting the 'CORS' middleware...
[2022-12-17 0:17:2] [INFO] Booting the 'HTTP' middleware...
[2022-12-17 0:17:2] [INFO] Booting the 'Views' middleware...
[2022-12-17 0:17:2] [INFO] Booting the 'Statics' middleware...
[2022-12-17 0:17:3] [INFO] Booting the 'CORS' middleware...
[2022-12-17 0:17:3] [INFO] Booting the 'HTTP' middleware...
[2022-12-17 0:17:3] [INFO] Booting the 'Views' middleware...
[2022-12-17 0:17:3] [INFO] Booting the 'Statics' middleware...
[2022-12-17 0:17:4] [INFO] Booting the 'CORS' middleware...
[2022-12-17 0:17:4] [INFO] Booting the 'HTTP' middleware...
[2022-12-17 0:17:4] [INFO] Booting the 'Views' middleware...
[2022-12-17 0:17:4] [INFO] Booting the 'Statics' middleware...
[2022-12-17 0:24:36] [INFO] Booting the 'CORS' middleware...
[2022-12-17 0:24:36] [INFO] Booting the 'HTTP' middleware...
[2022-12-17 0:24:36] [INFO] Booting the 'Views' middleware...
[2022-12-17 0:24:36] [INFO] Booting the 'Statics' middleware...
[2022-12-17 0:24:41] [INFO] Booting the 'CORS' middleware...
[2022-12-17 0:24:41] [INFO] Booting the 'HTTP' middleware...
[2022-12-17 0:24:41] [INFO] Booting the 'Views' middleware...
[2022-12-17 0:24:41] [INFO] Booting the 'Statics' middleware...
[2022-12-17 0:29:22] [INFO] Booting the 'CORS' middleware...
[2022-12-17 0:29:22] [INFO] Booting the 'HTTP' middleware...
[2022-12-17 0:29:22] [INFO] Booting the 'Views' middleware...
[2022-12-17 0:29:22] [INFO] Booting the 'Statics' middleware...
[2022-12-17 0:29:27] [INFO] Booting the 'CORS' middleware...
[2022-12-17 0:29:27] [INFO] Booting the 'HTTP' middleware...
[2022-12-17 0:29:27] [INFO] Booting the 'Views' middleware...
[2022-12-17 0:29:27] [INFO] Booting the 'Statics' middleware...
[2022-12-17 8:39:41] [INFO] Booting the 'CORS' middleware...
[2022-12-17 8:39:41] [INFO] Booting the 'HTTP' middleware...
[2022-12-17 8:39:41] [INFO] Booting the 'Views' middleware...
[2022-12-17 8:39:41] [INFO] Booting the 'Statics' middleware...
[2022-12-17 8:39:51] [INFO] Booting the 'CORS' middleware...
[2022-12-17 8:39:51] [INFO] Booting the 'HTTP' middleware...
[2022-12-17 8:39:51] [INFO] Booting the 'Views' middleware...
[2022-12-17 8:39:51] [INFO] Booting the 'Statics' middleware...
[2022-12-17 8:39:51] [INFO] Booting the 'CORS' middleware...
[2022-12-17 8:39:51] [INFO] Booting the 'HTTP' middleware...
[2022-12-17 8:39:51] [INFO] Booting the 'Views' middleware...
[2022-12-17 8:39:51] [INFO] Booting the 'Statics' middleware...
[2022-12-17 8:41:43] [INFO] Booting the 'CORS' middleware...
[2022-12-17 8:41:43] [INFO] Booting the 'HTTP' middleware...
[2022-12-17 8:41:43] [INFO] Booting the 'Views' middleware...
[2022-12-17 8:41:43] [INFO] Booting the 'Statics' middleware...
[2022-12-17 8:41:52] [INFO] Booting the 'CORS' middleware...
[2022-12-17 8:41:52] [INFO] Booting the 'HTTP' middleware...
[2022-12-17 8:41:52] [INFO] Booting the 'Views' middleware...
[2022-12-17 8:41:52] [INFO] Booting the 'Statics' middleware...
[2022-12-17 8:41:52] [INFO] Booting the 'CORS' middleware...
[2022-12-17 8:41:52] [INFO] Booting the 'HTTP' middleware...
[2022-12-17 8:41:52] [INFO] Booting the 'Views' middleware...
[2022-12-17 8:41:52] [INFO] Booting the 'Statics' middleware...
[2022-12-17 8:47:26] [INFO] Booting the 'CORS' middleware...
[2022-12-17 8:47:26] [INFO] Booting the 'HTTP' middleware...
[2022-12-17 8:47:26] [INFO] Booting the 'Views' middleware...
[2022-12-17 8:47:26] [INFO] Booting the 'Statics' middleware...
[2022-12-17 8:47:26] [INFO] Booting the 'CORS' middleware...
[2022-12-17 8:47:26] [INFO] Booting the 'HTTP' middleware...
[2022-12-17 8:47:26] [INFO] Booting the 'Views' middleware...
[2022-12-17 8:47:26] [INFO] Booting the 'Statics' middleware...
[2022-12-17 8:50:37] [INFO] Booting the 'CORS' middleware...
[2022-12-17 8:50:37] [INFO] Booting the 'HTTP' middleware...
[2022-12-17 8:50:37] [INFO] Booting the 'Views' middleware...
[2022-12-17 8:50:37] [INFO] Booting the 'Statics' middleware...
[2022-12-17 8:50:37] [INFO] Booting the 'CORS' middleware...
[2022-12-17 8:50:37] [INFO] Booting the 'HTTP' middleware...
[2022-12-17 8:50:37] [INFO] Booting the 'Views' middleware...
[2022-12-17 8:50:37] [INFO] Booting the 'Statics' middleware...
[2022-12-17 8:50:43] [INFO] Booting the 'CORS' middleware...
[2022-12-17 8:50:43] [INFO] Booting the 'HTTP' middleware...
[2022-12-17 8:50:43] [INFO] Booting the 'Views' middleware...
[2022-12-17 8:50:43] [INFO] Booting the 'Statics' middleware...
[2022-12-17 8:50:43] [INFO] Booting the 'CORS' middleware...
[2022-12-17 8:50:43] [INFO] Booting the 'HTTP' middleware...
[2022-12-17 8:50:43] [INFO] Booting the 'Views' middleware...
[2022-12-17 8:50:43] [INFO] Booting the 'Statics' middleware...
[2022-12-17 8:51:0] [INFO] Booting the 'CORS' middleware...
[2022-12-17 8:51:0] [INFO] Booting the 'HTTP' middleware...
[2022-12-17 8:51:0] [INFO] Booting the 'Views' middleware...
[2022-12-17 8:51:0] [INFO] Booting the 'Statics' middleware...
[2022-12-17 8:51:0] [INFO] Booting the 'CORS' middleware...
[2022-12-17 8:51:0] [INFO] Booting the 'Views' middleware...
[2022-12-17 8:51:0] [INFO] Booting the 'HTTP' middleware...
[2022-12-17 8:51:0] [INFO] Booting the 'Statics' middleware...
[2022-12-17 8:53:37] [INFO] Booting the 'CORS' middleware...
[2022-12-17 8:53:37] [INFO] Booting the 'HTTP' middleware...
[2022-12-17 8:53:37] [INFO] Booting the 'Views' middleware...
[2022-12-17 8:53:37] [INFO] Booting the 'Statics' middleware...
[2022-12-17 8:53:38] [INFO] Booting the 'CORS' middleware...
[2022-12-17 8:53:38] [INFO] Booting the 'HTTP' middleware...
[2022-12-17 8:53:38] [INFO] Booting the 'Views' middleware...
[2022-12-17 8:53:38] [INFO] Booting the 'Statics' middleware...
[2022-12-17 8:54:11] [INFO] Booting the 'CORS' middleware...
[2022-12-17 8:54:11] [INFO] Booting the 'HTTP' middleware...
[2022-12-17 8:54:11] [INFO] Booting the 'Views' middleware...
[2022-12-17 8:54:11] [INFO] Booting the 'Statics' middleware...
[2022-12-17 8:54:19] [INFO] Booting the 'CORS' middleware...
[2022-12-17 8:54:19] [INFO] Booting the 'HTTP' middleware...
[2022-12-17 8:54:19] [INFO] Booting the 'Views' middleware...
[2022-12-17 8:54:19] [INFO] Booting the 'Statics' middleware...
[2022-12-17 8:55:2] [INFO] Booting the 'CORS' middleware...
[2022-12-17 8:55:2] [INFO] Booting the 'HTTP' middleware...
[2022-12-17 8:55:2] [INFO] Booting the 'Views' middleware...
[2022-12-17 8:55:2] [INFO] Booting the 'Statics' middleware...
[2022-12-17 8:55:15] [INFO] Booting the 'CORS' middleware...
[2022-12-17 8:55:15] [INFO] Booting the 'HTTP' middleware...
[2022-12-17 8:55:15] [INFO] Booting the 'Views' middleware...
[2022-12-17 8:55:15] [INFO] Booting the 'Statics' middleware...
[2022-12-17 8:55:35] [INFO] Booting the 'CORS' middleware...
[2022-12-17 8:55:35] [INFO] Booting the 'HTTP' middleware...
[2022-12-17 8:55:35] [INFO] Booting the 'Views' middleware...
[2022-12-17 8:55:35] [INFO] Booting the 'Statics' middleware...
[2022-12-17 8:58:31] [INFO] Booting the 'CORS' middleware...
[2022-12-17 8:58:31] [INFO] Booting the 'HTTP' middleware...
[2022-12-17 8:58:31] [INFO] Booting the 'Views' middleware...
[2022-12-17 8:58:31] [INFO] Booting the 'Statics' middleware...
[2022-12-17 9:2:7] [INFO] Booting the 'CORS' middleware...
[2022-12-17 9:2:7] [INFO] Booting the 'HTTP' middleware...
[2022-12-17 9:2:7] [INFO] Booting the 'Views' middleware...
[2022-12-17 9:2:7] [INFO] Booting the 'Statics' middleware...
[2022-12-17 9:2:36] [INFO] Booting the 'CORS' middleware...
[2022-12-17 9:2:36] [INFO] Booting the 'HTTP' middleware...
[2022-12-17 9:2:36] [INFO] Booting the 'Views' middleware...
[2022-12-17 9:2:36] [INFO] Booting the 'Statics' middleware...
[2022-12-17 9:5:7] [INFO] Booting the 'CORS' middleware...
[2022-12-17 9:5:7] [INFO] Booting the 'HTTP' middleware...
[2022-12-17 9:5:7] [INFO] Booting the 'Views' middleware...
[2022-12-17 9:5:7] [INFO] Booting the 'Statics' middleware...
[2022-12-17 9:5:31] [INFO] Booting the 'CORS' middleware...
[2022-12-17 9:5:31] [INFO] Booting the 'HTTP' middleware...
[2022-12-17 9:5:31] [INFO] Booting the 'Views' middleware...
[2022-12-17 9:5:31] [INFO] Booting the 'Statics' middleware...
[2022-12-17 9:5:41] [INFO] Booting the 'CORS' middleware...
[2022-12-17 9:5:41] [INFO] Booting the 'HTTP' middleware...
[2022-12-17 9:5:41] [INFO] Booting the 'Views' middleware...
[2022-12-17 9:5:41] [INFO] Booting the 'Statics' middleware...
[2022-12-17 9:5:44] [INFO] Booting the 'CORS' middleware...
[2022-12-17 9:5:44] [INFO] Booting the 'HTTP' middleware...
[2022-12-17 9:5:44] [INFO] Booting the 'Views' middleware...
[2022-12-17 9:5:44] [INFO] Booting the 'Statics' middleware...
[2022-12-17 9:25:57] [INFO] Booting the 'CORS' middleware...
[2022-12-17 9:25:57] [INFO] Booting the 'HTTP' middleware...
[2022-12-17 9:25:57] [INFO] Booting the 'Views' middleware...
[2022-12-17 9:25:57] [INFO] Booting the 'Statics' middleware...
[2022-12-17 9:26:4] [INFO] Booting the 'CORS' middleware...
[2022-12-17 9:26:4] [INFO] Booting the 'HTTP' middleware...
[2022-12-17 9:26:4] [INFO] Booting the 'Views' middleware...
[2022-12-17 9:26:4] [INFO] Booting the 'Statics' middleware...
[2022-12-17 9:34:58] [INFO] Booting the 'CORS' middleware...
[2022-12-17 9:34:58] [INFO] Booting the 'HTTP' middleware...
[2022-12-17 9:34:58] [INFO] Booting the 'Views' middleware...
[2022-12-17 9:34:58] [INFO] Booting the 'Statics' middleware...
[2022-12-17 9:35:0] [INFO] Booting the 'CORS' middleware...
[2022-12-17 9:35:0] [INFO] Booting the 'HTTP' middleware...
[2022-12-17 9:35:0] [INFO] Booting the 'Views' middleware...
[2022-12-17 9:35:0] [INFO] Booting the 'Statics' middleware...
[2022-12-17 9:42:47] [INFO] Booting the 'CORS' middleware...
[2022-12-17 9:42:47] [INFO] Booting the 'HTTP' middleware...
[2022-12-17 9:42:47] [INFO] Booting the 'Views' middleware...
[2022-12-17 9:42:47] [INFO] Booting the 'Statics' middleware...
[2022-12-17 9:43:56] [INFO] Booting the 'CORS' middleware...
[2022-12-17 9:43:56] [INFO] Booting the 'HTTP' middleware...
[2022-12-17 9:43:56] [INFO] Booting the 'Views' middleware...
[2022-12-17 9:43:56] [INFO] Booting the 'Statics' middleware...
[2022-12-17 9:44:20] [INFO] Booting the 'CORS' middleware...
[2022-12-17 9:44:20] [INFO] Booting the 'HTTP' middleware...
[2022-12-17 9:44:20] [INFO] Booting the 'Views' middleware...
[2022-12-17 9:44:20] [INFO] Booting the 'Statics' middleware...
[2022-12-17 9:48:55] [INFO] Booting the 'CORS' middleware...
[2022-12-17 9:48:55] [INFO] Booting the 'HTTP' middleware...
[2022-12-17 9:48:55] [INFO] Booting the 'Views' middleware...
[2022-12-17 9:48:55] [INFO] Booting the 'Statics' middleware...
[2022-12-17 9:51:50] [INFO] Booting the 'CORS' middleware...
[2022-12-17 9:51:50] [INFO] Booting the 'HTTP' middleware...
[2022-12-17 9:51:50] [INFO] Booting the 'Views' middleware...
[2022-12-17 9:51:50] [INFO] Booting the 'Statics' middleware...
[2022-12-17 9:54:20] [INFO] Booting the 'CORS' middleware...
[2022-12-17 9:54:20] [INFO] Booting the 'HTTP' middleware...
[2022-12-17 9:54:20] [INFO] Booting the 'Views' middleware...
[2022-12-17 9:54:20] [INFO] Booting the 'Statics' middleware...
[2022-12-17 9:54:47] [INFO] Booting the 'CORS' middleware...
[2022-12-17 9:54:47] [INFO] Booting the 'HTTP' middleware...
[2022-12-17 9:54:47] [INFO] Booting the 'Views' middleware...
[2022-12-17 9:54:47] [INFO] Booting the 'Statics' middleware...
[2022-12-17 9:56:39] [ERROR] D:\5th Semester\Programming Intergrating Project - SE\restaurant-project\views\pages\clerk\menu\menu-page.ejs:20
    18| <body>
    19|    <div class="top-header">
 >> 20|       <%- include('./partials/table-header', {order: order}) %>
    21|          <button class="btnhidden" id="done"><i class="fa-solid fa-arrow-left fa-lg"></i></button>
    22|    </div>
    23|    <div id="modaldiv">

D:\5th Semester\Programming Intergrating Project - SE\restaurant-project\views\pages\clerk\menu\partials\table-header.ejs:7
    5|          <div class="flex-justify">
    6|             <span id="tableName">
 >> 7|                Bàn <%= order.table.tableNumber %>
    8|             </span>
    9|             <div id="group" class="type">
    10|                <i class="fa-solid fa-user-group"></i>

Cannot read properties of null (reading 'table')
[2022-12-17 9:56:39] [ERROR] Server error - D:\5th Semester\Programming Intergrating Project - SE\restaurant-project\views\pages\clerk\menu\menu-page.ejs:20
    18| <body>
    19|    <div class="top-header">
 >> 20|       <%- include('./partials/table-header', {order: order}) %>
    21|          <button class="btnhidden" id="done"><i class="fa-solid fa-arrow-left fa-lg"></i></button>
    22|    </div>
    23|    <div id="modaldiv">

D:\5th Semester\Programming Intergrating Project - SE\restaurant-project\views\pages\clerk\menu\partials\table-header.ejs:7
    5|          <div class="flex-justify">
    6|             <span id="tableName">
 >> 7|                Bàn <%= order.table.tableNumber %>
    8|             </span>
    9|             <div id="group" class="type">
    10|                <i class="fa-solid fa-user-group"></i>

Cannot read properties of null (reading 'table')
[2022-12-17 9:56:47] [ERROR] D:\5th Semester\Programming Intergrating Project - SE\restaurant-project\views\pages\clerk\menu\menu-page.ejs:20
    18| <body>
    19|    <div class="top-header">
 >> 20|       <%- include('./partials/table-header', {order: order}) %>
    21|          <button class="btnhidden" id="done"><i class="fa-solid fa-arrow-left fa-lg"></i></button>
    22|    </div>
    23|    <div id="modaldiv">

D:\5th Semester\Programming Intergrating Project - SE\restaurant-project\views\pages\clerk\menu\partials\table-header.ejs:7
    5|          <div class="flex-justify">
    6|             <span id="tableName">
 >> 7|                Bàn <%= order.table.tableNumber %>
    8|             </span>
    9|             <div id="group" class="type">
    10|                <i class="fa-solid fa-user-group"></i>

Cannot read properties of null (reading 'table')
[2022-12-17 9:56:47] [ERROR] Server error - D:\5th Semester\Programming Intergrating Project - SE\restaurant-project\views\pages\clerk\menu\menu-page.ejs:20
    18| <body>
    19|    <div class="top-header">
 >> 20|       <%- include('./partials/table-header', {order: order}) %>
    21|          <button class="btnhidden" id="done"><i class="fa-solid fa-arrow-left fa-lg"></i></button>
    22|    </div>
    23|    <div id="modaldiv">

D:\5th Semester\Programming Intergrating Project - SE\restaurant-project\views\pages\clerk\menu\partials\table-header.ejs:7
    5|          <div class="flex-justify">
    6|             <span id="tableName">
 >> 7|                Bàn <%= order.table.tableNumber %>
    8|             </span>
    9|             <div id="group" class="type">
    10|                <i class="fa-solid fa-user-group"></i>

Cannot read properties of null (reading 'table')
[2022-12-17 9:57:3] [ERROR] D:\5th Semester\Programming Intergrating Project - SE\restaurant-project\views\pages\clerk\menu\menu-page.ejs:20
    18| <body>
    19|    <div class="top-header">
 >> 20|       <%- include('./partials/table-header', {order: order}) %>
    21|          <button class="btnhidden" id="done"><i class="fa-solid fa-arrow-left fa-lg"></i></button>
    22|    </div>
    23|    <div id="modaldiv">

D:\5th Semester\Programming Intergrating Project - SE\restaurant-project\views\pages\clerk\menu\partials\table-header.ejs:7
    5|          <div class="flex-justify">
    6|             <span id="tableName">
 >> 7|                Bàn <%= order.table.tableNumber %>
    8|             </span>
    9|             <div id="group" class="type">
    10|                <i class="fa-solid fa-user-group"></i>

Cannot read properties of null (reading 'table')
[2022-12-17 9:57:3] [ERROR] Server error - D:\5th Semester\Programming Intergrating Project - SE\restaurant-project\views\pages\clerk\menu\menu-page.ejs:20
    18| <body>
    19|    <div class="top-header">
 >> 20|       <%- include('./partials/table-header', {order: order}) %>
    21|          <button class="btnhidden" id="done"><i class="fa-solid fa-arrow-left fa-lg"></i></button>
    22|    </div>
    23|    <div id="modaldiv">

D:\5th Semester\Programming Intergrating Project - SE\restaurant-project\views\pages\clerk\menu\partials\table-header.ejs:7
    5|          <div class="flex-justify">
    6|             <span id="tableName">
 >> 7|                Bàn <%= order.table.tableNumber %>
    8|             </span>
    9|             <div id="group" class="type">
    10|                <i class="fa-solid fa-user-group"></i>

Cannot read properties of null (reading 'table')
[2022-12-17 10:3:30] [INFO] Booting the 'CORS' middleware...
[2022-12-17 10:3:30] [INFO] Booting the 'HTTP' middleware...
[2022-12-17 10:3:30] [INFO] Booting the 'Views' middleware...
[2022-12-17 10:3:30] [INFO] Booting the 'Statics' middleware...
[2022-12-17 10:3:40] [ERROR] D:\5th Semester\Programming Intergrating Project - SE\restaurant-project\views\pages\clerk\menu\menu-page.ejs:20
    18| <body>
    19|    <div class="top-header">
 >> 20|       <%- include('./partials/table-header', {order: order}) %>
    21|          <button class="btnhidden" id="done"><i class="fa-solid fa-arrow-left fa-lg"></i></button>
    22|    </div>
    23|    <div id="modaldiv">

D:\5th Semester\Programming Intergrating Project - SE\restaurant-project\views\pages\clerk\menu\partials\table-header.ejs:7
    5|          <div class="flex-justify">
    6|             <span id="tableName">
 >> 7|                Bàn <%= order.table.tableNumber %>
    8|             </span>
    9|             <div id="group" class="type">
    10|                <i class="fa-solid fa-user-group"></i>

Cannot read properties of null (reading 'table')
[2022-12-17 10:3:40] [ERROR] Server error - D:\5th Semester\Programming Intergrating Project - SE\restaurant-project\views\pages\clerk\menu\menu-page.ejs:20
    18| <body>
    19|    <div class="top-header">
 >> 20|       <%- include('./partials/table-header', {order: order}) %>
    21|          <button class="btnhidden" id="done"><i class="fa-solid fa-arrow-left fa-lg"></i></button>
    22|    </div>
    23|    <div id="modaldiv">

D:\5th Semester\Programming Intergrating Project - SE\restaurant-project\views\pages\clerk\menu\partials\table-header.ejs:7
    5|          <div class="flex-justify">
    6|             <span id="tableName">
 >> 7|                Bàn <%= order.table.tableNumber %>
    8|             </span>
    9|             <div id="group" class="type">
    10|                <i class="fa-solid fa-user-group"></i>

Cannot read properties of null (reading 'table')
[2022-12-17 10:4:4] [INFO] Booting the 'CORS' middleware...
[2022-12-17 10:4:4] [INFO] Booting the 'HTTP' middleware...
[2022-12-17 10:4:4] [INFO] Booting the 'Views' middleware...
[2022-12-17 10:4:4] [INFO] Booting the 'Statics' middleware...
[2022-12-17 10:4:51] [INFO] Booting the 'CORS' middleware...
[2022-12-17 10:4:51] [INFO] Booting the 'HTTP' middleware...
[2022-12-17 10:4:51] [INFO] Booting the 'Views' middleware...
[2022-12-17 10:4:51] [INFO] Booting the 'Statics' middleware...
[2022-12-17 10:7:52] [ERROR] Path '/templates/vendor/css/core.css' not found [IP: '::1']!
[2022-12-17 10:7:52] [ERROR] Path '/templates/js/config.js' not found [IP: '::1']!
[2022-12-17 10:7:52] [ERROR] Path '/templates/vendor/libs/apex-charts/apexcharts.js' not found [IP: '::1']!
[2022-12-17 10:7:52] [ERROR] Path '/templates/js/dashboards-analytics.js' not found [IP: '::1']!
[2022-12-17 10:8:45] [ERROR] Path '/templates/vendor/css/core.css' not found [IP: '::1']!
[2022-12-17 10:8:45] [ERROR] Path '/templates/js/config.js' not found [IP: '::1']!
[2022-12-17 10:8:45] [ERROR] Path '/templates/vendor/libs/apex-charts/apexcharts.js' not found [IP: '::1']!
[2022-12-17 10:8:45] [ERROR] Path '/templates/js/dashboards-analytics.js' not found [IP: '::1']!
[2022-12-17 10:9:43] [ERROR] Path '/templates/vendor/css/core.css' not found [IP: '::1']!
[2022-12-17 10:9:43] [ERROR] Path '/templates/js/config.js' not found [IP: '::1']!
[2022-12-17 10:9:43] [ERROR] Path '/templates/vendor/libs/apex-charts/apexcharts.js' not found [IP: '::1']!
[2022-12-17 10:9:43] [ERROR] Path '/templates/js/dashboards-analytics.js' not found [IP: '::1']!
[2022-12-17 10:11:26] [INFO] Booting the 'CORS' middleware...
[2022-12-17 10:11:26] [INFO] Booting the 'HTTP' middleware...
[2022-12-17 10:11:26] [INFO] Booting the 'Views' middleware...
[2022-12-17 10:11:26] [INFO] Booting the 'Statics' middleware...
[2022-12-17 10:11:44] [INFO] Booting the 'CORS' middleware...
[2022-12-17 10:11:44] [INFO] Booting the 'HTTP' middleware...
[2022-12-17 10:11:44] [INFO] Booting the 'Views' middleware...
[2022-12-17 10:11:44] [INFO] Booting the 'Statics' middleware...
[2022-12-17 10:11:58] [INFO] Booting the 'CORS' middleware...
[2022-12-17 10:11:58] [INFO] Booting the 'HTTP' middleware...
[2022-12-17 10:11:58] [INFO] Booting the 'Views' middleware...
[2022-12-17 10:11:58] [INFO] Booting the 'Statics' middleware...
[2022-12-17 10:13:43] [INFO] Booting the 'CORS' middleware...
[2022-12-17 10:13:43] [INFO] Booting the 'HTTP' middleware...
[2022-12-17 10:13:43] [INFO] Booting the 'Views' middleware...
[2022-12-17 10:13:43] [INFO] Booting the 'Statics' middleware...
[2022-12-17 10:13:52] [INFO] Booting the 'CORS' middleware...
[2022-12-17 10:13:52] [INFO] Booting the 'HTTP' middleware...
[2022-12-17 10:13:52] [INFO] Booting the 'Views' middleware...
[2022-12-17 10:13:52] [INFO] Booting the 'Statics' middleware...
[2022-12-17 10:16:39] [INFO] Booting the 'CORS' middleware...
[2022-12-17 10:16:39] [INFO] Booting the 'HTTP' middleware...
[2022-12-17 10:16:39] [INFO] Booting the 'Views' middleware...
[2022-12-17 10:16:39] [INFO] Booting the 'Statics' middleware...
[2022-12-17 10:21:32] [ERROR] Path '/templates/js/config.js' not found [IP: '::1']!
[2022-12-17 10:21:32] [ERROR] Path '/templates/vendor/css/core.css' not found [IP: '::1']!
[2022-12-17 10:21:32] [ERROR] Path '/templates/vendor/libs/apex-charts/apexcharts.js' not found [IP: '::1']!
[2022-12-17 10:21:32] [ERROR] Path '/templates/js/dashboards-analytics.js' not found [IP: '::1']!
[2022-12-17 10:23:5] [ERROR] Path '/templates/js/config.js' not found [IP: '::1']!
[2022-12-17 10:23:5] [ERROR] Path '/templates/vendor/css/core.css' not found [IP: '::1']!
[2022-12-17 10:23:5] [ERROR] Path '/templates/vendor/libs/apex-charts/apexcharts.js' not found [IP: '::1']!
[2022-12-17 10:23:5] [ERROR] Path '/templates/js/dashboards-analytics.js' not found [IP: '::1']!
[2022-12-17 10:28:36] [INFO] Booting the 'CORS' middleware...
[2022-12-17 10:28:36] [INFO] Booting the 'HTTP' middleware...
[2022-12-17 10:28:36] [INFO] Booting the 'Views' middleware...
[2022-12-17 10:28:36] [INFO] Booting the 'Statics' middleware...
[2022-12-17 10:29:1] [ERROR] Path '/templates/js/config.js' not found [IP: '::1']!
[2022-12-17 10:29:1] [ERROR] Path '/templates/vendor/css/core.css' not found [IP: '::1']!
[2022-12-17 10:29:1] [ERROR] Path '/templates/vendor/libs/apex-charts/apexcharts.js' not found [IP: '::1']!
[2022-12-17 10:29:1] [ERROR] Path '/templates/js/dashboards-analytics.js' not found [IP: '::1']!
[2022-12-17 10:32:29] [INFO] Booting the 'CORS' middleware...
[2022-12-17 10:32:29] [INFO] Booting the 'HTTP' middleware...
[2022-12-17 10:32:29] [INFO] Booting the 'Statics' middleware...
[2022-12-17 10:32:29] [INFO] Booting the 'Views' middleware...
[2022-12-17 10:51:22] [ERROR] Path '/templates/vendor/css/core.css' not found [IP: '::1']!
[2022-12-17 10:51:22] [ERROR] Path '/templates/js/config.js' not found [IP: '::1']!
[2022-12-17 10:51:22] [ERROR] Path '/templates/vendor/libs/apex-charts/apexcharts.js' not found [IP: '::1']!
[2022-12-17 10:51:22] [ERROR] Path '/templates/js/dashboards-analytics.js' not found [IP: '::1']!
[2022-12-17 12:21:9] [INFO] Booting the 'CORS' middleware...
[2022-12-17 12:21:9] [INFO] Booting the 'HTTP' middleware...
[2022-12-17 12:21:9] [INFO] Booting the 'Views' middleware...
[2022-12-17 12:21:9] [INFO] Booting the 'Statics' middleware...
