[2022-11-13 22:46:20] [INFO] Booting the 'CORS' middleware...
[2022-11-13 22:46:20] [INFO] Booting the 'HTTP' middleware...
[2022-11-13 22:46:20] [INFO] Booting the 'Views' middleware...
[2022-11-13 22:46:20] [INFO] Booting the 'Statics' middleware...
[2022-11-13 22:46:20] [INFO] Booting the 'StatusMonitor' middleware...
[2022-11-13 22:46:27] [INFO] Booting the 'CORS' middleware...
[2022-11-13 22:46:27] [INFO] Booting the 'HTTP' middleware...
[2022-11-13 22:46:27] [INFO] Booting the 'Views' middleware...
[2022-11-13 22:46:27] [INFO] Booting the 'Statics' middleware...
[2022-11-13 22:46:27] [INFO] Booting the 'StatusMonitor' middleware...
[2022-11-13 22:47:25] [INFO] Booting the 'CORS' middleware...
[2022-11-13 22:47:25] [INFO] Booting the 'HTTP' middleware...
[2022-11-13 22:47:25] [INFO] Booting the 'Views' middleware...
[2022-11-13 22:47:25] [INFO] Booting the 'Statics' middleware...
[2022-11-13 22:47:25] [INFO] Booting the 'StatusMonitor' middleware...
[2022-11-13 22:47:32] [INFO] Booting the 'CORS' middleware...
[2022-11-13 22:47:32] [INFO] Booting the 'HTTP' middleware...
[2022-11-13 22:47:32] [INFO] Booting the 'Views' middleware...
[2022-11-13 22:47:32] [INFO] Booting the 'Statics' middleware...
[2022-11-13 22:47:32] [INFO] Booting the 'StatusMonitor' middleware...
[2022-11-13 22:49:1] [INFO] Booting the 'CORS' middleware...
[2022-11-13 22:49:1] [INFO] Booting the 'HTTP' middleware...
[2022-11-13 22:49:1] [INFO] Booting the 'Views' middleware...
[2022-11-13 22:49:1] [INFO] Booting the 'Statics' middleware...
[2022-11-13 22:49:1] [INFO] Booting the 'StatusMonitor' middleware...
