[2022-12-14 8:48:34] [INFO] Booting the 'CORS' middleware...
[2022-12-14 8:48:34] [INFO] Booting the 'HTTP' middleware...
[2022-12-14 8:48:34] [INFO] Booting the 'Views' middleware...
[2022-12-14 8:48:34] [INFO] Booting the 'Statics' middleware...
[2022-12-14 8:48:37] [INFO] Booting the 'CORS' middleware...
[2022-12-14 8:48:37] [INFO] Booting the 'HTTP' middleware...
[2022-12-14 8:48:37] [INFO] Booting the 'Views' middleware...
[2022-12-14 8:48:37] [INFO] Booting the 'Statics' middleware...
[2022-12-14 8:50:7] [ERROR] Path '/favicon.ico' not found [IP: '::1']!
[2022-12-14 8:50:10] [ERROR] Path '/' not found [IP: '::1']!
[2022-12-14 8:53:17] [INFO] Booting the 'CORS' middleware...
[2022-12-14 8:53:17] [INFO] Booting the 'HTTP' middleware...
[2022-12-14 8:53:17] [INFO] Booting the 'Statics' middleware...
[2022-12-14 8:53:17] [INFO] Booting the 'Views' middleware...
[2022-12-14 8:53:25] [INFO] Booting the 'CORS' middleware...
[2022-12-14 8:53:25] [INFO] Booting the 'HTTP' middleware...
[2022-12-14 8:53:25] [INFO] Booting the 'Views' middleware...
[2022-12-14 8:53:25] [INFO] Booting the 'Statics' middleware...
[2022-12-14 8:53:25] [INFO] Booting the 'StatusMonitor' middleware...
[2022-12-14 9:40:53] [INFO] Booting the 'CORS' middleware...
[2022-12-14 9:40:53] [INFO] Booting the 'HTTP' middleware...
[2022-12-14 9:40:53] [INFO] Booting the 'Views' middleware...
[2022-12-14 9:40:53] [INFO] Booting the 'Statics' middleware...
[2022-12-14 9:40:53] [INFO] Booting the 'StatusMonitor' middleware...
[2022-12-14 9:41:0] [INFO] Booting the 'CORS' middleware...
[2022-12-14 9:41:0] [INFO] Booting the 'HTTP' middleware...
[2022-12-14 9:41:0] [INFO] Booting the 'Views' middleware...
[2022-12-14 9:41:0] [INFO] Booting the 'Statics' middleware...
[2022-12-14 12:13:58] [INFO] Booting the 'CORS' middleware...
[2022-12-14 12:13:58] [INFO] Booting the 'Views' middleware...
[2022-12-14 12:13:58] [INFO] Booting the 'HTTP' middleware...
[2022-12-14 12:13:58] [INFO] Booting the 'Statics' middleware...
[2022-12-14 12:14:2] [INFO] Booting the 'CORS' middleware...
[2022-12-14 12:14:2] [INFO] Booting the 'HTTP' middleware...
[2022-12-14 12:14:2] [INFO] Booting the 'Views' middleware...
[2022-12-14 12:14:2] [INFO] Booting the 'Statics' middleware...
[2022-12-14 12:14:11] [ERROR] Path '/favicon.ico' not found [IP: '::1']!
[2022-12-14 12:26:50] [INFO] Booting the 'CORS' middleware...
[2022-12-14 12:26:50] [INFO] Booting the 'HTTP' middleware...
[2022-12-14 12:26:50] [INFO] Booting the 'Views' middleware...
[2022-12-14 12:26:50] [INFO] Booting the 'Statics' middleware...
[2022-12-14 12:26:56] [INFO] Booting the 'CORS' middleware...
[2022-12-14 12:26:56] [INFO] Booting the 'HTTP' middleware...
[2022-12-14 12:26:56] [INFO] Booting the 'Views' middleware...
[2022-12-14 12:26:56] [INFO] Booting the 'Statics' middleware...
[2022-12-14 12:27:3] [INFO] Booting the 'CORS' middleware...
[2022-12-14 12:27:3] [INFO] Booting the 'HTTP' middleware...
[2022-12-14 12:27:3] [INFO] Booting the 'Views' middleware...
[2022-12-14 12:27:3] [INFO] Booting the 'Statics' middleware...
[2022-12-14 12:27:23] [INFO] Booting the 'CORS' middleware...
[2022-12-14 12:27:23] [INFO] Booting the 'HTTP' middleware...
[2022-12-14 12:27:23] [INFO] Booting the 'Views' middleware...
[2022-12-14 12:27:23] [INFO] Booting the 'Statics' middleware...
[2022-12-14 12:31:26] [INFO] Booting the 'CORS' middleware...
[2022-12-14 12:31:26] [INFO] Booting the 'HTTP' middleware...
[2022-12-14 12:31:26] [INFO] Booting the 'Views' middleware...
[2022-12-14 12:31:26] [INFO] Booting the 'Statics' middleware...
[2022-12-14 12:31:28] [INFO] Booting the 'CORS' middleware...
[2022-12-14 12:31:28] [INFO] Booting the 'HTTP' middleware...
[2022-12-14 12:31:28] [INFO] Booting the 'Views' middleware...
[2022-12-14 12:31:28] [INFO] Booting the 'Statics' middleware...
[2022-12-14 12:48:28] [INFO] Booting the 'CORS' middleware...
[2022-12-14 12:48:28] [INFO] Booting the 'HTTP' middleware...
[2022-12-14 12:48:28] [INFO] Booting the 'Views' middleware...
[2022-12-14 12:48:28] [INFO] Booting the 'Statics' middleware...
[2022-12-14 12:48:33] [INFO] Booting the 'CORS' middleware...
[2022-12-14 12:48:33] [INFO] Booting the 'HTTP' middleware...
[2022-12-14 12:48:33] [INFO] Booting the 'Views' middleware...
[2022-12-14 12:48:33] [INFO] Booting the 'Statics' middleware...
[2022-12-14 12:53:39] [INFO] Booting the 'CORS' middleware...
[2022-12-14 12:53:39] [INFO] Booting the 'HTTP' middleware...
[2022-12-14 12:53:39] [INFO] Booting the 'Views' middleware...
[2022-12-14 12:53:39] [INFO] Booting the 'Statics' middleware...
[2022-12-14 12:53:44] [INFO] Booting the 'CORS' middleware...
[2022-12-14 12:53:44] [INFO] Booting the 'HTTP' middleware...
[2022-12-14 12:53:44] [INFO] Booting the 'Views' middleware...
[2022-12-14 12:53:44] [INFO] Booting the 'Statics' middleware...
[2022-12-14 12:56:41] [ERROR] Path '/table-management/clerk/7f8ab1cd-10da-4d6f-9910-8f3ffea68939' not found [IP: '::1']!
[2022-12-14 12:56:54] [ERROR] Path '/table-management/clerks/7f8ab1cd-10da-4d6f-9910-8f3ffea68939' not found [IP: '::1']!
[2022-12-14 13:25:16] [ERROR] Path '/favicon.ico' not found [IP: '::1']!
[2022-12-14 13:25:21] [ERROR] Path '/css/modal.css' not found [IP: '::1']!
[2022-12-14 13:25:24] [ERROR] Path '/css/modal.css' not found [IP: '::1']!
[2022-12-14 13:25:30] [ERROR] Path '/css/modal.css' not found [IP: '::1']!
[2022-12-14 13:25:33] [ERROR] Path '/css/modal.css' not found [IP: '::1']!
[2022-12-14 13:25:46] [ERROR] Path '/menu' not found [IP: '::1']!
[2022-12-14 13:25:51] [ERROR] Path '/menu' not found [IP: '::1']!
[2022-12-14 13:34:46] [INFO] Booting the 'CORS' middleware...
[2022-12-14 13:34:46] [INFO] Booting the 'HTTP' middleware...
[2022-12-14 13:34:46] [INFO] Booting the 'Views' middleware...
[2022-12-14 13:34:46] [INFO] Booting the 'Statics' middleware...
[2022-12-14 13:34:49] [INFO] Booting the 'CORS' middleware...
[2022-12-14 13:34:49] [INFO] Booting the 'HTTP' middleware...
[2022-12-14 13:34:49] [INFO] Booting the 'Views' middleware...
[2022-12-14 13:34:49] [INFO] Booting the 'Statics' middleware...
[2022-12-14 13:36:20] [INFO] Booting the 'CORS' middleware...
[2022-12-14 13:36:20] [INFO] Booting the 'HTTP' middleware...
[2022-12-14 13:36:20] [INFO] Booting the 'Views' middleware...
[2022-12-14 13:36:20] [INFO] Booting the 'Statics' middleware...
[2022-12-14 13:36:54] [INFO] Booting the 'CORS' middleware...
[2022-12-14 13:36:54] [INFO] Booting the 'Views' middleware...
[2022-12-14 13:36:54] [INFO] Booting the 'Statics' middleware...
[2022-12-14 13:36:54] [INFO] Booting the 'HTTP' middleware...
[2022-12-14 13:36:59] [INFO] Booting the 'CORS' middleware...
[2022-12-14 13:36:59] [INFO] Booting the 'HTTP' middleware...
[2022-12-14 13:36:59] [INFO] Booting the 'Views' middleware...
[2022-12-14 13:36:59] [INFO] Booting the 'Statics' middleware...
[2022-12-14 13:44:32] [ERROR] Path '/auth/register' not found [IP: '::1']!
[2022-12-14 13:44:43] [ERROR] Path '/auth/signup' not found [IP: '::1']!
[2022-12-14 13:44:49] [ERROR] Path '/auth/signup' not found [IP: '::1']!
[2022-12-14 13:47:59] [INFO] Booting the 'CORS' middleware...
[2022-12-14 13:47:59] [INFO] Booting the 'HTTP' middleware...
[2022-12-14 13:47:59] [INFO] Booting the 'Views' middleware...
[2022-12-14 13:47:59] [INFO] Booting the 'Statics' middleware...
[2022-12-14 13:48:28] [INFO] Booting the 'CORS' middleware...
[2022-12-14 13:48:28] [INFO] Booting the 'HTTP' middleware...
[2022-12-14 13:48:28] [INFO] Booting the 'Views' middleware...
[2022-12-14 13:48:28] [INFO] Booting the 'Statics' middleware...
[2022-12-14 13:49:43] [INFO] Booting the 'CORS' middleware...
[2022-12-14 13:49:43] [INFO] Booting the 'HTTP' middleware...
[2022-12-14 13:49:43] [INFO] Booting the 'Views' middleware...
[2022-12-14 13:49:43] [INFO] Booting the 'Statics' middleware...
[2022-12-14 13:50:27] [INFO] Booting the 'CORS' middleware...
[2022-12-14 13:50:27] [INFO] Booting the 'HTTP' middleware...
[2022-12-14 13:50:27] [INFO] Booting the 'Views' middleware...
[2022-12-14 13:50:27] [INFO] Booting the 'Statics' middleware...
[2022-12-14 13:50:30] [ERROR] Failed to lookup view "login" in views directory "D:\5th Semester\Programming Intergrating Project - SE\restaurant-project\views"
[2022-12-14 13:50:30] [ERROR] Server error - Failed to lookup view "login" in views directory "D:\5th Semester\Programming Intergrating Project - SE\restaurant-project\views"
[2022-12-14 13:52:4] [INFO] Booting the 'CORS' middleware...
[2022-12-14 13:52:4] [INFO] Booting the 'HTTP' middleware...
[2022-12-14 13:52:4] [INFO] Booting the 'Views' middleware...
[2022-12-14 13:52:4] [INFO] Booting the 'Statics' middleware...
[2022-12-14 13:52:6] [ERROR] D:\5th Semester\Programming Intergrating Project - SE\restaurant-project\views\pages\login\index.ejs:35
    33|         </div>
    34|         <div class="text-small form-alert" style="display: block">
 >> 35|           <%= Error_message %>
    36|         </div>
    37|         <button type="submit" class="btn btn-block">login</button>
    38|       </form>

Error_message is not defined
[2022-12-14 13:52:6] [ERROR] Server error - D:\5th Semester\Programming Intergrating Project - SE\restaurant-project\views\pages\login\index.ejs:35
    33|         </div>
    34|         <div class="text-small form-alert" style="display: block">
 >> 35|           <%= Error_message %>
    36|         </div>
    37|         <button type="submit" class="btn btn-block">login</button>
    38|       </form>

Error_message is not defined
[2022-12-14 13:52:28] [INFO] Booting the 'CORS' middleware...
[2022-12-14 13:52:28] [INFO] Booting the 'HTTP' middleware...
[2022-12-14 13:52:28] [INFO] Booting the 'Views' middleware...
[2022-12-14 13:52:28] [INFO] Booting the 'Statics' middleware...
[2022-12-14 13:58:6] [INFO] Booting the 'CORS' middleware...
[2022-12-14 13:58:6] [INFO] Booting the 'HTTP' middleware...
[2022-12-14 13:58:6] [INFO] Booting the 'Views' middleware...
[2022-12-14 13:58:6] [INFO] Booting the 'Statics' middleware...
[2022-12-14 13:58:39] [INFO] Booting the 'CORS' middleware...
[2022-12-14 13:58:39] [INFO] Booting the 'HTTP' middleware...
[2022-12-14 13:58:39] [INFO] Booting the 'Views' middleware...
[2022-12-14 13:58:39] [INFO] Booting the 'Statics' middleware...
[2022-12-14 14:3:19] [INFO] Booting the 'CORS' middleware...
[2022-12-14 14:3:19] [INFO] Booting the 'HTTP' middleware...
[2022-12-14 14:3:19] [INFO] Booting the 'Views' middleware...
[2022-12-14 14:3:19] [INFO] Booting the 'Statics' middleware...
[2022-12-14 14:3:33] [INFO] Booting the 'CORS' middleware...
[2022-12-14 14:3:33] [INFO] Booting the 'HTTP' middleware...
[2022-12-14 14:3:33] [INFO] Booting the 'Views' middleware...
[2022-12-14 14:3:33] [INFO] Booting the 'Statics' middleware...
[2022-12-14 14:5:7] [INFO] Booting the 'CORS' middleware...
[2022-12-14 14:5:7] [INFO] Booting the 'HTTP' middleware...
[2022-12-14 14:5:7] [INFO] Booting the 'Views' middleware...
[2022-12-14 14:5:7] [INFO] Booting the 'Statics' middleware...
[2022-12-14 14:6:18] [INFO] Booting the 'CORS' middleware...
[2022-12-14 14:6:18] [INFO] Booting the 'HTTP' middleware...
[2022-12-14 14:6:18] [INFO] Booting the 'Views' middleware...
[2022-12-14 14:6:18] [INFO] Booting the 'Statics' middleware...
[2022-12-14 14:6:52] [INFO] Booting the 'CORS' middleware...
[2022-12-14 14:6:52] [INFO] Booting the 'HTTP' middleware...
[2022-12-14 14:6:52] [INFO] Booting the 'Views' middleware...
[2022-12-14 14:6:52] [INFO] Booting the 'Statics' middleware...
[2022-12-14 14:6:56] [INFO] Booting the 'CORS' middleware...
[2022-12-14 14:6:56] [INFO] Booting the 'HTTP' middleware...
[2022-12-14 14:6:56] [INFO] Booting the 'Views' middleware...
[2022-12-14 14:6:56] [INFO] Booting the 'Statics' middleware...
[2022-12-14 14:7:29] [INFO] Booting the 'CORS' middleware...
[2022-12-14 14:7:29] [INFO] Booting the 'HTTP' middleware...
[2022-12-14 14:7:29] [INFO] Booting the 'Views' middleware...
[2022-12-14 14:7:29] [INFO] Booting the 'Statics' middleware...
[2022-12-14 14:9:59] [INFO] Booting the 'CORS' middleware...
[2022-12-14 14:9:59] [INFO] Booting the 'HTTP' middleware...
[2022-12-14 14:9:59] [INFO] Booting the 'Views' middleware...
[2022-12-14 14:9:59] [INFO] Booting the 'Statics' middleware...
[2022-12-14 14:12:36] [INFO] Booting the 'CORS' middleware...
[2022-12-14 14:12:36] [INFO] Booting the 'HTTP' middleware...
[2022-12-14 14:12:36] [INFO] Booting the 'Views' middleware...
[2022-12-14 14:12:36] [INFO] Booting the 'Statics' middleware...
[2022-12-14 14:12:59] [INFO] Booting the 'CORS' middleware...
[2022-12-14 14:12:59] [INFO] Booting the 'HTTP' middleware...
[2022-12-14 14:12:59] [INFO] Booting the 'Views' middleware...
[2022-12-14 14:12:59] [INFO] Booting the 'Statics' middleware...
[2022-12-14 14:13:39] [INFO] Booting the 'CORS' middleware...
[2022-12-14 14:13:39] [INFO] Booting the 'HTTP' middleware...
[2022-12-14 14:13:39] [INFO] Booting the 'Views' middleware...
[2022-12-14 14:13:39] [INFO] Booting the 'Statics' middleware...
[2022-12-14 14:16:15] [INFO] Booting the 'CORS' middleware...
[2022-12-14 14:16:15] [INFO] Booting the 'HTTP' middleware...
[2022-12-14 14:16:15] [INFO] Booting the 'Views' middleware...
[2022-12-14 14:16:15] [INFO] Booting the 'Statics' middleware...
[2022-12-14 14:56:4] [INFO] Booting the 'CORS' middleware...
[2022-12-14 14:56:4] [INFO] Booting the 'HTTP' middleware...
[2022-12-14 14:56:4] [INFO] Booting the 'Views' middleware...
[2022-12-14 14:56:4] [INFO] Booting the 'Statics' middleware...
[2022-12-14 14:58:40] [INFO] Booting the 'CORS' middleware...
[2022-12-14 14:58:40] [INFO] Booting the 'HTTP' middleware...
[2022-12-14 14:58:40] [INFO] Booting the 'Views' middleware...
[2022-12-14 14:58:40] [INFO] Booting the 'Statics' middleware...
[2022-12-14 14:58:59] [INFO] Booting the 'CORS' middleware...
[2022-12-14 14:58:59] [INFO] Booting the 'HTTP' middleware...
[2022-12-14 14:58:59] [INFO] Booting the 'Views' middleware...
[2022-12-14 14:58:59] [INFO] Booting the 'Statics' middleware...
[2022-12-14 14:59:2] [INFO] Booting the 'CORS' middleware...
[2022-12-14 14:59:2] [INFO] Booting the 'HTTP' middleware...
[2022-12-14 14:59:2] [INFO] Booting the 'Views' middleware...
[2022-12-14 14:59:2] [INFO] Booting the 'Statics' middleware...
[2022-12-14 15:0:23] [INFO] Booting the 'CORS' middleware...
[2022-12-14 15:0:23] [INFO] Booting the 'HTTP' middleware...
[2022-12-14 15:0:23] [INFO] Booting the 'Views' middleware...
[2022-12-14 15:0:23] [INFO] Booting the 'Statics' middleware...
[2022-12-14 15:17:46] [INFO] Booting the 'CORS' middleware...
[2022-12-14 15:17:46] [INFO] Booting the 'HTTP' middleware...
[2022-12-14 15:17:46] [INFO] Booting the 'Views' middleware...
[2022-12-14 15:17:46] [INFO] Booting the 'Statics' middleware...
[2022-12-14 15:17:50] [INFO] Booting the 'CORS' middleware...
[2022-12-14 15:17:50] [INFO] Booting the 'HTTP' middleware...
[2022-12-14 15:17:50] [INFO] Booting the 'Views' middleware...
[2022-12-14 15:17:50] [INFO] Booting the 'Statics' middleware...
[2022-12-14 15:18:35] [INFO] Booting the 'CORS' middleware...
[2022-12-14 15:18:35] [INFO] Booting the 'HTTP' middleware...
[2022-12-14 15:18:35] [INFO] Booting the 'Views' middleware...
[2022-12-14 15:18:35] [INFO] Booting the 'Statics' middleware...
[2022-12-14 15:18:42] [INFO] Booting the 'CORS' middleware...
[2022-12-14 15:18:42] [INFO] Booting the 'HTTP' middleware...
[2022-12-14 15:18:42] [INFO] Booting the 'Views' middleware...
[2022-12-14 15:18:42] [INFO] Booting the 'Statics' middleware...
[2022-12-14 15:19:41] [ERROR] Path '/css/modal.css' not found [IP: '::1']!
[2022-12-14 15:19:42] [ERROR] Path '/favicon.ico' not found [IP: '::1']!
[2022-12-14 15:19:43] [ERROR] Path '/css/modal.css' not found [IP: '::1']!
[2022-12-14 15:20:11] [ERROR] Path '/reservation' not found [IP: '::1']!
[2022-12-14 15:20:44] [ERROR] Path '/css/modal.css' not found [IP: '::1']!
[2022-12-14 15:20:50] [ERROR] Path '/reservation' not found [IP: '::1']!
[2022-12-14 15:23:0] [INFO] Booting the 'CORS' middleware...
[2022-12-14 15:23:0] [INFO] Booting the 'HTTP' middleware...
[2022-12-14 15:23:0] [INFO] Booting the 'Views' middleware...
[2022-12-14 15:23:0] [INFO] Booting the 'Statics' middleware...
[2022-12-14 15:23:11] [ERROR] Path '/images/icons/gear.png' not found [IP: '::1']!
[2022-12-14 15:26:58] [INFO] Booting the 'CORS' middleware...
[2022-12-14 15:26:58] [INFO] Booting the 'HTTP' middleware...
[2022-12-14 15:26:58] [INFO] Booting the 'Views' middleware...
[2022-12-14 15:26:58] [INFO] Booting the 'Statics' middleware...
[2022-12-14 15:29:42] [INFO] Booting the 'CORS' middleware...
[2022-12-14 15:29:42] [INFO] Booting the 'HTTP' middleware...
[2022-12-14 15:29:42] [INFO] Booting the 'Views' middleware...
[2022-12-14 15:29:42] [INFO] Booting the 'Statics' middleware...
[2022-12-14 15:35:16] [INFO] Booting the 'CORS' middleware...
[2022-12-14 15:35:16] [INFO] Booting the 'HTTP' middleware...
[2022-12-14 15:35:16] [INFO] Booting the 'Views' middleware...
[2022-12-14 15:35:16] [INFO] Booting the 'Statics' middleware...
[2022-12-14 15:35:44] [INFO] Booting the 'CORS' middleware...
[2022-12-14 15:35:44] [INFO] Booting the 'HTTP' middleware...
[2022-12-14 15:35:44] [INFO] Booting the 'Views' middleware...
[2022-12-14 15:35:44] [INFO] Booting the 'Statics' middleware...
[2022-12-14 15:35:51] [INFO] Booting the 'CORS' middleware...
[2022-12-14 15:35:51] [INFO] Booting the 'HTTP' middleware...
[2022-12-14 15:35:51] [INFO] Booting the 'Views' middleware...
[2022-12-14 15:35:51] [INFO] Booting the 'Statics' middleware...
[2022-12-14 15:35:55] [INFO] Booting the 'CORS' middleware...
[2022-12-14 15:35:55] [INFO] Booting the 'HTTP' middleware...
[2022-12-14 15:35:55] [INFO] Booting the 'Views' middleware...
[2022-12-14 15:35:55] [INFO] Booting the 'Statics' middleware...
[2022-12-14 15:36:51] [INFO] Booting the 'CORS' middleware...
[2022-12-14 15:36:51] [INFO] Booting the 'HTTP' middleware...
[2022-12-14 15:36:51] [INFO] Booting the 'Views' middleware...
[2022-12-14 15:36:51] [INFO] Booting the 'Statics' middleware...
[2022-12-14 15:43:30] [INFO] Booting the 'CORS' middleware...
[2022-12-14 15:43:30] [INFO] Booting the 'HTTP' middleware...
[2022-12-14 15:43:30] [INFO] Booting the 'Views' middleware...
[2022-12-14 15:43:30] [INFO] Booting the 'Statics' middleware...
[2022-12-14 15:44:6] [INFO] Booting the 'CORS' middleware...
[2022-12-14 15:44:6] [INFO] Booting the 'HTTP' middleware...
[2022-12-14 15:44:6] [INFO] Booting the 'Views' middleware...
[2022-12-14 15:44:6] [INFO] Booting the 'Statics' middleware...
[2022-12-14 15:44:10] [ERROR] Path '/css/modal.css' not found [IP: '::1']!
[2022-12-14 15:44:17] [ERROR] Path '/images/icons/gear.png' not found [IP: '::1']!
[2022-12-14 15:44:36] [INFO] Booting the 'CORS' middleware...
[2022-12-14 15:44:36] [INFO] Booting the 'HTTP' middleware...
[2022-12-14 15:44:36] [INFO] Booting the 'Statics' middleware...
[2022-12-14 15:44:36] [INFO] Booting the 'Views' middleware...
[2022-12-14 15:44:41] [INFO] Booting the 'CORS' middleware...
[2022-12-14 15:44:41] [INFO] Booting the 'HTTP' middleware...
[2022-12-14 15:44:41] [INFO] Booting the 'Views' middleware...
[2022-12-14 15:44:41] [INFO] Booting the 'Statics' middleware...
[2022-12-14 15:44:43] [ERROR] Path '/css/modal.css' not found [IP: '::1']!
[2022-12-14 15:44:49] [ERROR] Path '/images/icons/gear.png' not found [IP: '::1']!
[2022-12-14 15:46:46] [INFO] Booting the 'CORS' middleware...
[2022-12-14 15:46:46] [INFO] Booting the 'HTTP' middleware...
[2022-12-14 15:46:46] [INFO] Booting the 'Views' middleware...
[2022-12-14 15:46:46] [INFO] Booting the 'Statics' middleware...
[2022-12-14 15:47:13] [INFO] Booting the 'CORS' middleware...
[2022-12-14 15:47:13] [INFO] Booting the 'HTTP' middleware...
[2022-12-14 15:47:13] [INFO] Booting the 'Views' middleware...
[2022-12-14 15:47:13] [INFO] Booting the 'Statics' middleware...
[2022-12-14 15:47:43] [INFO] Booting the 'CORS' middleware...
[2022-12-14 15:47:43] [INFO] Booting the 'HTTP' middleware...
[2022-12-14 15:47:43] [INFO] Booting the 'Views' middleware...
[2022-12-14 15:47:43] [INFO] Booting the 'Statics' middleware...
[2022-12-14 15:49:33] [INFO] Booting the 'CORS' middleware...
[2022-12-14 15:49:33] [INFO] Booting the 'HTTP' middleware...
[2022-12-14 15:49:33] [INFO] Booting the 'Views' middleware...
[2022-12-14 15:49:33] [INFO] Booting the 'Statics' middleware...
[2022-12-14 15:52:35] [INFO] Booting the 'CORS' middleware...
[2022-12-14 15:52:35] [INFO] Booting the 'HTTP' middleware...
[2022-12-14 15:52:35] [INFO] Booting the 'Statics' middleware...
[2022-12-14 15:52:35] [INFO] Booting the 'Views' middleware...
[2022-12-14 15:56:53] [INFO] Booting the 'CORS' middleware...
[2022-12-14 15:56:53] [INFO] Booting the 'HTTP' middleware...
[2022-12-14 15:56:53] [INFO] Booting the 'Views' middleware...
[2022-12-14 15:56:53] [INFO] Booting the 'Statics' middleware...
[2022-12-14 15:57:20] [INFO] Booting the 'CORS' middleware...
[2022-12-14 15:57:20] [INFO] Booting the 'HTTP' middleware...
[2022-12-14 15:57:20] [INFO] Booting the 'Views' middleware...
[2022-12-14 15:57:20] [INFO] Booting the 'Statics' middleware...
[2022-12-14 15:57:21] [INFO] Booting the 'CORS' middleware...
[2022-12-14 15:57:21] [INFO] Booting the 'HTTP' middleware...
[2022-12-14 15:57:21] [INFO] Booting the 'Views' middleware...
[2022-12-14 15:57:21] [INFO] Booting the 'Statics' middleware...
[2022-12-14 16:2:5] [INFO] Booting the 'CORS' middleware...
[2022-12-14 16:2:5] [INFO] Booting the 'HTTP' middleware...
[2022-12-14 16:2:5] [INFO] Booting the 'Views' middleware...
[2022-12-14 16:2:5] [INFO] Booting the 'Statics' middleware...
[2022-12-14 16:2:19] [INFO] Booting the 'CORS' middleware...
[2022-12-14 16:2:19] [INFO] Booting the 'HTTP' middleware...
[2022-12-14 16:2:19] [INFO] Booting the 'Views' middleware...
[2022-12-14 16:2:19] [INFO] Booting the 'Statics' middleware...
[2022-12-14 16:2:56] [INFO] Booting the 'CORS' middleware...
[2022-12-14 16:2:56] [INFO] Booting the 'HTTP' middleware...
[2022-12-14 16:2:56] [INFO] Booting the 'Views' middleware...
[2022-12-14 16:2:56] [INFO] Booting the 'Statics' middleware...
[2022-12-14 16:3:16] [INFO] Booting the 'CORS' middleware...
[2022-12-14 16:3:16] [INFO] Booting the 'HTTP' middleware...
[2022-12-14 16:3:16] [INFO] Booting the 'Views' middleware...
[2022-12-14 16:3:16] [INFO] Booting the 'Statics' middleware...
[2022-12-14 16:4:56] [INFO] Booting the 'CORS' middleware...
[2022-12-14 16:4:56] [INFO] Booting the 'HTTP' middleware...
[2022-12-14 16:4:56] [INFO] Booting the 'Views' middleware...
[2022-12-14 16:4:56] [INFO] Booting the 'Statics' middleware...
[2022-12-14 16:5:19] [INFO] Booting the 'CORS' middleware...
[2022-12-14 16:5:19] [INFO] Booting the 'HTTP' middleware...
[2022-12-14 16:5:19] [INFO] Booting the 'Views' middleware...
[2022-12-14 16:5:19] [INFO] Booting the 'Statics' middleware...
[2022-12-14 16:5:26] [INFO] Booting the 'CORS' middleware...
[2022-12-14 16:5:26] [INFO] Booting the 'HTTP' middleware...
[2022-12-14 16:5:26] [INFO] Booting the 'Views' middleware...
[2022-12-14 16:5:26] [INFO] Booting the 'Statics' middleware...
[2022-12-14 16:5:38] [INFO] Booting the 'CORS' middleware...
[2022-12-14 16:5:38] [INFO] Booting the 'HTTP' middleware...
[2022-12-14 16:5:38] [INFO] Booting the 'Views' middleware...
[2022-12-14 16:5:38] [INFO] Booting the 'Statics' middleware...
[2022-12-14 16:5:44] [INFO] Booting the 'CORS' middleware...
[2022-12-14 16:5:44] [INFO] Booting the 'HTTP' middleware...
[2022-12-14 16:5:44] [INFO] Booting the 'Views' middleware...
[2022-12-14 16:5:44] [INFO] Booting the 'Statics' middleware...
[2022-12-14 16:5:52] [INFO] Booting the 'CORS' middleware...
[2022-12-14 16:5:52] [INFO] Booting the 'HTTP' middleware...
[2022-12-14 16:5:52] [INFO] Booting the 'Views' middleware...
[2022-12-14 16:5:52] [INFO] Booting the 'Statics' middleware...
[2022-12-14 16:6:7] [INFO] Booting the 'CORS' middleware...
[2022-12-14 16:6:7] [INFO] Booting the 'HTTP' middleware...
[2022-12-14 16:6:7] [INFO] Booting the 'Views' middleware...
[2022-12-14 16:6:7] [INFO] Booting the 'Statics' middleware...
[2022-12-14 16:7:5] [INFO] Booting the 'CORS' middleware...
[2022-12-14 16:7:5] [INFO] Booting the 'HTTP' middleware...
[2022-12-14 16:7:5] [INFO] Booting the 'Views' middleware...
[2022-12-14 16:7:5] [INFO] Booting the 'Statics' middleware...
[2022-12-14 16:7:11] [INFO] Booting the 'CORS' middleware...
[2022-12-14 16:7:11] [INFO] Booting the 'HTTP' middleware...
[2022-12-14 16:7:11] [INFO] Booting the 'Views' middleware...
[2022-12-14 16:7:11] [INFO] Booting the 'Statics' middleware...
[2022-12-14 16:9:55] [INFO] Booting the 'CORS' middleware...
[2022-12-14 16:9:55] [INFO] Booting the 'HTTP' middleware...
[2022-12-14 16:9:55] [INFO] Booting the 'Views' middleware...
[2022-12-14 16:9:55] [INFO] Booting the 'Statics' middleware...
[2022-12-14 16:13:40] [INFO] Booting the 'CORS' middleware...
[2022-12-14 16:13:40] [INFO] Booting the 'HTTP' middleware...
[2022-12-14 16:13:40] [INFO] Booting the 'Views' middleware...
[2022-12-14 16:13:40] [INFO] Booting the 'Statics' middleware...
[2022-12-14 16:13:49] [INFO] Booting the 'CORS' middleware...
[2022-12-14 16:13:49] [INFO] Booting the 'HTTP' middleware...
[2022-12-14 16:13:49] [INFO] Booting the 'Views' middleware...
[2022-12-14 16:13:49] [INFO] Booting the 'Statics' middleware...
[2022-12-14 16:14:29] [INFO] Booting the 'CORS' middleware...
[2022-12-14 16:14:29] [INFO] Booting the 'HTTP' middleware...
[2022-12-14 16:14:29] [INFO] Booting the 'Views' middleware...
[2022-12-14 16:14:29] [INFO] Booting the 'Statics' middleware...
[2022-12-14 16:14:58] [INFO] Booting the 'CORS' middleware...
[2022-12-14 16:14:58] [INFO] Booting the 'HTTP' middleware...
[2022-12-14 16:14:58] [INFO] Booting the 'Views' middleware...
[2022-12-14 16:14:58] [INFO] Booting the 'Statics' middleware...
[2022-12-14 16:15:7] [INFO] Booting the 'CORS' middleware...
[2022-12-14 16:15:7] [INFO] Booting the 'HTTP' middleware...
[2022-12-14 16:15:7] [INFO] Booting the 'Views' middleware...
[2022-12-14 16:15:7] [INFO] Booting the 'Statics' middleware...
[2022-12-14 16:15:16] [INFO] Booting the 'CORS' middleware...
[2022-12-14 16:15:16] [INFO] Booting the 'HTTP' middleware...
[2022-12-14 16:15:16] [INFO] Booting the 'Views' middleware...
[2022-12-14 16:15:16] [INFO] Booting the 'Statics' middleware...
[2022-12-14 16:15:21] [ERROR] Path '/images/icons/gear.png' not found [IP: '::1']!
[2022-12-14 16:18:33] [INFO] Booting the 'CORS' middleware...
[2022-12-14 16:18:33] [INFO] Booting the 'HTTP' middleware...
[2022-12-14 16:18:33] [INFO] Booting the 'Views' middleware...
[2022-12-14 16:18:33] [INFO] Booting the 'Statics' middleware...
[2022-12-14 16:19:2] [INFO] Booting the 'CORS' middleware...
[2022-12-14 16:19:2] [INFO] Booting the 'HTTP' middleware...
[2022-12-14 16:19:2] [INFO] Booting the 'Views' middleware...
[2022-12-14 16:19:2] [INFO] Booting the 'Statics' middleware...
[2022-12-14 16:19:4] [INFO] Booting the 'CORS' middleware...
[2022-12-14 16:19:4] [INFO] Booting the 'HTTP' middleware...
[2022-12-14 16:19:4] [INFO] Booting the 'Statics' middleware...
[2022-12-14 16:19:4] [INFO] Booting the 'Views' middleware...
[2022-12-14 16:24:53] [INFO] Booting the 'CORS' middleware...
[2022-12-14 16:24:53] [INFO] Booting the 'HTTP' middleware...
[2022-12-14 16:24:53] [INFO] Booting the 'Views' middleware...
[2022-12-14 16:24:53] [INFO] Booting the 'Statics' middleware...
[2022-12-14 16:24:55] [INFO] Booting the 'CORS' middleware...
[2022-12-14 16:24:55] [INFO] Booting the 'HTTP' middleware...
[2022-12-14 16:24:55] [INFO] Booting the 'Views' middleware...
[2022-12-14 16:24:55] [INFO] Booting the 'Statics' middleware...
[2022-12-14 16:25:2] [INFO] Booting the 'CORS' middleware...
[2022-12-14 16:25:2] [INFO] Booting the 'HTTP' middleware...
[2022-12-14 16:25:2] [INFO] Booting the 'Views' middleware...
[2022-12-14 16:25:2] [INFO] Booting the 'Statics' middleware...
[2022-12-14 16:25:59] [ERROR] D:\5th Semester\Programming Intergrating Project - SE\restaurant-project\views\pages\homepage\homepage-reservation.ejs:48
    46|   </div>
    47| 
 >> 48|   <% if (withModal) { %>
    49|     <%- include('./reservation-modal')  %> 
    50|   <% } %>
    51| 

withModal is not defined
[2022-12-14 16:25:59] [ERROR] Server error - D:\5th Semester\Programming Intergrating Project - SE\restaurant-project\views\pages\homepage\homepage-reservation.ejs:48
    46|   </div>
    47| 
 >> 48|   <% if (withModal) { %>
    49|     <%- include('./reservation-modal')  %> 
    50|   <% } %>
    51| 

withModal is not defined
[2022-12-14 16:26:1] [ERROR] D:\5th Semester\Programming Intergrating Project - SE\restaurant-project\views\pages\homepage\homepage-reservation.ejs:48
    46|   </div>
    47| 
 >> 48|   <% if (withModal) { %>
    49|     <%- include('./reservation-modal')  %> 
    50|   <% } %>
    51| 

withModal is not defined
[2022-12-14 16:26:1] [ERROR] Server error - D:\5th Semester\Programming Intergrating Project - SE\restaurant-project\views\pages\homepage\homepage-reservation.ejs:48
    46|   </div>
    47| 
 >> 48|   <% if (withModal) { %>
    49|     <%- include('./reservation-modal')  %> 
    50|   <% } %>
    51| 

withModal is not defined
[2022-12-14 16:26:25] [INFO] Booting the 'CORS' middleware...
[2022-12-14 16:26:25] [INFO] Booting the 'HTTP' middleware...
[2022-12-14 16:26:25] [INFO] Booting the 'Views' middleware...
[2022-12-14 16:26:25] [INFO] Booting the 'Statics' middleware...
[2022-12-14 16:26:35] [ERROR] D:\5th Semester\Programming Intergrating Project - SE\restaurant-project\views\pages\homepage\homepage-reservation.ejs:48
    46|   </div>
    47| 
 >> 48|   <% if (withModal) { %>
    49|     <%- include('./reservation-modal')  %> 
    50|   <% } %>
    51| 

withModal is not defined
[2022-12-14 16:26:35] [ERROR] Server error - D:\5th Semester\Programming Intergrating Project - SE\restaurant-project\views\pages\homepage\homepage-reservation.ejs:48
    46|   </div>
    47| 
 >> 48|   <% if (withModal) { %>
    49|     <%- include('./reservation-modal')  %> 
    50|   <% } %>
    51| 

withModal is not defined
[2022-12-14 16:26:55] [INFO] Booting the 'CORS' middleware...
[2022-12-14 16:26:55] [INFO] Booting the 'HTTP' middleware...
[2022-12-14 16:26:55] [INFO] Booting the 'Views' middleware...
[2022-12-14 16:26:55] [INFO] Booting the 'Statics' middleware...
[2022-12-14 16:26:59] [ERROR] D:\5th Semester\Programming Intergrating Project - SE\restaurant-project\views\pages\homepage\homepage-reservation.ejs:48
    46|   </div>
    47| 
 >> 48|   <% if (withModal) { %>
    49|     <%- include('./reservation-modal')  %> 
    50|   <% } %>
    51| 

withModal is not defined
[2022-12-14 16:26:59] [ERROR] Server error - D:\5th Semester\Programming Intergrating Project - SE\restaurant-project\views\pages\homepage\homepage-reservation.ejs:48
    46|   </div>
    47| 
 >> 48|   <% if (withModal) { %>
    49|     <%- include('./reservation-modal')  %> 
    50|   <% } %>
    51| 

withModal is not defined
[2022-12-14 16:28:8] [ERROR] Server error - D:\5th Semester\Programming Intergrating Project - SE\restaurant-project\views\pages\homepage\homepage-reservation.ejs:48
    46|   </div>
    47| 
 >> 48|   <% if (withModal == true) { %>
    49|     <%- include('./reservation-modal')  %> 
    50|   <% } %>
    51| 

withModal is not defined
[2022-12-14 16:28:8] [ERROR] D:\5th Semester\Programming Intergrating Project - SE\restaurant-project\views\pages\homepage\homepage-reservation.ejs:48
    46|   </div>
    47| 
 >> 48|   <% if (withModal == true) { %>
    49|     <%- include('./reservation-modal')  %> 
    50|   <% } %>
    51| 

withModal is not defined
[2022-12-14 16:28:43] [INFO] Booting the 'CORS' middleware...
[2022-12-14 16:28:43] [INFO] Booting the 'HTTP' middleware...
[2022-12-14 16:28:43] [INFO] Booting the 'Views' middleware...
[2022-12-14 16:28:43] [INFO] Booting the 'Statics' middleware...
[2022-12-14 16:28:45] [ERROR] Path '/css/modal.css' not found [IP: '::1']!
[2022-12-14 16:28:46] [ERROR] Path '/images/icons/gear.png' not found [IP: '::1']!
[2022-12-14 16:29:6] [ERROR] Path '/images/icons/gear.png' not found [IP: '::1']!
[2022-12-14 16:29:14] [ERROR] Path '/images/icons/gear.png' not found [IP: '::1']!
[2022-12-14 16:29:51] [INFO] Booting the 'CORS' middleware...
[2022-12-14 16:29:51] [INFO] Booting the 'HTTP' middleware...
[2022-12-14 16:29:51] [INFO] Booting the 'Views' middleware...
[2022-12-14 16:29:51] [INFO] Booting the 'Statics' middleware...
[2022-12-14 16:30:2] [ERROR] Path '/images/icons/gear.png' not found [IP: '::1']!
[2022-12-14 16:30:25] [INFO] Booting the 'CORS' middleware...
[2022-12-14 16:30:25] [INFO] Booting the 'HTTP' middleware...
[2022-12-14 16:30:25] [INFO] Booting the 'Views' middleware...
[2022-12-14 16:30:25] [INFO] Booting the 'Statics' middleware...
[2022-12-14 16:30:27] [ERROR] Failed to lookup view "homepage/pages/home-reservation" in views directory "D:\5th Semester\Programming Intergrating Project - SE\restaurant-project\views"
[2022-12-14 16:30:27] [ERROR] Server error - Failed to lookup view "homepage/pages/home-reservation" in views directory "D:\5th Semester\Programming Intergrating Project - SE\restaurant-project\views"
[2022-12-14 16:31:14] [INFO] Booting the 'CORS' middleware...
[2022-12-14 16:31:14] [INFO] Booting the 'HTTP' middleware...
[2022-12-14 16:31:14] [INFO] Booting the 'Views' middleware...
[2022-12-14 16:31:14] [INFO] Booting the 'Statics' middleware...
[2022-12-14 16:31:18] [INFO] Booting the 'CORS' middleware...
[2022-12-14 16:31:18] [INFO] Booting the 'HTTP' middleware...
[2022-12-14 16:31:18] [INFO] Booting the 'Views' middleware...
[2022-12-14 16:31:18] [INFO] Booting the 'Statics' middleware...
[2022-12-14 16:32:32] [ERROR] Path '/css/modal.css' not found [IP: '::1']!
[2022-12-14 16:32:33] [ERROR] Path '/images/icons/gear.png' not found [IP: '::1']!
[2022-12-14 16:32:47] [ERROR] Path '/css/modal.css' not found [IP: '::1']!
[2022-12-14 16:32:49] [ERROR] Path '/css/modal.css' not found [IP: '::1']!
[2022-12-14 16:36:20] [ERROR] Path '/images/icons/gear.png' not found [IP: '::1']!
[2022-12-14 17:17:41] [INFO] Booting the 'CORS' middleware...
[2022-12-14 17:17:41] [INFO] Booting the 'HTTP' middleware...
[2022-12-14 17:17:41] [INFO] Booting the 'Views' middleware...
[2022-12-14 17:17:41] [INFO] Booting the 'Statics' middleware...
[2022-12-14 17:17:49] [INFO] Booting the 'CORS' middleware...
[2022-12-14 17:17:49] [INFO] Booting the 'HTTP' middleware...
[2022-12-14 17:17:49] [INFO] Booting the 'Views' middleware...
[2022-12-14 17:17:49] [INFO] Booting the 'Statics' middleware...
[2022-12-14 17:18:42] [ERROR] Path '/images/icons/gear.png' not found [IP: '::1']!
[2022-12-14 17:19:14] [ERROR] Path '/images/icons/gear.png' not found [IP: '::1']!
[2022-12-14 18:15:37] [ERROR] Path '/custom-bootstrap.scss' not found [IP: '::1']!
[2022-12-14 18:15:45] [ERROR] Path '/custom-bootstrap.scss' not found [IP: '::1']!
[2022-12-14 19:28:10] [INFO] Booting the 'CORS' middleware...
[2022-12-14 19:28:10] [INFO] Booting the 'HTTP' middleware...
[2022-12-14 19:28:10] [INFO] Booting the 'Views' middleware...
[2022-12-14 19:28:10] [INFO] Booting the 'Statics' middleware...
[2022-12-14 19:43:42] [INFO] Booting the 'CORS' middleware...
[2022-12-14 19:43:42] [INFO] Booting the 'HTTP' middleware...
[2022-12-14 19:43:42] [INFO] Booting the 'Views' middleware...
[2022-12-14 19:43:42] [INFO] Booting the 'Statics' middleware...
[2022-12-14 19:44:19] [INFO] Booting the 'CORS' middleware...
[2022-12-14 19:44:19] [INFO] Booting the 'HTTP' middleware...
[2022-12-14 19:44:19] [INFO] Booting the 'Views' middleware...
[2022-12-14 19:44:19] [INFO] Booting the 'Statics' middleware...
[2022-12-14 19:44:32] [ERROR] Path '/dashboard/css/dashboard-mutual.css' not found [IP: '::1']!
[2022-12-14 19:44:32] [ERROR] Path '/dashboard/css/dashboard-main.css' not found [IP: '::1']!
[2022-12-14 19:44:32] [ERROR] Path '/dashboard/js/dashboard-main.js' not found [IP: '::1']!
[2022-12-14 19:44:32] [ERROR] Path '/dashboard/images/avt-tan.jpg' not found [IP: '::1']!
[2022-12-14 19:45:14] [ERROR] Path '/dashboard/css/dashboard-mutual.css' not found [IP: '::1']!
[2022-12-14 19:45:14] [ERROR] Path '/dashboard/css/dashboard-main.css' not found [IP: '::1']!
[2022-12-14 19:46:57] [ERROR] Path '/dashboard/images/avt-tan.jpg' not found [IP: '::1']!
[2022-12-14 23:0:41] [ERROR] Path '/statistic' not found [IP: '::1']!
[2022-12-14 23:20:48] [ERROR] Path '/assets/img/icons/unicons/chart-success.png' not found [IP: '::1']!
[2022-12-14 23:20:48] [ERROR] Path '/assets/img/icons/unicons/wallet-info.png' not found [IP: '::1']!
[2022-12-14 23:20:48] [ERROR] Path '/assets/img/icons/unicons/paypal.png' not found [IP: '::1']!
[2022-12-14 23:20:48] [ERROR] Path '/assets/img/icons/unicons/cc-primary.png' not found [IP: '::1']!
[2022-12-14 23:20:48] [ERROR] Path '/assets/img/icons/unicons/chart.png' not found [IP: '::1']!
[2022-12-14 23:20:48] [ERROR] Path '/assets/img/icons/unicons/wallet.png' not found [IP: '::1']!
[2022-12-14 23:20:48] [ERROR] Path '/assets/img/icons/unicons/cc-success.png' not found [IP: '::1']!
[2022-12-14 23:20:48] [ERROR] Path '/assets/img/icons/unicons/cc-warning.png' not found [IP: '::1']!
[2022-12-14 23:20:48] [ERROR] Path '/assets/img/icons/unicons/paypal.png' not found [IP: '::1']!
[2022-12-14 23:29:43] [ERROR] Path '/templates/js/config.js' not found [IP: '::1']!
[2022-12-14 23:29:43] [ERROR] Path '/templates/vendor/css/core.css' not found [IP: '::1']!
[2022-12-14 23:29:43] [ERROR] Path '/templates/vendor/libs/apex-charts/apexcharts.js' not found [IP: '::1']!
[2022-12-14 23:29:43] [ERROR] Path '/templates/js/dashboards-analytics.js' not found [IP: '::1']!
[2022-12-14 23:29:43] [ERROR] Path '/templates/img/icons/unicons/chart-success.png' not found [IP: '::1']!
[2022-12-14 23:29:43] [ERROR] Path '/templates/img/icons/unicons/wallet-info.png' not found [IP: '::1']!
[2022-12-14 23:29:43] [ERROR] Path '/templates/img/icons/unicons/paypal.png' not found [IP: '::1']!
[2022-12-14 23:29:43] [ERROR] Path '/templates/img/icons/unicons/cc-primary.png' not found [IP: '::1']!
[2022-12-14 23:29:43] [ERROR] Path '/templates/img/icons/unicons/wallet.png' not found [IP: '::1']!
[2022-12-14 23:29:43] [ERROR] Path '/templates/img/icons/unicons/chart.png' not found [IP: '::1']!
[2022-12-14 23:29:43] [ERROR] Path '/templates/img/icons/unicons/cc-success.png' not found [IP: '::1']!
[2022-12-14 23:29:43] [ERROR] Path '/templates/img/icons/unicons/cc-warning.png' not found [IP: '::1']!
[2022-12-14 23:31:3] [INFO] Booting the 'CORS' middleware...
[2022-12-14 23:31:3] [INFO] Booting the 'HTTP' middleware...
[2022-12-14 23:31:3] [INFO] Booting the 'Views' middleware...
[2022-12-14 23:31:3] [INFO] Booting the 'Statics' middleware...
[2022-12-14 23:31:7] [ERROR] Path '/templates/vendor/css/core.css' not found [IP: '::1']!
[2022-12-14 23:31:7] [ERROR] Path '/templates/js/config.js' not found [IP: '::1']!
[2022-12-14 23:31:7] [ERROR] Path '/templates/vendor/libs/apex-charts/apexcharts.js' not found [IP: '::1']!
[2022-12-14 23:31:7] [ERROR] Path '/templates/js/dashboards-analytics.js' not found [IP: '::1']!
[2022-12-14 23:36:43] [ERROR] Path '/templates/vendor/css/core.css' not found [IP: '::1']!
[2022-12-14 23:36:43] [ERROR] Path '/templates/js/config.js' not found [IP: '::1']!
[2022-12-14 23:36:43] [ERROR] Path '/templates/vendor/libs/apex-charts/apexcharts.js' not found [IP: '::1']!
[2022-12-14 23:36:43] [ERROR] Path '/templates/js/dashboards-analytics.js' not found [IP: '::1']!
[2022-12-14 23:36:59] [ERROR] Path '/templates/vendor/css/core.css' not found [IP: '::1']!
[2022-12-14 23:36:59] [ERROR] Path '/templates/js/config.js' not found [IP: '::1']!
[2022-12-14 23:36:59] [ERROR] Path '/templates/vendor/libs/apex-charts/apexcharts.js' not found [IP: '::1']!
[2022-12-14 23:36:59] [ERROR] Path '/templates/js/dashboards-analytics.js' not found [IP: '::1']!
[2022-12-14 23:43:59] [ERROR] Path '/templates/vendor/css/core.css' not found [IP: '::1']!
[2022-12-14 23:43:59] [ERROR] Path '/templates/js/config.js' not found [IP: '::1']!
[2022-12-14 23:44:0] [ERROR] Path '/templates/vendor/libs/apex-charts/apexcharts.js' not found [IP: '::1']!
[2022-12-14 23:44:0] [ERROR] Path '/templates/js/dashboards-analytics.js' not found [IP: '::1']!
[2022-12-14 23:44:45] [ERROR] Path '/templates/vendor/css/core.css' not found [IP: '::1']!
[2022-12-14 23:44:45] [ERROR] Path '/templates/js/config.js' not found [IP: '::1']!
[2022-12-14 23:44:45] [ERROR] Path '/templates/vendor/libs/apex-charts/apexcharts.js' not found [IP: '::1']!
[2022-12-14 23:44:45] [ERROR] Path '/templates/js/dashboards-analytics.js' not found [IP: '::1']!
[2022-12-14 23:45:3] [ERROR] Path '/templates/vendor/css/core.css' not found [IP: '::1']!
[2022-12-14 23:45:3] [ERROR] Path '/templates/js/config.js' not found [IP: '::1']!
[2022-12-14 23:45:3] [ERROR] Path '/templates/vendor/libs/apex-charts/apexcharts.js' not found [IP: '::1']!
[2022-12-14 23:45:3] [ERROR] Path '/templates/js/dashboards-analytics.js' not found [IP: '::1']!
[2022-12-14 23:45:53] [ERROR] Path '/templates/vendor/css/core.css' not found [IP: '::1']!
[2022-12-14 23:46:22] [ERROR] Path '/templates/vendor/css/core.css' not found [IP: '::1']!
[2022-12-14 23:46:22] [ERROR] Path '/templates/js/config.js' not found [IP: '::1']!
[2022-12-14 23:46:22] [ERROR] Path '/templates/vendor/libs/apex-charts/apexcharts.js' not found [IP: '::1']!
[2022-12-14 23:46:22] [ERROR] Path '/templates/js/dashboards-analytics.js' not found [IP: '::1']!
[2022-12-14 23:48:41] [ERROR] Path '/templates/vendor/css/core.css' not found [IP: '::1']!
[2022-12-14 23:48:41] [ERROR] Path '/templates/js/config.js' not found [IP: '::1']!
[2022-12-14 23:48:41] [ERROR] Path '/templates/vendor/libs/apex-charts/apexcharts.js' not found [IP: '::1']!
[2022-12-14 23:48:41] [ERROR] Path '/templates/js/dashboards-analytics.js' not found [IP: '::1']!
[2022-12-14 23:50:36] [ERROR] Path '/templates/vendor/css/core.css' not found [IP: '::1']!
[2022-12-14 23:50:36] [ERROR] Path '/templates/js/config.js' not found [IP: '::1']!
[2022-12-14 23:50:36] [ERROR] Path '/templates/vendor/libs/apex-charts/apexcharts.js' not found [IP: '::1']!
[2022-12-14 23:50:36] [ERROR] Path '/templates/js/dashboards-analytics.js' not found [IP: '::1']!
[2022-12-14 23:50:52] [ERROR] Path '/templates/vendor/css/core.css' not found [IP: '::1']!
[2022-12-14 23:50:52] [ERROR] Path '/templates/js/config.js' not found [IP: '::1']!
[2022-12-14 23:50:52] [ERROR] Path '/templates/vendor/libs/apex-charts/apexcharts.js' not found [IP: '::1']!
[2022-12-14 23:50:52] [ERROR] Path '/templates/js/dashboards-analytics.js' not found [IP: '::1']!
[2022-12-14 23:51:14] [ERROR] Path '/templates/vendor/css/core.css' not found [IP: '::1']!
[2022-12-14 23:51:14] [ERROR] Path '/templates/js/config.js' not found [IP: '::1']!
[2022-12-14 23:51:14] [ERROR] Path '/templates/vendor/libs/apex-charts/apexcharts.js' not found [IP: '::1']!
[2022-12-14 23:51:14] [ERROR] Path '/templates/js/dashboards-analytics.js' not found [IP: '::1']!
[2022-12-14 23:51:24] [ERROR] Path '/templates/vendor/css/core.css' not found [IP: '::1']!
[2022-12-14 23:51:24] [ERROR] Path '/templates/js/config.js' not found [IP: '::1']!
[2022-12-14 23:51:24] [ERROR] Path '/templates/vendor/libs/apex-charts/apexcharts.js' not found [IP: '::1']!
[2022-12-14 23:51:24] [ERROR] Path '/templates/js/dashboards-analytics.js' not found [IP: '::1']!
[2022-12-14 23:53:8] [ERROR] Path '/templates/js/config.js' not found [IP: '::1']!
[2022-12-14 23:53:8] [ERROR] Path '/templates/vendor/css/core.css' not found [IP: '::1']!
[2022-12-14 23:53:8] [ERROR] Path '/templates/vendor/libs/apex-charts/apexcharts.js' not found [IP: '::1']!
[2022-12-14 23:53:8] [ERROR] Path '/templates/js/dashboards-analytics.js' not found [IP: '::1']!
[2022-12-14 23:55:6] [ERROR] Path '/templates/vendor/css/core.css' not found [IP: '::1']!
[2022-12-14 23:55:6] [ERROR] Path '/templates/js/config.js' not found [IP: '::1']!
[2022-12-14 23:55:6] [ERROR] Path '/templates/vendor/libs/apex-charts/apexcharts.js' not found [IP: '::1']!
[2022-12-14 23:55:6] [ERROR] Path '/templates/js/dashboards-analytics.js' not found [IP: '::1']!
[2022-12-14 23:56:17] [ERROR] Path '/templates/vendor/css/core.css' not found [IP: '::1']!
[2022-12-14 23:56:17] [ERROR] Path '/templates/js/config.js' not found [IP: '::1']!
[2022-12-14 23:56:17] [ERROR] Path '/templates/vendor/libs/apex-charts/apexcharts.js' not found [IP: '::1']!
[2022-12-14 23:56:17] [ERROR] Path '/templates/js/dashboards-analytics.js' not found [IP: '::1']!
[2022-12-14 23:57:28] [ERROR] Path '/templates/vendor/css/core.css' not found [IP: '::1']!
[2022-12-14 23:57:28] [ERROR] Path '/templates/js/config.js' not found [IP: '::1']!
[2022-12-14 23:57:28] [ERROR] Path '/templates/vendor/libs/apex-charts/apexcharts.js' not found [IP: '::1']!
[2022-12-14 23:57:28] [ERROR] Path '/templates/js/dashboards-analytics.js' not found [IP: '::1']!
