[2022-12-19 20:43:34] [INFO] Booting the 'CORS' middleware...
[2022-12-19 20:43:34] [INFO] Booting the 'HTTP' middleware...
[2022-12-19 20:43:34] [INFO] Booting the 'Views' middleware...
[2022-12-19 20:43:34] [INFO] Booting the 'Statics' middleware...
[2022-12-19 20:43:37] [INFO] Booting the 'CORS' middleware...
[2022-12-19 20:43:37] [INFO] Booting the 'HTTP' middleware...
[2022-12-19 20:43:37] [INFO] Booting the 'Views' middleware...
[2022-12-19 20:43:37] [INFO] Booting the 'Statics' middleware...
[2022-12-19 20:43:46] [INFO] Booting the 'CORS' middleware...
[2022-12-19 20:43:46] [INFO] Booting the 'HTTP' middleware...
[2022-12-19 20:43:46] [INFO] Booting the 'Views' middleware...
[2022-12-19 20:43:46] [INFO] Booting the 'Statics' middleware...
[2022-12-19 20:49:54] [INFO] Booting the 'CORS' middleware...
[2022-12-19 20:49:54] [INFO] Booting the 'HTTP' middleware...
[2022-12-19 20:49:54] [INFO] Booting the 'Views' middleware...
[2022-12-19 20:49:54] [INFO] Booting the 'Statics' middleware...
[2022-12-19 20:49:59] [INFO] Booting the 'CORS' middleware...
[2022-12-19 20:49:59] [INFO] Booting the 'HTTP' middleware...
[2022-12-19 20:49:59] [INFO] Booting the 'Views' middleware...
[2022-12-19 20:49:59] [INFO] Booting the 'Statics' middleware...
[2022-12-19 20:50:7] [ERROR] Path '/favicon.ico' not found [IP: '::1']!
